[2022-06-17 19:35:04,377] {taskinstance.py:1159} INFO - Dependencies all met for <TaskInstance: coffee_lake_scrapers-v1.load_data manual__2022-06-17T19:34:44.681653+00:00 [queued]>
[2022-06-17 19:35:04,392] {taskinstance.py:1159} INFO - Dependencies all met for <TaskInstance: coffee_lake_scrapers-v1.load_data manual__2022-06-17T19:34:44.681653+00:00 [queued]>
[2022-06-17 19:35:04,392] {taskinstance.py:1356} INFO - 
--------------------------------------------------------------------------------
[2022-06-17 19:35:04,392] {taskinstance.py:1357} INFO - Starting attempt 1 of 1
[2022-06-17 19:35:04,393] {taskinstance.py:1358} INFO - 
--------------------------------------------------------------------------------
[2022-06-17 19:35:04,404] {taskinstance.py:1377} INFO - Executing <Task(_PythonDecoratedOperator): load_data> on 2022-06-17 19:34:44.681653+00:00
[2022-06-17 19:35:04,409] {standard_task_runner.py:52} INFO - Started process 3210 to run task
[2022-06-17 19:35:04,411] {standard_task_runner.py:79} INFO - Running: ['***', 'tasks', 'run', 'coffee_lake_scrapers-v1', 'load_data', 'manual__2022-06-17T19:34:44.681653+00:00', '--job-id', '320', '--raw', '--subdir', 'DAGS_FOLDER/scraper_dag.py', '--cfg-path', '/tmp/tmpc6lwee_u', '--error-file', '/tmp/tmphgia0o5g']
[2022-06-17 19:35:04,412] {standard_task_runner.py:80} INFO - Job 320: Subtask load_data
[2022-06-17 19:35:04,456] {task_command.py:370} INFO - Running <TaskInstance: coffee_lake_scrapers-v1.load_data manual__2022-06-17T19:34:44.681653+00:00 [running]> on host c0a717b7b476
[2022-06-17 19:35:04,511] {taskinstance.py:1571} INFO - Exporting the following env vars:
AIRFLOW_CTX_DAG_OWNER=***
AIRFLOW_CTX_DAG_ID=coffee_lake_scrapers-v1
AIRFLOW_CTX_TASK_ID=load_data
AIRFLOW_CTX_EXECUTION_DATE=2022-06-17T19:34:44.681653+00:00
AIRFLOW_CTX_TRY_NUMBER=1
AIRFLOW_CTX_DAG_RUN_ID=manual__2022-06-17T19:34:44.681653+00:00
[2022-06-17 19:35:12,813] {python.py:173} INFO - Done. Returned value was: None
[2022-06-17 19:35:12,824] {taskinstance.py:1400} INFO - Marking task as SUCCESS. dag_id=coffee_lake_scrapers-v1, task_id=load_data, execution_date=20220617T193444, start_date=20220617T193504, end_date=20220617T193512
[2022-06-17 19:35:12,878] {local_task_job.py:156} INFO - Task exited with return code 0
[2022-06-17 19:35:12,909] {local_task_job.py:273} INFO - 1 downstream tasks scheduled from follow-on schedule check
