[2022-06-17 18:54:44,395] {taskinstance.py:1159} INFO - Dependencies all met for <TaskInstance: coffee_lake_scrapers-v1.t4_start_msg manual__2022-06-17T18:54:14.324395+00:00 [queued]>
[2022-06-17 18:54:44,402] {taskinstance.py:1159} INFO - Dependencies all met for <TaskInstance: coffee_lake_scrapers-v1.t4_start_msg manual__2022-06-17T18:54:14.324395+00:00 [queued]>
[2022-06-17 18:54:44,402] {taskinstance.py:1356} INFO - 
--------------------------------------------------------------------------------
[2022-06-17 18:54:44,402] {taskinstance.py:1357} INFO - Starting attempt 1 of 1
[2022-06-17 18:54:44,403] {taskinstance.py:1358} INFO - 
--------------------------------------------------------------------------------
[2022-06-17 18:54:44,414] {taskinstance.py:1377} INFO - Executing <Task(BashOperator): t4_start_msg> on 2022-06-17 18:54:14.324395+00:00
[2022-06-17 18:54:44,418] {standard_task_runner.py:52} INFO - Started process 890 to run task
[2022-06-17 18:54:44,421] {standard_task_runner.py:79} INFO - Running: ['***', 'tasks', 'run', 'coffee_lake_scrapers-v1', 't4_start_msg', 'manual__2022-06-17T18:54:14.324395+00:00', '--job-id', '262', '--raw', '--subdir', 'DAGS_FOLDER/scraper_dag.py', '--cfg-path', '/tmp/tmpkhtcc3ld', '--error-file', '/tmp/tmplz5dqzab']
[2022-06-17 18:54:44,421] {standard_task_runner.py:80} INFO - Job 262: Subtask t4_start_msg
[2022-06-17 18:54:44,461] {task_command.py:370} INFO - Running <TaskInstance: coffee_lake_scrapers-v1.t4_start_msg manual__2022-06-17T18:54:14.324395+00:00 [running]> on host c0a717b7b476
[2022-06-17 18:54:44,516] {taskinstance.py:1571} INFO - Exporting the following env vars:
AIRFLOW_CTX_DAG_OWNER=***
AIRFLOW_CTX_DAG_ID=coffee_lake_scrapers-v1
AIRFLOW_CTX_TASK_ID=t4_start_msg
AIRFLOW_CTX_EXECUTION_DATE=2022-06-17T18:54:14.324395+00:00
AIRFLOW_CTX_TRY_NUMBER=1
AIRFLOW_CTX_DAG_RUN_ID=manual__2022-06-17T18:54:14.324395+00:00
[2022-06-17 18:54:44,518] {subprocess.py:62} INFO - Tmp dir root location: 
 /tmp
[2022-06-17 18:54:44,518] {subprocess.py:74} INFO - Running command: ['bash', '-c', 'curl -X POST -H \'Content-type: application/json\' --data \'{"text" : "starting task 4: loading - osm street images "}\' "https://discord.com/api/webhooks/986224448984195082/pQp4GNcVWh-J2XtmIycVnjxYuGRGVIYFeveDRS5EwvgmGozthyd_alj8wbeKhfVn9SSk/slack"']
[2022-06-17 18:54:44,528] {subprocess.py:85} INFO - Output:
[2022-06-17 18:54:44,534] {subprocess.py:92} INFO -   % Total    % Received % Xferd  Average Speed   Time    Time     Time  Current
[2022-06-17 18:54:44,535] {subprocess.py:92} INFO -                                  Dload  Upload   Total   Spent    Left  Speed
[2022-06-17 18:54:45,216] {subprocess.py:92} INFO -   0     0    0     0    0     0      0      0 --:--:-- --:--:-- --:--:--     0100    60    0     2  100    58      2     85 --:--:-- --:--:-- --:--:--    87100    60    0     2  100    58      2     85 --:--:-- --:--:-- --:--:--    87
[2022-06-17 18:54:45,218] {subprocess.py:92} INFO - ok
[2022-06-17 18:54:45,218] {subprocess.py:96} INFO - Command exited with return code 0
[2022-06-17 18:54:45,248] {taskinstance.py:1400} INFO - Marking task as SUCCESS. dag_id=coffee_lake_scrapers-v1, task_id=t4_start_msg, execution_date=20220617T185414, start_date=20220617T185444, end_date=20220617T185445
[2022-06-17 18:54:45,275] {local_task_job.py:156} INFO - Task exited with return code 0
[2022-06-17 18:54:45,321] {local_task_job.py:273} INFO - 2 downstream tasks scheduled from follow-on schedule check
