[2022-06-17 18:52:30,030] {taskinstance.py:1159} INFO - Dependencies all met for <TaskInstance: coffee_lake_scrapers-v1.load_data manual__2022-06-17T18:52:11.192765+00:00 [queued]>
[2022-06-17 18:52:30,037] {taskinstance.py:1159} INFO - Dependencies all met for <TaskInstance: coffee_lake_scrapers-v1.load_data manual__2022-06-17T18:52:11.192765+00:00 [queued]>
[2022-06-17 18:52:30,038] {taskinstance.py:1356} INFO - 
--------------------------------------------------------------------------------
[2022-06-17 18:52:30,038] {taskinstance.py:1357} INFO - Starting attempt 1 of 1
[2022-06-17 18:52:30,038] {taskinstance.py:1358} INFO - 
--------------------------------------------------------------------------------
[2022-06-17 18:52:30,048] {taskinstance.py:1377} INFO - Executing <Task(_PythonDecoratedOperator): load_data> on 2022-06-17 18:52:11.192765+00:00
[2022-06-17 18:52:30,053] {standard_task_runner.py:52} INFO - Started process 709 to run task
[2022-06-17 18:52:30,055] {standard_task_runner.py:79} INFO - Running: ['***', 'tasks', 'run', 'coffee_lake_scrapers-v1', 'load_data', 'manual__2022-06-17T18:52:11.192765+00:00', '--job-id', '248', '--raw', '--subdir', 'DAGS_FOLDER/scraper_dag.py', '--cfg-path', '/tmp/tmpxpo85te2', '--error-file', '/tmp/tmplubwq8t4']
[2022-06-17 18:52:30,055] {standard_task_runner.py:80} INFO - Job 248: Subtask load_data
[2022-06-17 18:52:30,094] {task_command.py:370} INFO - Running <TaskInstance: coffee_lake_scrapers-v1.load_data manual__2022-06-17T18:52:11.192765+00:00 [running]> on host c0a717b7b476
[2022-06-17 18:52:30,144] {taskinstance.py:1571} INFO - Exporting the following env vars:
AIRFLOW_CTX_DAG_OWNER=***
AIRFLOW_CTX_DAG_ID=coffee_lake_scrapers-v1
AIRFLOW_CTX_TASK_ID=load_data
AIRFLOW_CTX_EXECUTION_DATE=2022-06-17T18:52:11.192765+00:00
AIRFLOW_CTX_TRY_NUMBER=1
AIRFLOW_CTX_DAG_RUN_ID=manual__2022-06-17T18:52:11.192765+00:00
[2022-06-17 18:52:37,848] {python.py:173} INFO - Done. Returned value was: None
[2022-06-17 18:52:37,861] {taskinstance.py:1400} INFO - Marking task as SUCCESS. dag_id=coffee_lake_scrapers-v1, task_id=load_data, execution_date=20220617T185211, start_date=20220617T185230, end_date=20220617T185237
[2022-06-17 18:52:37,893] {local_task_job.py:156} INFO - Task exited with return code 0
[2022-06-17 18:52:37,926] {local_task_job.py:273} INFO - 1 downstream tasks scheduled from follow-on schedule check
