[2022-06-17 20:28:43,142] {taskinstance.py:1159} INFO - Dependencies all met for <TaskInstance: coffee_lake_scrapers-v1.upload_imgs manual__2022-06-17T20:28:07.165900+00:00 [queued]>
[2022-06-17 20:28:43,151] {taskinstance.py:1159} INFO - Dependencies all met for <TaskInstance: coffee_lake_scrapers-v1.upload_imgs manual__2022-06-17T20:28:07.165900+00:00 [queued]>
[2022-06-17 20:28:43,152] {taskinstance.py:1356} INFO - 
--------------------------------------------------------------------------------
[2022-06-17 20:28:43,152] {taskinstance.py:1357} INFO - Starting attempt 1 of 1
[2022-06-17 20:28:43,152] {taskinstance.py:1358} INFO - 
--------------------------------------------------------------------------------
[2022-06-17 20:28:43,164] {taskinstance.py:1377} INFO - Executing <Task(_PythonDecoratedOperator): upload_imgs> on 2022-06-17 20:28:07.165900+00:00
[2022-06-17 20:28:43,169] {standard_task_runner.py:52} INFO - Started process 853 to run task
[2022-06-17 20:28:43,171] {standard_task_runner.py:79} INFO - Running: ['***', 'tasks', 'run', 'coffee_lake_scrapers-v1', 'upload_imgs', 'manual__2022-06-17T20:28:07.165900+00:00', '--job-id', '388', '--raw', '--subdir', 'DAGS_FOLDER/scraper_dag.py', '--cfg-path', '/tmp/tmpmh6fcyxm', '--error-file', '/tmp/tmp0qm_syh0']
[2022-06-17 20:28:43,172] {standard_task_runner.py:80} INFO - Job 388: Subtask upload_imgs
[2022-06-17 20:28:43,210] {task_command.py:370} INFO - Running <TaskInstance: coffee_lake_scrapers-v1.upload_imgs manual__2022-06-17T20:28:07.165900+00:00 [running]> on host 99f2822d4305
[2022-06-17 20:28:43,270] {taskinstance.py:1571} INFO - Exporting the following env vars:
AIRFLOW_CTX_DAG_OWNER=***
AIRFLOW_CTX_DAG_ID=coffee_lake_scrapers-v1
AIRFLOW_CTX_TASK_ID=upload_imgs
AIRFLOW_CTX_EXECUTION_DATE=2022-06-17T20:28:07.165900+00:00
AIRFLOW_CTX_TRY_NUMBER=1
AIRFLOW_CTX_DAG_RUN_ID=manual__2022-06-17T20:28:07.165900+00:00
[2022-06-17 20:28:52,687] {python.py:173} INFO - Done. Returned value was: None
[2022-06-17 20:28:52,702] {taskinstance.py:1400} INFO - Marking task as SUCCESS. dag_id=coffee_lake_scrapers-v1, task_id=upload_imgs, execution_date=20220617T202807, start_date=20220617T202843, end_date=20220617T202852
[2022-06-17 20:28:52,739] {local_task_job.py:156} INFO - Task exited with return code 0
[2022-06-17 20:28:52,769] {local_task_job.py:273} INFO - 1 downstream tasks scheduled from follow-on schedule check
