[2022-06-17 18:45:57,334] {taskinstance.py:1159} INFO - Dependencies all met for <TaskInstance: coffee_lake_scrapers-v1.t1_end_msg manual__2022-06-17T18:45:48.578441+00:00 [queued]>
[2022-06-17 18:45:57,340] {taskinstance.py:1159} INFO - Dependencies all met for <TaskInstance: coffee_lake_scrapers-v1.t1_end_msg manual__2022-06-17T18:45:48.578441+00:00 [queued]>
[2022-06-17 18:45:57,341] {taskinstance.py:1356} INFO - 
--------------------------------------------------------------------------------
[2022-06-17 18:45:57,341] {taskinstance.py:1357} INFO - Starting attempt 1 of 1
[2022-06-17 18:45:57,341] {taskinstance.py:1358} INFO - 
--------------------------------------------------------------------------------
[2022-06-17 18:45:57,351] {taskinstance.py:1377} INFO - Executing <Task(BashOperator): t1_end_msg> on 2022-06-17 18:45:48.578441+00:00
[2022-06-17 18:45:57,356] {standard_task_runner.py:52} INFO - Started process 230 to run task
[2022-06-17 18:45:57,358] {standard_task_runner.py:79} INFO - Running: ['***', 'tasks', 'run', 'coffee_lake_scrapers-v1', 't1_end_msg', 'manual__2022-06-17T18:45:48.578441+00:00', '--job-id', '218', '--raw', '--subdir', 'DAGS_FOLDER/scraper_dag.py', '--cfg-path', '/tmp/tmp5_pvlcx6', '--error-file', '/tmp/tmpii3x8pa_']
[2022-06-17 18:45:57,358] {standard_task_runner.py:80} INFO - Job 218: Subtask t1_end_msg
[2022-06-17 18:45:57,397] {task_command.py:370} INFO - Running <TaskInstance: coffee_lake_scrapers-v1.t1_end_msg manual__2022-06-17T18:45:48.578441+00:00 [running]> on host c0a717b7b476
[2022-06-17 18:45:57,450] {taskinstance.py:1571} INFO - Exporting the following env vars:
AIRFLOW_CTX_DAG_OWNER=***
AIRFLOW_CTX_DAG_ID=coffee_lake_scrapers-v1
AIRFLOW_CTX_TASK_ID=t1_end_msg
AIRFLOW_CTX_EXECUTION_DATE=2022-06-17T18:45:48.578441+00:00
AIRFLOW_CTX_TRY_NUMBER=1
AIRFLOW_CTX_DAG_RUN_ID=manual__2022-06-17T18:45:48.578441+00:00
[2022-06-17 18:45:57,451] {subprocess.py:62} INFO - Tmp dir root location: 
 /tmp
[2022-06-17 18:45:57,452] {subprocess.py:74} INFO - Running command: ['bash', '-c', 'curl -X POST -H \'Content-type: application/json\' --data \'{"text" : "ending task 1: scraping"}\' "https://discord.com/api/webhooks/986224448984195082/pQp4GNcVWh-J2XtmIycVnjxYuGRGVIYFeveDRS5EwvgmGozthyd_alj8wbeKhfVn9SSk/slack"']
[2022-06-17 18:45:57,467] {subprocess.py:85} INFO - Output:
[2022-06-17 18:45:57,473] {subprocess.py:92} INFO -   % Total    % Received % Xferd  Average Speed   Time    Time     Time  Current
[2022-06-17 18:45:57,473] {subprocess.py:92} INFO -                                  Dload  Upload   Total   Spent    Left  Speed
[2022-06-17 18:45:58,103] {subprocess.py:92} INFO -   0     0    0     0    0     0      0      0 --:--:-- --:--:-- --:--:--     0100    38    0     2  100    36      3     57 --:--:-- --:--:-- --:--:--    60100    38    0     2  100    36      3     57 --:--:-- --:--:-- --:--:--    60
[2022-06-17 18:45:58,140] {subprocess.py:92} INFO - ok
[2022-06-17 18:45:58,141] {subprocess.py:96} INFO - Command exited with return code 0
[2022-06-17 18:45:58,187] {taskinstance.py:1400} INFO - Marking task as SUCCESS. dag_id=coffee_lake_scrapers-v1, task_id=t1_end_msg, execution_date=20220617T184548, start_date=20220617T184557, end_date=20220617T184558
[2022-06-17 18:45:58,253] {local_task_job.py:156} INFO - Task exited with return code 0
[2022-06-17 18:45:58,310] {local_task_job.py:273} INFO - 1 downstream tasks scheduled from follow-on schedule check
