[2022-06-17 18:54:32,290] {taskinstance.py:1159} INFO - Dependencies all met for <TaskInstance: coffee_lake_scrapers-v1.t3_start_msg manual__2022-06-17T18:54:14.324395+00:00 [queued]>
[2022-06-17 18:54:32,298] {taskinstance.py:1159} INFO - Dependencies all met for <TaskInstance: coffee_lake_scrapers-v1.t3_start_msg manual__2022-06-17T18:54:14.324395+00:00 [queued]>
[2022-06-17 18:54:32,298] {taskinstance.py:1356} INFO - 
--------------------------------------------------------------------------------
[2022-06-17 18:54:32,298] {taskinstance.py:1357} INFO - Starting attempt 1 of 1
[2022-06-17 18:54:32,299] {taskinstance.py:1358} INFO - 
--------------------------------------------------------------------------------
[2022-06-17 18:54:32,311] {taskinstance.py:1377} INFO - Executing <Task(BashOperator): t3_start_msg> on 2022-06-17 18:54:14.324395+00:00
[2022-06-17 18:54:32,315] {standard_task_runner.py:52} INFO - Started process 867 to run task
[2022-06-17 18:54:32,317] {standard_task_runner.py:79} INFO - Running: ['***', 'tasks', 'run', 'coffee_lake_scrapers-v1', 't3_start_msg', 'manual__2022-06-17T18:54:14.324395+00:00', '--job-id', '259', '--raw', '--subdir', 'DAGS_FOLDER/scraper_dag.py', '--cfg-path', '/tmp/tmps1j8eydg', '--error-file', '/tmp/tmptqzmppsg']
[2022-06-17 18:54:32,318] {standard_task_runner.py:80} INFO - Job 259: Subtask t3_start_msg
[2022-06-17 18:54:32,360] {task_command.py:370} INFO - Running <TaskInstance: coffee_lake_scrapers-v1.t3_start_msg manual__2022-06-17T18:54:14.324395+00:00 [running]> on host c0a717b7b476
[2022-06-17 18:54:32,418] {taskinstance.py:1571} INFO - Exporting the following env vars:
AIRFLOW_CTX_DAG_OWNER=***
AIRFLOW_CTX_DAG_ID=coffee_lake_scrapers-v1
AIRFLOW_CTX_TASK_ID=t3_start_msg
AIRFLOW_CTX_EXECUTION_DATE=2022-06-17T18:54:14.324395+00:00
AIRFLOW_CTX_TRY_NUMBER=1
AIRFLOW_CTX_DAG_RUN_ID=manual__2022-06-17T18:54:14.324395+00:00
[2022-06-17 18:54:32,420] {subprocess.py:62} INFO - Tmp dir root location: 
 /tmp
[2022-06-17 18:54:32,420] {subprocess.py:74} INFO - Running command: ['bash', '-c', 'curl -X POST -H \'Content-type: application/json\' --data \'{"text" : "starting task 3: loading - counting words "}\' "https://discord.com/api/webhooks/986224448984195082/pQp4GNcVWh-J2XtmIycVnjxYuGRGVIYFeveDRS5EwvgmGozthyd_alj8wbeKhfVn9SSk/slack"']
[2022-06-17 18:54:32,431] {subprocess.py:85} INFO - Output:
[2022-06-17 18:54:32,437] {subprocess.py:92} INFO -   % Total    % Received % Xferd  Average Speed   Time    Time     Time  Current
[2022-06-17 18:54:32,437] {subprocess.py:92} INFO -                                  Dload  Upload   Total   Spent    Left  Speed
[2022-06-17 18:54:33,070] {subprocess.py:92} INFO -   0     0    0     0    0     0      0      0 --:--:-- --:--:-- --:--:--     0100    57    0     2  100    55      3     86 --:--:-- --:--:-- --:--:--    89100    57    0     2  100    55      3     86 --:--:-- --:--:-- --:--:--    89
[2022-06-17 18:54:33,072] {subprocess.py:92} INFO - ok
[2022-06-17 18:54:33,073] {subprocess.py:96} INFO - Command exited with return code 0
[2022-06-17 18:54:33,220] {taskinstance.py:1400} INFO - Marking task as SUCCESS. dag_id=coffee_lake_scrapers-v1, task_id=t3_start_msg, execution_date=20220617T185414, start_date=20220617T185432, end_date=20220617T185433
[2022-06-17 18:54:33,261] {local_task_job.py:156} INFO - Task exited with return code 0
[2022-06-17 18:54:33,316] {local_task_job.py:273} INFO - 0 downstream tasks scheduled from follow-on schedule check
