[2022-06-17 20:19:00,663] {taskinstance.py:1159} INFO - Dependencies all met for <TaskInstance: coffee_lake_scrapers-v1.philstar_nation manual__2022-06-17T20:18:55.274330+00:00 [queued]>
[2022-06-17 20:19:00,683] {taskinstance.py:1159} INFO - Dependencies all met for <TaskInstance: coffee_lake_scrapers-v1.philstar_nation manual__2022-06-17T20:18:55.274330+00:00 [queued]>
[2022-06-17 20:19:00,684] {taskinstance.py:1356} INFO - 
--------------------------------------------------------------------------------
[2022-06-17 20:19:00,684] {taskinstance.py:1357} INFO - Starting attempt 1 of 1
[2022-06-17 20:19:00,684] {taskinstance.py:1358} INFO - 
--------------------------------------------------------------------------------
[2022-06-17 20:19:00,702] {taskinstance.py:1377} INFO - Executing <Task(_PythonDecoratedOperator): philstar_nation> on 2022-06-17 20:18:55.274330+00:00
[2022-06-17 20:19:00,709] {standard_task_runner.py:52} INFO - Started process 191 to run task
[2022-06-17 20:19:00,712] {standard_task_runner.py:79} INFO - Running: ['***', 'tasks', 'run', 'coffee_lake_scrapers-v1', 'philstar_nation', 'manual__2022-06-17T20:18:55.274330+00:00', '--job-id', '354', '--raw', '--subdir', 'DAGS_FOLDER/scraper_dag.py', '--cfg-path', '/tmp/tmpwddway3k', '--error-file', '/tmp/tmpy2q6qtva']
[2022-06-17 20:19:00,713] {standard_task_runner.py:80} INFO - Job 354: Subtask philstar_nation
[2022-06-17 20:19:00,777] {task_command.py:370} INFO - Running <TaskInstance: coffee_lake_scrapers-v1.philstar_nation manual__2022-06-17T20:18:55.274330+00:00 [running]> on host 99f2822d4305
[2022-06-17 20:19:00,870] {taskinstance.py:1571} INFO - Exporting the following env vars:
AIRFLOW_CTX_DAG_OWNER=***
AIRFLOW_CTX_DAG_ID=coffee_lake_scrapers-v1
AIRFLOW_CTX_TASK_ID=philstar_nation
AIRFLOW_CTX_EXECUTION_DATE=2022-06-17T20:18:55.274330+00:00
AIRFLOW_CTX_TRY_NUMBER=1
AIRFLOW_CTX_DAG_RUN_ID=manual__2022-06-17T20:18:55.274330+00:00
[2022-06-17 20:19:02,252] {python.py:173} INFO - Done. Returned value was: None
[2022-06-17 20:19:02,265] {taskinstance.py:1400} INFO - Marking task as SUCCESS. dag_id=coffee_lake_scrapers-v1, task_id=philstar_nation, execution_date=20220617T201855, start_date=20220617T201900, end_date=20220617T201902
[2022-06-17 20:19:02,291] {local_task_job.py:156} INFO - Task exited with return code 0
[2022-06-17 20:19:02,339] {local_task_job.py:273} INFO - 1 downstream tasks scheduled from follow-on schedule check
