[2022-06-18 07:18:20,675] {taskinstance.py:1159} INFO - Dependencies all met for <TaskInstance: coffee_lake_demo-v2.t4_end_msg manual__2022-06-18T07:17:44.734106+00:00 [queued]>
[2022-06-18 07:18:20,684] {taskinstance.py:1159} INFO - Dependencies all met for <TaskInstance: coffee_lake_demo-v2.t4_end_msg manual__2022-06-18T07:17:44.734106+00:00 [queued]>
[2022-06-18 07:18:20,684] {taskinstance.py:1356} INFO - 
--------------------------------------------------------------------------------
[2022-06-18 07:18:20,684] {taskinstance.py:1357} INFO - Starting attempt 1 of 1
[2022-06-18 07:18:20,684] {taskinstance.py:1358} INFO - 
--------------------------------------------------------------------------------
[2022-06-18 07:18:20,696] {taskinstance.py:1377} INFO - Executing <Task(BashOperator): t4_end_msg> on 2022-06-18 07:17:44.734106+00:00
[2022-06-18 07:18:20,701] {standard_task_runner.py:52} INFO - Started process 1731 to run task
[2022-06-18 07:18:20,704] {standard_task_runner.py:79} INFO - Running: ['***', 'tasks', 'run', 'coffee_lake_demo-v2', 't4_end_msg', 'manual__2022-06-18T07:17:44.734106+00:00', '--job-id', '534', '--raw', '--subdir', 'DAGS_FOLDER/scraper_v2_dag.py', '--cfg-path', '/tmp/tmpkiwil00m', '--error-file', '/tmp/tmplx6xugut']
[2022-06-18 07:18:20,704] {standard_task_runner.py:80} INFO - Job 534: Subtask t4_end_msg
[2022-06-18 07:18:20,744] {task_command.py:370} INFO - Running <TaskInstance: coffee_lake_demo-v2.t4_end_msg manual__2022-06-18T07:17:44.734106+00:00 [running]> on host 312614bad459
[2022-06-18 07:18:20,800] {taskinstance.py:1571} INFO - Exporting the following env vars:
AIRFLOW_CTX_DAG_OWNER=***
AIRFLOW_CTX_DAG_ID=coffee_lake_demo-v2
AIRFLOW_CTX_TASK_ID=t4_end_msg
AIRFLOW_CTX_EXECUTION_DATE=2022-06-18T07:17:44.734106+00:00
AIRFLOW_CTX_TRY_NUMBER=1
AIRFLOW_CTX_DAG_RUN_ID=manual__2022-06-18T07:17:44.734106+00:00
[2022-06-18 07:18:20,801] {subprocess.py:62} INFO - Tmp dir root location: 
 /tmp
[2022-06-18 07:18:20,802] {subprocess.py:74} INFO - Running command: ['bash', '-c', 'curl -X POST -H \'Content-type: application/json\' --data \'{"text" : "ending task 4: loading - osm street images "}\' "https://discord.com/api/webhooks/986224448984195082/pQp4GNcVWh-J2XtmIycVnjxYuGRGVIYFeveDRS5EwvgmGozthyd_alj8wbeKhfVn9SSk/slack"']
[2022-06-18 07:18:20,812] {subprocess.py:85} INFO - Output:
[2022-06-18 07:18:20,818] {subprocess.py:92} INFO -   % Total    % Received % Xferd  Average Speed   Time    Time     Time  Current
[2022-06-18 07:18:20,819] {subprocess.py:92} INFO -                                  Dload  Upload   Total   Spent    Left  Speed
[2022-06-18 07:18:22,947] {subprocess.py:92} INFO -   0     0    0     0    0     0      0      0 --:--:-- --:--:-- --:--:--     0  0     0    0     0    0     0      0      0 --:--:--  0:00:01 --:--:--     0100    58    0     2  100    56      1     32  0:00:01  0:00:01 --:--:--    33100    58    0     2  100    56      0     26  0:00:02  0:00:02 --:--:--    27
[2022-06-18 07:18:22,949] {subprocess.py:92} INFO - ok
[2022-06-18 07:18:22,949] {subprocess.py:96} INFO - Command exited with return code 0
[2022-06-18 07:18:22,978] {taskinstance.py:1400} INFO - Marking task as SUCCESS. dag_id=coffee_lake_demo-v2, task_id=t4_end_msg, execution_date=20220618T071744, start_date=20220618T071820, end_date=20220618T071822
[2022-06-18 07:18:23,003] {local_task_job.py:156} INFO - Task exited with return code 0
[2022-06-18 07:18:23,042] {local_task_job.py:273} INFO - 0 downstream tasks scheduled from follow-on schedule check
