[2022-06-17 12:21:59,168] {taskinstance.py:1159} INFO - Dependencies all met for <TaskInstance: coffee_lake_scrapers-v1.curl_start manual__2022-06-17T12:21:57.958646+00:00 [queued]>
[2022-06-17 12:21:59,180] {taskinstance.py:1159} INFO - Dependencies all met for <TaskInstance: coffee_lake_scrapers-v1.curl_start manual__2022-06-17T12:21:57.958646+00:00 [queued]>
[2022-06-17 12:21:59,181] {taskinstance.py:1356} INFO - 
--------------------------------------------------------------------------------
[2022-06-17 12:21:59,182] {taskinstance.py:1357} INFO - Starting attempt 1 of 1
[2022-06-17 12:21:59,182] {taskinstance.py:1358} INFO - 
--------------------------------------------------------------------------------
[2022-06-17 12:21:59,200] {taskinstance.py:1377} INFO - Executing <Task(BashOperator): curl_start> on 2022-06-17 12:21:57.958646+00:00
[2022-06-17 12:21:59,208] {standard_task_runner.py:52} INFO - Started process 4392 to run task
[2022-06-17 12:21:59,210] {standard_task_runner.py:79} INFO - Running: ['***', 'tasks', 'run', 'coffee_lake_scrapers-v1', 'curl_start', 'manual__2022-06-17T12:21:57.958646+00:00', '--job-id', '24', '--raw', '--subdir', 'DAGS_FOLDER/scraper_dag.py', '--cfg-path', '/tmp/tmpl38lyxrr', '--error-file', '/tmp/tmplds6fd3l']
[2022-06-17 12:21:59,211] {standard_task_runner.py:80} INFO - Job 24: Subtask curl_start
[2022-06-17 12:21:59,278] {task_command.py:370} INFO - Running <TaskInstance: coffee_lake_scrapers-v1.curl_start manual__2022-06-17T12:21:57.958646+00:00 [running]> on host f0a3c4865e95
[2022-06-17 12:21:59,350] {taskinstance.py:1571} INFO - Exporting the following env vars:
AIRFLOW_CTX_DAG_OWNER=***
AIRFLOW_CTX_DAG_ID=coffee_lake_scrapers-v1
AIRFLOW_CTX_TASK_ID=curl_start
AIRFLOW_CTX_EXECUTION_DATE=2022-06-17T12:21:57.958646+00:00
AIRFLOW_CTX_TRY_NUMBER=1
AIRFLOW_CTX_DAG_RUN_ID=manual__2022-06-17T12:21:57.958646+00:00
[2022-06-17 12:21:59,351] {subprocess.py:62} INFO - Tmp dir root location: 
 /tmp
[2022-06-17 12:21:59,352] {subprocess.py:74} INFO - Running command: ['bash', '-c', 'curl -X POST -H \'Content-type: application/json\' --data \'{"text" : "starting task 1: scraping"}\' "https://discord.com/api/webhooks/986224448984195082/pQp4GNcVWh-J2XtmIycVnjxYuGRGVIYFeveDRS5EwvgmGozthyd_alj8wbeKhfVn9SSk/slack"']
[2022-06-17 12:21:59,365] {subprocess.py:85} INFO - Output:
[2022-06-17 12:21:59,371] {subprocess.py:92} INFO -   % Total    % Received % Xferd  Average Speed   Time    Time     Time  Current
[2022-06-17 12:21:59,371] {subprocess.py:92} INFO -                                  Dload  Upload   Total   Spent    Left  Speed
[2022-06-17 12:22:00,212] {subprocess.py:92} INFO -   0     0    0     0    0     0      0      0 --:--:-- --:--:-- --:--:--     0100    40    0     2  100    38      2     45 --:--:-- --:--:-- --:--:--    47100    40    0     2  100    38      2     45 --:--:-- --:--:-- --:--:--    47
[2022-06-17 12:22:00,216] {subprocess.py:92} INFO - ok
[2022-06-17 12:22:00,217] {subprocess.py:96} INFO - Command exited with return code 0
[2022-06-17 12:22:00,263] {taskinstance.py:1400} INFO - Marking task as SUCCESS. dag_id=coffee_lake_scrapers-v1, task_id=curl_start, execution_date=20220617T122157, start_date=20220617T122159, end_date=20220617T122200
[2022-06-17 12:22:00,307] {local_task_job.py:156} INFO - Task exited with return code 0
[2022-06-17 12:22:00,376] {local_task_job.py:273} INFO - 1 downstream tasks scheduled from follow-on schedule check
