[2022-06-17 20:28:25,287] {taskinstance.py:1159} INFO - Dependencies all met for <TaskInstance: coffee_lake_scrapers-v1.load_data manual__2022-06-17T20:28:07.165900+00:00 [queued]>
[2022-06-17 20:28:25,295] {taskinstance.py:1159} INFO - Dependencies all met for <TaskInstance: coffee_lake_scrapers-v1.load_data manual__2022-06-17T20:28:07.165900+00:00 [queued]>
[2022-06-17 20:28:25,296] {taskinstance.py:1356} INFO - 
--------------------------------------------------------------------------------
[2022-06-17 20:28:25,296] {taskinstance.py:1357} INFO - Starting attempt 1 of 1
[2022-06-17 20:28:25,296] {taskinstance.py:1358} INFO - 
--------------------------------------------------------------------------------
[2022-06-17 20:28:25,308] {taskinstance.py:1377} INFO - Executing <Task(_PythonDecoratedOperator): load_data> on 2022-06-17 20:28:07.165900+00:00
[2022-06-17 20:28:25,312] {standard_task_runner.py:52} INFO - Started process 828 to run task
[2022-06-17 20:28:25,315] {standard_task_runner.py:79} INFO - Running: ['***', 'tasks', 'run', 'coffee_lake_scrapers-v1', 'load_data', 'manual__2022-06-17T20:28:07.165900+00:00', '--job-id', '384', '--raw', '--subdir', 'DAGS_FOLDER/scraper_dag.py', '--cfg-path', '/tmp/tmp8pb_gm6w', '--error-file', '/tmp/tmpxm0l3ild']
[2022-06-17 20:28:25,315] {standard_task_runner.py:80} INFO - Job 384: Subtask load_data
[2022-06-17 20:28:25,355] {task_command.py:370} INFO - Running <TaskInstance: coffee_lake_scrapers-v1.load_data manual__2022-06-17T20:28:07.165900+00:00 [running]> on host 99f2822d4305
[2022-06-17 20:28:25,413] {taskinstance.py:1571} INFO - Exporting the following env vars:
AIRFLOW_CTX_DAG_OWNER=***
AIRFLOW_CTX_DAG_ID=coffee_lake_scrapers-v1
AIRFLOW_CTX_TASK_ID=load_data
AIRFLOW_CTX_EXECUTION_DATE=2022-06-17T20:28:07.165900+00:00
AIRFLOW_CTX_TRY_NUMBER=1
AIRFLOW_CTX_DAG_RUN_ID=manual__2022-06-17T20:28:07.165900+00:00
[2022-06-17 20:28:37,070] {python.py:173} INFO - Done. Returned value was: None
[2022-06-17 20:28:37,087] {taskinstance.py:1400} INFO - Marking task as SUCCESS. dag_id=coffee_lake_scrapers-v1, task_id=load_data, execution_date=20220617T202807, start_date=20220617T202825, end_date=20220617T202837
[2022-06-17 20:28:37,118] {local_task_job.py:156} INFO - Task exited with return code 0
[2022-06-17 20:28:37,151] {local_task_job.py:273} INFO - 0 downstream tasks scheduled from follow-on schedule check
