[2022-06-18 06:54:35,187] {taskinstance.py:1159} INFO - Dependencies all met for <TaskInstance: coffee_lake_demo-v2.t1_start_msg manual__2022-06-18T06:54:29.516170+00:00 [queued]>
[2022-06-18 06:54:35,210] {taskinstance.py:1159} INFO - Dependencies all met for <TaskInstance: coffee_lake_demo-v2.t1_start_msg manual__2022-06-18T06:54:29.516170+00:00 [queued]>
[2022-06-18 06:54:35,211] {taskinstance.py:1356} INFO - 
--------------------------------------------------------------------------------
[2022-06-18 06:54:35,212] {taskinstance.py:1357} INFO - Starting attempt 1 of 1
[2022-06-18 06:54:35,212] {taskinstance.py:1358} INFO - 
--------------------------------------------------------------------------------
[2022-06-18 06:54:35,231] {taskinstance.py:1377} INFO - Executing <Task(BashOperator): t1_start_msg> on 2022-06-18 06:54:29.516170+00:00
[2022-06-18 06:54:35,244] {standard_task_runner.py:52} INFO - Started process 402 to run task
[2022-06-18 06:54:35,249] {standard_task_runner.py:79} INFO - Running: ['***', 'tasks', 'run', 'coffee_lake_demo-v2', 't1_start_msg', 'manual__2022-06-18T06:54:29.516170+00:00', '--job-id', '504', '--raw', '--subdir', 'DAGS_FOLDER/scraper_v2_dag.py', '--cfg-path', '/tmp/tmplhqweuz7', '--error-file', '/tmp/tmpa6qa11wu']
[2022-06-18 06:54:35,254] {standard_task_runner.py:80} INFO - Job 504: Subtask t1_start_msg
[2022-06-18 06:54:35,336] {task_command.py:370} INFO - Running <TaskInstance: coffee_lake_demo-v2.t1_start_msg manual__2022-06-18T06:54:29.516170+00:00 [running]> on host 312614bad459
[2022-06-18 06:54:35,427] {taskinstance.py:1571} INFO - Exporting the following env vars:
AIRFLOW_CTX_DAG_OWNER=***
AIRFLOW_CTX_DAG_ID=coffee_lake_demo-v2
AIRFLOW_CTX_TASK_ID=t1_start_msg
AIRFLOW_CTX_EXECUTION_DATE=2022-06-18T06:54:29.516170+00:00
AIRFLOW_CTX_TRY_NUMBER=1
AIRFLOW_CTX_DAG_RUN_ID=manual__2022-06-18T06:54:29.516170+00:00
[2022-06-18 06:54:35,429] {subprocess.py:62} INFO - Tmp dir root location: 
 /tmp
[2022-06-18 06:54:35,430] {subprocess.py:74} INFO - Running command: ['bash', '-c', 'curl -X POST -H \'Content-type: application/json\' --data \'{"text" : "starting task 1: scraping"}\' "https://discord.com/api/webhooks/986224448984195082/pQp4GNcVWh-J2XtmIycVnjxYuGRGVIYFeveDRS5EwvgmGozthyd_alj8wbeKhfVn9SSk/slack"']
[2022-06-18 06:54:35,450] {subprocess.py:85} INFO - Output:
[2022-06-18 06:54:35,466] {subprocess.py:92} INFO -   % Total    % Received % Xferd  Average Speed   Time    Time     Time  Current
[2022-06-18 06:54:35,467] {subprocess.py:92} INFO -                                  Dload  Upload   Total   Spent    Left  Speed
[2022-06-18 06:54:36,044] {subprocess.py:92} INFO -   0     0    0     0    0     0      0      0 --:--:-- --:--:-- --:--:--     0100    40    0     2  100    38      3     65 --:--:-- --:--:-- --:--:--    69
[2022-06-18 06:54:36,047] {subprocess.py:92} INFO - ok
[2022-06-18 06:54:36,048] {subprocess.py:96} INFO - Command exited with return code 0
[2022-06-18 06:54:36,100] {taskinstance.py:1400} INFO - Marking task as SUCCESS. dag_id=coffee_lake_demo-v2, task_id=t1_start_msg, execution_date=20220618T065429, start_date=20220618T065435, end_date=20220618T065436
[2022-06-18 06:54:36,149] {local_task_job.py:156} INFO - Task exited with return code 0
[2022-06-18 06:54:36,197] {local_task_job.py:273} INFO - 3 downstream tasks scheduled from follow-on schedule check
