[2022-06-17 17:10:36,015] {taskinstance.py:1159} INFO - Dependencies all met for <TaskInstance: coffee_lake_scrapers-v1.t2_start_msg manual__2022-06-17T17:10:17.458409+00:00 [queued]>
[2022-06-17 17:10:36,031] {taskinstance.py:1159} INFO - Dependencies all met for <TaskInstance: coffee_lake_scrapers-v1.t2_start_msg manual__2022-06-17T17:10:17.458409+00:00 [queued]>
[2022-06-17 17:10:36,031] {taskinstance.py:1356} INFO - 
--------------------------------------------------------------------------------
[2022-06-17 17:10:36,032] {taskinstance.py:1357} INFO - Starting attempt 1 of 1
[2022-06-17 17:10:36,033] {taskinstance.py:1358} INFO - 
--------------------------------------------------------------------------------
[2022-06-17 17:10:36,055] {taskinstance.py:1377} INFO - Executing <Task(BashOperator): t2_start_msg> on 2022-06-17 17:10:17.458409+00:00
[2022-06-17 17:10:36,062] {standard_task_runner.py:52} INFO - Started process 3247 to run task
[2022-06-17 17:10:36,065] {standard_task_runner.py:79} INFO - Running: ['***', 'tasks', 'run', 'coffee_lake_scrapers-v1', 't2_start_msg', 'manual__2022-06-17T17:10:17.458409+00:00', '--job-id', '172', '--raw', '--subdir', 'DAGS_FOLDER/scraper_dag.py', '--cfg-path', '/tmp/tmp6j7xyggs', '--error-file', '/tmp/tmp9cspl07h']
[2022-06-17 17:10:36,067] {standard_task_runner.py:80} INFO - Job 172: Subtask t2_start_msg
[2022-06-17 17:10:36,161] {task_command.py:370} INFO - Running <TaskInstance: coffee_lake_scrapers-v1.t2_start_msg manual__2022-06-17T17:10:17.458409+00:00 [running]> on host 2f484ba01a8b
[2022-06-17 17:10:36,290] {taskinstance.py:1571} INFO - Exporting the following env vars:
AIRFLOW_CTX_DAG_OWNER=***
AIRFLOW_CTX_DAG_ID=coffee_lake_scrapers-v1
AIRFLOW_CTX_TASK_ID=t2_start_msg
AIRFLOW_CTX_EXECUTION_DATE=2022-06-17T17:10:17.458409+00:00
AIRFLOW_CTX_TRY_NUMBER=1
AIRFLOW_CTX_DAG_RUN_ID=manual__2022-06-17T17:10:17.458409+00:00
[2022-06-17 17:10:36,292] {subprocess.py:62} INFO - Tmp dir root location: 
 /tmp
[2022-06-17 17:10:36,293] {subprocess.py:74} INFO - Running command: ['bash', '-c', 'curl -X POST -H \'Content-type: application/json\' --data \'{"text" : "starting task 2: transformation - counting words "}\' "https://discord.com/api/webhooks/986224448984195082/pQp4GNcVWh-J2XtmIycVnjxYuGRGVIYFeveDRS5EwvgmGozthyd_alj8wbeKhfVn9SSk/slack"']
[2022-06-17 17:10:36,308] {subprocess.py:85} INFO - Output:
[2022-06-17 17:10:36,320] {subprocess.py:92} INFO -   % Total    % Received % Xferd  Average Speed   Time    Time     Time  Current
[2022-06-17 17:10:36,321] {subprocess.py:92} INFO -                                  Dload  Upload   Total   Spent    Left  Speed
[2022-06-17 17:10:37,107] {subprocess.py:92} INFO -   0     0    0     0    0     0      0      0 --:--:-- --:--:-- --:--:--     0100    64    0     2  100    62      2     78 --:--:-- --:--:-- --:--:--    81100    64    0     2  100    62      2     78 --:--:-- --:--:-- --:--:--    81
[2022-06-17 17:10:37,111] {subprocess.py:92} INFO - ok
[2022-06-17 17:10:37,112] {subprocess.py:96} INFO - Command exited with return code 0
[2022-06-17 17:10:37,164] {taskinstance.py:1400} INFO - Marking task as SUCCESS. dag_id=coffee_lake_scrapers-v1, task_id=t2_start_msg, execution_date=20220617T171017, start_date=20220617T171036, end_date=20220617T171037
[2022-06-17 17:10:37,204] {local_task_job.py:156} INFO - Task exited with return code 0
[2022-06-17 17:10:37,324] {local_task_job.py:273} INFO - 0 downstream tasks scheduled from follow-on schedule check
