[2022-06-17 19:35:14,217] {taskinstance.py:1159} INFO - Dependencies all met for <TaskInstance: coffee_lake_scrapers-v1.t3_end_msg manual__2022-06-17T19:34:44.681653+00:00 [queued]>
[2022-06-17 19:35:14,224] {taskinstance.py:1159} INFO - Dependencies all met for <TaskInstance: coffee_lake_scrapers-v1.t3_end_msg manual__2022-06-17T19:34:44.681653+00:00 [queued]>
[2022-06-17 19:35:14,224] {taskinstance.py:1356} INFO - 
--------------------------------------------------------------------------------
[2022-06-17 19:35:14,224] {taskinstance.py:1357} INFO - Starting attempt 1 of 1
[2022-06-17 19:35:14,225] {taskinstance.py:1358} INFO - 
--------------------------------------------------------------------------------
[2022-06-17 19:35:14,235] {taskinstance.py:1377} INFO - Executing <Task(BashOperator): t3_end_msg> on 2022-06-17 19:34:44.681653+00:00
[2022-06-17 19:35:14,239] {standard_task_runner.py:52} INFO - Started process 3222 to run task
[2022-06-17 19:35:14,242] {standard_task_runner.py:79} INFO - Running: ['***', 'tasks', 'run', 'coffee_lake_scrapers-v1', 't3_end_msg', 'manual__2022-06-17T19:34:44.681653+00:00', '--job-id', '321', '--raw', '--subdir', 'DAGS_FOLDER/scraper_dag.py', '--cfg-path', '/tmp/tmpj70k34wy', '--error-file', '/tmp/tmpskb34zn5']
[2022-06-17 19:35:14,242] {standard_task_runner.py:80} INFO - Job 321: Subtask t3_end_msg
[2022-06-17 19:35:14,283] {task_command.py:370} INFO - Running <TaskInstance: coffee_lake_scrapers-v1.t3_end_msg manual__2022-06-17T19:34:44.681653+00:00 [running]> on host c0a717b7b476
[2022-06-17 19:35:14,344] {taskinstance.py:1571} INFO - Exporting the following env vars:
AIRFLOW_CTX_DAG_OWNER=***
AIRFLOW_CTX_DAG_ID=coffee_lake_scrapers-v1
AIRFLOW_CTX_TASK_ID=t3_end_msg
AIRFLOW_CTX_EXECUTION_DATE=2022-06-17T19:34:44.681653+00:00
AIRFLOW_CTX_TRY_NUMBER=1
AIRFLOW_CTX_DAG_RUN_ID=manual__2022-06-17T19:34:44.681653+00:00
[2022-06-17 19:35:14,345] {subprocess.py:62} INFO - Tmp dir root location: 
 /tmp
[2022-06-17 19:35:14,346] {subprocess.py:74} INFO - Running command: ['bash', '-c', 'curl -X POST -H \'Content-type: application/json\' --data \'{"text" : "ending task 3: loading - counting words "}\' "https://discord.com/api/webhooks/986224448984195082/pQp4GNcVWh-J2XtmIycVnjxYuGRGVIYFeveDRS5EwvgmGozthyd_alj8wbeKhfVn9SSk/slack"']
[2022-06-17 19:35:14,360] {subprocess.py:85} INFO - Output:
[2022-06-17 19:35:14,366] {subprocess.py:92} INFO -   % Total    % Received % Xferd  Average Speed   Time    Time     Time  Current
[2022-06-17 19:35:14,367] {subprocess.py:92} INFO -                                  Dload  Upload   Total   Spent    Left  Speed
[2022-06-17 19:35:15,347] {subprocess.py:92} INFO -   0     0    0     0    0     0      0      0 --:--:-- --:--:-- --:--:--     0100    55    0     2  100    53      2     54 --:--:-- --:--:-- --:--:--    56100    55    0     2  100    53      2     54 --:--:-- --:--:-- --:--:--    56
[2022-06-17 19:35:15,350] {subprocess.py:92} INFO - ok
[2022-06-17 19:35:15,351] {subprocess.py:96} INFO - Command exited with return code 0
[2022-06-17 19:35:15,388] {taskinstance.py:1400} INFO - Marking task as SUCCESS. dag_id=coffee_lake_scrapers-v1, task_id=t3_end_msg, execution_date=20220617T193444, start_date=20220617T193514, end_date=20220617T193515
[2022-06-17 19:35:15,419] {local_task_job.py:156} INFO - Task exited with return code 0
[2022-06-17 19:35:15,470] {local_task_job.py:273} INFO - 1 downstream tasks scheduled from follow-on schedule check
