[2022-06-17 14:13:03,610] {taskinstance.py:1159} INFO - Dependencies all met for <TaskInstance: coffee_lake_scrapers-v1.t1_start_msg manual__2022-06-17T14:13:02.661957+00:00 [queued]>
[2022-06-17 14:13:03,624] {taskinstance.py:1159} INFO - Dependencies all met for <TaskInstance: coffee_lake_scrapers-v1.t1_start_msg manual__2022-06-17T14:13:02.661957+00:00 [queued]>
[2022-06-17 14:13:03,627] {taskinstance.py:1356} INFO - 
--------------------------------------------------------------------------------
[2022-06-17 14:13:03,628] {taskinstance.py:1357} INFO - Starting attempt 1 of 1
[2022-06-17 14:13:03,629] {taskinstance.py:1358} INFO - 
--------------------------------------------------------------------------------
[2022-06-17 14:13:03,651] {taskinstance.py:1377} INFO - Executing <Task(BashOperator): t1_start_msg> on 2022-06-17 14:13:02.661957+00:00
[2022-06-17 14:13:03,655] {standard_task_runner.py:52} INFO - Started process 1696 to run task
[2022-06-17 14:13:03,657] {standard_task_runner.py:79} INFO - Running: ['***', 'tasks', 'run', 'coffee_lake_scrapers-v1', 't1_start_msg', 'manual__2022-06-17T14:13:02.661957+00:00', '--job-id', '92', '--raw', '--subdir', 'DAGS_FOLDER/scraper_dag.py', '--cfg-path', '/tmp/tmpq99v270l', '--error-file', '/tmp/tmpk4kv4i7m']
[2022-06-17 14:13:03,658] {standard_task_runner.py:80} INFO - Job 92: Subtask t1_start_msg
[2022-06-17 14:13:03,710] {task_command.py:370} INFO - Running <TaskInstance: coffee_lake_scrapers-v1.t1_start_msg manual__2022-06-17T14:13:02.661957+00:00 [running]> on host 32595384c4c5
[2022-06-17 14:13:03,895] {taskinstance.py:1571} INFO - Exporting the following env vars:
AIRFLOW_CTX_DAG_OWNER=***
AIRFLOW_CTX_DAG_ID=coffee_lake_scrapers-v1
AIRFLOW_CTX_TASK_ID=t1_start_msg
AIRFLOW_CTX_EXECUTION_DATE=2022-06-17T14:13:02.661957+00:00
AIRFLOW_CTX_TRY_NUMBER=1
AIRFLOW_CTX_DAG_RUN_ID=manual__2022-06-17T14:13:02.661957+00:00
[2022-06-17 14:13:03,897] {subprocess.py:62} INFO - Tmp dir root location: 
 /tmp
[2022-06-17 14:13:03,898] {subprocess.py:74} INFO - Running command: ['bash', '-c', 'curl -X POST -H \'Content-type: application/json\' --data \'{"text" : "starting task 1: scraping"}\' "https://discord.com/api/webhooks/986224448984195082/pQp4GNcVWh-J2XtmIycVnjxYuGRGVIYFeveDRS5EwvgmGozthyd_alj8wbeKhfVn9SSk/slack"']
[2022-06-17 14:13:03,917] {subprocess.py:85} INFO - Output:
[2022-06-17 14:13:03,925] {subprocess.py:92} INFO -   % Total    % Received % Xferd  Average Speed   Time    Time     Time  Current
[2022-06-17 14:13:03,926] {subprocess.py:92} INFO -                                  Dload  Upload   Total   Spent    Left  Speed
[2022-06-17 14:13:06,656] {subprocess.py:92} INFO -   0     0    0     0    0     0      0      0 --:--:-- --:--:-- --:--:--     0  0     0    0     0    0     0      0      0 --:--:-- --:--:-- --:--:--     0  0     0    0     0    0     0      0      0 --:--:--  0:00:01 --:--:--     0  0     0    0     0    0     0      0      0 --:--:--  0:00:02 --:--:--     0100    40    0     2  100    38      0     13  0:00:02  0:00:02 --:--:--    14
[2022-06-17 14:13:06,658] {subprocess.py:92} INFO - ok
[2022-06-17 14:13:06,658] {subprocess.py:96} INFO - Command exited with return code 0
[2022-06-17 14:13:06,717] {taskinstance.py:1400} INFO - Marking task as SUCCESS. dag_id=coffee_lake_scrapers-v1, task_id=t1_start_msg, execution_date=20220617T141302, start_date=20220617T141303, end_date=20220617T141306
[2022-06-17 14:13:06,842] {local_task_job.py:156} INFO - Task exited with return code 0
[2022-06-17 14:13:06,894] {local_task_job.py:273} INFO - 1 downstream tasks scheduled from follow-on schedule check
