[2022-06-18 07:18:31,848] {taskinstance.py:1159} INFO - Dependencies all met for <TaskInstance: coffee_lake_demo-v2.t5_end_msg manual__2022-06-18T07:17:44.734106+00:00 [queued]>
[2022-06-18 07:18:31,863] {taskinstance.py:1159} INFO - Dependencies all met for <TaskInstance: coffee_lake_demo-v2.t5_end_msg manual__2022-06-18T07:17:44.734106+00:00 [queued]>
[2022-06-18 07:18:31,864] {taskinstance.py:1356} INFO - 
--------------------------------------------------------------------------------
[2022-06-18 07:18:31,864] {taskinstance.py:1357} INFO - Starting attempt 1 of 1
[2022-06-18 07:18:31,864] {taskinstance.py:1358} INFO - 
--------------------------------------------------------------------------------
[2022-06-18 07:18:31,883] {taskinstance.py:1377} INFO - Executing <Task(BashOperator): t5_end_msg> on 2022-06-18 07:17:44.734106+00:00
[2022-06-18 07:18:31,889] {standard_task_runner.py:52} INFO - Started process 1759 to run task
[2022-06-18 07:18:31,891] {standard_task_runner.py:79} INFO - Running: ['***', 'tasks', 'run', 'coffee_lake_demo-v2', 't5_end_msg', 'manual__2022-06-18T07:17:44.734106+00:00', '--job-id', '538', '--raw', '--subdir', 'DAGS_FOLDER/scraper_v2_dag.py', '--cfg-path', '/tmp/tmp4jdin9zu', '--error-file', '/tmp/tmpg40p6lja']
[2022-06-18 07:18:31,892] {standard_task_runner.py:80} INFO - Job 538: Subtask t5_end_msg
[2022-06-18 07:18:31,941] {task_command.py:370} INFO - Running <TaskInstance: coffee_lake_demo-v2.t5_end_msg manual__2022-06-18T07:17:44.734106+00:00 [running]> on host 312614bad459
[2022-06-18 07:18:32,016] {taskinstance.py:1571} INFO - Exporting the following env vars:
AIRFLOW_CTX_DAG_OWNER=***
AIRFLOW_CTX_DAG_ID=coffee_lake_demo-v2
AIRFLOW_CTX_TASK_ID=t5_end_msg
AIRFLOW_CTX_EXECUTION_DATE=2022-06-18T07:17:44.734106+00:00
AIRFLOW_CTX_TRY_NUMBER=1
AIRFLOW_CTX_DAG_RUN_ID=manual__2022-06-18T07:17:44.734106+00:00
[2022-06-18 07:18:32,019] {subprocess.py:62} INFO - Tmp dir root location: 
 /tmp
[2022-06-18 07:18:32,021] {subprocess.py:74} INFO - Running command: ['bash', '-c', 'curl -X POST -H \'Content-type: application/json\' --data \'{"text" : "ending task 5: cleanup - deleting residuals "}\' "https://discord.com/api/webhooks/986224448984195082/pQp4GNcVWh-J2XtmIycVnjxYuGRGVIYFeveDRS5EwvgmGozthyd_alj8wbeKhfVn9SSk/slack"']
[2022-06-18 07:18:32,034] {subprocess.py:85} INFO - Output:
[2022-06-18 07:18:32,041] {subprocess.py:92} INFO -   % Total    % Received % Xferd  Average Speed   Time    Time     Time  Current
[2022-06-18 07:18:32,041] {subprocess.py:92} INFO -                                  Dload  Upload   Total   Spent    Left  Speed
[2022-06-18 07:18:32,540] {subprocess.py:92} INFO -   0     0    0     0    0     0      0      0 --:--:-- --:--:-- --:--:--     0100    59    0     2  100    57      4    114 --:--:-- --:--:-- --:--:--   118100    59    0     2  100    57      4    114 --:--:-- --:--:-- --:--:--   118
[2022-06-18 07:18:32,541] {subprocess.py:92} INFO - ok
[2022-06-18 07:18:32,542] {subprocess.py:96} INFO - Command exited with return code 0
[2022-06-18 07:18:32,565] {taskinstance.py:1400} INFO - Marking task as SUCCESS. dag_id=coffee_lake_demo-v2, task_id=t5_end_msg, execution_date=20220618T071744, start_date=20220618T071831, end_date=20220618T071832
[2022-06-18 07:18:32,587] {local_task_job.py:156} INFO - Task exited with return code 0
[2022-06-18 07:18:32,616] {local_task_job.py:273} INFO - 1 downstream tasks scheduled from follow-on schedule check
