[2022-06-17 12:47:22,824] {taskinstance.py:1159} INFO - Dependencies all met for <TaskInstance: coffee_lake_scrapers-v1.curl_end manual__2022-06-17T12:47:14.449749+00:00 [queued]>
[2022-06-17 12:47:22,832] {taskinstance.py:1159} INFO - Dependencies all met for <TaskInstance: coffee_lake_scrapers-v1.curl_end manual__2022-06-17T12:47:14.449749+00:00 [queued]>
[2022-06-17 12:47:22,832] {taskinstance.py:1356} INFO - 
--------------------------------------------------------------------------------
[2022-06-17 12:47:22,833] {taskinstance.py:1357} INFO - Starting attempt 1 of 1
[2022-06-17 12:47:22,833] {taskinstance.py:1358} INFO - 
--------------------------------------------------------------------------------
[2022-06-17 12:47:22,843] {taskinstance.py:1377} INFO - Executing <Task(BashOperator): curl_end> on 2022-06-17 12:47:14.449749+00:00
[2022-06-17 12:47:22,848] {standard_task_runner.py:52} INFO - Started process 5728 to run task
[2022-06-17 12:47:22,850] {standard_task_runner.py:79} INFO - Running: ['***', 'tasks', 'run', 'coffee_lake_scrapers-v1', 'curl_end', 'manual__2022-06-17T12:47:14.449749+00:00', '--job-id', '46', '--raw', '--subdir', 'DAGS_FOLDER/scraper_dag.py', '--cfg-path', '/tmp/tmpvpr6xhwl', '--error-file', '/tmp/tmpo7zyjt3s']
[2022-06-17 12:47:22,850] {standard_task_runner.py:80} INFO - Job 46: Subtask curl_end
[2022-06-17 12:47:22,888] {task_command.py:370} INFO - Running <TaskInstance: coffee_lake_scrapers-v1.curl_end manual__2022-06-17T12:47:14.449749+00:00 [running]> on host f0a3c4865e95
[2022-06-17 12:47:22,941] {taskinstance.py:1571} INFO - Exporting the following env vars:
AIRFLOW_CTX_DAG_OWNER=***
AIRFLOW_CTX_DAG_ID=coffee_lake_scrapers-v1
AIRFLOW_CTX_TASK_ID=curl_end
AIRFLOW_CTX_EXECUTION_DATE=2022-06-17T12:47:14.449749+00:00
AIRFLOW_CTX_TRY_NUMBER=1
AIRFLOW_CTX_DAG_RUN_ID=manual__2022-06-17T12:47:14.449749+00:00
[2022-06-17 12:47:22,942] {subprocess.py:62} INFO - Tmp dir root location: 
 /tmp
[2022-06-17 12:47:22,942] {subprocess.py:74} INFO - Running command: ['bash', '-c', 'curl -X POST -H \'Content-type: application/json\' --data \'{"text" : "ending task 1: scraping"}\' "https://discord.com/api/webhooks/986224448984195082/pQp4GNcVWh-J2XtmIycVnjxYuGRGVIYFeveDRS5EwvgmGozthyd_alj8wbeKhfVn9SSk/slack"']
[2022-06-17 12:47:22,951] {subprocess.py:85} INFO - Output:
[2022-06-17 12:47:22,956] {subprocess.py:92} INFO -   % Total    % Received % Xferd  Average Speed   Time    Time     Time  Current
[2022-06-17 12:47:22,957] {subprocess.py:92} INFO -                                  Dload  Upload   Total   Spent    Left  Speed
[2022-06-17 12:47:23,944] {subprocess.py:92} INFO -   0     0    0     0    0     0      0      0 --:--:-- --:--:-- --:--:--     0  0     0    0     0    0     0      0      0 --:--:-- --:--:-- --:--:--     0100    38    0     2  100    36      2     36  0:00:01 --:--:--  0:00:01    38
[2022-06-17 12:47:23,946] {subprocess.py:92} INFO - ok
[2022-06-17 12:47:23,947] {subprocess.py:96} INFO - Command exited with return code 0
[2022-06-17 12:47:23,989] {taskinstance.py:1400} INFO - Marking task as SUCCESS. dag_id=coffee_lake_scrapers-v1, task_id=curl_end, execution_date=20220617T124714, start_date=20220617T124722, end_date=20220617T124723
[2022-06-17 12:47:24,026] {local_task_job.py:156} INFO - Task exited with return code 0
[2022-06-17 12:47:24,058] {local_task_job.py:273} INFO - 0 downstream tasks scheduled from follow-on schedule check
