[2022-06-18 07:35:35,107] {taskinstance.py:1159} INFO - Dependencies all met for <TaskInstance: coffee_lake_demo-v2.t1_start_msg manual__2022-06-18T07:35:29.960031+00:00 [queued]>
[2022-06-18 07:35:35,123] {taskinstance.py:1159} INFO - Dependencies all met for <TaskInstance: coffee_lake_demo-v2.t1_start_msg manual__2022-06-18T07:35:29.960031+00:00 [queued]>
[2022-06-18 07:35:35,124] {taskinstance.py:1356} INFO - 
--------------------------------------------------------------------------------
[2022-06-18 07:35:35,124] {taskinstance.py:1357} INFO - Starting attempt 1 of 1
[2022-06-18 07:35:35,125] {taskinstance.py:1358} INFO - 
--------------------------------------------------------------------------------
[2022-06-18 07:35:35,142] {taskinstance.py:1377} INFO - Executing <Task(BashOperator): t1_start_msg> on 2022-06-18 07:35:29.960031+00:00
[2022-06-18 07:35:35,148] {standard_task_runner.py:52} INFO - Started process 3142 to run task
[2022-06-18 07:35:35,153] {standard_task_runner.py:79} INFO - Running: ['***', 'tasks', 'run', 'coffee_lake_demo-v2', 't1_start_msg', 'manual__2022-06-18T07:35:29.960031+00:00', '--job-id', '644', '--raw', '--subdir', 'DAGS_FOLDER/scraper_v2_dag.py', '--cfg-path', '/tmp/tmpjqlsnmc8', '--error-file', '/tmp/tmp76o5lte1']
[2022-06-18 07:35:35,154] {standard_task_runner.py:80} INFO - Job 644: Subtask t1_start_msg
[2022-06-18 07:35:35,219] {task_command.py:370} INFO - Running <TaskInstance: coffee_lake_demo-v2.t1_start_msg manual__2022-06-18T07:35:29.960031+00:00 [running]> on host 312614bad459
[2022-06-18 07:35:35,306] {taskinstance.py:1571} INFO - Exporting the following env vars:
AIRFLOW_CTX_DAG_OWNER=***
AIRFLOW_CTX_DAG_ID=coffee_lake_demo-v2
AIRFLOW_CTX_TASK_ID=t1_start_msg
AIRFLOW_CTX_EXECUTION_DATE=2022-06-18T07:35:29.960031+00:00
AIRFLOW_CTX_TRY_NUMBER=1
AIRFLOW_CTX_DAG_RUN_ID=manual__2022-06-18T07:35:29.960031+00:00
[2022-06-18 07:35:35,307] {subprocess.py:62} INFO - Tmp dir root location: 
 /tmp
[2022-06-18 07:35:35,308] {subprocess.py:74} INFO - Running command: ['bash', '-c', 'curl -X POST -H \'Content-type: application/json\' --data \'{"text" : "starting task 1: scraping"}\' "https://discord.com/api/webhooks/986224448984195082/pQp4GNcVWh-J2XtmIycVnjxYuGRGVIYFeveDRS5EwvgmGozthyd_alj8wbeKhfVn9SSk/slack"']
[2022-06-18 07:35:35,320] {subprocess.py:85} INFO - Output:
[2022-06-18 07:35:35,327] {subprocess.py:92} INFO -   % Total    % Received % Xferd  Average Speed   Time    Time     Time  Current
[2022-06-18 07:35:35,328] {subprocess.py:92} INFO -                                  Dload  Upload   Total   Spent    Left  Speed
[2022-06-18 07:35:35,883] {subprocess.py:92} INFO -   0     0    0     0    0     0      0      0 --:--:-- --:--:-- --:--:--     0100    40    0     2  100    38      3     68 --:--:-- --:--:-- --:--:--    71
[2022-06-18 07:35:35,886] {subprocess.py:92} INFO - ok
[2022-06-18 07:35:35,887] {subprocess.py:96} INFO - Command exited with return code 0
[2022-06-18 07:35:35,921] {taskinstance.py:1400} INFO - Marking task as SUCCESS. dag_id=coffee_lake_demo-v2, task_id=t1_start_msg, execution_date=20220618T073529, start_date=20220618T073535, end_date=20220618T073535
[2022-06-18 07:35:35,967] {local_task_job.py:156} INFO - Task exited with return code 0
[2022-06-18 07:35:36,034] {local_task_job.py:273} INFO - 3 downstream tasks scheduled from follow-on schedule check
