[2022-06-17 14:05:53,621] {taskinstance.py:1159} INFO - Dependencies all met for <TaskInstance: coffee_lake_scrapers-v1.t2_end_msg manual__2022-06-17T14:05:39.855684+00:00 [queued]>
[2022-06-17 14:05:53,629] {taskinstance.py:1159} INFO - Dependencies all met for <TaskInstance: coffee_lake_scrapers-v1.t2_end_msg manual__2022-06-17T14:05:39.855684+00:00 [queued]>
[2022-06-17 14:05:53,630] {taskinstance.py:1356} INFO - 
--------------------------------------------------------------------------------
[2022-06-17 14:05:53,630] {taskinstance.py:1357} INFO - Starting attempt 1 of 1
[2022-06-17 14:05:53,630] {taskinstance.py:1358} INFO - 
--------------------------------------------------------------------------------
[2022-06-17 14:05:53,641] {taskinstance.py:1377} INFO - Executing <Task(BashOperator): t2_end_msg> on 2022-06-17 14:05:39.855684+00:00
[2022-06-17 14:05:53,644] {standard_task_runner.py:52} INFO - Started process 1288 to run task
[2022-06-17 14:05:53,647] {standard_task_runner.py:79} INFO - Running: ['***', 'tasks', 'run', 'coffee_lake_scrapers-v1', 't2_end_msg', 'manual__2022-06-17T14:05:39.855684+00:00', '--job-id', '80', '--raw', '--subdir', 'DAGS_FOLDER/scraper_dag.py', '--cfg-path', '/tmp/tmpoladad79', '--error-file', '/tmp/tmphkro3xr7']
[2022-06-17 14:05:53,647] {standard_task_runner.py:80} INFO - Job 80: Subtask t2_end_msg
[2022-06-17 14:05:53,685] {task_command.py:370} INFO - Running <TaskInstance: coffee_lake_scrapers-v1.t2_end_msg manual__2022-06-17T14:05:39.855684+00:00 [running]> on host 32595384c4c5
[2022-06-17 14:05:53,739] {taskinstance.py:1571} INFO - Exporting the following env vars:
AIRFLOW_CTX_DAG_OWNER=***
AIRFLOW_CTX_DAG_ID=coffee_lake_scrapers-v1
AIRFLOW_CTX_TASK_ID=t2_end_msg
AIRFLOW_CTX_EXECUTION_DATE=2022-06-17T14:05:39.855684+00:00
AIRFLOW_CTX_TRY_NUMBER=1
AIRFLOW_CTX_DAG_RUN_ID=manual__2022-06-17T14:05:39.855684+00:00
[2022-06-17 14:05:53,740] {subprocess.py:62} INFO - Tmp dir root location: 
 /tmp
[2022-06-17 14:05:53,741] {subprocess.py:74} INFO - Running command: ['bash', '-c', 'curl -X POST -H \'Content-type: application/json\' --data \'{"text" : "ending task 2: transformation - counting words "}\' "https://discord.com/api/webhooks/986224448984195082/pQp4GNcVWh-J2XtmIycVnjxYuGRGVIYFeveDRS5EwvgmGozthyd_alj8wbeKhfVn9SSk/slack"']
[2022-06-17 14:05:53,749] {subprocess.py:85} INFO - Output:
[2022-06-17 14:05:53,755] {subprocess.py:92} INFO -   % Total    % Received % Xferd  Average Speed   Time    Time     Time  Current
[2022-06-17 14:05:53,755] {subprocess.py:92} INFO -                                  Dload  Upload   Total   Spent    Left  Speed
[2022-06-17 14:05:54,375] {subprocess.py:92} INFO -   0     0    0     0    0     0      0      0 --:--:-- --:--:-- --:--:--     0100    62    0     2  100    60      3     96 --:--:-- --:--:-- --:--:--   100100    62    0     2  100    60      3     96 --:--:-- --:--:-- --:--:--   100
[2022-06-17 14:05:54,377] {subprocess.py:92} INFO - ok
[2022-06-17 14:05:54,378] {subprocess.py:96} INFO - Command exited with return code 0
[2022-06-17 14:05:54,420] {taskinstance.py:1400} INFO - Marking task as SUCCESS. dag_id=coffee_lake_scrapers-v1, task_id=t2_end_msg, execution_date=20220617T140539, start_date=20220617T140553, end_date=20220617T140554
[2022-06-17 14:05:54,461] {local_task_job.py:156} INFO - Task exited with return code 0
[2022-06-17 14:05:54,497] {local_task_job.py:273} INFO - 0 downstream tasks scheduled from follow-on schedule check
