[2022-06-17 18:50:40,440] {taskinstance.py:1159} INFO - Dependencies all met for <TaskInstance: coffee_lake_scrapers-v1.philstar_nation manual__2022-06-17T18:50:36.382401+00:00 [queued]>
[2022-06-17 18:50:40,446] {taskinstance.py:1159} INFO - Dependencies all met for <TaskInstance: coffee_lake_scrapers-v1.philstar_nation manual__2022-06-17T18:50:36.382401+00:00 [queued]>
[2022-06-17 18:50:40,447] {taskinstance.py:1356} INFO - 
--------------------------------------------------------------------------------
[2022-06-17 18:50:40,447] {taskinstance.py:1357} INFO - Starting attempt 1 of 1
[2022-06-17 18:50:40,447] {taskinstance.py:1358} INFO - 
--------------------------------------------------------------------------------
[2022-06-17 18:50:40,458] {taskinstance.py:1377} INFO - Executing <Task(_PythonDecoratedOperator): philstar_nation> on 2022-06-17 18:50:36.382401+00:00
[2022-06-17 18:50:40,462] {standard_task_runner.py:52} INFO - Started process 519 to run task
[2022-06-17 18:50:40,464] {standard_task_runner.py:79} INFO - Running: ['***', 'tasks', 'run', 'coffee_lake_scrapers-v1', 'philstar_nation', 'manual__2022-06-17T18:50:36.382401+00:00', '--job-id', '230', '--raw', '--subdir', 'DAGS_FOLDER/scraper_dag.py', '--cfg-path', '/tmp/tmp_yc3nhlv', '--error-file', '/tmp/tmpp_uq5v8u']
[2022-06-17 18:50:40,465] {standard_task_runner.py:80} INFO - Job 230: Subtask philstar_nation
[2022-06-17 18:50:40,503] {task_command.py:370} INFO - Running <TaskInstance: coffee_lake_scrapers-v1.philstar_nation manual__2022-06-17T18:50:36.382401+00:00 [running]> on host c0a717b7b476
[2022-06-17 18:50:40,561] {taskinstance.py:1571} INFO - Exporting the following env vars:
AIRFLOW_CTX_DAG_OWNER=***
AIRFLOW_CTX_DAG_ID=coffee_lake_scrapers-v1
AIRFLOW_CTX_TASK_ID=philstar_nation
AIRFLOW_CTX_EXECUTION_DATE=2022-06-17T18:50:36.382401+00:00
AIRFLOW_CTX_TRY_NUMBER=1
AIRFLOW_CTX_DAG_RUN_ID=manual__2022-06-17T18:50:36.382401+00:00
[2022-06-17 18:50:42,743] {python.py:173} INFO - Done. Returned value was: None
[2022-06-17 18:50:42,756] {taskinstance.py:1400} INFO - Marking task as SUCCESS. dag_id=coffee_lake_scrapers-v1, task_id=philstar_nation, execution_date=20220617T185036, start_date=20220617T185040, end_date=20220617T185042
[2022-06-17 18:50:42,807] {local_task_job.py:156} INFO - Task exited with return code 0
[2022-06-17 18:50:42,853] {local_task_job.py:273} INFO - 1 downstream tasks scheduled from follow-on schedule check
