[2022-06-18 07:26:17,568] {taskinstance.py:1159} INFO - Dependencies all met for <TaskInstance: coffee_lake_demo-v2.dag_end_msg manual__2022-06-18T07:25:36.071071+00:00 [queued]>
[2022-06-18 07:26:17,575] {taskinstance.py:1159} INFO - Dependencies all met for <TaskInstance: coffee_lake_demo-v2.dag_end_msg manual__2022-06-18T07:25:36.071071+00:00 [queued]>
[2022-06-18 07:26:17,576] {taskinstance.py:1356} INFO - 
--------------------------------------------------------------------------------
[2022-06-18 07:26:17,576] {taskinstance.py:1357} INFO - Starting attempt 1 of 1
[2022-06-18 07:26:17,576] {taskinstance.py:1358} INFO - 
--------------------------------------------------------------------------------
[2022-06-18 07:26:17,590] {taskinstance.py:1377} INFO - Executing <Task(BashOperator): dag_end_msg> on 2022-06-18 07:25:36.071071+00:00
[2022-06-18 07:26:17,594] {standard_task_runner.py:52} INFO - Started process 2454 to run task
[2022-06-18 07:26:17,596] {standard_task_runner.py:79} INFO - Running: ['***', 'tasks', 'run', 'coffee_lake_demo-v2', 'dag_end_msg', 'manual__2022-06-18T07:25:36.071071+00:00', '--job-id', '600', '--raw', '--subdir', 'DAGS_FOLDER/scraper_v2_dag.py', '--cfg-path', '/tmp/tmpwdanzxa3', '--error-file', '/tmp/tmp2ytohjvh']
[2022-06-18 07:26:17,597] {standard_task_runner.py:80} INFO - Job 600: Subtask dag_end_msg
[2022-06-18 07:26:17,632] {task_command.py:370} INFO - Running <TaskInstance: coffee_lake_demo-v2.dag_end_msg manual__2022-06-18T07:25:36.071071+00:00 [running]> on host 312614bad459
[2022-06-18 07:26:17,683] {taskinstance.py:1571} INFO - Exporting the following env vars:
AIRFLOW_CTX_DAG_OWNER=***
AIRFLOW_CTX_DAG_ID=coffee_lake_demo-v2
AIRFLOW_CTX_TASK_ID=dag_end_msg
AIRFLOW_CTX_EXECUTION_DATE=2022-06-18T07:25:36.071071+00:00
AIRFLOW_CTX_TRY_NUMBER=1
AIRFLOW_CTX_DAG_RUN_ID=manual__2022-06-18T07:25:36.071071+00:00
[2022-06-18 07:26:17,685] {subprocess.py:62} INFO - Tmp dir root location: 
 /tmp
[2022-06-18 07:26:17,686] {subprocess.py:74} INFO - Running command: ['bash', '-c', 'curl -X POST -H \'Content-type: application/json\' --data \'{"text" : "DAG tasks completed. "}\' "https://discord.com/api/webhooks/986224448984195082/pQp4GNcVWh-J2XtmIycVnjxYuGRGVIYFeveDRS5EwvgmGozthyd_alj8wbeKhfVn9SSk/slack"']
[2022-06-18 07:26:17,695] {subprocess.py:85} INFO - Output:
[2022-06-18 07:26:17,701] {subprocess.py:92} INFO -   % Total    % Received % Xferd  Average Speed   Time    Time     Time  Current
[2022-06-18 07:26:17,701] {subprocess.py:92} INFO -                                  Dload  Upload   Total   Spent    Left  Speed
[2022-06-18 07:26:18,163] {subprocess.py:92} INFO -   0     0    0     0    0     0      0      0 --:--:-- --:--:-- --:--:--     0100    36    0     2  100    34      4     73 --:--:-- --:--:-- --:--:--    78
[2022-06-18 07:26:18,165] {subprocess.py:92} INFO - ok
[2022-06-18 07:26:18,165] {subprocess.py:96} INFO - Command exited with return code 0
[2022-06-18 07:26:18,203] {taskinstance.py:1400} INFO - Marking task as SUCCESS. dag_id=coffee_lake_demo-v2, task_id=dag_end_msg, execution_date=20220618T072536, start_date=20220618T072617, end_date=20220618T072618
[2022-06-18 07:26:18,250] {local_task_job.py:156} INFO - Task exited with return code 0
[2022-06-18 07:26:18,281] {local_task_job.py:273} INFO - 0 downstream tasks scheduled from follow-on schedule check
