[2022-06-17 12:39:15,932] {taskinstance.py:1159} INFO - Dependencies all met for <TaskInstance: coffee_lake_scrapers-v1.curl_end manual__2022-06-17T12:39:07.849189+00:00 [queued]>
[2022-06-17 12:39:15,941] {taskinstance.py:1159} INFO - Dependencies all met for <TaskInstance: coffee_lake_scrapers-v1.curl_end manual__2022-06-17T12:39:07.849189+00:00 [queued]>
[2022-06-17 12:39:15,941] {taskinstance.py:1356} INFO - 
--------------------------------------------------------------------------------
[2022-06-17 12:39:15,941] {taskinstance.py:1357} INFO - Starting attempt 1 of 1
[2022-06-17 12:39:15,942] {taskinstance.py:1358} INFO - 
--------------------------------------------------------------------------------
[2022-06-17 12:39:15,952] {taskinstance.py:1377} INFO - Executing <Task(BashOperator): curl_end> on 2022-06-17 12:39:07.849189+00:00
[2022-06-17 12:39:15,956] {standard_task_runner.py:52} INFO - Started process 5312 to run task
[2022-06-17 12:39:15,958] {standard_task_runner.py:79} INFO - Running: ['***', 'tasks', 'run', 'coffee_lake_scrapers-v1', 'curl_end', 'manual__2022-06-17T12:39:07.849189+00:00', '--job-id', '40', '--raw', '--subdir', 'DAGS_FOLDER/scraper_dag.py', '--cfg-path', '/tmp/tmpvy76i_sx', '--error-file', '/tmp/tmpgkg47ia8']
[2022-06-17 12:39:15,959] {standard_task_runner.py:80} INFO - Job 40: Subtask curl_end
[2022-06-17 12:39:15,997] {task_command.py:370} INFO - Running <TaskInstance: coffee_lake_scrapers-v1.curl_end manual__2022-06-17T12:39:07.849189+00:00 [running]> on host f0a3c4865e95
[2022-06-17 12:39:16,122] {taskinstance.py:1571} INFO - Exporting the following env vars:
AIRFLOW_CTX_DAG_OWNER=***
AIRFLOW_CTX_DAG_ID=coffee_lake_scrapers-v1
AIRFLOW_CTX_TASK_ID=curl_end
AIRFLOW_CTX_EXECUTION_DATE=2022-06-17T12:39:07.849189+00:00
AIRFLOW_CTX_TRY_NUMBER=1
AIRFLOW_CTX_DAG_RUN_ID=manual__2022-06-17T12:39:07.849189+00:00
[2022-06-17 12:39:16,124] {subprocess.py:62} INFO - Tmp dir root location: 
 /tmp
[2022-06-17 12:39:16,126] {subprocess.py:74} INFO - Running command: ['bash', '-c', 'curl -X POST -H \'Content-type: application/json\' --data \'{"text" : "ending task 1: scraping"}\' "https://discord.com/api/webhooks/986224448984195082/pQp4GNcVWh-J2XtmIycVnjxYuGRGVIYFeveDRS5EwvgmGozthyd_alj8wbeKhfVn9SSk/slack"']
[2022-06-17 12:39:16,148] {subprocess.py:85} INFO - Output:
[2022-06-17 12:39:16,160] {subprocess.py:92} INFO -   % Total    % Received % Xferd  Average Speed   Time    Time     Time  Current
[2022-06-17 12:39:16,161] {subprocess.py:92} INFO -                                  Dload  Upload   Total   Spent    Left  Speed
[2022-06-17 12:39:16,806] {subprocess.py:92} INFO -   0     0    0     0    0     0      0      0 --:--:-- --:--:-- --:--:--     0100    38    0     2  100    36      3     55 --:--:-- --:--:-- --:--:--    58
[2022-06-17 12:39:16,809] {subprocess.py:92} INFO - ok
[2022-06-17 12:39:16,810] {subprocess.py:96} INFO - Command exited with return code 0
[2022-06-17 12:39:16,846] {taskinstance.py:1400} INFO - Marking task as SUCCESS. dag_id=coffee_lake_scrapers-v1, task_id=curl_end, execution_date=20220617T123907, start_date=20220617T123915, end_date=20220617T123916
[2022-06-17 12:39:16,894] {local_task_job.py:156} INFO - Task exited with return code 0
[2022-06-17 12:39:16,925] {local_task_job.py:273} INFO - 0 downstream tasks scheduled from follow-on schedule check
