[2022-06-17 14:31:25,393] {taskinstance.py:1159} INFO - Dependencies all met for <TaskInstance: coffee_lake_scrapers-v1.t2_end_msg manual__2022-06-17T14:31:14.437672+00:00 [queued]>
[2022-06-17 14:31:25,406] {taskinstance.py:1159} INFO - Dependencies all met for <TaskInstance: coffee_lake_scrapers-v1.t2_end_msg manual__2022-06-17T14:31:14.437672+00:00 [queued]>
[2022-06-17 14:31:25,407] {taskinstance.py:1356} INFO - 
--------------------------------------------------------------------------------
[2022-06-17 14:31:25,407] {taskinstance.py:1357} INFO - Starting attempt 1 of 1
[2022-06-17 14:31:25,407] {taskinstance.py:1358} INFO - 
--------------------------------------------------------------------------------
[2022-06-17 14:31:25,426] {taskinstance.py:1377} INFO - Executing <Task(BashOperator): t2_end_msg> on 2022-06-17 14:31:14.437672+00:00
[2022-06-17 14:31:25,434] {standard_task_runner.py:52} INFO - Started process 2696 to run task
[2022-06-17 14:31:25,438] {standard_task_runner.py:79} INFO - Running: ['***', 'tasks', 'run', 'coffee_lake_scrapers-v1', 't2_end_msg', 'manual__2022-06-17T14:31:14.437672+00:00', '--job-id', '114', '--raw', '--subdir', 'DAGS_FOLDER/scraper_dag.py', '--cfg-path', '/tmp/tmpueidzrzm', '--error-file', '/tmp/tmpotyea0ni']
[2022-06-17 14:31:25,439] {standard_task_runner.py:80} INFO - Job 114: Subtask t2_end_msg
[2022-06-17 14:31:25,509] {task_command.py:370} INFO - Running <TaskInstance: coffee_lake_scrapers-v1.t2_end_msg manual__2022-06-17T14:31:14.437672+00:00 [running]> on host 32595384c4c5
[2022-06-17 14:31:25,595] {taskinstance.py:1571} INFO - Exporting the following env vars:
AIRFLOW_CTX_DAG_OWNER=***
AIRFLOW_CTX_DAG_ID=coffee_lake_scrapers-v1
AIRFLOW_CTX_TASK_ID=t2_end_msg
AIRFLOW_CTX_EXECUTION_DATE=2022-06-17T14:31:14.437672+00:00
AIRFLOW_CTX_TRY_NUMBER=1
AIRFLOW_CTX_DAG_RUN_ID=manual__2022-06-17T14:31:14.437672+00:00
[2022-06-17 14:31:25,597] {subprocess.py:62} INFO - Tmp dir root location: 
 /tmp
[2022-06-17 14:31:25,598] {subprocess.py:74} INFO - Running command: ['bash', '-c', 'curl -X POST -H \'Content-type: application/json\' --data \'{"text" : "ending task 2: transformation - counting words "}\' "https://discord.com/api/webhooks/986224448984195082/pQp4GNcVWh-J2XtmIycVnjxYuGRGVIYFeveDRS5EwvgmGozthyd_alj8wbeKhfVn9SSk/slack"']
[2022-06-17 14:31:25,608] {subprocess.py:85} INFO - Output:
[2022-06-17 14:31:25,614] {subprocess.py:92} INFO -   % Total    % Received % Xferd  Average Speed   Time    Time     Time  Current
[2022-06-17 14:31:25,615] {subprocess.py:92} INFO -                                  Dload  Upload   Total   Spent    Left  Speed
[2022-06-17 14:31:27,236] {subprocess.py:92} INFO -   0     0    0     0    0     0      0      0 --:--:-- --:--:-- --:--:--     0  0     0    0     0    0     0      0      0 --:--:--  0:00:01 --:--:--     0100    62    0     2  100    60      1     37  0:00:01  0:00:01 --:--:--    38100    62    0     2  100    60      1     37  0:00:01  0:00:01 --:--:--    38
[2022-06-17 14:31:27,239] {subprocess.py:92} INFO - ok
[2022-06-17 14:31:27,240] {subprocess.py:96} INFO - Command exited with return code 0
[2022-06-17 14:31:27,272] {taskinstance.py:1400} INFO - Marking task as SUCCESS. dag_id=coffee_lake_scrapers-v1, task_id=t2_end_msg, execution_date=20220617T143114, start_date=20220617T143125, end_date=20220617T143127
[2022-06-17 14:31:27,297] {local_task_job.py:156} INFO - Task exited with return code 0
[2022-06-17 14:31:27,343] {local_task_job.py:273} INFO - 1 downstream tasks scheduled from follow-on schedule check
