[2022-06-18 06:27:27,843] {taskinstance.py:1159} INFO - Dependencies all met for <TaskInstance: coffee_lake_scrapers-v1.business_world manual__2022-06-18T06:27:09.118890+00:00 [queued]>
[2022-06-18 06:27:27,864] {taskinstance.py:1159} INFO - Dependencies all met for <TaskInstance: coffee_lake_scrapers-v1.business_world manual__2022-06-18T06:27:09.118890+00:00 [queued]>
[2022-06-18 06:27:27,865] {taskinstance.py:1356} INFO - 
--------------------------------------------------------------------------------
[2022-06-18 06:27:27,865] {taskinstance.py:1357} INFO - Starting attempt 1 of 1
[2022-06-18 06:27:27,866] {taskinstance.py:1358} INFO - 
--------------------------------------------------------------------------------
[2022-06-18 06:27:27,905] {taskinstance.py:1377} INFO - Executing <Task(_PythonDecoratedOperator): business_world> on 2022-06-18 06:27:09.118890+00:00
[2022-06-18 06:27:27,916] {standard_task_runner.py:52} INFO - Started process 838 to run task
[2022-06-18 06:27:27,921] {standard_task_runner.py:79} INFO - Running: ['***', 'tasks', 'run', 'coffee_lake_scrapers-v1', 'business_world', 'manual__2022-06-18T06:27:09.118890+00:00', '--job-id', '433', '--raw', '--subdir', 'DAGS_FOLDER/scraper_v2_dag.py', '--cfg-path', '/tmp/tmp2yz1phe6', '--error-file', '/tmp/tmpy_7cwlgq']
[2022-06-18 06:27:27,922] {standard_task_runner.py:80} INFO - Job 433: Subtask business_world
[2022-06-18 06:27:28,014] {task_command.py:370} INFO - Running <TaskInstance: coffee_lake_scrapers-v1.business_world manual__2022-06-18T06:27:09.118890+00:00 [running]> on host edf12686294f
[2022-06-18 06:27:28,209] {taskinstance.py:1571} INFO - Exporting the following env vars:
AIRFLOW_CTX_DAG_OWNER=***
AIRFLOW_CTX_DAG_ID=coffee_lake_scrapers-v1
AIRFLOW_CTX_TASK_ID=business_world
AIRFLOW_CTX_EXECUTION_DATE=2022-06-18T06:27:09.118890+00:00
AIRFLOW_CTX_TRY_NUMBER=1
AIRFLOW_CTX_DAG_RUN_ID=manual__2022-06-18T06:27:09.118890+00:00
[2022-06-18 06:27:29,450] {python.py:173} INFO - Done. Returned value was: None
[2022-06-18 06:27:29,481] {taskinstance.py:1400} INFO - Marking task as SUCCESS. dag_id=coffee_lake_scrapers-v1, task_id=business_world, execution_date=20220618T062709, start_date=20220618T062727, end_date=20220618T062729
[2022-06-18 06:27:29,539] {local_task_job.py:156} INFO - Task exited with return code 0
[2022-06-18 06:27:29,606] {local_task_job.py:273} INFO - 0 downstream tasks scheduled from follow-on schedule check
