[2022-06-18 07:25:43,442] {taskinstance.py:1159} INFO - Dependencies all met for <TaskInstance: coffee_lake_demo-v2.business_world manual__2022-06-18T07:25:36.071071+00:00 [queued]>
[2022-06-18 07:25:43,452] {taskinstance.py:1159} INFO - Dependencies all met for <TaskInstance: coffee_lake_demo-v2.business_world manual__2022-06-18T07:25:36.071071+00:00 [queued]>
[2022-06-18 07:25:43,452] {taskinstance.py:1356} INFO - 
--------------------------------------------------------------------------------
[2022-06-18 07:25:43,452] {taskinstance.py:1357} INFO - Starting attempt 1 of 1
[2022-06-18 07:25:43,452] {taskinstance.py:1358} INFO - 
--------------------------------------------------------------------------------
[2022-06-18 07:25:43,465] {taskinstance.py:1377} INFO - Executing <Task(_PythonDecoratedOperator): business_world> on 2022-06-18 07:25:36.071071+00:00
[2022-06-18 07:25:43,470] {standard_task_runner.py:52} INFO - Started process 2358 to run task
[2022-06-18 07:25:43,473] {standard_task_runner.py:79} INFO - Running: ['***', 'tasks', 'run', 'coffee_lake_demo-v2', 'business_world', 'manual__2022-06-18T07:25:36.071071+00:00', '--job-id', '588', '--raw', '--subdir', 'DAGS_FOLDER/scraper_v2_dag.py', '--cfg-path', '/tmp/tmpn6fimwrc', '--error-file', '/tmp/tmplv5k6azk']
[2022-06-18 07:25:43,474] {standard_task_runner.py:80} INFO - Job 588: Subtask business_world
[2022-06-18 07:25:43,520] {task_command.py:370} INFO - Running <TaskInstance: coffee_lake_demo-v2.business_world manual__2022-06-18T07:25:36.071071+00:00 [running]> on host 312614bad459
[2022-06-18 07:25:43,579] {taskinstance.py:1571} INFO - Exporting the following env vars:
AIRFLOW_CTX_DAG_OWNER=***
AIRFLOW_CTX_DAG_ID=coffee_lake_demo-v2
AIRFLOW_CTX_TASK_ID=business_world
AIRFLOW_CTX_EXECUTION_DATE=2022-06-18T07:25:36.071071+00:00
AIRFLOW_CTX_TRY_NUMBER=1
AIRFLOW_CTX_DAG_RUN_ID=manual__2022-06-18T07:25:36.071071+00:00
[2022-06-18 07:25:44,719] {python.py:173} INFO - Done. Returned value was: None
[2022-06-18 07:25:44,731] {taskinstance.py:1400} INFO - Marking task as SUCCESS. dag_id=coffee_lake_demo-v2, task_id=business_world, execution_date=20220618T072536, start_date=20220618T072543, end_date=20220618T072544
[2022-06-18 07:25:44,769] {local_task_job.py:156} INFO - Task exited with return code 0
[2022-06-18 07:25:44,812] {local_task_job.py:273} INFO - 0 downstream tasks scheduled from follow-on schedule check
