[2022-06-17 18:50:44,184] {taskinstance.py:1159} INFO - Dependencies all met for <TaskInstance: coffee_lake_scrapers-v1.t1_end_msg manual__2022-06-17T18:50:36.382401+00:00 [queued]>
[2022-06-17 18:50:44,192] {taskinstance.py:1159} INFO - Dependencies all met for <TaskInstance: coffee_lake_scrapers-v1.t1_end_msg manual__2022-06-17T18:50:36.382401+00:00 [queued]>
[2022-06-17 18:50:44,192] {taskinstance.py:1356} INFO - 
--------------------------------------------------------------------------------
[2022-06-17 18:50:44,192] {taskinstance.py:1357} INFO - Starting attempt 1 of 1
[2022-06-17 18:50:44,192] {taskinstance.py:1358} INFO - 
--------------------------------------------------------------------------------
[2022-06-17 18:50:44,209] {taskinstance.py:1377} INFO - Executing <Task(BashOperator): t1_end_msg> on 2022-06-17 18:50:36.382401+00:00
[2022-06-17 18:50:44,215] {standard_task_runner.py:52} INFO - Started process 531 to run task
[2022-06-17 18:50:44,217] {standard_task_runner.py:79} INFO - Running: ['***', 'tasks', 'run', 'coffee_lake_scrapers-v1', 't1_end_msg', 'manual__2022-06-17T18:50:36.382401+00:00', '--job-id', '231', '--raw', '--subdir', 'DAGS_FOLDER/scraper_dag.py', '--cfg-path', '/tmp/tmpsy6182jr', '--error-file', '/tmp/tmp162nvlra']
[2022-06-17 18:50:44,218] {standard_task_runner.py:80} INFO - Job 231: Subtask t1_end_msg
[2022-06-17 18:50:44,273] {task_command.py:370} INFO - Running <TaskInstance: coffee_lake_scrapers-v1.t1_end_msg manual__2022-06-17T18:50:36.382401+00:00 [running]> on host c0a717b7b476
[2022-06-17 18:50:44,347] {taskinstance.py:1571} INFO - Exporting the following env vars:
AIRFLOW_CTX_DAG_OWNER=***
AIRFLOW_CTX_DAG_ID=coffee_lake_scrapers-v1
AIRFLOW_CTX_TASK_ID=t1_end_msg
AIRFLOW_CTX_EXECUTION_DATE=2022-06-17T18:50:36.382401+00:00
AIRFLOW_CTX_TRY_NUMBER=1
AIRFLOW_CTX_DAG_RUN_ID=manual__2022-06-17T18:50:36.382401+00:00
[2022-06-17 18:50:44,348] {subprocess.py:62} INFO - Tmp dir root location: 
 /tmp
[2022-06-17 18:50:44,348] {subprocess.py:74} INFO - Running command: ['bash', '-c', 'curl -X POST -H \'Content-type: application/json\' --data \'{"text" : "ending task 1: scraping"}\' "https://discord.com/api/webhooks/986224448984195082/pQp4GNcVWh-J2XtmIycVnjxYuGRGVIYFeveDRS5EwvgmGozthyd_alj8wbeKhfVn9SSk/slack"']
[2022-06-17 18:50:44,359] {subprocess.py:85} INFO - Output:
[2022-06-17 18:50:44,367] {subprocess.py:92} INFO -   % Total    % Received % Xferd  Average Speed   Time    Time     Time  Current
[2022-06-17 18:50:44,367] {subprocess.py:92} INFO -                                  Dload  Upload   Total   Spent    Left  Speed
[2022-06-17 18:50:44,897] {subprocess.py:92} INFO -   0     0    0     0    0     0      0      0 --:--:-- --:--:-- --:--:--     0100    38    0     2  100    36      3     67 --:--:-- --:--:-- --:--:--    71
[2022-06-17 18:50:44,899] {subprocess.py:92} INFO - ok
[2022-06-17 18:50:44,899] {subprocess.py:96} INFO - Command exited with return code 0
[2022-06-17 18:50:44,944] {taskinstance.py:1400} INFO - Marking task as SUCCESS. dag_id=coffee_lake_scrapers-v1, task_id=t1_end_msg, execution_date=20220617T185036, start_date=20220617T185044, end_date=20220617T185044
[2022-06-17 18:50:44,992] {local_task_job.py:156} INFO - Task exited with return code 0
[2022-06-17 18:50:45,036] {local_task_job.py:273} INFO - 1 downstream tasks scheduled from follow-on schedule check
