[2022-06-17 20:19:31,269] {taskinstance.py:1159} INFO - Dependencies all met for <TaskInstance: coffee_lake_scrapers-v1.map_images manual__2022-06-17T20:18:55.274330+00:00 [queued]>
[2022-06-17 20:19:31,278] {taskinstance.py:1159} INFO - Dependencies all met for <TaskInstance: coffee_lake_scrapers-v1.map_images manual__2022-06-17T20:18:55.274330+00:00 [queued]>
[2022-06-17 20:19:31,278] {taskinstance.py:1356} INFO - 
--------------------------------------------------------------------------------
[2022-06-17 20:19:31,279] {taskinstance.py:1357} INFO - Starting attempt 1 of 1
[2022-06-17 20:19:31,279] {taskinstance.py:1358} INFO - 
--------------------------------------------------------------------------------
[2022-06-17 20:19:31,291] {taskinstance.py:1377} INFO - Executing <Task(_PythonDecoratedOperator): map_images> on 2022-06-17 20:18:55.274330+00:00
[2022-06-17 20:19:31,297] {standard_task_runner.py:52} INFO - Started process 260 to run task
[2022-06-17 20:19:31,299] {standard_task_runner.py:79} INFO - Running: ['***', 'tasks', 'run', 'coffee_lake_scrapers-v1', 'map_images', 'manual__2022-06-17T20:18:55.274330+00:00', '--job-id', '363', '--raw', '--subdir', 'DAGS_FOLDER/scraper_dag.py', '--cfg-path', '/tmp/tmpr9t82kbg', '--error-file', '/tmp/tmpfytvpyrr']
[2022-06-17 20:19:31,300] {standard_task_runner.py:80} INFO - Job 363: Subtask map_images
[2022-06-17 20:19:31,341] {task_command.py:370} INFO - Running <TaskInstance: coffee_lake_scrapers-v1.map_images manual__2022-06-17T20:18:55.274330+00:00 [running]> on host 99f2822d4305
[2022-06-17 20:19:31,418] {taskinstance.py:1571} INFO - Exporting the following env vars:
AIRFLOW_CTX_DAG_OWNER=***
AIRFLOW_CTX_DAG_ID=coffee_lake_scrapers-v1
AIRFLOW_CTX_TASK_ID=map_images
AIRFLOW_CTX_EXECUTION_DATE=2022-06-17T20:18:55.274330+00:00
AIRFLOW_CTX_TRY_NUMBER=1
AIRFLOW_CTX_DAG_RUN_ID=manual__2022-06-17T20:18:55.274330+00:00
[2022-06-17 20:19:32,388] {logging_mixin.py:115} INFO - ['history_changesets', 'history_layers', 'history_nodes', 'history_relations', 'history_ways', 'planet_changesets', 'planet_features', 'planet_features_lines', 'planet_features_multilinestrings', 'planet_features_multipolygons', 'planet_features_other_relations', 'planet_features_points', 'planet_layers', 'planet_nodes', 'planet_relations', 'planet_ways']
[2022-06-17 20:19:39,473] {python.py:173} INFO - Done. Returned value was: None
[2022-06-17 20:19:39,490] {taskinstance.py:1400} INFO - Marking task as SUCCESS. dag_id=coffee_lake_scrapers-v1, task_id=map_images, execution_date=20220617T201855, start_date=20220617T201931, end_date=20220617T201939
[2022-06-17 20:19:39,540] {local_task_job.py:156} INFO - Task exited with return code 0
[2022-06-17 20:19:39,574] {local_task_job.py:273} INFO - 0 downstream tasks scheduled from follow-on schedule check
