[2022-06-18 06:24:37,796] {taskinstance.py:1159} INFO - Dependencies all met for <TaskInstance: coffee-lake-demo-v2.echo scheduled__2022-06-18T06:09:01.614060+00:00 [queued]>
[2022-06-18 06:24:37,806] {taskinstance.py:1159} INFO - Dependencies all met for <TaskInstance: coffee-lake-demo-v2.echo scheduled__2022-06-18T06:09:01.614060+00:00 [queued]>
[2022-06-18 06:24:37,806] {taskinstance.py:1356} INFO - 
--------------------------------------------------------------------------------
[2022-06-18 06:24:37,806] {taskinstance.py:1357} INFO - Starting attempt 1 of 1
[2022-06-18 06:24:37,806] {taskinstance.py:1358} INFO - 
--------------------------------------------------------------------------------
[2022-06-18 06:24:37,821] {taskinstance.py:1377} INFO - Executing <Task(BashOperator): echo> on 2022-06-18 06:09:01.614060+00:00
[2022-06-18 06:24:37,826] {standard_task_runner.py:52} INFO - Started process 657 to run task
[2022-06-18 06:24:37,828] {standard_task_runner.py:79} INFO - Running: ['***', 'tasks', 'run', 'coffee-lake-demo-v2', 'echo', 'scheduled__2022-06-18T06:09:01.614060+00:00', '--job-id', '422', '--raw', '--subdir', 'DAGS_FOLDER/test_dag.py', '--cfg-path', '/tmp/tmpd4a6b01v', '--error-file', '/tmp/tmp57j8mcxt']
[2022-06-18 06:24:37,828] {standard_task_runner.py:80} INFO - Job 422: Subtask echo
[2022-06-18 06:24:37,879] {task_command.py:370} INFO - Running <TaskInstance: coffee-lake-demo-v2.echo scheduled__2022-06-18T06:09:01.614060+00:00 [running]> on host edf12686294f
[2022-06-18 06:24:37,951] {taskinstance.py:1571} INFO - Exporting the following env vars:
AIRFLOW_CTX_DAG_OWNER=***
AIRFLOW_CTX_DAG_ID=coffee-lake-demo-v2
AIRFLOW_CTX_TASK_ID=echo
AIRFLOW_CTX_EXECUTION_DATE=2022-06-18T06:09:01.614060+00:00
AIRFLOW_CTX_TRY_NUMBER=1
AIRFLOW_CTX_DAG_RUN_ID=scheduled__2022-06-18T06:09:01.614060+00:00
[2022-06-18 06:24:37,952] {subprocess.py:62} INFO - Tmp dir root location: 
 /tmp
[2022-06-18 06:24:37,953] {subprocess.py:74} INFO - Running command: ['bash', '-c', "echo 'Finished!'"]
[2022-06-18 06:24:37,963] {subprocess.py:85} INFO - Output:
[2022-06-18 06:24:37,964] {subprocess.py:92} INFO - Finished!
[2022-06-18 06:24:37,965] {subprocess.py:96} INFO - Command exited with return code 0
[2022-06-18 06:24:38,001] {taskinstance.py:1400} INFO - Marking task as SUCCESS. dag_id=coffee-lake-demo-v2, task_id=echo, execution_date=20220618T060901, start_date=20220618T062437, end_date=20220618T062438
[2022-06-18 06:24:38,041] {local_task_job.py:156} INFO - Task exited with return code 0
[2022-06-18 06:24:38,076] {local_task_job.py:273} INFO - 1 downstream tasks scheduled from follow-on schedule check
