[2022-06-18 07:33:33,230] {taskinstance.py:1159} INFO - Dependencies all met for <TaskInstance: coffee_lake_demo-v2.dag_start_msg manual__2022-06-18T07:33:31.605917+00:00 [queued]>
[2022-06-18 07:33:33,240] {taskinstance.py:1159} INFO - Dependencies all met for <TaskInstance: coffee_lake_demo-v2.dag_start_msg manual__2022-06-18T07:33:31.605917+00:00 [queued]>
[2022-06-18 07:33:33,241] {taskinstance.py:1356} INFO - 
--------------------------------------------------------------------------------
[2022-06-18 07:33:33,241] {taskinstance.py:1357} INFO - Starting attempt 1 of 1
[2022-06-18 07:33:33,241] {taskinstance.py:1358} INFO - 
--------------------------------------------------------------------------------
[2022-06-18 07:33:33,257] {taskinstance.py:1377} INFO - Executing <Task(BashOperator): dag_start_msg> on 2022-06-18 07:33:31.605917+00:00
[2022-06-18 07:33:33,263] {standard_task_runner.py:52} INFO - Started process 2921 to run task
[2022-06-18 07:33:33,266] {standard_task_runner.py:79} INFO - Running: ['***', 'tasks', 'run', 'coffee_lake_demo-v2', 'dag_start_msg', 'manual__2022-06-18T07:33:31.605917+00:00', '--job-id', '622', '--raw', '--subdir', 'DAGS_FOLDER/scraper_v2_dag.py', '--cfg-path', '/tmp/tmpf4i973pq', '--error-file', '/tmp/tmp3hzuw4k2']
[2022-06-18 07:33:33,267] {standard_task_runner.py:80} INFO - Job 622: Subtask dag_start_msg
[2022-06-18 07:33:33,380] {task_command.py:370} INFO - Running <TaskInstance: coffee_lake_demo-v2.dag_start_msg manual__2022-06-18T07:33:31.605917+00:00 [running]> on host 312614bad459
[2022-06-18 07:33:33,465] {taskinstance.py:1571} INFO - Exporting the following env vars:
AIRFLOW_CTX_DAG_OWNER=***
AIRFLOW_CTX_DAG_ID=coffee_lake_demo-v2
AIRFLOW_CTX_TASK_ID=dag_start_msg
AIRFLOW_CTX_EXECUTION_DATE=2022-06-18T07:33:31.605917+00:00
AIRFLOW_CTX_TRY_NUMBER=1
AIRFLOW_CTX_DAG_RUN_ID=manual__2022-06-18T07:33:31.605917+00:00
[2022-06-18 07:33:33,466] {subprocess.py:62} INFO - Tmp dir root location: 
 /tmp
[2022-06-18 07:33:33,467] {subprocess.py:74} INFO - Running command: ['bash', '-c', 'curl -X POST -H \'Content-type: application/json\' --data \'{"text" : "DAG start running tasks. "}\' "https://discord.com/api/webhooks/986224448984195082/pQp4GNcVWh-J2XtmIycVnjxYuGRGVIYFeveDRS5EwvgmGozthyd_alj8wbeKhfVn9SSk/slack"']
[2022-06-18 07:33:33,476] {subprocess.py:85} INFO - Output:
[2022-06-18 07:33:33,483] {subprocess.py:92} INFO -   % Total    % Received % Xferd  Average Speed   Time    Time     Time  Current
[2022-06-18 07:33:33,484] {subprocess.py:92} INFO -                                  Dload  Upload   Total   Spent    Left  Speed
[2022-06-18 07:33:35,068] {subprocess.py:92} INFO -   0     0    0     0    0     0      0      0 --:--:-- --:--:-- --:--:--     0  0     0    0     0    0     0      0      0 --:--:--  0:00:01 --:--:--     0100    40    0     2  100    38      1     23  0:00:01  0:00:01 --:--:--    25
[2022-06-18 07:33:35,071] {subprocess.py:92} INFO - ok
[2022-06-18 07:33:35,072] {subprocess.py:96} INFO - Command exited with return code 0
[2022-06-18 07:33:35,117] {taskinstance.py:1400} INFO - Marking task as SUCCESS. dag_id=coffee_lake_demo-v2, task_id=dag_start_msg, execution_date=20220618T073331, start_date=20220618T073333, end_date=20220618T073335
[2022-06-18 07:33:35,166] {local_task_job.py:156} INFO - Task exited with return code 0
[2022-06-18 07:33:35,241] {local_task_job.py:273} INFO - 1 downstream tasks scheduled from follow-on schedule check
