[2022-06-17 11:54:06,745] {taskinstance.py:1159} INFO - Dependencies all met for <TaskInstance: coffee-lake-demo-v1.sleep manual__2022-06-17T11:54:04.441908+00:00 [queued]>
[2022-06-17 11:54:06,755] {taskinstance.py:1159} INFO - Dependencies all met for <TaskInstance: coffee-lake-demo-v1.sleep manual__2022-06-17T11:54:04.441908+00:00 [queued]>
[2022-06-17 11:54:06,755] {taskinstance.py:1356} INFO - 
--------------------------------------------------------------------------------
[2022-06-17 11:54:06,756] {taskinstance.py:1357} INFO - Starting attempt 1 of 1
[2022-06-17 11:54:06,756] {taskinstance.py:1358} INFO - 
--------------------------------------------------------------------------------
[2022-06-17 11:54:06,769] {taskinstance.py:1377} INFO - Executing <Task(BashOperator): sleep> on 2022-06-17 11:54:04.441908+00:00
[2022-06-17 11:54:06,772] {standard_task_runner.py:52} INFO - Started process 2955 to run task
[2022-06-17 11:54:06,774] {standard_task_runner.py:79} INFO - Running: ['***', 'tasks', 'run', 'coffee-lake-demo-v1', 'sleep', 'manual__2022-06-17T11:54:04.441908+00:00', '--job-id', '8', '--raw', '--subdir', 'DAGS_FOLDER/test_dag.py', '--cfg-path', '/tmp/tmpmss0sp5b', '--error-file', '/tmp/tmp29us918r']
[2022-06-17 11:54:06,775] {standard_task_runner.py:80} INFO - Job 8: Subtask sleep
[2022-06-17 11:54:06,815] {task_command.py:370} INFO - Running <TaskInstance: coffee-lake-demo-v1.sleep manual__2022-06-17T11:54:04.441908+00:00 [running]> on host f0a3c4865e95
[2022-06-17 11:54:06,888] {taskinstance.py:1571} INFO - Exporting the following env vars:
AIRFLOW_CTX_DAG_OWNER=***
AIRFLOW_CTX_DAG_ID=coffee-lake-demo-v1
AIRFLOW_CTX_TASK_ID=sleep
AIRFLOW_CTX_EXECUTION_DATE=2022-06-17T11:54:04.441908+00:00
AIRFLOW_CTX_TRY_NUMBER=1
AIRFLOW_CTX_DAG_RUN_ID=manual__2022-06-17T11:54:04.441908+00:00
[2022-06-17 11:54:06,889] {subprocess.py:62} INFO - Tmp dir root location: 
 /tmp
[2022-06-17 11:54:06,890] {subprocess.py:74} INFO - Running command: ['bash', '-c', 'sleep 5']
[2022-06-17 11:54:06,902] {subprocess.py:85} INFO - Output:
[2022-06-17 11:54:11,906] {subprocess.py:96} INFO - Command exited with return code 0
[2022-06-17 11:54:11,944] {taskinstance.py:1400} INFO - Marking task as SUCCESS. dag_id=coffee-lake-demo-v1, task_id=sleep, execution_date=20220617T115404, start_date=20220617T115406, end_date=20220617T115411
[2022-06-17 11:54:11,967] {local_task_job.py:156} INFO - Task exited with return code 0
[2022-06-17 11:54:12,002] {local_task_job.py:273} INFO - 1 downstream tasks scheduled from follow-on schedule check
