[2022-06-17 18:54:34,548] {taskinstance.py:1159} INFO - Dependencies all met for <TaskInstance: coffee_lake_scrapers-v1.load_data manual__2022-06-17T18:54:14.324395+00:00 [queued]>
[2022-06-17 18:54:34,556] {taskinstance.py:1159} INFO - Dependencies all met for <TaskInstance: coffee_lake_scrapers-v1.load_data manual__2022-06-17T18:54:14.324395+00:00 [queued]>
[2022-06-17 18:54:34,557] {taskinstance.py:1356} INFO - 
--------------------------------------------------------------------------------
[2022-06-17 18:54:34,557] {taskinstance.py:1357} INFO - Starting attempt 1 of 1
[2022-06-17 18:54:34,557] {taskinstance.py:1358} INFO - 
--------------------------------------------------------------------------------
[2022-06-17 18:54:34,576] {taskinstance.py:1377} INFO - Executing <Task(_PythonDecoratedOperator): load_data> on 2022-06-17 18:54:14.324395+00:00
[2022-06-17 18:54:34,584] {standard_task_runner.py:52} INFO - Started process 882 to run task
[2022-06-17 18:54:34,587] {standard_task_runner.py:79} INFO - Running: ['***', 'tasks', 'run', 'coffee_lake_scrapers-v1', 'load_data', 'manual__2022-06-17T18:54:14.324395+00:00', '--job-id', '260', '--raw', '--subdir', 'DAGS_FOLDER/scraper_dag.py', '--cfg-path', '/tmp/tmp0tubyo_c', '--error-file', '/tmp/tmpzk2qyj3o']
[2022-06-17 18:54:34,588] {standard_task_runner.py:80} INFO - Job 260: Subtask load_data
[2022-06-17 18:54:34,731] {task_command.py:370} INFO - Running <TaskInstance: coffee_lake_scrapers-v1.load_data manual__2022-06-17T18:54:14.324395+00:00 [running]> on host c0a717b7b476
[2022-06-17 18:54:34,815] {taskinstance.py:1571} INFO - Exporting the following env vars:
AIRFLOW_CTX_DAG_OWNER=***
AIRFLOW_CTX_DAG_ID=coffee_lake_scrapers-v1
AIRFLOW_CTX_TASK_ID=load_data
AIRFLOW_CTX_EXECUTION_DATE=2022-06-17T18:54:14.324395+00:00
AIRFLOW_CTX_TRY_NUMBER=1
AIRFLOW_CTX_DAG_RUN_ID=manual__2022-06-17T18:54:14.324395+00:00
[2022-06-17 18:54:40,474] {python.py:173} INFO - Done. Returned value was: None
[2022-06-17 18:54:40,484] {taskinstance.py:1400} INFO - Marking task as SUCCESS. dag_id=coffee_lake_scrapers-v1, task_id=load_data, execution_date=20220617T185414, start_date=20220617T185434, end_date=20220617T185440
[2022-06-17 18:54:40,539] {local_task_job.py:156} INFO - Task exited with return code 0
[2022-06-17 18:54:40,575] {local_task_job.py:273} INFO - 1 downstream tasks scheduled from follow-on schedule check
