[2022-06-18 07:17:46,458] {taskinstance.py:1159} INFO - Dependencies all met for <TaskInstance: coffee_lake_demo-v2.t3_start_msg manual__2022-06-18T07:17:44.734106+00:00 [queued]>
[2022-06-18 07:17:46,470] {taskinstance.py:1159} INFO - Dependencies all met for <TaskInstance: coffee_lake_demo-v2.t3_start_msg manual__2022-06-18T07:17:44.734106+00:00 [queued]>
[2022-06-18 07:17:46,471] {taskinstance.py:1356} INFO - 
--------------------------------------------------------------------------------
[2022-06-18 07:17:46,471] {taskinstance.py:1357} INFO - Starting attempt 1 of 1
[2022-06-18 07:17:46,471] {taskinstance.py:1358} INFO - 
--------------------------------------------------------------------------------
[2022-06-18 07:17:46,490] {taskinstance.py:1377} INFO - Executing <Task(BashOperator): t3_start_msg> on 2022-06-18 07:17:44.734106+00:00
[2022-06-18 07:17:46,501] {standard_task_runner.py:52} INFO - Started process 1627 to run task
[2022-06-18 07:17:46,505] {standard_task_runner.py:79} INFO - Running: ['***', 'tasks', 'run', 'coffee_lake_demo-v2', 't3_start_msg', 'manual__2022-06-18T07:17:44.734106+00:00', '--job-id', '519', '--raw', '--subdir', 'DAGS_FOLDER/scraper_v2_dag.py', '--cfg-path', '/tmp/tmppjow9__v', '--error-file', '/tmp/tmp8itovv8v']
[2022-06-18 07:17:46,506] {standard_task_runner.py:80} INFO - Job 519: Subtask t3_start_msg
[2022-06-18 07:17:46,570] {task_command.py:370} INFO - Running <TaskInstance: coffee_lake_demo-v2.t3_start_msg manual__2022-06-18T07:17:44.734106+00:00 [running]> on host 312614bad459
[2022-06-18 07:17:46,655] {taskinstance.py:1571} INFO - Exporting the following env vars:
AIRFLOW_CTX_DAG_OWNER=***
AIRFLOW_CTX_DAG_ID=coffee_lake_demo-v2
AIRFLOW_CTX_TASK_ID=t3_start_msg
AIRFLOW_CTX_EXECUTION_DATE=2022-06-18T07:17:44.734106+00:00
AIRFLOW_CTX_TRY_NUMBER=1
AIRFLOW_CTX_DAG_RUN_ID=manual__2022-06-18T07:17:44.734106+00:00
[2022-06-18 07:17:46,657] {subprocess.py:62} INFO - Tmp dir root location: 
 /tmp
[2022-06-18 07:17:46,658] {subprocess.py:74} INFO - Running command: ['bash', '-c', 'curl -X POST -H \'Content-type: application/json\' --data \'{"text" : "starting task 3: loading - counting words "}\' "https://discord.com/api/webhooks/986224448984195082/pQp4GNcVWh-J2XtmIycVnjxYuGRGVIYFeveDRS5EwvgmGozthyd_alj8wbeKhfVn9SSk/slack"']
[2022-06-18 07:17:46,677] {subprocess.py:85} INFO - Output:
[2022-06-18 07:17:46,685] {subprocess.py:92} INFO -   % Total    % Received % Xferd  Average Speed   Time    Time     Time  Current
[2022-06-18 07:17:46,685] {subprocess.py:92} INFO -                                  Dload  Upload   Total   Spent    Left  Speed
[2022-06-18 07:17:47,584] {subprocess.py:92} INFO -   0     0    0     0    0     0      0      0 --:--:-- --:--:-- --:--:--     0100    57    0     2  100    55      2     61 --:--:-- --:--:-- --:--:--    63100    57    0     2  100    55      2     61 --:--:-- --:--:-- --:--:--    63
[2022-06-18 07:17:47,587] {subprocess.py:92} INFO - ok
[2022-06-18 07:17:47,588] {subprocess.py:96} INFO - Command exited with return code 0
[2022-06-18 07:17:47,652] {taskinstance.py:1400} INFO - Marking task as SUCCESS. dag_id=coffee_lake_demo-v2, task_id=t3_start_msg, execution_date=20220618T071744, start_date=20220618T071746, end_date=20220618T071747
[2022-06-18 07:17:47,722] {local_task_job.py:156} INFO - Task exited with return code 0
[2022-06-18 07:17:47,781] {local_task_job.py:273} INFO - 1 downstream tasks scheduled from follow-on schedule check
