[2022-06-17 13:48:37,115] {taskinstance.py:1159} INFO - Dependencies all met for <TaskInstance: coffee_lake_scrapers-v1.curl_end manual__2022-06-17T13:48:28.811857+00:00 [queued]>
[2022-06-17 13:48:37,122] {taskinstance.py:1159} INFO - Dependencies all met for <TaskInstance: coffee_lake_scrapers-v1.curl_end manual__2022-06-17T13:48:28.811857+00:00 [queued]>
[2022-06-17 13:48:37,122] {taskinstance.py:1356} INFO - 
--------------------------------------------------------------------------------
[2022-06-17 13:48:37,123] {taskinstance.py:1357} INFO - Starting attempt 1 of 1
[2022-06-17 13:48:37,123] {taskinstance.py:1358} INFO - 
--------------------------------------------------------------------------------
[2022-06-17 13:48:37,134] {taskinstance.py:1377} INFO - Executing <Task(BashOperator): curl_end> on 2022-06-17 13:48:28.811857+00:00
[2022-06-17 13:48:37,138] {standard_task_runner.py:52} INFO - Started process 402 to run task
[2022-06-17 13:48:37,140] {standard_task_runner.py:79} INFO - Running: ['***', 'tasks', 'run', 'coffee_lake_scrapers-v1', 'curl_end', 'manual__2022-06-17T13:48:28.811857+00:00', '--job-id', '69', '--raw', '--subdir', 'DAGS_FOLDER/scraper_dag.py', '--cfg-path', '/tmp/tmpizslxpks', '--error-file', '/tmp/tmpn0_2klj_']
[2022-06-17 13:48:37,141] {standard_task_runner.py:80} INFO - Job 69: Subtask curl_end
[2022-06-17 13:48:37,178] {task_command.py:370} INFO - Running <TaskInstance: coffee_lake_scrapers-v1.curl_end manual__2022-06-17T13:48:28.811857+00:00 [running]> on host 32595384c4c5
[2022-06-17 13:48:37,231] {taskinstance.py:1571} INFO - Exporting the following env vars:
AIRFLOW_CTX_DAG_OWNER=***
AIRFLOW_CTX_DAG_ID=coffee_lake_scrapers-v1
AIRFLOW_CTX_TASK_ID=curl_end
AIRFLOW_CTX_EXECUTION_DATE=2022-06-17T13:48:28.811857+00:00
AIRFLOW_CTX_TRY_NUMBER=1
AIRFLOW_CTX_DAG_RUN_ID=manual__2022-06-17T13:48:28.811857+00:00
[2022-06-17 13:48:37,232] {subprocess.py:62} INFO - Tmp dir root location: 
 /tmp
[2022-06-17 13:48:37,233] {subprocess.py:74} INFO - Running command: ['bash', '-c', 'curl -X POST -H \'Content-type: application/json\' --data \'{"text" : "ending task 1: scraping"}\' "https://discord.com/api/webhooks/986224448984195082/pQp4GNcVWh-J2XtmIycVnjxYuGRGVIYFeveDRS5EwvgmGozthyd_alj8wbeKhfVn9SSk/slack"']
[2022-06-17 13:48:37,242] {subprocess.py:85} INFO - Output:
[2022-06-17 13:48:37,248] {subprocess.py:92} INFO -   % Total    % Received % Xferd  Average Speed   Time    Time     Time  Current
[2022-06-17 13:48:37,248] {subprocess.py:92} INFO -                                  Dload  Upload   Total   Spent    Left  Speed
[2022-06-17 13:48:38,314] {subprocess.py:92} INFO -   0     0    0     0    0     0      0      0 --:--:-- --:--:-- --:--:--     0100    38    0     2  100    36      1     33  0:00:01  0:00:01 --:--:--    35100    38    0     2  100    36      1     33  0:00:01  0:00:01 --:--:--    35
[2022-06-17 13:48:38,316] {subprocess.py:92} INFO - ok
[2022-06-17 13:48:38,316] {subprocess.py:96} INFO - Command exited with return code 0
[2022-06-17 13:48:38,338] {taskinstance.py:1400} INFO - Marking task as SUCCESS. dag_id=coffee_lake_scrapers-v1, task_id=curl_end, execution_date=20220617T134828, start_date=20220617T134837, end_date=20220617T134838
[2022-06-17 13:48:38,356] {local_task_job.py:156} INFO - Task exited with return code 0
[2022-06-17 13:48:38,380] {local_task_job.py:273} INFO - 0 downstream tasks scheduled from follow-on schedule check
