[2022-06-17 15:47:20,894] {taskinstance.py:1159} INFO - Dependencies all met for <TaskInstance: coffee_lake_scrapers-v1.philstar_nation manual__2022-06-17T15:47:16.657638+00:00 [queued]>
[2022-06-17 15:47:20,901] {taskinstance.py:1159} INFO - Dependencies all met for <TaskInstance: coffee_lake_scrapers-v1.philstar_nation manual__2022-06-17T15:47:16.657638+00:00 [queued]>
[2022-06-17 15:47:20,901] {taskinstance.py:1356} INFO - 
--------------------------------------------------------------------------------
[2022-06-17 15:47:20,901] {taskinstance.py:1357} INFO - Starting attempt 1 of 1
[2022-06-17 15:47:20,902] {taskinstance.py:1358} INFO - 
--------------------------------------------------------------------------------
[2022-06-17 15:47:20,912] {taskinstance.py:1377} INFO - Executing <Task(_PythonDecoratedOperator): philstar_nation> on 2022-06-17 15:47:16.657638+00:00
[2022-06-17 15:47:20,916] {standard_task_runner.py:52} INFO - Started process 663 to run task
[2022-06-17 15:47:20,918] {standard_task_runner.py:79} INFO - Running: ['***', 'tasks', 'run', 'coffee_lake_scrapers-v1', 'philstar_nation', 'manual__2022-06-17T15:47:16.657638+00:00', '--job-id', '143', '--raw', '--subdir', 'DAGS_FOLDER/scraper_dag.py', '--cfg-path', '/tmp/tmp7_i6zaqr', '--error-file', '/tmp/tmpd7v3o1pi']
[2022-06-17 15:47:20,919] {standard_task_runner.py:80} INFO - Job 143: Subtask philstar_nation
[2022-06-17 15:47:20,960] {task_command.py:370} INFO - Running <TaskInstance: coffee_lake_scrapers-v1.philstar_nation manual__2022-06-17T15:47:16.657638+00:00 [running]> on host 4e64a6770dfb
[2022-06-17 15:47:21,017] {taskinstance.py:1571} INFO - Exporting the following env vars:
AIRFLOW_CTX_DAG_OWNER=***
AIRFLOW_CTX_DAG_ID=coffee_lake_scrapers-v1
AIRFLOW_CTX_TASK_ID=philstar_nation
AIRFLOW_CTX_EXECUTION_DATE=2022-06-17T15:47:16.657638+00:00
AIRFLOW_CTX_TRY_NUMBER=1
AIRFLOW_CTX_DAG_RUN_ID=manual__2022-06-17T15:47:16.657638+00:00
[2022-06-17 15:47:22,379] {python.py:173} INFO - Done. Returned value was: None
[2022-06-17 15:47:22,389] {taskinstance.py:1400} INFO - Marking task as SUCCESS. dag_id=coffee_lake_scrapers-v1, task_id=philstar_nation, execution_date=20220617T154716, start_date=20220617T154720, end_date=20220617T154722
[2022-06-17 15:47:22,415] {local_task_job.py:156} INFO - Task exited with return code 0
[2022-06-17 15:47:22,451] {local_task_job.py:273} INFO - 0 downstream tasks scheduled from follow-on schedule check
