[2022-06-17 13:48:30,009] {taskinstance.py:1159} INFO - Dependencies all met for <TaskInstance: coffee_lake_scrapers-v1.curl_start manual__2022-06-17T13:48:28.811857+00:00 [queued]>
[2022-06-17 13:48:30,017] {taskinstance.py:1159} INFO - Dependencies all met for <TaskInstance: coffee_lake_scrapers-v1.curl_start manual__2022-06-17T13:48:28.811857+00:00 [queued]>
[2022-06-17 13:48:30,018] {taskinstance.py:1356} INFO - 
--------------------------------------------------------------------------------
[2022-06-17 13:48:30,018] {taskinstance.py:1357} INFO - Starting attempt 1 of 1
[2022-06-17 13:48:30,018] {taskinstance.py:1358} INFO - 
--------------------------------------------------------------------------------
[2022-06-17 13:48:30,048] {taskinstance.py:1377} INFO - Executing <Task(BashOperator): curl_start> on 2022-06-17 13:48:28.811857+00:00
[2022-06-17 13:48:30,056] {standard_task_runner.py:52} INFO - Started process 385 to run task
[2022-06-17 13:48:30,058] {standard_task_runner.py:79} INFO - Running: ['***', 'tasks', 'run', 'coffee_lake_scrapers-v1', 'curl_start', 'manual__2022-06-17T13:48:28.811857+00:00', '--job-id', '67', '--raw', '--subdir', 'DAGS_FOLDER/scraper_dag.py', '--cfg-path', '/tmp/tmpvbp8bhjl', '--error-file', '/tmp/tmp5ga3vur4']
[2022-06-17 13:48:30,059] {standard_task_runner.py:80} INFO - Job 67: Subtask curl_start
[2022-06-17 13:48:30,113] {task_command.py:370} INFO - Running <TaskInstance: coffee_lake_scrapers-v1.curl_start manual__2022-06-17T13:48:28.811857+00:00 [running]> on host 32595384c4c5
[2022-06-17 13:48:30,205] {taskinstance.py:1571} INFO - Exporting the following env vars:
AIRFLOW_CTX_DAG_OWNER=***
AIRFLOW_CTX_DAG_ID=coffee_lake_scrapers-v1
AIRFLOW_CTX_TASK_ID=curl_start
AIRFLOW_CTX_EXECUTION_DATE=2022-06-17T13:48:28.811857+00:00
AIRFLOW_CTX_TRY_NUMBER=1
AIRFLOW_CTX_DAG_RUN_ID=manual__2022-06-17T13:48:28.811857+00:00
[2022-06-17 13:48:30,207] {subprocess.py:62} INFO - Tmp dir root location: 
 /tmp
[2022-06-17 13:48:30,208] {subprocess.py:74} INFO - Running command: ['bash', '-c', 'curl -X POST -H \'Content-type: application/json\' --data \'{"text" : "starting task 1: scraping"}\' "https://discord.com/api/webhooks/986224448984195082/pQp4GNcVWh-J2XtmIycVnjxYuGRGVIYFeveDRS5EwvgmGozthyd_alj8wbeKhfVn9SSk/slack"']
[2022-06-17 13:48:30,221] {subprocess.py:85} INFO - Output:
[2022-06-17 13:48:30,236] {subprocess.py:92} INFO -   % Total    % Received % Xferd  Average Speed   Time    Time     Time  Current
[2022-06-17 13:48:30,236] {subprocess.py:92} INFO -                                  Dload  Upload   Total   Spent    Left  Speed
[2022-06-17 13:48:31,171] {subprocess.py:92} INFO -   0     0    0     0    0     0      0      0 --:--:-- --:--:-- --:--:--     0100    40    0     2  100    38      2     40 --:--:-- --:--:-- --:--:--    42100    40    0     2  100    38      2     40 --:--:-- --:--:-- --:--:--    42
[2022-06-17 13:48:31,173] {subprocess.py:92} INFO - ok
[2022-06-17 13:48:31,174] {subprocess.py:96} INFO - Command exited with return code 0
[2022-06-17 13:48:31,199] {taskinstance.py:1400} INFO - Marking task as SUCCESS. dag_id=coffee_lake_scrapers-v1, task_id=curl_start, execution_date=20220617T134828, start_date=20220617T134830, end_date=20220617T134831
[2022-06-17 13:48:31,235] {local_task_job.py:156} INFO - Task exited with return code 0
[2022-06-17 13:48:31,269] {local_task_job.py:273} INFO - 1 downstream tasks scheduled from follow-on schedule check
