[2022-06-17 18:51:05,788] {taskinstance.py:1159} INFO - Dependencies all met for <TaskInstance: coffee_lake_scrapers-v1.t4_start_msg manual__2022-06-17T18:50:36.382401+00:00 [queued]>
[2022-06-17 18:51:05,796] {taskinstance.py:1159} INFO - Dependencies all met for <TaskInstance: coffee_lake_scrapers-v1.t4_start_msg manual__2022-06-17T18:50:36.382401+00:00 [queued]>
[2022-06-17 18:51:05,796] {taskinstance.py:1356} INFO - 
--------------------------------------------------------------------------------
[2022-06-17 18:51:05,797] {taskinstance.py:1357} INFO - Starting attempt 1 of 1
[2022-06-17 18:51:05,797] {taskinstance.py:1358} INFO - 
--------------------------------------------------------------------------------
[2022-06-17 18:51:05,817] {taskinstance.py:1377} INFO - Executing <Task(BashOperator): t4_start_msg> on 2022-06-17 18:50:36.382401+00:00
[2022-06-17 18:51:05,822] {standard_task_runner.py:52} INFO - Started process 571 to run task
[2022-06-17 18:51:05,824] {standard_task_runner.py:79} INFO - Running: ['***', 'tasks', 'run', 'coffee_lake_scrapers-v1', 't4_start_msg', 'manual__2022-06-17T18:50:36.382401+00:00', '--job-id', '238', '--raw', '--subdir', 'DAGS_FOLDER/scraper_dag.py', '--cfg-path', '/tmp/tmpqo06t6s3', '--error-file', '/tmp/tmpxbpdtpu0']
[2022-06-17 18:51:05,825] {standard_task_runner.py:80} INFO - Job 238: Subtask t4_start_msg
[2022-06-17 18:51:05,876] {task_command.py:370} INFO - Running <TaskInstance: coffee_lake_scrapers-v1.t4_start_msg manual__2022-06-17T18:50:36.382401+00:00 [running]> on host c0a717b7b476
[2022-06-17 18:51:05,944] {taskinstance.py:1571} INFO - Exporting the following env vars:
AIRFLOW_CTX_DAG_OWNER=***
AIRFLOW_CTX_DAG_ID=coffee_lake_scrapers-v1
AIRFLOW_CTX_TASK_ID=t4_start_msg
AIRFLOW_CTX_EXECUTION_DATE=2022-06-17T18:50:36.382401+00:00
AIRFLOW_CTX_TRY_NUMBER=1
AIRFLOW_CTX_DAG_RUN_ID=manual__2022-06-17T18:50:36.382401+00:00
[2022-06-17 18:51:05,945] {subprocess.py:62} INFO - Tmp dir root location: 
 /tmp
[2022-06-17 18:51:05,946] {subprocess.py:74} INFO - Running command: ['bash', '-c', 'curl -X POST -H \'Content-type: application/json\' --data \'{"text" : "starting task 4: loading - osm street images "}\' "https://discord.com/api/webhooks/986224448984195082/pQp4GNcVWh-J2XtmIycVnjxYuGRGVIYFeveDRS5EwvgmGozthyd_alj8wbeKhfVn9SSk/slack"']
[2022-06-17 18:51:05,966] {subprocess.py:85} INFO - Output:
[2022-06-17 18:51:05,978] {subprocess.py:92} INFO -   % Total    % Received % Xferd  Average Speed   Time    Time     Time  Current
[2022-06-17 18:51:05,979] {subprocess.py:92} INFO -                                  Dload  Upload   Total   Spent    Left  Speed
[2022-06-17 18:51:06,420] {subprocess.py:92} INFO -   0     0    0     0    0     0      0      0 --:--:-- --:--:-- --:--:--     0  0     0    0     0    0     0      0      0 --:--:-- --:--:-- --:--:--     0100    60    0     2  100    58      4    131 --:--:-- --:--:-- --:--:--   135
[2022-06-17 18:51:06,421] {subprocess.py:92} INFO - ok
[2022-06-17 18:51:06,422] {subprocess.py:96} INFO - Command exited with return code 0
[2022-06-17 18:51:06,461] {taskinstance.py:1400} INFO - Marking task as SUCCESS. dag_id=coffee_lake_scrapers-v1, task_id=t4_start_msg, execution_date=20220617T185036, start_date=20220617T185105, end_date=20220617T185106
[2022-06-17 18:51:06,519] {local_task_job.py:156} INFO - Task exited with return code 0
[2022-06-17 18:51:06,642] {local_task_job.py:273} INFO - 2 downstream tasks scheduled from follow-on schedule check
