[2022-06-18 07:17:49,952] {taskinstance.py:1159} INFO - Dependencies all met for <TaskInstance: coffee_lake_demo-v2.map_images manual__2022-06-18T07:17:44.734106+00:00 [queued]>
[2022-06-18 07:17:49,960] {taskinstance.py:1159} INFO - Dependencies all met for <TaskInstance: coffee_lake_demo-v2.map_images manual__2022-06-18T07:17:44.734106+00:00 [queued]>
[2022-06-18 07:17:49,961] {taskinstance.py:1356} INFO - 
--------------------------------------------------------------------------------
[2022-06-18 07:17:49,961] {taskinstance.py:1357} INFO - Starting attempt 1 of 1
[2022-06-18 07:17:49,961] {taskinstance.py:1358} INFO - 
--------------------------------------------------------------------------------
[2022-06-18 07:17:49,973] {taskinstance.py:1377} INFO - Executing <Task(_PythonDecoratedOperator): map_images> on 2022-06-18 07:17:44.734106+00:00
[2022-06-18 07:17:49,977] {standard_task_runner.py:52} INFO - Started process 1644 to run task
[2022-06-18 07:17:49,980] {standard_task_runner.py:79} INFO - Running: ['***', 'tasks', 'run', 'coffee_lake_demo-v2', 'map_images', 'manual__2022-06-18T07:17:44.734106+00:00', '--job-id', '523', '--raw', '--subdir', 'DAGS_FOLDER/scraper_v2_dag.py', '--cfg-path', '/tmp/tmp42x08qp6', '--error-file', '/tmp/tmpj687o4wj']
[2022-06-18 07:17:49,981] {standard_task_runner.py:80} INFO - Job 523: Subtask map_images
[2022-06-18 07:17:50,021] {task_command.py:370} INFO - Running <TaskInstance: coffee_lake_demo-v2.map_images manual__2022-06-18T07:17:44.734106+00:00 [running]> on host 312614bad459
[2022-06-18 07:17:50,079] {taskinstance.py:1571} INFO - Exporting the following env vars:
AIRFLOW_CTX_DAG_OWNER=***
AIRFLOW_CTX_DAG_ID=coffee_lake_demo-v2
AIRFLOW_CTX_TASK_ID=map_images
AIRFLOW_CTX_EXECUTION_DATE=2022-06-18T07:17:44.734106+00:00
AIRFLOW_CTX_TRY_NUMBER=1
AIRFLOW_CTX_DAG_RUN_ID=manual__2022-06-18T07:17:44.734106+00:00
[2022-06-18 07:17:51,300] {logging_mixin.py:115} INFO - ['history_changesets', 'history_layers', 'history_nodes', 'history_relations', 'history_ways', 'planet_changesets', 'planet_features', 'planet_features_lines', 'planet_features_multilinestrings', 'planet_features_multipolygons', 'planet_features_other_relations', 'planet_features_points', 'planet_layers', 'planet_nodes', 'planet_relations', 'planet_ways']
[2022-06-18 07:18:03,330] {python.py:173} INFO - Done. Returned value was: None
[2022-06-18 07:18:03,342] {taskinstance.py:1400} INFO - Marking task as SUCCESS. dag_id=coffee_lake_demo-v2, task_id=map_images, execution_date=20220618T071744, start_date=20220618T071749, end_date=20220618T071803
[2022-06-18 07:18:03,402] {local_task_job.py:156} INFO - Task exited with return code 0
[2022-06-18 07:18:03,442] {local_task_job.py:273} INFO - 1 downstream tasks scheduled from follow-on schedule check
