[2022-06-18 07:33:54,224] {taskinstance.py:1159} INFO - Dependencies all met for <TaskInstance: coffee_lake_demo-v2.t2_end_msg manual__2022-06-18T07:33:31.605917+00:00 [queued]>
[2022-06-18 07:33:54,232] {taskinstance.py:1159} INFO - Dependencies all met for <TaskInstance: coffee_lake_demo-v2.t2_end_msg manual__2022-06-18T07:33:31.605917+00:00 [queued]>
[2022-06-18 07:33:54,232] {taskinstance.py:1356} INFO - 
--------------------------------------------------------------------------------
[2022-06-18 07:33:54,232] {taskinstance.py:1357} INFO - Starting attempt 1 of 1
[2022-06-18 07:33:54,232] {taskinstance.py:1358} INFO - 
--------------------------------------------------------------------------------
[2022-06-18 07:33:54,243] {taskinstance.py:1377} INFO - Executing <Task(BashOperator): t2_end_msg> on 2022-06-18 07:33:31.605917+00:00
[2022-06-18 07:33:54,248] {standard_task_runner.py:52} INFO - Started process 3008 to run task
[2022-06-18 07:33:54,250] {standard_task_runner.py:79} INFO - Running: ['***', 'tasks', 'run', 'coffee_lake_demo-v2', 't2_end_msg', 'manual__2022-06-18T07:33:31.605917+00:00', '--job-id', '634', '--raw', '--subdir', 'DAGS_FOLDER/scraper_v2_dag.py', '--cfg-path', '/tmp/tmp_t1pnvhf', '--error-file', '/tmp/tmpzp6z1k8v']
[2022-06-18 07:33:54,250] {standard_task_runner.py:80} INFO - Job 634: Subtask t2_end_msg
[2022-06-18 07:33:54,289] {task_command.py:370} INFO - Running <TaskInstance: coffee_lake_demo-v2.t2_end_msg manual__2022-06-18T07:33:31.605917+00:00 [running]> on host 312614bad459
[2022-06-18 07:33:54,340] {taskinstance.py:1571} INFO - Exporting the following env vars:
AIRFLOW_CTX_DAG_OWNER=***
AIRFLOW_CTX_DAG_ID=coffee_lake_demo-v2
AIRFLOW_CTX_TASK_ID=t2_end_msg
AIRFLOW_CTX_EXECUTION_DATE=2022-06-18T07:33:31.605917+00:00
AIRFLOW_CTX_TRY_NUMBER=1
AIRFLOW_CTX_DAG_RUN_ID=manual__2022-06-18T07:33:31.605917+00:00
[2022-06-18 07:33:54,341] {subprocess.py:62} INFO - Tmp dir root location: 
 /tmp
[2022-06-18 07:33:54,342] {subprocess.py:74} INFO - Running command: ['bash', '-c', 'curl -X POST -H \'Content-type: application/json\' --data \'{"text" : "ending task 2: transformation - counting words "}\' "https://discord.com/api/webhooks/986224448984195082/pQp4GNcVWh-J2XtmIycVnjxYuGRGVIYFeveDRS5EwvgmGozthyd_alj8wbeKhfVn9SSk/slack"']
[2022-06-18 07:33:54,354] {subprocess.py:85} INFO - Output:
[2022-06-18 07:33:54,416] {subprocess.py:92} INFO -   % Total    % Received % Xferd  Average Speed   Time    Time     Time  Current
[2022-06-18 07:33:54,417] {subprocess.py:92} INFO -                                  Dload  Upload   Total   Spent    Left  Speed
[2022-06-18 07:33:55,081] {subprocess.py:92} INFO -   0     0    0     0    0     0      0      0 --:--:-- --:--:-- --:--:--     0100    62    0     2  100    60      2     83 --:--:-- --:--:-- --:--:--    93
[2022-06-18 07:33:55,083] {subprocess.py:92} INFO - ok
[2022-06-18 07:33:55,084] {subprocess.py:96} INFO - Command exited with return code 0
[2022-06-18 07:33:55,114] {taskinstance.py:1400} INFO - Marking task as SUCCESS. dag_id=coffee_lake_demo-v2, task_id=t2_end_msg, execution_date=20220618T073331, start_date=20220618T073354, end_date=20220618T073355
[2022-06-18 07:33:55,144] {local_task_job.py:156} INFO - Task exited with return code 0
[2022-06-18 07:33:55,185] {local_task_job.py:273} INFO - 1 downstream tasks scheduled from follow-on schedule check
