[2022-06-18 06:54:31,701] {taskinstance.py:1159} INFO - Dependencies all met for <TaskInstance: coffee_lake_demo-v2.dag_start_msg manual__2022-06-18T06:54:29.516170+00:00 [queued]>
[2022-06-18 06:54:31,719] {taskinstance.py:1159} INFO - Dependencies all met for <TaskInstance: coffee_lake_demo-v2.dag_start_msg manual__2022-06-18T06:54:29.516170+00:00 [queued]>
[2022-06-18 06:54:31,720] {taskinstance.py:1356} INFO - 
--------------------------------------------------------------------------------
[2022-06-18 06:54:31,720] {taskinstance.py:1357} INFO - Starting attempt 1 of 1
[2022-06-18 06:54:31,720] {taskinstance.py:1358} INFO - 
--------------------------------------------------------------------------------
[2022-06-18 06:54:31,738] {taskinstance.py:1377} INFO - Executing <Task(BashOperator): dag_start_msg> on 2022-06-18 06:54:29.516170+00:00
[2022-06-18 06:54:31,744] {standard_task_runner.py:52} INFO - Started process 387 to run task
[2022-06-18 06:54:31,747] {standard_task_runner.py:79} INFO - Running: ['***', 'tasks', 'run', 'coffee_lake_demo-v2', 'dag_start_msg', 'manual__2022-06-18T06:54:29.516170+00:00', '--job-id', '501', '--raw', '--subdir', 'DAGS_FOLDER/scraper_v2_dag.py', '--cfg-path', '/tmp/tmprwgsxean', '--error-file', '/tmp/tmpgbnpkcnl']
[2022-06-18 06:54:31,748] {standard_task_runner.py:80} INFO - Job 501: Subtask dag_start_msg
[2022-06-18 06:54:31,817] {task_command.py:370} INFO - Running <TaskInstance: coffee_lake_demo-v2.dag_start_msg manual__2022-06-18T06:54:29.516170+00:00 [running]> on host 312614bad459
[2022-06-18 06:54:31,918] {taskinstance.py:1571} INFO - Exporting the following env vars:
AIRFLOW_CTX_DAG_OWNER=***
AIRFLOW_CTX_DAG_ID=coffee_lake_demo-v2
AIRFLOW_CTX_TASK_ID=dag_start_msg
AIRFLOW_CTX_EXECUTION_DATE=2022-06-18T06:54:29.516170+00:00
AIRFLOW_CTX_TRY_NUMBER=1
AIRFLOW_CTX_DAG_RUN_ID=manual__2022-06-18T06:54:29.516170+00:00
[2022-06-18 06:54:31,919] {subprocess.py:62} INFO - Tmp dir root location: 
 /tmp
[2022-06-18 06:54:31,920] {subprocess.py:74} INFO - Running command: ['bash', '-c', 'curl -X POST -H \'Content-type: application/json\' --data \'{"text" : "DAG start running tasks. "}\' "https://discord.com/api/webhooks/986224448984195082/pQp4GNcVWh-J2XtmIycVnjxYuGRGVIYFeveDRS5EwvgmGozthyd_alj8wbeKhfVn9SSk/slack"']
[2022-06-18 06:54:31,934] {subprocess.py:85} INFO - Output:
[2022-06-18 06:54:31,945] {subprocess.py:92} INFO -   % Total    % Received % Xferd  Average Speed   Time    Time     Time  Current
[2022-06-18 06:54:31,946] {subprocess.py:92} INFO -                                  Dload  Upload   Total   Spent    Left  Speed
[2022-06-18 06:54:32,493] {subprocess.py:92} INFO -   0     0    0     0    0     0      0      0 --:--:-- --:--:-- --:--:--     0100    40    0     2  100    38      3     69 --:--:-- --:--:-- --:--:--    72100    40    0     2  100    38      3     69 --:--:-- --:--:-- --:--:--    72
[2022-06-18 06:54:32,495] {subprocess.py:92} INFO - ok
[2022-06-18 06:54:32,495] {subprocess.py:96} INFO - Command exited with return code 0
[2022-06-18 06:54:32,524] {taskinstance.py:1400} INFO - Marking task as SUCCESS. dag_id=coffee_lake_demo-v2, task_id=dag_start_msg, execution_date=20220618T065429, start_date=20220618T065431, end_date=20220618T065432
[2022-06-18 06:54:32,564] {local_task_job.py:156} INFO - Task exited with return code 0
[2022-06-18 06:54:32,611] {local_task_job.py:273} INFO - 1 downstream tasks scheduled from follow-on schedule check
