[2022-06-18 06:30:09,014] {taskinstance.py:1159} INFO - Dependencies all met for <TaskInstance: coffee_lake_demo-v2.load_data scheduled__2022-06-17T06:29:57.597656+00:00 [queued]>
[2022-06-18 06:30:09,024] {taskinstance.py:1159} INFO - Dependencies all met for <TaskInstance: coffee_lake_demo-v2.load_data scheduled__2022-06-17T06:29:57.597656+00:00 [queued]>
[2022-06-18 06:30:09,024] {taskinstance.py:1356} INFO - 
--------------------------------------------------------------------------------
[2022-06-18 06:30:09,024] {taskinstance.py:1357} INFO - Starting attempt 1 of 1
[2022-06-18 06:30:09,024] {taskinstance.py:1358} INFO - 
--------------------------------------------------------------------------------
[2022-06-18 06:30:09,040] {taskinstance.py:1377} INFO - Executing <Task(_PythonDecoratedOperator): load_data> on 2022-06-17 06:29:57.597656+00:00
[2022-06-18 06:30:09,047] {standard_task_runner.py:52} INFO - Started process 1032 to run task
[2022-06-18 06:30:09,050] {standard_task_runner.py:79} INFO - Running: ['***', 'tasks', 'run', 'coffee_lake_demo-v2', 'load_data', 'scheduled__2022-06-17T06:29:57.597656+00:00', '--job-id', '442', '--raw', '--subdir', 'DAGS_FOLDER/scraper_v2_dag.py', '--cfg-path', '/tmp/tmp00snijs2', '--error-file', '/tmp/tmprk71iwmn']
[2022-06-18 06:30:09,051] {standard_task_runner.py:80} INFO - Job 442: Subtask load_data
[2022-06-18 06:30:09,094] {task_command.py:370} INFO - Running <TaskInstance: coffee_lake_demo-v2.load_data scheduled__2022-06-17T06:29:57.597656+00:00 [running]> on host edf12686294f
[2022-06-18 06:30:09,158] {taskinstance.py:1571} INFO - Exporting the following env vars:
AIRFLOW_CTX_DAG_OWNER=***
AIRFLOW_CTX_DAG_ID=coffee_lake_demo-v2
AIRFLOW_CTX_TASK_ID=load_data
AIRFLOW_CTX_EXECUTION_DATE=2022-06-17T06:29:57.597656+00:00
AIRFLOW_CTX_TRY_NUMBER=1
AIRFLOW_CTX_DAG_RUN_ID=scheduled__2022-06-17T06:29:57.597656+00:00
[2022-06-18 06:30:27,662] {python.py:173} INFO - Done. Returned value was: None
[2022-06-18 06:30:27,683] {taskinstance.py:1400} INFO - Marking task as SUCCESS. dag_id=coffee_lake_demo-v2, task_id=load_data, execution_date=20220617T062957, start_date=20220618T063009, end_date=20220618T063027
[2022-06-18 06:30:27,749] {local_task_job.py:156} INFO - Task exited with return code 0
[2022-06-18 06:30:27,788] {local_task_job.py:273} INFO - 0 downstream tasks scheduled from follow-on schedule check
