[2022-06-17 18:21:32,386] {taskinstance.py:1159} INFO - Dependencies all met for <TaskInstance: coffee_lake_scrapers-v1.t2_end_msg manual__2022-06-17T18:21:06.258423+00:00 [queued]>
[2022-06-17 18:21:32,402] {taskinstance.py:1159} INFO - Dependencies all met for <TaskInstance: coffee_lake_scrapers-v1.t2_end_msg manual__2022-06-17T18:21:06.258423+00:00 [queued]>
[2022-06-17 18:21:32,403] {taskinstance.py:1356} INFO - 
--------------------------------------------------------------------------------
[2022-06-17 18:21:32,403] {taskinstance.py:1357} INFO - Starting attempt 1 of 1
[2022-06-17 18:21:32,404] {taskinstance.py:1358} INFO - 
--------------------------------------------------------------------------------
[2022-06-17 18:21:32,427] {taskinstance.py:1377} INFO - Executing <Task(BashOperator): t2_end_msg> on 2022-06-17 18:21:06.258423+00:00
[2022-06-17 18:21:32,434] {standard_task_runner.py:52} INFO - Started process 648 to run task
[2022-06-17 18:21:32,437] {standard_task_runner.py:79} INFO - Running: ['***', 'tasks', 'run', 'coffee_lake_scrapers-v1', 't2_end_msg', 'manual__2022-06-17T18:21:06.258423+00:00', '--job-id', '207', '--raw', '--subdir', 'DAGS_FOLDER/scraper_dag.py', '--cfg-path', '/tmp/tmprxnyl6hp', '--error-file', '/tmp/tmp3slwpt4x']
[2022-06-17 18:21:32,439] {standard_task_runner.py:80} INFO - Job 207: Subtask t2_end_msg
[2022-06-17 18:21:32,523] {task_command.py:370} INFO - Running <TaskInstance: coffee_lake_scrapers-v1.t2_end_msg manual__2022-06-17T18:21:06.258423+00:00 [running]> on host 97782298a5be
[2022-06-17 18:21:32,644] {taskinstance.py:1571} INFO - Exporting the following env vars:
AIRFLOW_CTX_DAG_OWNER=***
AIRFLOW_CTX_DAG_ID=coffee_lake_scrapers-v1
AIRFLOW_CTX_TASK_ID=t2_end_msg
AIRFLOW_CTX_EXECUTION_DATE=2022-06-17T18:21:06.258423+00:00
AIRFLOW_CTX_TRY_NUMBER=1
AIRFLOW_CTX_DAG_RUN_ID=manual__2022-06-17T18:21:06.258423+00:00
[2022-06-17 18:21:32,646] {subprocess.py:62} INFO - Tmp dir root location: 
 /tmp
[2022-06-17 18:21:32,647] {subprocess.py:74} INFO - Running command: ['bash', '-c', 'curl -X POST -H \'Content-type: application/json\' --data \'{"text" : "ending task 2: transformation - counting words "}\' "https://discord.com/api/webhooks/986224448984195082/pQp4GNcVWh-J2XtmIycVnjxYuGRGVIYFeveDRS5EwvgmGozthyd_alj8wbeKhfVn9SSk/slack"']
[2022-06-17 18:21:32,675] {subprocess.py:85} INFO - Output:
[2022-06-17 18:21:32,692] {subprocess.py:92} INFO -   % Total    % Received % Xferd  Average Speed   Time    Time     Time  Current
[2022-06-17 18:21:32,692] {subprocess.py:92} INFO -                                  Dload  Upload   Total   Spent    Left  Speed
[2022-06-17 18:21:33,198] {subprocess.py:92} INFO -   0     0    0     0    0     0      0      0 --:--:-- --:--:-- --:--:--     0100    62    0     2  100    60      3    119 --:--:-- --:--:-- --:--:--   123100    62    0     2  100    60      3    118 --:--:-- --:--:-- --:--:--   122
[2022-06-17 18:21:33,201] {subprocess.py:92} INFO - ok
[2022-06-17 18:21:33,202] {subprocess.py:96} INFO - Command exited with return code 0
[2022-06-17 18:21:33,264] {taskinstance.py:1400} INFO - Marking task as SUCCESS. dag_id=coffee_lake_scrapers-v1, task_id=t2_end_msg, execution_date=20220617T182106, start_date=20220617T182132, end_date=20220617T182133
[2022-06-17 18:21:33,334] {local_task_job.py:156} INFO - Task exited with return code 0
[2022-06-17 18:21:33,428] {local_task_job.py:273} INFO - 1 downstream tasks scheduled from follow-on schedule check
