[2022-06-17 14:31:17,381] {taskinstance.py:1159} INFO - Dependencies all met for <TaskInstance: coffee_lake_scrapers-v1.philstar_nation manual__2022-06-17T14:31:14.437672+00:00 [queued]>
[2022-06-17 14:31:17,389] {taskinstance.py:1159} INFO - Dependencies all met for <TaskInstance: coffee_lake_scrapers-v1.philstar_nation manual__2022-06-17T14:31:14.437672+00:00 [queued]>
[2022-06-17 14:31:17,390] {taskinstance.py:1356} INFO - 
--------------------------------------------------------------------------------
[2022-06-17 14:31:17,390] {taskinstance.py:1357} INFO - Starting attempt 1 of 1
[2022-06-17 14:31:17,390] {taskinstance.py:1358} INFO - 
--------------------------------------------------------------------------------
[2022-06-17 14:31:17,400] {taskinstance.py:1377} INFO - Executing <Task(_PythonDecoratedOperator): philstar_nation> on 2022-06-17 14:31:14.437672+00:00
[2022-06-17 14:31:17,404] {standard_task_runner.py:52} INFO - Started process 2670 to run task
[2022-06-17 14:31:17,406] {standard_task_runner.py:79} INFO - Running: ['***', 'tasks', 'run', 'coffee_lake_scrapers-v1', 'philstar_nation', 'manual__2022-06-17T14:31:14.437672+00:00', '--job-id', '110', '--raw', '--subdir', 'DAGS_FOLDER/scraper_dag.py', '--cfg-path', '/tmp/tmprfgt1hbv', '--error-file', '/tmp/tmpvftnfjtk']
[2022-06-17 14:31:17,407] {standard_task_runner.py:80} INFO - Job 110: Subtask philstar_nation
[2022-06-17 14:31:17,492] {task_command.py:370} INFO - Running <TaskInstance: coffee_lake_scrapers-v1.philstar_nation manual__2022-06-17T14:31:14.437672+00:00 [running]> on host 32595384c4c5
[2022-06-17 14:31:17,549] {taskinstance.py:1571} INFO - Exporting the following env vars:
AIRFLOW_CTX_DAG_OWNER=***
AIRFLOW_CTX_DAG_ID=coffee_lake_scrapers-v1
AIRFLOW_CTX_TASK_ID=philstar_nation
AIRFLOW_CTX_EXECUTION_DATE=2022-06-17T14:31:14.437672+00:00
AIRFLOW_CTX_TRY_NUMBER=1
AIRFLOW_CTX_DAG_RUN_ID=manual__2022-06-17T14:31:14.437672+00:00
[2022-06-17 14:31:18,594] {python.py:173} INFO - Done. Returned value was: None
[2022-06-17 14:31:18,614] {taskinstance.py:1400} INFO - Marking task as SUCCESS. dag_id=coffee_lake_scrapers-v1, task_id=philstar_nation, execution_date=20220617T143114, start_date=20220617T143117, end_date=20220617T143118
[2022-06-17 14:31:18,663] {local_task_job.py:156} INFO - Task exited with return code 0
[2022-06-17 14:31:18,716] {local_task_job.py:273} INFO - 1 downstream tasks scheduled from follow-on schedule check
