[2022-06-18 07:33:40,715] {taskinstance.py:1159} INFO - Dependencies all met for <TaskInstance: coffee_lake_demo-v2.philstar_nation manual__2022-06-18T07:33:31.605917+00:00 [queued]>
[2022-06-18 07:33:40,723] {taskinstance.py:1159} INFO - Dependencies all met for <TaskInstance: coffee_lake_demo-v2.philstar_nation manual__2022-06-18T07:33:31.605917+00:00 [queued]>
[2022-06-18 07:33:40,724] {taskinstance.py:1356} INFO - 
--------------------------------------------------------------------------------
[2022-06-18 07:33:40,724] {taskinstance.py:1357} INFO - Starting attempt 1 of 1
[2022-06-18 07:33:40,724] {taskinstance.py:1358} INFO - 
--------------------------------------------------------------------------------
[2022-06-18 07:33:40,742] {taskinstance.py:1377} INFO - Executing <Task(_PythonDecoratedOperator): philstar_nation> on 2022-06-18 07:33:31.605917+00:00
[2022-06-18 07:33:40,747] {standard_task_runner.py:52} INFO - Started process 2976 to run task
[2022-06-18 07:33:40,751] {standard_task_runner.py:79} INFO - Running: ['***', 'tasks', 'run', 'coffee_lake_demo-v2', 'philstar_nation', 'manual__2022-06-18T07:33:31.605917+00:00', '--job-id', '628', '--raw', '--subdir', 'DAGS_FOLDER/scraper_v2_dag.py', '--cfg-path', '/tmp/tmpcky63_43', '--error-file', '/tmp/tmpd18_orz9']
[2022-06-18 07:33:40,752] {standard_task_runner.py:80} INFO - Job 628: Subtask philstar_nation
[2022-06-18 07:33:40,798] {task_command.py:370} INFO - Running <TaskInstance: coffee_lake_demo-v2.philstar_nation manual__2022-06-18T07:33:31.605917+00:00 [running]> on host 312614bad459
[2022-06-18 07:33:40,857] {taskinstance.py:1571} INFO - Exporting the following env vars:
AIRFLOW_CTX_DAG_OWNER=***
AIRFLOW_CTX_DAG_ID=coffee_lake_demo-v2
AIRFLOW_CTX_TASK_ID=philstar_nation
AIRFLOW_CTX_EXECUTION_DATE=2022-06-18T07:33:31.605917+00:00
AIRFLOW_CTX_TRY_NUMBER=1
AIRFLOW_CTX_DAG_RUN_ID=manual__2022-06-18T07:33:31.605917+00:00
[2022-06-18 07:33:43,845] {python.py:173} INFO - Done. Returned value was: None
[2022-06-18 07:33:43,855] {taskinstance.py:1400} INFO - Marking task as SUCCESS. dag_id=coffee_lake_demo-v2, task_id=philstar_nation, execution_date=20220618T073331, start_date=20220618T073340, end_date=20220618T073343
[2022-06-18 07:33:43,892] {local_task_job.py:156} INFO - Task exited with return code 0
[2022-06-18 07:33:43,929] {local_task_job.py:273} INFO - 1 downstream tasks scheduled from follow-on schedule check
