[2022-06-17 15:32:53,138] {taskinstance.py:1159} INFO - Dependencies all met for <TaskInstance: coffee_lake_scrapers-v1.t1_end_msg manual__2022-06-17T15:32:41.770469+00:00 [queued]>
[2022-06-17 15:32:53,147] {taskinstance.py:1159} INFO - Dependencies all met for <TaskInstance: coffee_lake_scrapers-v1.t1_end_msg manual__2022-06-17T15:32:41.770469+00:00 [queued]>
[2022-06-17 15:32:53,147] {taskinstance.py:1356} INFO - 
--------------------------------------------------------------------------------
[2022-06-17 15:32:53,148] {taskinstance.py:1357} INFO - Starting attempt 1 of 1
[2022-06-17 15:32:53,148] {taskinstance.py:1358} INFO - 
--------------------------------------------------------------------------------
[2022-06-17 15:32:53,158] {taskinstance.py:1377} INFO - Executing <Task(BashOperator): t1_end_msg> on 2022-06-17 15:32:41.770469+00:00
[2022-06-17 15:32:53,166] {standard_task_runner.py:52} INFO - Started process 495 to run task
[2022-06-17 15:32:53,172] {standard_task_runner.py:79} INFO - Running: ['***', 'tasks', 'run', 'coffee_lake_scrapers-v1', 't1_end_msg', 'manual__2022-06-17T15:32:41.770469+00:00', '--job-id', '122', '--raw', '--subdir', 'DAGS_FOLDER/scraper_dag.py', '--cfg-path', '/tmp/tmptbdsenq1', '--error-file', '/tmp/tmpga6fv52d']
[2022-06-17 15:32:53,174] {standard_task_runner.py:80} INFO - Job 122: Subtask t1_end_msg
[2022-06-17 15:32:53,225] {task_command.py:370} INFO - Running <TaskInstance: coffee_lake_scrapers-v1.t1_end_msg manual__2022-06-17T15:32:41.770469+00:00 [running]> on host d7b003b77395
[2022-06-17 15:32:53,291] {taskinstance.py:1571} INFO - Exporting the following env vars:
AIRFLOW_CTX_DAG_OWNER=***
AIRFLOW_CTX_DAG_ID=coffee_lake_scrapers-v1
AIRFLOW_CTX_TASK_ID=t1_end_msg
AIRFLOW_CTX_EXECUTION_DATE=2022-06-17T15:32:41.770469+00:00
AIRFLOW_CTX_TRY_NUMBER=1
AIRFLOW_CTX_DAG_RUN_ID=manual__2022-06-17T15:32:41.770469+00:00
[2022-06-17 15:32:53,292] {subprocess.py:62} INFO - Tmp dir root location: 
 /tmp
[2022-06-17 15:32:53,293] {subprocess.py:74} INFO - Running command: ['bash', '-c', 'curl -X POST -H \'Content-type: application/json\' --data \'{"text" : "ending task 1: scraping"}\' "https://discord.com/api/webhooks/986224448984195082/pQp4GNcVWh-J2XtmIycVnjxYuGRGVIYFeveDRS5EwvgmGozthyd_alj8wbeKhfVn9SSk/slack"']
[2022-06-17 15:32:53,306] {subprocess.py:85} INFO - Output:
[2022-06-17 15:32:53,313] {subprocess.py:92} INFO -   % Total    % Received % Xferd  Average Speed   Time    Time     Time  Current
[2022-06-17 15:32:53,313] {subprocess.py:92} INFO -                                  Dload  Upload   Total   Spent    Left  Speed
[2022-06-17 15:32:53,995] {subprocess.py:92} INFO -   0     0    0     0    0     0      0      0 --:--:-- --:--:-- --:--:--     0100    38    0     2  100    36      2     52 --:--:-- --:--:-- --:--:--    55
[2022-06-17 15:32:53,997] {subprocess.py:92} INFO - ok
[2022-06-17 15:32:53,998] {subprocess.py:96} INFO - Command exited with return code 0
[2022-06-17 15:32:54,034] {taskinstance.py:1400} INFO - Marking task as SUCCESS. dag_id=coffee_lake_scrapers-v1, task_id=t1_end_msg, execution_date=20220617T153241, start_date=20220617T153253, end_date=20220617T153254
[2022-06-17 15:32:54,069] {local_task_job.py:156} INFO - Task exited with return code 0
[2022-06-17 15:32:54,121] {local_task_job.py:273} INFO - 1 downstream tasks scheduled from follow-on schedule check
