[2022-06-18 06:27:27,663] {taskinstance.py:1159} INFO - Dependencies all met for <TaskInstance: coffee_lake_scrapers-v1.dag_start_msg manual__2022-06-18T06:27:09.118890+00:00 [queued]>
[2022-06-18 06:27:27,683] {taskinstance.py:1159} INFO - Dependencies all met for <TaskInstance: coffee_lake_scrapers-v1.dag_start_msg manual__2022-06-18T06:27:09.118890+00:00 [queued]>
[2022-06-18 06:27:27,684] {taskinstance.py:1356} INFO - 
--------------------------------------------------------------------------------
[2022-06-18 06:27:27,685] {taskinstance.py:1357} INFO - Starting attempt 1 of 1
[2022-06-18 06:27:27,688] {taskinstance.py:1358} INFO - 
--------------------------------------------------------------------------------
[2022-06-18 06:27:27,724] {taskinstance.py:1377} INFO - Executing <Task(BashOperator): dag_start_msg> on 2022-06-18 06:27:09.118890+00:00
[2022-06-18 06:27:27,732] {standard_task_runner.py:52} INFO - Started process 834 to run task
[2022-06-18 06:27:27,737] {standard_task_runner.py:79} INFO - Running: ['***', 'tasks', 'run', 'coffee_lake_scrapers-v1', 'dag_start_msg', 'manual__2022-06-18T06:27:09.118890+00:00', '--job-id', '431', '--raw', '--subdir', 'DAGS_FOLDER/scraper_v2_dag.py', '--cfg-path', '/tmp/tmpqjrxu25c', '--error-file', '/tmp/tmpts0wra53']
[2022-06-18 06:27:27,738] {standard_task_runner.py:80} INFO - Job 431: Subtask dag_start_msg
[2022-06-18 06:27:27,852] {task_command.py:370} INFO - Running <TaskInstance: coffee_lake_scrapers-v1.dag_start_msg manual__2022-06-18T06:27:09.118890+00:00 [running]> on host edf12686294f
[2022-06-18 06:27:28,010] {taskinstance.py:1571} INFO - Exporting the following env vars:
AIRFLOW_CTX_DAG_OWNER=***
AIRFLOW_CTX_DAG_ID=coffee_lake_scrapers-v1
AIRFLOW_CTX_TASK_ID=dag_start_msg
AIRFLOW_CTX_EXECUTION_DATE=2022-06-18T06:27:09.118890+00:00
AIRFLOW_CTX_TRY_NUMBER=1
AIRFLOW_CTX_DAG_RUN_ID=manual__2022-06-18T06:27:09.118890+00:00
[2022-06-18 06:27:28,012] {subprocess.py:62} INFO - Tmp dir root location: 
 /tmp
[2022-06-18 06:27:28,013] {subprocess.py:74} INFO - Running command: ['bash', '-c', 'curl -X POST -H \'Content-type: application/json\' --data \'{"text" : "DAG start running tasks. "}\' "https://discord.com/api/webhooks/986224448984195082/pQp4GNcVWh-J2XtmIycVnjxYuGRGVIYFeveDRS5EwvgmGozthyd_alj8wbeKhfVn9SSk/slack"']
[2022-06-18 06:27:28,035] {subprocess.py:85} INFO - Output:
[2022-06-18 06:27:28,058] {subprocess.py:92} INFO -   % Total    % Received % Xferd  Average Speed   Time    Time     Time  Current
[2022-06-18 06:27:28,059] {subprocess.py:92} INFO -                                  Dload  Upload   Total   Spent    Left  Speed
[2022-06-18 06:27:29,868] {subprocess.py:92} INFO -   0     0    0     0    0     0      0      0 --:--:-- --:--:-- --:--:--     0  0     0    0     0    0     0      0      0 --:--:-- --:--:-- --:--:--     0100    40    0     2  100    38      1     20  0:00:01  0:00:01 --:--:--    22100    40    0     2  100    38      1     20  0:00:01  0:00:01 --:--:--    22
[2022-06-18 06:27:29,871] {subprocess.py:92} INFO - ok
[2022-06-18 06:27:29,872] {subprocess.py:96} INFO - Command exited with return code 0
[2022-06-18 06:27:29,926] {taskinstance.py:1400} INFO - Marking task as SUCCESS. dag_id=coffee_lake_scrapers-v1, task_id=dag_start_msg, execution_date=20220618T062709, start_date=20220618T062727, end_date=20220618T062729
[2022-06-18 06:27:29,961] {local_task_job.py:156} INFO - Task exited with return code 0
[2022-06-18 06:27:30,012] {local_task_job.py:273} INFO - 0 downstream tasks scheduled from follow-on schedule check
