[2022-06-17 19:02:23,483] {taskinstance.py:1159} INFO - Dependencies all met for <TaskInstance: coffee_lake_scrapers-v1.load_data manual__2022-06-17T19:02:04.409362+00:00 [queued]>
[2022-06-17 19:02:23,496] {taskinstance.py:1159} INFO - Dependencies all met for <TaskInstance: coffee_lake_scrapers-v1.load_data manual__2022-06-17T19:02:04.409362+00:00 [queued]>
[2022-06-17 19:02:23,496] {taskinstance.py:1356} INFO - 
--------------------------------------------------------------------------------
[2022-06-17 19:02:23,496] {taskinstance.py:1357} INFO - Starting attempt 1 of 1
[2022-06-17 19:02:23,497] {taskinstance.py:1358} INFO - 
--------------------------------------------------------------------------------
[2022-06-17 19:02:23,512] {taskinstance.py:1377} INFO - Executing <Task(_PythonDecoratedOperator): load_data> on 2022-06-17 19:02:04.409362+00:00
[2022-06-17 19:02:23,517] {standard_task_runner.py:52} INFO - Started process 1336 to run task
[2022-06-17 19:02:23,521] {standard_task_runner.py:79} INFO - Running: ['***', 'tasks', 'run', 'coffee_lake_scrapers-v1', 'load_data', 'manual__2022-06-17T19:02:04.409362+00:00', '--job-id', '272', '--raw', '--subdir', 'DAGS_FOLDER/scraper_dag.py', '--cfg-path', '/tmp/tmpv81jz_43', '--error-file', '/tmp/tmpf8gjgzty']
[2022-06-17 19:02:23,523] {standard_task_runner.py:80} INFO - Job 272: Subtask load_data
[2022-06-17 19:02:23,577] {task_command.py:370} INFO - Running <TaskInstance: coffee_lake_scrapers-v1.load_data manual__2022-06-17T19:02:04.409362+00:00 [running]> on host c0a717b7b476
[2022-06-17 19:02:23,639] {taskinstance.py:1571} INFO - Exporting the following env vars:
AIRFLOW_CTX_DAG_OWNER=***
AIRFLOW_CTX_DAG_ID=coffee_lake_scrapers-v1
AIRFLOW_CTX_TASK_ID=load_data
AIRFLOW_CTX_EXECUTION_DATE=2022-06-17T19:02:04.409362+00:00
AIRFLOW_CTX_TRY_NUMBER=1
AIRFLOW_CTX_DAG_RUN_ID=manual__2022-06-17T19:02:04.409362+00:00
[2022-06-17 19:02:29,667] {python.py:173} INFO - Done. Returned value was: None
[2022-06-17 19:02:29,681] {taskinstance.py:1400} INFO - Marking task as SUCCESS. dag_id=coffee_lake_scrapers-v1, task_id=load_data, execution_date=20220617T190204, start_date=20220617T190223, end_date=20220617T190229
[2022-06-17 19:02:29,723] {local_task_job.py:156} INFO - Task exited with return code 0
[2022-06-17 19:02:29,762] {local_task_job.py:273} INFO - 1 downstream tasks scheduled from follow-on schedule check
