[2022-06-18 07:36:13,546] {taskinstance.py:1159} INFO - Dependencies all met for <TaskInstance: coffee_lake_demo-v2.delete_residuals manual__2022-06-18T07:35:29.960031+00:00 [queued]>
[2022-06-18 07:36:13,556] {taskinstance.py:1159} INFO - Dependencies all met for <TaskInstance: coffee_lake_demo-v2.delete_residuals manual__2022-06-18T07:35:29.960031+00:00 [queued]>
[2022-06-18 07:36:13,556] {taskinstance.py:1356} INFO - 
--------------------------------------------------------------------------------
[2022-06-18 07:36:13,556] {taskinstance.py:1357} INFO - Starting attempt 1 of 1
[2022-06-18 07:36:13,557] {taskinstance.py:1358} INFO - 
--------------------------------------------------------------------------------
[2022-06-18 07:36:13,568] {taskinstance.py:1377} INFO - Executing <Task(_PythonDecoratedOperator): delete_residuals> on 2022-06-18 07:35:29.960031+00:00
[2022-06-18 07:36:13,573] {standard_task_runner.py:52} INFO - Started process 3246 to run task
[2022-06-18 07:36:13,575] {standard_task_runner.py:79} INFO - Running: ['***', 'tasks', 'run', 'coffee_lake_demo-v2', 'delete_residuals', 'manual__2022-06-18T07:35:29.960031+00:00', '--job-id', '659', '--raw', '--subdir', 'DAGS_FOLDER/scraper_v2_dag.py', '--cfg-path', '/tmp/tmp_17hl3op', '--error-file', '/tmp/tmp7fa8j8ly']
[2022-06-18 07:36:13,576] {standard_task_runner.py:80} INFO - Job 659: Subtask delete_residuals
[2022-06-18 07:36:13,619] {task_command.py:370} INFO - Running <TaskInstance: coffee_lake_demo-v2.delete_residuals manual__2022-06-18T07:35:29.960031+00:00 [running]> on host 312614bad459
[2022-06-18 07:36:13,700] {taskinstance.py:1571} INFO - Exporting the following env vars:
AIRFLOW_CTX_DAG_OWNER=***
AIRFLOW_CTX_DAG_ID=coffee_lake_demo-v2
AIRFLOW_CTX_TASK_ID=delete_residuals
AIRFLOW_CTX_EXECUTION_DATE=2022-06-18T07:35:29.960031+00:00
AIRFLOW_CTX_TRY_NUMBER=1
AIRFLOW_CTX_DAG_RUN_ID=manual__2022-06-18T07:35:29.960031+00:00
[2022-06-18 07:36:13,704] {logging_mixin.py:115} INFO - business_world_2022-06-18_07-35-39.csv
[2022-06-18 07:36:13,706] {logging_mixin.py:115} INFO - images
[2022-06-18 07:36:13,716] {logging_mixin.py:115} INFO - inquirer_2022-06-18_07-35-40.csv
[2022-06-18 07:36:13,718] {logging_mixin.py:115} INFO - philstar_2022-06-18_07-35-40.csv
[2022-06-18 07:36:13,720] {python.py:173} INFO - Done. Returned value was: None
[2022-06-18 07:36:13,732] {taskinstance.py:1400} INFO - Marking task as SUCCESS. dag_id=coffee_lake_demo-v2, task_id=delete_residuals, execution_date=20220618T073529, start_date=20220618T073613, end_date=20220618T073613
[2022-06-18 07:36:13,788] {local_task_job.py:156} INFO - Task exited with return code 0
[2022-06-18 07:36:13,830] {local_task_job.py:273} INFO - 0 downstream tasks scheduled from follow-on schedule check
