[2022-06-18 07:18:25,973] {taskinstance.py:1159} INFO - Dependencies all met for <TaskInstance: coffee_lake_demo-v2.t5_start_msg manual__2022-06-18T07:17:44.734106+00:00 [queued]>
[2022-06-18 07:18:25,981] {taskinstance.py:1159} INFO - Dependencies all met for <TaskInstance: coffee_lake_demo-v2.t5_start_msg manual__2022-06-18T07:17:44.734106+00:00 [queued]>
[2022-06-18 07:18:25,981] {taskinstance.py:1356} INFO - 
--------------------------------------------------------------------------------
[2022-06-18 07:18:25,981] {taskinstance.py:1357} INFO - Starting attempt 1 of 1
[2022-06-18 07:18:25,981] {taskinstance.py:1358} INFO - 
--------------------------------------------------------------------------------
[2022-06-18 07:18:25,991] {taskinstance.py:1377} INFO - Executing <Task(BashOperator): t5_start_msg> on 2022-06-18 07:17:44.734106+00:00
[2022-06-18 07:18:25,996] {standard_task_runner.py:52} INFO - Started process 1741 to run task
[2022-06-18 07:18:25,997] {standard_task_runner.py:79} INFO - Running: ['***', 'tasks', 'run', 'coffee_lake_demo-v2', 't5_start_msg', 'manual__2022-06-18T07:17:44.734106+00:00', '--job-id', '536', '--raw', '--subdir', 'DAGS_FOLDER/scraper_v2_dag.py', '--cfg-path', '/tmp/tmpmt9n5fjz', '--error-file', '/tmp/tmpu9kd09i7']
[2022-06-18 07:18:25,998] {standard_task_runner.py:80} INFO - Job 536: Subtask t5_start_msg
[2022-06-18 07:18:26,035] {task_command.py:370} INFO - Running <TaskInstance: coffee_lake_demo-v2.t5_start_msg manual__2022-06-18T07:17:44.734106+00:00 [running]> on host 312614bad459
[2022-06-18 07:18:26,085] {taskinstance.py:1571} INFO - Exporting the following env vars:
AIRFLOW_CTX_DAG_OWNER=***
AIRFLOW_CTX_DAG_ID=coffee_lake_demo-v2
AIRFLOW_CTX_TASK_ID=t5_start_msg
AIRFLOW_CTX_EXECUTION_DATE=2022-06-18T07:17:44.734106+00:00
AIRFLOW_CTX_TRY_NUMBER=1
AIRFLOW_CTX_DAG_RUN_ID=manual__2022-06-18T07:17:44.734106+00:00
[2022-06-18 07:18:26,092] {subprocess.py:62} INFO - Tmp dir root location: 
 /tmp
[2022-06-18 07:18:26,093] {subprocess.py:74} INFO - Running command: ['bash', '-c', 'curl -X POST -H \'Content-type: application/json\' --data \'{"text" : "starting task 5: cleanup - deleting residuals "}\' "https://discord.com/api/webhooks/986224448984195082/pQp4GNcVWh-J2XtmIycVnjxYuGRGVIYFeveDRS5EwvgmGozthyd_alj8wbeKhfVn9SSk/slack"']
[2022-06-18 07:18:26,102] {subprocess.py:85} INFO - Output:
[2022-06-18 07:18:26,108] {subprocess.py:92} INFO -   % Total    % Received % Xferd  Average Speed   Time    Time     Time  Current
[2022-06-18 07:18:26,109] {subprocess.py:92} INFO -                                  Dload  Upload   Total   Spent    Left  Speed
[2022-06-18 07:18:29,098] {subprocess.py:92} INFO -   0     0    0     0    0     0      0      0 --:--:-- --:--:-- --:--:--     0  0     0    0     0    0     0      0      0 --:--:-- --:--:-- --:--:--     0  0     0    0     0    0     0      0      0 --:--:--  0:00:01 --:--:--     0  0     0    0     0    0     0      0      0 --:--:--  0:00:02 --:--:--     0100    61    0     2  100    59      0     19  0:00:03  0:00:02  0:00:01    20
[2022-06-18 07:18:29,099] {subprocess.py:92} INFO - ok
[2022-06-18 07:18:29,100] {subprocess.py:96} INFO - Command exited with return code 0
[2022-06-18 07:18:29,123] {taskinstance.py:1400} INFO - Marking task as SUCCESS. dag_id=coffee_lake_demo-v2, task_id=t5_start_msg, execution_date=20220618T071744, start_date=20220618T071825, end_date=20220618T071829
[2022-06-18 07:18:29,140] {local_task_job.py:156} INFO - Task exited with return code 0
[2022-06-18 07:18:29,172] {local_task_job.py:273} INFO - 1 downstream tasks scheduled from follow-on schedule check
