[2022-06-18 06:35:32,577] {taskinstance.py:1159} INFO - Dependencies all met for <TaskInstance: coffee_lake_demo-v2.business_world manual__2022-06-18T06:35:24.748600+00:00 [queued]>
[2022-06-18 06:35:32,590] {taskinstance.py:1159} INFO - Dependencies all met for <TaskInstance: coffee_lake_demo-v2.business_world manual__2022-06-18T06:35:24.748600+00:00 [queued]>
[2022-06-18 06:35:32,590] {taskinstance.py:1356} INFO - 
--------------------------------------------------------------------------------
[2022-06-18 06:35:32,590] {taskinstance.py:1357} INFO - Starting attempt 1 of 1
[2022-06-18 06:35:32,591] {taskinstance.py:1358} INFO - 
--------------------------------------------------------------------------------
[2022-06-18 06:35:32,605] {taskinstance.py:1377} INFO - Executing <Task(_PythonDecoratedOperator): business_world> on 2022-06-18 06:35:24.748600+00:00
[2022-06-18 06:35:32,610] {standard_task_runner.py:52} INFO - Started process 1459 to run task
[2022-06-18 06:35:32,613] {standard_task_runner.py:79} INFO - Running: ['***', 'tasks', 'run', 'coffee_lake_demo-v2', 'business_world', 'manual__2022-06-18T06:35:24.748600+00:00', '--job-id', '473', '--raw', '--subdir', 'DAGS_FOLDER/scraper_v2_dag.py', '--cfg-path', '/tmp/tmphpgd7a5n', '--error-file', '/tmp/tmp4ye4iyso']
[2022-06-18 06:35:32,614] {standard_task_runner.py:80} INFO - Job 473: Subtask business_world
[2022-06-18 06:35:32,662] {task_command.py:370} INFO - Running <TaskInstance: coffee_lake_demo-v2.business_world manual__2022-06-18T06:35:24.748600+00:00 [running]> on host edf12686294f
[2022-06-18 06:35:32,740] {taskinstance.py:1571} INFO - Exporting the following env vars:
AIRFLOW_CTX_DAG_OWNER=***
AIRFLOW_CTX_DAG_ID=coffee_lake_demo-v2
AIRFLOW_CTX_TASK_ID=business_world
AIRFLOW_CTX_EXECUTION_DATE=2022-06-18T06:35:24.748600+00:00
AIRFLOW_CTX_TRY_NUMBER=1
AIRFLOW_CTX_DAG_RUN_ID=manual__2022-06-18T06:35:24.748600+00:00
[2022-06-18 06:35:34,171] {python.py:173} INFO - Done. Returned value was: None
[2022-06-18 06:35:34,186] {taskinstance.py:1400} INFO - Marking task as SUCCESS. dag_id=coffee_lake_demo-v2, task_id=business_world, execution_date=20220618T063524, start_date=20220618T063532, end_date=20220618T063534
[2022-06-18 06:35:34,231] {local_task_job.py:156} INFO - Task exited with return code 0
[2022-06-18 06:35:34,294] {local_task_job.py:273} INFO - 0 downstream tasks scheduled from follow-on schedule check
