[2022-06-17 18:16:30,081] {taskinstance.py:1159} INFO - Dependencies all met for <TaskInstance: coffee_lake_scrapers-v1.t3_end_msg manual__2022-06-17T18:15:47.159479+00:00 [queued]>
[2022-06-17 18:16:30,101] {taskinstance.py:1159} INFO - Dependencies all met for <TaskInstance: coffee_lake_scrapers-v1.t3_end_msg manual__2022-06-17T18:15:47.159479+00:00 [queued]>
[2022-06-17 18:16:30,102] {taskinstance.py:1356} INFO - 
--------------------------------------------------------------------------------
[2022-06-17 18:16:30,103] {taskinstance.py:1357} INFO - Starting attempt 1 of 1
[2022-06-17 18:16:30,103] {taskinstance.py:1358} INFO - 
--------------------------------------------------------------------------------
[2022-06-17 18:16:30,132] {taskinstance.py:1377} INFO - Executing <Task(BashOperator): t3_end_msg> on 2022-06-17 18:15:47.159479+00:00
[2022-06-17 18:16:30,140] {standard_task_runner.py:52} INFO - Started process 328 to run task
[2022-06-17 18:16:30,146] {standard_task_runner.py:79} INFO - Running: ['***', 'tasks', 'run', 'coffee_lake_scrapers-v1', 't3_end_msg', 'manual__2022-06-17T18:15:47.159479+00:00', '--job-id', '188', '--raw', '--subdir', 'DAGS_FOLDER/scraper_dag.py', '--cfg-path', '/tmp/tmpe5soer8s', '--error-file', '/tmp/tmp17zkuuf0']
[2022-06-17 18:16:30,151] {standard_task_runner.py:80} INFO - Job 188: Subtask t3_end_msg
[2022-06-17 18:16:30,308] {task_command.py:370} INFO - Running <TaskInstance: coffee_lake_scrapers-v1.t3_end_msg manual__2022-06-17T18:15:47.159479+00:00 [running]> on host 97782298a5be
[2022-06-17 18:16:30,502] {taskinstance.py:1571} INFO - Exporting the following env vars:
AIRFLOW_CTX_DAG_OWNER=***
AIRFLOW_CTX_DAG_ID=coffee_lake_scrapers-v1
AIRFLOW_CTX_TASK_ID=t3_end_msg
AIRFLOW_CTX_EXECUTION_DATE=2022-06-17T18:15:47.159479+00:00
AIRFLOW_CTX_TRY_NUMBER=1
AIRFLOW_CTX_DAG_RUN_ID=manual__2022-06-17T18:15:47.159479+00:00
[2022-06-17 18:16:30,508] {subprocess.py:62} INFO - Tmp dir root location: 
 /tmp
[2022-06-17 18:16:30,510] {subprocess.py:74} INFO - Running command: ['bash', '-c', 'curl -X POST -H \'Content-type: application/json\' --data \'{"text" : "ending task 3: loading - counting words "}\' "https://discord.com/api/webhooks/986224448984195082/pQp4GNcVWh-J2XtmIycVnjxYuGRGVIYFeveDRS5EwvgmGozthyd_alj8wbeKhfVn9SSk/slack"']
[2022-06-17 18:16:30,550] {subprocess.py:85} INFO - Output:
[2022-06-17 18:16:30,568] {subprocess.py:92} INFO -   % Total    % Received % Xferd  Average Speed   Time    Time     Time  Current
[2022-06-17 18:16:30,577] {subprocess.py:92} INFO -                                  Dload  Upload   Total   Spent    Left  Speed
[2022-06-17 18:16:31,075] {subprocess.py:92} INFO -   0     0    0     0    0     0      0      0 --:--:-- --:--:-- --:--:--     0100    55    0     2  100    53      3    104 --:--:-- --:--:-- --:--:--   108100    55    0     2  100    53      3    104 --:--:-- --:--:-- --:--:--   108
[2022-06-17 18:16:31,079] {subprocess.py:92} INFO - ok
[2022-06-17 18:16:31,080] {subprocess.py:96} INFO - Command exited with return code 0
[2022-06-17 18:16:31,135] {taskinstance.py:1400} INFO - Marking task as SUCCESS. dag_id=coffee_lake_scrapers-v1, task_id=t3_end_msg, execution_date=20220617T181547, start_date=20220617T181630, end_date=20220617T181631
[2022-06-17 18:16:31,202] {local_task_job.py:156} INFO - Task exited with return code 0
[2022-06-17 18:16:31,386] {local_task_job.py:273} INFO - 0 downstream tasks scheduled from follow-on schedule check
