[2022-06-17 17:10:51,374] {taskinstance.py:1159} INFO - Dependencies all met for <TaskInstance: coffee_lake_scrapers-v1.load_data manual__2022-06-17T17:10:17.458409+00:00 [queued]>
[2022-06-17 17:10:51,390] {taskinstance.py:1159} INFO - Dependencies all met for <TaskInstance: coffee_lake_scrapers-v1.load_data manual__2022-06-17T17:10:17.458409+00:00 [queued]>
[2022-06-17 17:10:51,391] {taskinstance.py:1356} INFO - 
--------------------------------------------------------------------------------
[2022-06-17 17:10:51,392] {taskinstance.py:1357} INFO - Starting attempt 1 of 1
[2022-06-17 17:10:51,392] {taskinstance.py:1358} INFO - 
--------------------------------------------------------------------------------
[2022-06-17 17:10:51,419] {taskinstance.py:1377} INFO - Executing <Task(_PythonDecoratedOperator): load_data> on 2022-06-17 17:10:17.458409+00:00
[2022-06-17 17:10:51,426] {standard_task_runner.py:52} INFO - Started process 3275 to run task
[2022-06-17 17:10:51,430] {standard_task_runner.py:79} INFO - Running: ['***', 'tasks', 'run', 'coffee_lake_scrapers-v1', 'load_data', 'manual__2022-06-17T17:10:17.458409+00:00', '--job-id', '176', '--raw', '--subdir', 'DAGS_FOLDER/scraper_dag.py', '--cfg-path', '/tmp/tmpc5n5hu91', '--error-file', '/tmp/tmppi0wb3yn']
[2022-06-17 17:10:51,431] {standard_task_runner.py:80} INFO - Job 176: Subtask load_data
[2022-06-17 17:10:51,516] {task_command.py:370} INFO - Running <TaskInstance: coffee_lake_scrapers-v1.load_data manual__2022-06-17T17:10:17.458409+00:00 [running]> on host 2f484ba01a8b
[2022-06-17 17:10:51,678] {taskinstance.py:1571} INFO - Exporting the following env vars:
AIRFLOW_CTX_DAG_OWNER=***
AIRFLOW_CTX_DAG_ID=coffee_lake_scrapers-v1
AIRFLOW_CTX_TASK_ID=load_data
AIRFLOW_CTX_EXECUTION_DATE=2022-06-17T17:10:17.458409+00:00
AIRFLOW_CTX_TRY_NUMBER=1
AIRFLOW_CTX_DAG_RUN_ID=manual__2022-06-17T17:10:17.458409+00:00
[2022-06-17 17:10:52,720] {python.py:173} INFO - Done. Returned value was: None
[2022-06-17 17:10:52,748] {taskinstance.py:1400} INFO - Marking task as SUCCESS. dag_id=coffee_lake_scrapers-v1, task_id=load_data, execution_date=20220617T171017, start_date=20220617T171051, end_date=20220617T171052
[2022-06-17 17:10:52,809] {local_task_job.py:156} INFO - Task exited with return code 0
[2022-06-17 17:10:52,892] {local_task_job.py:273} INFO - 1 downstream tasks scheduled from follow-on schedule check
