[2022-06-18 06:27:27,211] {taskinstance.py:1159} INFO - Dependencies all met for <TaskInstance: coffee_lake_scrapers-v1.inquirer_feed manual__2022-06-18T06:27:09.118890+00:00 [queued]>
[2022-06-18 06:27:27,250] {taskinstance.py:1159} INFO - Dependencies all met for <TaskInstance: coffee_lake_scrapers-v1.inquirer_feed manual__2022-06-18T06:27:09.118890+00:00 [queued]>
[2022-06-18 06:27:27,255] {taskinstance.py:1356} INFO - 
--------------------------------------------------------------------------------
[2022-06-18 06:27:27,256] {taskinstance.py:1357} INFO - Starting attempt 1 of 1
[2022-06-18 06:27:27,257] {taskinstance.py:1358} INFO - 
--------------------------------------------------------------------------------
[2022-06-18 06:27:27,305] {taskinstance.py:1377} INFO - Executing <Task(_PythonDecoratedOperator): inquirer_feed> on 2022-06-18 06:27:09.118890+00:00
[2022-06-18 06:27:27,324] {standard_task_runner.py:52} INFO - Started process 832 to run task
[2022-06-18 06:27:27,330] {standard_task_runner.py:79} INFO - Running: ['***', 'tasks', 'run', 'coffee_lake_scrapers-v1', 'inquirer_feed', 'manual__2022-06-18T06:27:09.118890+00:00', '--job-id', '429', '--raw', '--subdir', 'DAGS_FOLDER/scraper_v2_dag.py', '--cfg-path', '/tmp/tmpog1ar3ky', '--error-file', '/tmp/tmpectr03cq']
[2022-06-18 06:27:27,341] {standard_task_runner.py:80} INFO - Job 429: Subtask inquirer_feed
[2022-06-18 06:27:27,519] {task_command.py:370} INFO - Running <TaskInstance: coffee_lake_scrapers-v1.inquirer_feed manual__2022-06-18T06:27:09.118890+00:00 [running]> on host edf12686294f
[2022-06-18 06:27:27,705] {taskinstance.py:1571} INFO - Exporting the following env vars:
AIRFLOW_CTX_DAG_OWNER=***
AIRFLOW_CTX_DAG_ID=coffee_lake_scrapers-v1
AIRFLOW_CTX_TASK_ID=inquirer_feed
AIRFLOW_CTX_EXECUTION_DATE=2022-06-18T06:27:09.118890+00:00
AIRFLOW_CTX_TRY_NUMBER=1
AIRFLOW_CTX_DAG_RUN_ID=manual__2022-06-18T06:27:09.118890+00:00
[2022-06-18 06:27:28,428] {python.py:173} INFO - Done. Returned value was: True
[2022-06-18 06:27:28,471] {taskinstance.py:1400} INFO - Marking task as SUCCESS. dag_id=coffee_lake_scrapers-v1, task_id=inquirer_feed, execution_date=20220618T062709, start_date=20220618T062727, end_date=20220618T062728
[2022-06-18 06:27:28,536] {local_task_job.py:156} INFO - Task exited with return code 0
[2022-06-18 06:27:28,617] {local_task_job.py:273} INFO - 0 downstream tasks scheduled from follow-on schedule check
