[2022-06-18 06:27:27,931] {taskinstance.py:1159} INFO - Dependencies all met for <TaskInstance: coffee_lake_scrapers-v1.t3_start_msg manual__2022-06-18T06:27:09.118890+00:00 [queued]>
[2022-06-18 06:27:27,954] {taskinstance.py:1159} INFO - Dependencies all met for <TaskInstance: coffee_lake_scrapers-v1.t3_start_msg manual__2022-06-18T06:27:09.118890+00:00 [queued]>
[2022-06-18 06:27:27,955] {taskinstance.py:1356} INFO - 
--------------------------------------------------------------------------------
[2022-06-18 06:27:27,955] {taskinstance.py:1357} INFO - Starting attempt 1 of 1
[2022-06-18 06:27:27,956] {taskinstance.py:1358} INFO - 
--------------------------------------------------------------------------------
[2022-06-18 06:27:27,978] {taskinstance.py:1377} INFO - Executing <Task(BashOperator): t3_start_msg> on 2022-06-18 06:27:09.118890+00:00
[2022-06-18 06:27:27,987] {standard_task_runner.py:52} INFO - Started process 839 to run task
[2022-06-18 06:27:27,991] {standard_task_runner.py:79} INFO - Running: ['***', 'tasks', 'run', 'coffee_lake_scrapers-v1', 't3_start_msg', 'manual__2022-06-18T06:27:09.118890+00:00', '--job-id', '434', '--raw', '--subdir', 'DAGS_FOLDER/scraper_v2_dag.py', '--cfg-path', '/tmp/tmp9fo062al', '--error-file', '/tmp/tmppfpefa7m']
[2022-06-18 06:27:27,993] {standard_task_runner.py:80} INFO - Job 434: Subtask t3_start_msg
[2022-06-18 06:27:28,157] {task_command.py:370} INFO - Running <TaskInstance: coffee_lake_scrapers-v1.t3_start_msg manual__2022-06-18T06:27:09.118890+00:00 [running]> on host edf12686294f
[2022-06-18 06:27:28,282] {taskinstance.py:1571} INFO - Exporting the following env vars:
AIRFLOW_CTX_DAG_OWNER=***
AIRFLOW_CTX_DAG_ID=coffee_lake_scrapers-v1
AIRFLOW_CTX_TASK_ID=t3_start_msg
AIRFLOW_CTX_EXECUTION_DATE=2022-06-18T06:27:09.118890+00:00
AIRFLOW_CTX_TRY_NUMBER=1
AIRFLOW_CTX_DAG_RUN_ID=manual__2022-06-18T06:27:09.118890+00:00
[2022-06-18 06:27:28,284] {subprocess.py:62} INFO - Tmp dir root location: 
 /tmp
[2022-06-18 06:27:28,286] {subprocess.py:74} INFO - Running command: ['bash', '-c', 'curl -X POST -H \'Content-type: application/json\' --data \'{"text" : "starting task 3: loading - counting words "}\' "https://discord.com/api/webhooks/986224448984195082/pQp4GNcVWh-J2XtmIycVnjxYuGRGVIYFeveDRS5EwvgmGozthyd_alj8wbeKhfVn9SSk/slack"']
[2022-06-18 06:27:28,304] {subprocess.py:85} INFO - Output:
[2022-06-18 06:27:28,319] {subprocess.py:92} INFO -   % Total    % Received % Xferd  Average Speed   Time    Time     Time  Current
[2022-06-18 06:27:28,319] {subprocess.py:92} INFO -                                  Dload  Upload   Total   Spent    Left  Speed
[2022-06-18 06:27:28,852] {subprocess.py:92} INFO -   0     0    0     0    0     0      0      0 --:--:-- --:--:-- --:--:--     0100    57    0     2  100    55      3    103 --:--:-- --:--:-- --:--:--   106
[2022-06-18 06:27:28,854] {subprocess.py:92} INFO - ok
[2022-06-18 06:27:28,855] {subprocess.py:96} INFO - Command exited with return code 0
[2022-06-18 06:27:28,910] {taskinstance.py:1400} INFO - Marking task as SUCCESS. dag_id=coffee_lake_scrapers-v1, task_id=t3_start_msg, execution_date=20220618T062709, start_date=20220618T062727, end_date=20220618T062728
[2022-06-18 06:27:28,967] {local_task_job.py:156} INFO - Task exited with return code 0
[2022-06-18 06:27:29,030] {local_task_job.py:273} INFO - 1 downstream tasks scheduled from follow-on schedule check
