[2022-06-17 18:18:08,355] {taskinstance.py:1159} INFO - Dependencies all met for <TaskInstance: coffee_lake_scrapers-v1.load_data manual__2022-06-17T18:17:32.837310+00:00 [queued]>
[2022-06-17 18:18:08,379] {taskinstance.py:1159} INFO - Dependencies all met for <TaskInstance: coffee_lake_scrapers-v1.load_data manual__2022-06-17T18:17:32.837310+00:00 [queued]>
[2022-06-17 18:18:08,380] {taskinstance.py:1356} INFO - 
--------------------------------------------------------------------------------
[2022-06-17 18:18:08,380] {taskinstance.py:1357} INFO - Starting attempt 1 of 1
[2022-06-17 18:18:08,381] {taskinstance.py:1358} INFO - 
--------------------------------------------------------------------------------
[2022-06-17 18:18:08,408] {taskinstance.py:1377} INFO - Executing <Task(_PythonDecoratedOperator): load_data> on 2022-06-17 18:17:32.837310+00:00
[2022-06-17 18:18:08,415] {standard_task_runner.py:52} INFO - Started process 449 to run task
[2022-06-17 18:18:08,418] {standard_task_runner.py:79} INFO - Running: ['***', 'tasks', 'run', 'coffee_lake_scrapers-v1', 'load_data', 'manual__2022-06-17T18:17:32.837310+00:00', '--job-id', '198', '--raw', '--subdir', 'DAGS_FOLDER/scraper_dag.py', '--cfg-path', '/tmp/tmp9skn_90q', '--error-file', '/tmp/tmpu9vrr5ys']
[2022-06-17 18:18:08,419] {standard_task_runner.py:80} INFO - Job 198: Subtask load_data
[2022-06-17 18:18:08,501] {task_command.py:370} INFO - Running <TaskInstance: coffee_lake_scrapers-v1.load_data manual__2022-06-17T18:17:32.837310+00:00 [running]> on host 97782298a5be
[2022-06-17 18:18:08,650] {taskinstance.py:1571} INFO - Exporting the following env vars:
AIRFLOW_CTX_DAG_OWNER=***
AIRFLOW_CTX_DAG_ID=coffee_lake_scrapers-v1
AIRFLOW_CTX_TASK_ID=load_data
AIRFLOW_CTX_EXECUTION_DATE=2022-06-17T18:17:32.837310+00:00
AIRFLOW_CTX_TRY_NUMBER=1
AIRFLOW_CTX_DAG_RUN_ID=manual__2022-06-17T18:17:32.837310+00:00
[2022-06-17 18:18:10,897] {python.py:173} INFO - Done. Returned value was: None
[2022-06-17 18:18:10,921] {taskinstance.py:1400} INFO - Marking task as SUCCESS. dag_id=coffee_lake_scrapers-v1, task_id=load_data, execution_date=20220617T181732, start_date=20220617T181808, end_date=20220617T181810
[2022-06-17 18:18:10,966] {local_task_job.py:156} INFO - Task exited with return code 0
[2022-06-17 18:18:11,040] {local_task_job.py:273} INFO - 0 downstream tasks scheduled from follow-on schedule check
