[2022-06-17 15:42:43,272] {taskinstance.py:1159} INFO - Dependencies all met for <TaskInstance: coffee_lake_scrapers-v1.t2_start_msg manual__2022-06-17T15:42:32.124227+00:00 [queued]>
[2022-06-17 15:42:43,282] {taskinstance.py:1159} INFO - Dependencies all met for <TaskInstance: coffee_lake_scrapers-v1.t2_start_msg manual__2022-06-17T15:42:32.124227+00:00 [queued]>
[2022-06-17 15:42:43,282] {taskinstance.py:1356} INFO - 
--------------------------------------------------------------------------------
[2022-06-17 15:42:43,282] {taskinstance.py:1357} INFO - Starting attempt 1 of 1
[2022-06-17 15:42:43,282] {taskinstance.py:1358} INFO - 
--------------------------------------------------------------------------------
[2022-06-17 15:42:43,295] {taskinstance.py:1377} INFO - Executing <Task(BashOperator): t2_start_msg> on 2022-06-17 15:42:32.124227+00:00
[2022-06-17 15:42:43,301] {standard_task_runner.py:52} INFO - Started process 417 to run task
[2022-06-17 15:42:43,304] {standard_task_runner.py:79} INFO - Running: ['***', 'tasks', 'run', 'coffee_lake_scrapers-v1', 't2_start_msg', 'manual__2022-06-17T15:42:32.124227+00:00', '--job-id', '139', '--raw', '--subdir', 'DAGS_FOLDER/scraper_dag.py', '--cfg-path', '/tmp/tmph8e8a3l9', '--error-file', '/tmp/tmpmz1sf7yr']
[2022-06-17 15:42:43,305] {standard_task_runner.py:80} INFO - Job 139: Subtask t2_start_msg
[2022-06-17 15:42:43,364] {task_command.py:370} INFO - Running <TaskInstance: coffee_lake_scrapers-v1.t2_start_msg manual__2022-06-17T15:42:32.124227+00:00 [running]> on host 4e64a6770dfb
[2022-06-17 15:42:43,440] {taskinstance.py:1571} INFO - Exporting the following env vars:
AIRFLOW_CTX_DAG_OWNER=***
AIRFLOW_CTX_DAG_ID=coffee_lake_scrapers-v1
AIRFLOW_CTX_TASK_ID=t2_start_msg
AIRFLOW_CTX_EXECUTION_DATE=2022-06-17T15:42:32.124227+00:00
AIRFLOW_CTX_TRY_NUMBER=1
AIRFLOW_CTX_DAG_RUN_ID=manual__2022-06-17T15:42:32.124227+00:00
[2022-06-17 15:42:43,441] {subprocess.py:62} INFO - Tmp dir root location: 
 /tmp
[2022-06-17 15:42:43,442] {subprocess.py:74} INFO - Running command: ['bash', '-c', 'curl -X POST -H \'Content-type: application/json\' --data \'{"text" : "starting task 2: transformation - counting words "}\' "https://discord.com/api/webhooks/986224448984195082/pQp4GNcVWh-J2XtmIycVnjxYuGRGVIYFeveDRS5EwvgmGozthyd_alj8wbeKhfVn9SSk/slack"']
[2022-06-17 15:42:43,456] {subprocess.py:85} INFO - Output:
[2022-06-17 15:42:43,463] {subprocess.py:92} INFO -   % Total    % Received % Xferd  Average Speed   Time    Time     Time  Current
[2022-06-17 15:42:43,464] {subprocess.py:92} INFO -                                  Dload  Upload   Total   Spent    Left  Speed
[2022-06-17 15:42:45,119] {subprocess.py:92} INFO -   0     0    0     0    0     0      0      0 --:--:-- --:--:-- --:--:--     0100    64    0     2  100    62      3    101 --:--:-- --:--:-- --:--:--   104100    64    0     2  100    62      1     38  0:00:01  0:00:01 --:--:--    39100    64    0     2  100    62      1     37  0:00:01  0:00:01 --:--:--    38
[2022-06-17 15:42:45,121] {subprocess.py:92} INFO - ok
[2022-06-17 15:42:45,122] {subprocess.py:96} INFO - Command exited with return code 0
[2022-06-17 15:42:45,161] {taskinstance.py:1400} INFO - Marking task as SUCCESS. dag_id=coffee_lake_scrapers-v1, task_id=t2_start_msg, execution_date=20220617T154232, start_date=20220617T154243, end_date=20220617T154245
[2022-06-17 15:42:45,203] {local_task_job.py:156} INFO - Task exited with return code 0
[2022-06-17 15:42:45,245] {local_task_job.py:273} INFO - 2 downstream tasks scheduled from follow-on schedule check
