[2022-06-17 18:45:53,822] {taskinstance.py:1159} INFO - Dependencies all met for <TaskInstance: coffee_lake_scrapers-v1.philstar_nation manual__2022-06-17T18:45:48.578441+00:00 [queued]>
[2022-06-17 18:45:53,836] {taskinstance.py:1159} INFO - Dependencies all met for <TaskInstance: coffee_lake_scrapers-v1.philstar_nation manual__2022-06-17T18:45:48.578441+00:00 [queued]>
[2022-06-17 18:45:53,836] {taskinstance.py:1356} INFO - 
--------------------------------------------------------------------------------
[2022-06-17 18:45:53,837] {taskinstance.py:1357} INFO - Starting attempt 1 of 1
[2022-06-17 18:45:53,837] {taskinstance.py:1358} INFO - 
--------------------------------------------------------------------------------
[2022-06-17 18:45:53,857] {taskinstance.py:1377} INFO - Executing <Task(_PythonDecoratedOperator): philstar_nation> on 2022-06-17 18:45:48.578441+00:00
[2022-06-17 18:45:53,865] {standard_task_runner.py:52} INFO - Started process 227 to run task
[2022-06-17 18:45:53,869] {standard_task_runner.py:79} INFO - Running: ['***', 'tasks', 'run', 'coffee_lake_scrapers-v1', 'philstar_nation', 'manual__2022-06-17T18:45:48.578441+00:00', '--job-id', '217', '--raw', '--subdir', 'DAGS_FOLDER/scraper_dag.py', '--cfg-path', '/tmp/tmpp4smv3je', '--error-file', '/tmp/tmpwla14mn_']
[2022-06-17 18:45:53,871] {standard_task_runner.py:80} INFO - Job 217: Subtask philstar_nation
[2022-06-17 18:45:53,977] {task_command.py:370} INFO - Running <TaskInstance: coffee_lake_scrapers-v1.philstar_nation manual__2022-06-17T18:45:48.578441+00:00 [running]> on host c0a717b7b476
[2022-06-17 18:45:54,138] {taskinstance.py:1571} INFO - Exporting the following env vars:
AIRFLOW_CTX_DAG_OWNER=***
AIRFLOW_CTX_DAG_ID=coffee_lake_scrapers-v1
AIRFLOW_CTX_TASK_ID=philstar_nation
AIRFLOW_CTX_EXECUTION_DATE=2022-06-17T18:45:48.578441+00:00
AIRFLOW_CTX_TRY_NUMBER=1
AIRFLOW_CTX_DAG_RUN_ID=manual__2022-06-17T18:45:48.578441+00:00
[2022-06-17 18:45:55,656] {python.py:173} INFO - Done. Returned value was: None
[2022-06-17 18:45:55,684] {taskinstance.py:1400} INFO - Marking task as SUCCESS. dag_id=coffee_lake_scrapers-v1, task_id=philstar_nation, execution_date=20220617T184548, start_date=20220617T184553, end_date=20220617T184555
[2022-06-17 18:45:55,731] {local_task_job.py:156} INFO - Task exited with return code 0
[2022-06-17 18:45:55,833] {local_task_job.py:273} INFO - 1 downstream tasks scheduled from follow-on schedule check
