[2022-06-17 12:08:08,260] {taskinstance.py:1159} INFO - Dependencies all met for <TaskInstance: coffee-lake-demo-v1.curl scheduled__2022-06-17T11:52:58.947100+00:00 [queued]>
[2022-06-17 12:08:08,269] {taskinstance.py:1159} INFO - Dependencies all met for <TaskInstance: coffee-lake-demo-v1.curl scheduled__2022-06-17T11:52:58.947100+00:00 [queued]>
[2022-06-17 12:08:08,269] {taskinstance.py:1356} INFO - 
--------------------------------------------------------------------------------
[2022-06-17 12:08:08,269] {taskinstance.py:1357} INFO - Starting attempt 1 of 1
[2022-06-17 12:08:08,270] {taskinstance.py:1358} INFO - 
--------------------------------------------------------------------------------
[2022-06-17 12:08:08,282] {taskinstance.py:1377} INFO - Executing <Task(BashOperator): curl> on 2022-06-17 11:52:58.947100+00:00
[2022-06-17 12:08:08,285] {standard_task_runner.py:52} INFO - Started process 3680 to run task
[2022-06-17 12:08:08,287] {standard_task_runner.py:79} INFO - Running: ['***', 'tasks', 'run', 'coffee-lake-demo-v1', 'curl', 'scheduled__2022-06-17T11:52:58.947100+00:00', '--job-id', '18', '--raw', '--subdir', 'DAGS_FOLDER/test_dag.py', '--cfg-path', '/tmp/tmp5g48atk7', '--error-file', '/tmp/tmp33hrbpsd']
[2022-06-17 12:08:08,288] {standard_task_runner.py:80} INFO - Job 18: Subtask curl
[2022-06-17 12:08:08,330] {task_command.py:370} INFO - Running <TaskInstance: coffee-lake-demo-v1.curl scheduled__2022-06-17T11:52:58.947100+00:00 [running]> on host f0a3c4865e95
[2022-06-17 12:08:08,386] {taskinstance.py:1571} INFO - Exporting the following env vars:
AIRFLOW_CTX_DAG_OWNER=***
AIRFLOW_CTX_DAG_ID=coffee-lake-demo-v1
AIRFLOW_CTX_TASK_ID=curl
AIRFLOW_CTX_EXECUTION_DATE=2022-06-17T11:52:58.947100+00:00
AIRFLOW_CTX_TRY_NUMBER=1
AIRFLOW_CTX_DAG_RUN_ID=scheduled__2022-06-17T11:52:58.947100+00:00
[2022-06-17 12:08:08,387] {subprocess.py:62} INFO - Tmp dir root location: 
 /tmp
[2022-06-17 12:08:08,388] {subprocess.py:74} INFO - Running command: ['bash', '-c', 'curl -X POST -H \'Content-type: application/json\' --data \'{"text" : "hello, coffee!"}\' "https://discord.com/api/webhooks/986224448984195082/pQp4GNcVWh-J2XtmIycVnjxYuGRGVIYFeveDRS5EwvgmGozthyd_alj8wbeKhfVn9SSk/slack"']
[2022-06-17 12:08:08,395] {subprocess.py:85} INFO - Output:
[2022-06-17 12:08:08,400] {subprocess.py:92} INFO -   % Total    % Received % Xferd  Average Speed   Time    Time     Time  Current
[2022-06-17 12:08:08,401] {subprocess.py:92} INFO -                                  Dload  Upload   Total   Spent    Left  Speed
[2022-06-17 12:08:09,018] {subprocess.py:92} INFO -   0     0    0     0    0     0      0      0 --:--:-- --:--:-- --:--:--     0100    29    0     2  100    27      3     43 --:--:-- --:--:-- --:--:--    47
[2022-06-17 12:08:09,020] {subprocess.py:92} INFO - ok
[2022-06-17 12:08:09,020] {subprocess.py:96} INFO - Command exited with return code 0
[2022-06-17 12:08:09,072] {taskinstance.py:1400} INFO - Marking task as SUCCESS. dag_id=coffee-lake-demo-v1, task_id=curl, execution_date=20220617T115258, start_date=20220617T120808, end_date=20220617T120809
[2022-06-17 12:08:09,143] {local_task_job.py:156} INFO - Task exited with return code 0
[2022-06-17 12:08:09,181] {local_task_job.py:273} INFO - 0 downstream tasks scheduled from follow-on schedule check
