[2022-06-18 06:27:18,617] {taskinstance.py:1159} INFO - Dependencies all met for <TaskInstance: coffee_lake_scrapers-v1.t1_end_msg manual__2022-06-18T06:27:09.118890+00:00 [queued]>
[2022-06-18 06:27:18,626] {taskinstance.py:1159} INFO - Dependencies all met for <TaskInstance: coffee_lake_scrapers-v1.t1_end_msg manual__2022-06-18T06:27:09.118890+00:00 [queued]>
[2022-06-18 06:27:18,627] {taskinstance.py:1356} INFO - 
--------------------------------------------------------------------------------
[2022-06-18 06:27:18,627] {taskinstance.py:1357} INFO - Starting attempt 1 of 1
[2022-06-18 06:27:18,627] {taskinstance.py:1358} INFO - 
--------------------------------------------------------------------------------
[2022-06-18 06:27:18,638] {taskinstance.py:1377} INFO - Executing <Task(BashOperator): t1_end_msg> on 2022-06-18 06:27:09.118890+00:00
[2022-06-18 06:27:18,642] {standard_task_runner.py:52} INFO - Started process 807 to run task
[2022-06-18 06:27:18,644] {standard_task_runner.py:79} INFO - Running: ['***', 'tasks', 'run', 'coffee_lake_scrapers-v1', 't1_end_msg', 'manual__2022-06-18T06:27:09.118890+00:00', '--job-id', '426', '--raw', '--subdir', 'DAGS_FOLDER/scraper_dag.py', '--cfg-path', '/tmp/tmplxp3yy0g', '--error-file', '/tmp/tmp9yie34kv']
[2022-06-18 06:27:18,645] {standard_task_runner.py:80} INFO - Job 426: Subtask t1_end_msg
[2022-06-18 06:27:18,684] {task_command.py:370} INFO - Running <TaskInstance: coffee_lake_scrapers-v1.t1_end_msg manual__2022-06-18T06:27:09.118890+00:00 [running]> on host edf12686294f
[2022-06-18 06:27:18,739] {taskinstance.py:1571} INFO - Exporting the following env vars:
AIRFLOW_CTX_DAG_OWNER=***
AIRFLOW_CTX_DAG_ID=coffee_lake_scrapers-v1
AIRFLOW_CTX_TASK_ID=t1_end_msg
AIRFLOW_CTX_EXECUTION_DATE=2022-06-18T06:27:09.118890+00:00
AIRFLOW_CTX_TRY_NUMBER=1
AIRFLOW_CTX_DAG_RUN_ID=manual__2022-06-18T06:27:09.118890+00:00
[2022-06-18 06:27:18,741] {subprocess.py:62} INFO - Tmp dir root location: 
 /tmp
[2022-06-18 06:27:18,741] {subprocess.py:74} INFO - Running command: ['bash', '-c', 'curl -X POST -H \'Content-type: application/json\' --data \'{"text" : "ending task 1: scraping"}\' "https://discord.com/api/webhooks/986224448984195082/pQp4GNcVWh-J2XtmIycVnjxYuGRGVIYFeveDRS5EwvgmGozthyd_alj8wbeKhfVn9SSk/slack"']
[2022-06-18 06:27:18,750] {subprocess.py:85} INFO - Output:
[2022-06-18 06:27:18,756] {subprocess.py:92} INFO -   % Total    % Received % Xferd  Average Speed   Time    Time     Time  Current
[2022-06-18 06:27:18,756] {subprocess.py:92} INFO -                                  Dload  Upload   Total   Spent    Left  Speed
[2022-06-18 06:27:19,686] {subprocess.py:92} INFO -   0     0    0     0    0     0      0      0 --:--:-- --:--:-- --:--:--     0100    36    0     0  100    36      0     62 --:--:-- --:--:-- --:--:--    62100    38    0     2  100    36      2     38 --:--:-- --:--:-- --:--:--    40
[2022-06-18 06:27:19,688] {subprocess.py:92} INFO - ok
[2022-06-18 06:27:19,689] {subprocess.py:96} INFO - Command exited with return code 0
[2022-06-18 06:27:19,717] {taskinstance.py:1400} INFO - Marking task as SUCCESS. dag_id=coffee_lake_scrapers-v1, task_id=t1_end_msg, execution_date=20220618T062709, start_date=20220618T062718, end_date=20220618T062719
[2022-06-18 06:27:19,740] {local_task_job.py:156} INFO - Task exited with return code 0
[2022-06-18 06:27:19,784] {local_task_job.py:273} INFO - 1 downstream tasks scheduled from follow-on schedule check
