[2022-06-18 06:35:32,647] {taskinstance.py:1159} INFO - Dependencies all met for <TaskInstance: coffee_lake_demo-v2.inquirer_feed manual__2022-06-18T06:35:24.748600+00:00 [queued]>
[2022-06-18 06:35:32,658] {taskinstance.py:1159} INFO - Dependencies all met for <TaskInstance: coffee_lake_demo-v2.inquirer_feed manual__2022-06-18T06:35:24.748600+00:00 [queued]>
[2022-06-18 06:35:32,659] {taskinstance.py:1356} INFO - 
--------------------------------------------------------------------------------
[2022-06-18 06:35:32,659] {taskinstance.py:1357} INFO - Starting attempt 1 of 1
[2022-06-18 06:35:32,660] {taskinstance.py:1358} INFO - 
--------------------------------------------------------------------------------
[2022-06-18 06:35:32,675] {taskinstance.py:1377} INFO - Executing <Task(_PythonDecoratedOperator): inquirer_feed> on 2022-06-18 06:35:24.748600+00:00
[2022-06-18 06:35:32,681] {standard_task_runner.py:52} INFO - Started process 1461 to run task
[2022-06-18 06:35:32,685] {standard_task_runner.py:79} INFO - Running: ['***', 'tasks', 'run', 'coffee_lake_demo-v2', 'inquirer_feed', 'manual__2022-06-18T06:35:24.748600+00:00', '--job-id', '475', '--raw', '--subdir', 'DAGS_FOLDER/scraper_v2_dag.py', '--cfg-path', '/tmp/tmpbly_frsl', '--error-file', '/tmp/tmppo3ds75f']
[2022-06-18 06:35:32,686] {standard_task_runner.py:80} INFO - Job 475: Subtask inquirer_feed
[2022-06-18 06:35:32,741] {task_command.py:370} INFO - Running <TaskInstance: coffee_lake_demo-v2.inquirer_feed manual__2022-06-18T06:35:24.748600+00:00 [running]> on host edf12686294f
[2022-06-18 06:35:32,909] {taskinstance.py:1571} INFO - Exporting the following env vars:
AIRFLOW_CTX_DAG_OWNER=***
AIRFLOW_CTX_DAG_ID=coffee_lake_demo-v2
AIRFLOW_CTX_TASK_ID=inquirer_feed
AIRFLOW_CTX_EXECUTION_DATE=2022-06-18T06:35:24.748600+00:00
AIRFLOW_CTX_TRY_NUMBER=1
AIRFLOW_CTX_DAG_RUN_ID=manual__2022-06-18T06:35:24.748600+00:00
[2022-06-18 06:35:34,784] {python.py:173} INFO - Done. Returned value was: True
[2022-06-18 06:35:34,813] {taskinstance.py:1400} INFO - Marking task as SUCCESS. dag_id=coffee_lake_demo-v2, task_id=inquirer_feed, execution_date=20220618T063524, start_date=20220618T063532, end_date=20220618T063534
[2022-06-18 06:35:34,866] {local_task_job.py:156} INFO - Task exited with return code 0
[2022-06-18 06:35:34,925] {local_task_job.py:273} INFO - 1 downstream tasks scheduled from follow-on schedule check
