[2022-06-17 12:45:27,479] {taskinstance.py:1159} INFO - Dependencies all met for <TaskInstance: coffee_lake_scrapers-v1.curl_end manual__2022-06-17T12:45:18.802309+00:00 [queued]>
[2022-06-17 12:45:27,489] {taskinstance.py:1159} INFO - Dependencies all met for <TaskInstance: coffee_lake_scrapers-v1.curl_end manual__2022-06-17T12:45:18.802309+00:00 [queued]>
[2022-06-17 12:45:27,490] {taskinstance.py:1356} INFO - 
--------------------------------------------------------------------------------
[2022-06-17 12:45:27,490] {taskinstance.py:1357} INFO - Starting attempt 1 of 1
[2022-06-17 12:45:27,491] {taskinstance.py:1358} INFO - 
--------------------------------------------------------------------------------
[2022-06-17 12:45:27,511] {taskinstance.py:1377} INFO - Executing <Task(BashOperator): curl_end> on 2022-06-17 12:45:18.802309+00:00
[2022-06-17 12:45:27,518] {standard_task_runner.py:52} INFO - Started process 5621 to run task
[2022-06-17 12:45:27,521] {standard_task_runner.py:79} INFO - Running: ['***', 'tasks', 'run', 'coffee_lake_scrapers-v1', 'curl_end', 'manual__2022-06-17T12:45:18.802309+00:00', '--job-id', '43', '--raw', '--subdir', 'DAGS_FOLDER/scraper_dag.py', '--cfg-path', '/tmp/tmpew1zx0fb', '--error-file', '/tmp/tmp73zdsl8i']
[2022-06-17 12:45:27,522] {standard_task_runner.py:80} INFO - Job 43: Subtask curl_end
[2022-06-17 12:45:27,580] {task_command.py:370} INFO - Running <TaskInstance: coffee_lake_scrapers-v1.curl_end manual__2022-06-17T12:45:18.802309+00:00 [running]> on host f0a3c4865e95
[2022-06-17 12:45:27,647] {taskinstance.py:1571} INFO - Exporting the following env vars:
AIRFLOW_CTX_DAG_OWNER=***
AIRFLOW_CTX_DAG_ID=coffee_lake_scrapers-v1
AIRFLOW_CTX_TASK_ID=curl_end
AIRFLOW_CTX_EXECUTION_DATE=2022-06-17T12:45:18.802309+00:00
AIRFLOW_CTX_TRY_NUMBER=1
AIRFLOW_CTX_DAG_RUN_ID=manual__2022-06-17T12:45:18.802309+00:00
[2022-06-17 12:45:27,648] {subprocess.py:62} INFO - Tmp dir root location: 
 /tmp
[2022-06-17 12:45:27,649] {subprocess.py:74} INFO - Running command: ['bash', '-c', 'curl -X POST -H \'Content-type: application/json\' --data \'{"text" : "ending task 1: scraping"}\' "https://discord.com/api/webhooks/986224448984195082/pQp4GNcVWh-J2XtmIycVnjxYuGRGVIYFeveDRS5EwvgmGozthyd_alj8wbeKhfVn9SSk/slack"']
[2022-06-17 12:45:27,661] {subprocess.py:85} INFO - Output:
[2022-06-17 12:45:27,667] {subprocess.py:92} INFO -   % Total    % Received % Xferd  Average Speed   Time    Time     Time  Current
[2022-06-17 12:45:27,668] {subprocess.py:92} INFO -                                  Dload  Upload   Total   Spent    Left  Speed
[2022-06-17 12:45:28,753] {subprocess.py:92} INFO -   0     0    0     0    0     0      0      0 --:--:-- --:--:-- --:--:--     0  0     0    0     0    0     0      0      0 --:--:-- --:--:-- --:--:--     0100    38    0     2  100    36      1     33  0:00:01  0:00:01 --:--:--    35
[2022-06-17 12:45:28,754] {subprocess.py:92} INFO - ok
[2022-06-17 12:45:28,755] {subprocess.py:96} INFO - Command exited with return code 0
[2022-06-17 12:45:28,779] {taskinstance.py:1400} INFO - Marking task as SUCCESS. dag_id=coffee_lake_scrapers-v1, task_id=curl_end, execution_date=20220617T124518, start_date=20220617T124527, end_date=20220617T124528
[2022-06-17 12:45:28,821] {local_task_job.py:156} INFO - Task exited with return code 0
[2022-06-17 12:45:28,846] {local_task_job.py:273} INFO - 0 downstream tasks scheduled from follow-on schedule check
