[2022-06-17 14:08:27,021] {taskinstance.py:1159} INFO - Dependencies all met for <TaskInstance: coffee_lake_scrapers-v1.word_count manual__2022-06-17T14:08:16.007043+00:00 [queued]>
[2022-06-17 14:08:27,036] {taskinstance.py:1159} INFO - Dependencies all met for <TaskInstance: coffee_lake_scrapers-v1.word_count manual__2022-06-17T14:08:16.007043+00:00 [queued]>
[2022-06-17 14:08:27,037] {taskinstance.py:1356} INFO - 
--------------------------------------------------------------------------------
[2022-06-17 14:08:27,037] {taskinstance.py:1357} INFO - Starting attempt 1 of 1
[2022-06-17 14:08:27,037] {taskinstance.py:1358} INFO - 
--------------------------------------------------------------------------------
[2022-06-17 14:08:27,052] {taskinstance.py:1377} INFO - Executing <Task(_PythonDecoratedOperator): word_count> on 2022-06-17 14:08:16.007043+00:00
[2022-06-17 14:08:27,059] {standard_task_runner.py:52} INFO - Started process 1457 to run task
[2022-06-17 14:08:27,062] {standard_task_runner.py:79} INFO - Running: ['***', 'tasks', 'run', 'coffee_lake_scrapers-v1', 'word_count', 'manual__2022-06-17T14:08:16.007043+00:00', '--job-id', '90', '--raw', '--subdir', 'DAGS_FOLDER/scraper_dag.py', '--cfg-path', '/tmp/tmpezjzc3jd', '--error-file', '/tmp/tmp9z3hg547']
[2022-06-17 14:08:27,062] {standard_task_runner.py:80} INFO - Job 90: Subtask word_count
[2022-06-17 14:08:27,120] {task_command.py:370} INFO - Running <TaskInstance: coffee_lake_scrapers-v1.word_count manual__2022-06-17T14:08:16.007043+00:00 [running]> on host 32595384c4c5
[2022-06-17 14:08:27,192] {taskinstance.py:1571} INFO - Exporting the following env vars:
AIRFLOW_CTX_DAG_OWNER=***
AIRFLOW_CTX_DAG_ID=coffee_lake_scrapers-v1
AIRFLOW_CTX_TASK_ID=word_count
AIRFLOW_CTX_EXECUTION_DATE=2022-06-17T14:08:16.007043+00:00
AIRFLOW_CTX_TRY_NUMBER=1
AIRFLOW_CTX_DAG_RUN_ID=manual__2022-06-17T14:08:16.007043+00:00
[2022-06-17 14:08:27,195] {logging_mixin.py:115} INFO - ['inquirer_2022-06-17_01-46-30.csv', 'philstar_2022-06-17_01-48-35.csv', 'philstar_2022-06-17_02-04-26.csv', 'philstar_2022-06-17_02-05-46.csv', 'philstar_2022-06-17_02-07-05.csv', 'philstar_2022-06-17_02-08-20.csv']
[2022-06-17 14:08:27,208] {logging_mixin.py:115} INFO - Empty DataFrame
Columns: [Unnamed: 0]
Index: []
[2022-06-17 14:08:27,230] {logging_mixin.py:115} INFO -    Unnamed: 0  ... guidislink
0           0  ...      False
1           1  ...      False
2           2  ...      False
3           3  ...      False
4           4  ...      False
5           5  ...      False
6           6  ...      False
7           7  ...      False
8           8  ...      False
9           9  ...      False

[10 rows x 15 columns]
[2022-06-17 14:08:27,246] {logging_mixin.py:115} INFO -                                                title  ... guidislink
0  Militiaman killed, 3 companions hurt in Maguin...  ...      False
1    Fire hits iconic Metropolitan Theater in Manila  ...      False
2              2 rebels surrender in Negros Oriental  ...      False
3                             Quake jolts Ilocos Sur  ...      False
4               P27 million marijuana plants torched  ...      False
5             Former press club president found dead  ...      False
6  AFP: Terrorist designation to limit Abu Sayyaf...  ...      False
7     Abra mayor, vice mayor surrender more firearms  ...      False
8           BARMM workers to get P16 daily wage hike  ...      False
9                        81 new soldiers to join AFP  ...      False

[10 rows x 14 columns]
[2022-06-17 14:08:27,261] {logging_mixin.py:115} INFO -                                                title  ... guidislink
0  Militiaman killed, 3 companions hurt in Maguin...  ...      False
1    Fire hits iconic Metropolitan Theater in Manila  ...      False
2              2 rebels surrender in Negros Oriental  ...      False
3                             Quake jolts Ilocos Sur  ...      False
4               P27 million marijuana plants torched  ...      False
5             Former press club president found dead  ...      False
6  AFP: Terrorist designation to limit Abu Sayyaf...  ...      False
7     Abra mayor, vice mayor surrender more firearms  ...      False
8           BARMM workers to get P16 daily wage hike  ...      False
9                        81 new soldiers to join AFP  ...      False

[10 rows x 14 columns]
[2022-06-17 14:08:27,277] {logging_mixin.py:115} INFO -                                                title  ... guidislink
0  Militiaman killed, 3 companions hurt in Maguin...  ...      False
1    Fire hits iconic Metropolitan Theater in Manila  ...      False
2              2 rebels surrender in Negros Oriental  ...      False
3                             Quake jolts Ilocos Sur  ...      False
4               P27 million marijuana plants torched  ...      False
5             Former press club president found dead  ...      False
6  AFP: Terrorist designation to limit Abu Sayyaf...  ...      False
7     Abra mayor, vice mayor surrender more firearms  ...      False
8           BARMM workers to get P16 daily wage hike  ...      False
9                        81 new soldiers to join AFP  ...      False

[10 rows x 14 columns]
[2022-06-17 14:08:27,290] {logging_mixin.py:115} INFO -                                                title  ... guidislink
0  Militiaman killed, 3 companions hurt in Maguin...  ...      False
1    Fire hits iconic Metropolitan Theater in Manila  ...      False
2              2 rebels surrender in Negros Oriental  ...      False
3                             Quake jolts Ilocos Sur  ...      False
4               P27 million marijuana plants torched  ...      False
5             Former press club president found dead  ...      False
6  AFP: Terrorist designation to limit Abu Sayyaf...  ...      False
7     Abra mayor, vice mayor surrender more firearms  ...      False
8           BARMM workers to get P16 daily wage hike  ...      False
9                        81 new soldiers to join AFP  ...      False

[10 rows x 14 columns]
[2022-06-17 14:08:27,291] {python.py:173} INFO - Done. Returned value was: None
[2022-06-17 14:08:27,302] {taskinstance.py:1400} INFO - Marking task as SUCCESS. dag_id=coffee_lake_scrapers-v1, task_id=word_count, execution_date=20220617T140816, start_date=20220617T140827, end_date=20220617T140827
[2022-06-17 14:08:27,316] {local_task_job.py:156} INFO - Task exited with return code 0
[2022-06-17 14:08:27,342] {local_task_job.py:273} INFO - 1 downstream tasks scheduled from follow-on schedule check
