[2022-06-17 19:09:46,076] {taskinstance.py:1159} INFO - Dependencies all met for <TaskInstance: coffee_lake_scrapers-v1.philstar_nation manual__2022-06-17T19:09:42.225577+00:00 [queued]>
[2022-06-17 19:09:46,093] {taskinstance.py:1159} INFO - Dependencies all met for <TaskInstance: coffee_lake_scrapers-v1.philstar_nation manual__2022-06-17T19:09:42.225577+00:00 [queued]>
[2022-06-17 19:09:46,093] {taskinstance.py:1356} INFO - 
--------------------------------------------------------------------------------
[2022-06-17 19:09:46,093] {taskinstance.py:1357} INFO - Starting attempt 1 of 1
[2022-06-17 19:09:46,094] {taskinstance.py:1358} INFO - 
--------------------------------------------------------------------------------
[2022-06-17 19:09:46,113] {taskinstance.py:1377} INFO - Executing <Task(_PythonDecoratedOperator): philstar_nation> on 2022-06-17 19:09:42.225577+00:00
[2022-06-17 19:09:46,119] {standard_task_runner.py:52} INFO - Started process 1734 to run task
[2022-06-17 19:09:46,122] {standard_task_runner.py:79} INFO - Running: ['***', 'tasks', 'run', 'coffee_lake_scrapers-v1', 'philstar_nation', 'manual__2022-06-17T19:09:42.225577+00:00', '--job-id', '278', '--raw', '--subdir', 'DAGS_FOLDER/scraper_dag.py', '--cfg-path', '/tmp/tmpvbam51na', '--error-file', '/tmp/tmpgsmlogxn']
[2022-06-17 19:09:46,123] {standard_task_runner.py:80} INFO - Job 278: Subtask philstar_nation
[2022-06-17 19:09:46,182] {task_command.py:370} INFO - Running <TaskInstance: coffee_lake_scrapers-v1.philstar_nation manual__2022-06-17T19:09:42.225577+00:00 [running]> on host c0a717b7b476
[2022-06-17 19:09:46,275] {taskinstance.py:1571} INFO - Exporting the following env vars:
AIRFLOW_CTX_DAG_OWNER=***
AIRFLOW_CTX_DAG_ID=coffee_lake_scrapers-v1
AIRFLOW_CTX_TASK_ID=philstar_nation
AIRFLOW_CTX_EXECUTION_DATE=2022-06-17T19:09:42.225577+00:00
AIRFLOW_CTX_TRY_NUMBER=1
AIRFLOW_CTX_DAG_RUN_ID=manual__2022-06-17T19:09:42.225577+00:00
[2022-06-17 19:09:47,341] {python.py:173} INFO - Done. Returned value was: None
[2022-06-17 19:09:47,362] {taskinstance.py:1400} INFO - Marking task as SUCCESS. dag_id=coffee_lake_scrapers-v1, task_id=philstar_nation, execution_date=20220617T190942, start_date=20220617T190946, end_date=20220617T190947
[2022-06-17 19:09:47,429] {local_task_job.py:156} INFO - Task exited with return code 0
[2022-06-17 19:09:47,498] {local_task_job.py:273} INFO - 1 downstream tasks scheduled from follow-on schedule check
