[2022-06-17 18:16:23,874] {taskinstance.py:1159} INFO - Dependencies all met for <TaskInstance: coffee_lake_scrapers-v1.load_data manual__2022-06-17T18:15:47.159479+00:00 [queued]>
[2022-06-17 18:16:23,891] {taskinstance.py:1159} INFO - Dependencies all met for <TaskInstance: coffee_lake_scrapers-v1.load_data manual__2022-06-17T18:15:47.159479+00:00 [queued]>
[2022-06-17 18:16:23,892] {taskinstance.py:1356} INFO - 
--------------------------------------------------------------------------------
[2022-06-17 18:16:23,893] {taskinstance.py:1357} INFO - Starting attempt 1 of 1
[2022-06-17 18:16:23,894] {taskinstance.py:1358} INFO - 
--------------------------------------------------------------------------------
[2022-06-17 18:16:23,920] {taskinstance.py:1377} INFO - Executing <Task(_PythonDecoratedOperator): load_data> on 2022-06-17 18:15:47.159479+00:00
[2022-06-17 18:16:23,927] {standard_task_runner.py:52} INFO - Started process 325 to run task
[2022-06-17 18:16:23,931] {standard_task_runner.py:79} INFO - Running: ['***', 'tasks', 'run', 'coffee_lake_scrapers-v1', 'load_data', 'manual__2022-06-17T18:15:47.159479+00:00', '--job-id', '187', '--raw', '--subdir', 'DAGS_FOLDER/scraper_dag.py', '--cfg-path', '/tmp/tmp1hdgktyb', '--error-file', '/tmp/tmp0bdz4hnp']
[2022-06-17 18:16:23,933] {standard_task_runner.py:80} INFO - Job 187: Subtask load_data
[2022-06-17 18:16:24,018] {task_command.py:370} INFO - Running <TaskInstance: coffee_lake_scrapers-v1.load_data manual__2022-06-17T18:15:47.159479+00:00 [running]> on host 97782298a5be
[2022-06-17 18:16:24,176] {taskinstance.py:1571} INFO - Exporting the following env vars:
AIRFLOW_CTX_DAG_OWNER=***
AIRFLOW_CTX_DAG_ID=coffee_lake_scrapers-v1
AIRFLOW_CTX_TASK_ID=load_data
AIRFLOW_CTX_EXECUTION_DATE=2022-06-17T18:15:47.159479+00:00
AIRFLOW_CTX_TRY_NUMBER=1
AIRFLOW_CTX_DAG_RUN_ID=manual__2022-06-17T18:15:47.159479+00:00
[2022-06-17 18:16:26,249] {python.py:173} INFO - Done. Returned value was: None
[2022-06-17 18:16:26,279] {taskinstance.py:1400} INFO - Marking task as SUCCESS. dag_id=coffee_lake_scrapers-v1, task_id=load_data, execution_date=20220617T181547, start_date=20220617T181623, end_date=20220617T181626
[2022-06-17 18:16:26,355] {local_task_job.py:156} INFO - Task exited with return code 0
[2022-06-17 18:16:26,438] {local_task_job.py:273} INFO - 1 downstream tasks scheduled from follow-on schedule check
