[2022-06-17 11:53:28,823] {taskinstance.py:1159} INFO - Dependencies all met for <TaskInstance: coffee-lake-demo-v1.sleep scheduled__2022-06-17T11:37:58.947100+00:00 [queued]>
[2022-06-17 11:53:28,846] {taskinstance.py:1159} INFO - Dependencies all met for <TaskInstance: coffee-lake-demo-v1.sleep scheduled__2022-06-17T11:37:58.947100+00:00 [queued]>
[2022-06-17 11:53:28,847] {taskinstance.py:1356} INFO - 
--------------------------------------------------------------------------------
[2022-06-17 11:53:28,847] {taskinstance.py:1357} INFO - Starting attempt 1 of 1
[2022-06-17 11:53:28,847] {taskinstance.py:1358} INFO - 
--------------------------------------------------------------------------------
[2022-06-17 11:53:28,876] {taskinstance.py:1377} INFO - Executing <Task(BashOperator): sleep> on 2022-06-17 11:37:58.947100+00:00
[2022-06-17 11:53:28,881] {standard_task_runner.py:52} INFO - Started process 2905 to run task
[2022-06-17 11:53:28,884] {standard_task_runner.py:79} INFO - Running: ['***', 'tasks', 'run', 'coffee-lake-demo-v1', 'sleep', 'scheduled__2022-06-17T11:37:58.947100+00:00', '--job-id', '4', '--raw', '--subdir', 'DAGS_FOLDER/test_dag.py', '--cfg-path', '/tmp/tmp3q554zev', '--error-file', '/tmp/tmpdkxqqp5b']
[2022-06-17 11:53:28,885] {standard_task_runner.py:80} INFO - Job 4: Subtask sleep
[2022-06-17 11:53:28,958] {task_command.py:370} INFO - Running <TaskInstance: coffee-lake-demo-v1.sleep scheduled__2022-06-17T11:37:58.947100+00:00 [running]> on host f0a3c4865e95
[2022-06-17 11:53:29,144] {taskinstance.py:1571} INFO - Exporting the following env vars:
AIRFLOW_CTX_DAG_OWNER=***
AIRFLOW_CTX_DAG_ID=coffee-lake-demo-v1
AIRFLOW_CTX_TASK_ID=sleep
AIRFLOW_CTX_EXECUTION_DATE=2022-06-17T11:37:58.947100+00:00
AIRFLOW_CTX_TRY_NUMBER=1
AIRFLOW_CTX_DAG_RUN_ID=scheduled__2022-06-17T11:37:58.947100+00:00
[2022-06-17 11:53:29,146] {subprocess.py:62} INFO - Tmp dir root location: 
 /tmp
[2022-06-17 11:53:29,148] {subprocess.py:74} INFO - Running command: ['bash', '-c', 'sleep 5']
[2022-06-17 11:53:29,164] {subprocess.py:85} INFO - Output:
[2022-06-17 11:53:34,174] {subprocess.py:96} INFO - Command exited with return code 0
[2022-06-17 11:53:34,243] {taskinstance.py:1400} INFO - Marking task as SUCCESS. dag_id=coffee-lake-demo-v1, task_id=sleep, execution_date=20220617T113758, start_date=20220617T115328, end_date=20220617T115334
[2022-06-17 11:53:34,323] {local_task_job.py:156} INFO - Task exited with return code 0
[2022-06-17 11:53:34,370] {local_task_job.py:273} INFO - 1 downstream tasks scheduled from follow-on schedule check
