[2022-06-17 20:16:04,473] {taskinstance.py:1159} INFO - Dependencies all met for <TaskInstance: coffee_lake_scrapers-v1.t4_start_msg manual__2022-06-17T20:15:31.863976+00:00 [queued]>
[2022-06-17 20:16:04,481] {taskinstance.py:1159} INFO - Dependencies all met for <TaskInstance: coffee_lake_scrapers-v1.t4_start_msg manual__2022-06-17T20:15:31.863976+00:00 [queued]>
[2022-06-17 20:16:04,481] {taskinstance.py:1356} INFO - 
--------------------------------------------------------------------------------
[2022-06-17 20:16:04,481] {taskinstance.py:1357} INFO - Starting attempt 1 of 1
[2022-06-17 20:16:04,482] {taskinstance.py:1358} INFO - 
--------------------------------------------------------------------------------
[2022-06-17 20:16:04,493] {taskinstance.py:1377} INFO - Executing <Task(BashOperator): t4_start_msg> on 2022-06-17 20:15:31.863976+00:00
[2022-06-17 20:16:04,497] {standard_task_runner.py:52} INFO - Started process 1265 to run task
[2022-06-17 20:16:04,499] {standard_task_runner.py:79} INFO - Running: ['***', 'tasks', 'run', 'coffee_lake_scrapers-v1', 't4_start_msg', 'manual__2022-06-17T20:15:31.863976+00:00', '--job-id', '348', '--raw', '--subdir', 'DAGS_FOLDER/scraper_dag.py', '--cfg-path', '/tmp/tmp3nkuh6ou', '--error-file', '/tmp/tmp680se3fa']
[2022-06-17 20:16:04,500] {standard_task_runner.py:80} INFO - Job 348: Subtask t4_start_msg
[2022-06-17 20:16:04,543] {task_command.py:370} INFO - Running <TaskInstance: coffee_lake_scrapers-v1.t4_start_msg manual__2022-06-17T20:15:31.863976+00:00 [running]> on host 5a879d076420
[2022-06-17 20:16:04,618] {taskinstance.py:1571} INFO - Exporting the following env vars:
AIRFLOW_CTX_DAG_OWNER=***
AIRFLOW_CTX_DAG_ID=coffee_lake_scrapers-v1
AIRFLOW_CTX_TASK_ID=t4_start_msg
AIRFLOW_CTX_EXECUTION_DATE=2022-06-17T20:15:31.863976+00:00
AIRFLOW_CTX_TRY_NUMBER=1
AIRFLOW_CTX_DAG_RUN_ID=manual__2022-06-17T20:15:31.863976+00:00
[2022-06-17 20:16:04,621] {subprocess.py:62} INFO - Tmp dir root location: 
 /tmp
[2022-06-17 20:16:04,623] {subprocess.py:74} INFO - Running command: ['bash', '-c', 'curl -X POST -H \'Content-type: application/json\' --data \'{"text" : "starting task 4: loading - osm street images "}\' "https://discord.com/api/webhooks/986224448984195082/pQp4GNcVWh-J2XtmIycVnjxYuGRGVIYFeveDRS5EwvgmGozthyd_alj8wbeKhfVn9SSk/slack"']
[2022-06-17 20:16:04,642] {subprocess.py:85} INFO - Output:
[2022-06-17 20:16:04,699] {subprocess.py:92} INFO -   % Total    % Received % Xferd  Average Speed   Time    Time     Time  Current
[2022-06-17 20:16:04,699] {subprocess.py:92} INFO -                                  Dload  Upload   Total   Spent    Left  Speed
[2022-06-17 20:16:05,177] {subprocess.py:92} INFO -   0     0    0     0    0     0      0      0 --:--:-- --:--:-- --:--:--     0100    60    0     2  100    58      3    110 --:--:-- --:--:-- --:--:--   125100    60    0     2  100    58      3    110 --:--:-- --:--:-- --:--:--   125
[2022-06-17 20:16:05,179] {subprocess.py:92} INFO - ok
[2022-06-17 20:16:05,179] {subprocess.py:96} INFO - Command exited with return code 0
[2022-06-17 20:16:05,204] {taskinstance.py:1400} INFO - Marking task as SUCCESS. dag_id=coffee_lake_scrapers-v1, task_id=t4_start_msg, execution_date=20220617T201531, start_date=20220617T201604, end_date=20220617T201605
[2022-06-17 20:16:05,234] {local_task_job.py:156} INFO - Task exited with return code 0
[2022-06-17 20:16:05,274] {local_task_job.py:273} INFO - 2 downstream tasks scheduled from follow-on schedule check
