[2022-06-18 06:35:36,307] {taskinstance.py:1159} INFO - Dependencies all met for <TaskInstance: coffee_lake_demo-v2.t1_end_msg manual__2022-06-18T06:35:24.748600+00:00 [queued]>
[2022-06-18 06:35:36,315] {taskinstance.py:1159} INFO - Dependencies all met for <TaskInstance: coffee_lake_demo-v2.t1_end_msg manual__2022-06-18T06:35:24.748600+00:00 [queued]>
[2022-06-18 06:35:36,316] {taskinstance.py:1356} INFO - 
--------------------------------------------------------------------------------
[2022-06-18 06:35:36,316] {taskinstance.py:1357} INFO - Starting attempt 1 of 1
[2022-06-18 06:35:36,316] {taskinstance.py:1358} INFO - 
--------------------------------------------------------------------------------
[2022-06-18 06:35:36,328] {taskinstance.py:1377} INFO - Executing <Task(BashOperator): t1_end_msg> on 2022-06-18 06:35:24.748600+00:00
[2022-06-18 06:35:36,334] {standard_task_runner.py:52} INFO - Started process 1480 to run task
[2022-06-18 06:35:36,337] {standard_task_runner.py:79} INFO - Running: ['***', 'tasks', 'run', 'coffee_lake_demo-v2', 't1_end_msg', 'manual__2022-06-18T06:35:24.748600+00:00', '--job-id', '476', '--raw', '--subdir', 'DAGS_FOLDER/scraper_v2_dag.py', '--cfg-path', '/tmp/tmp73tt2l0a', '--error-file', '/tmp/tmp6bz1a019']
[2022-06-18 06:35:36,337] {standard_task_runner.py:80} INFO - Job 476: Subtask t1_end_msg
[2022-06-18 06:35:36,391] {task_command.py:370} INFO - Running <TaskInstance: coffee_lake_demo-v2.t1_end_msg manual__2022-06-18T06:35:24.748600+00:00 [running]> on host edf12686294f
[2022-06-18 06:35:36,468] {taskinstance.py:1571} INFO - Exporting the following env vars:
AIRFLOW_CTX_DAG_OWNER=***
AIRFLOW_CTX_DAG_ID=coffee_lake_demo-v2
AIRFLOW_CTX_TASK_ID=t1_end_msg
AIRFLOW_CTX_EXECUTION_DATE=2022-06-18T06:35:24.748600+00:00
AIRFLOW_CTX_TRY_NUMBER=1
AIRFLOW_CTX_DAG_RUN_ID=manual__2022-06-18T06:35:24.748600+00:00
[2022-06-18 06:35:36,470] {subprocess.py:62} INFO - Tmp dir root location: 
 /tmp
[2022-06-18 06:35:36,471] {subprocess.py:74} INFO - Running command: ['bash', '-c', 'curl -X POST -H \'Content-type: application/json\' --data \'{"text" : "ending task 1: scraping"}\' "https://discord.com/api/webhooks/986224448984195082/pQp4GNcVWh-J2XtmIycVnjxYuGRGVIYFeveDRS5EwvgmGozthyd_alj8wbeKhfVn9SSk/slack"']
[2022-06-18 06:35:36,486] {subprocess.py:85} INFO - Output:
[2022-06-18 06:35:36,495] {subprocess.py:92} INFO -   % Total    % Received % Xferd  Average Speed   Time    Time     Time  Current
[2022-06-18 06:35:36,496] {subprocess.py:92} INFO -                                  Dload  Upload   Total   Spent    Left  Speed
[2022-06-18 06:35:37,045] {subprocess.py:92} INFO -   0     0    0     0    0     0      0      0 --:--:-- --:--:-- --:--:--     0100    38    0     2  100    36      3     65 --:--:-- --:--:-- --:--:--    69
[2022-06-18 06:35:37,047] {subprocess.py:92} INFO - ok
[2022-06-18 06:35:37,047] {subprocess.py:96} INFO - Command exited with return code 0
[2022-06-18 06:35:37,072] {taskinstance.py:1400} INFO - Marking task as SUCCESS. dag_id=coffee_lake_demo-v2, task_id=t1_end_msg, execution_date=20220618T063524, start_date=20220618T063536, end_date=20220618T063537
[2022-06-18 06:35:37,111] {local_task_job.py:156} INFO - Task exited with return code 0
[2022-06-18 06:35:37,145] {local_task_job.py:273} INFO - 1 downstream tasks scheduled from follow-on schedule check
