[2022-06-17 19:10:51,479] {taskinstance.py:1159} INFO - Dependencies all met for <TaskInstance: coffee_lake_scrapers-v1.philstar_nation manual__2022-06-17T19:10:47.123316+00:00 [queued]>
[2022-06-17 19:10:51,489] {taskinstance.py:1159} INFO - Dependencies all met for <TaskInstance: coffee_lake_scrapers-v1.philstar_nation manual__2022-06-17T19:10:47.123316+00:00 [queued]>
[2022-06-17 19:10:51,489] {taskinstance.py:1356} INFO - 
--------------------------------------------------------------------------------
[2022-06-17 19:10:51,490] {taskinstance.py:1357} INFO - Starting attempt 1 of 1
[2022-06-17 19:10:51,490] {taskinstance.py:1358} INFO - 
--------------------------------------------------------------------------------
[2022-06-17 19:10:51,503] {taskinstance.py:1377} INFO - Executing <Task(_PythonDecoratedOperator): philstar_nation> on 2022-06-17 19:10:47.123316+00:00
[2022-06-17 19:10:51,509] {standard_task_runner.py:52} INFO - Started process 1861 to run task
[2022-06-17 19:10:51,511] {standard_task_runner.py:79} INFO - Running: ['***', 'tasks', 'run', 'coffee_lake_scrapers-v1', 'philstar_nation', 'manual__2022-06-17T19:10:47.123316+00:00', '--job-id', '290', '--raw', '--subdir', 'DAGS_FOLDER/scraper_dag.py', '--cfg-path', '/tmp/tmp3gio32mf', '--error-file', '/tmp/tmpey9n9t_6']
[2022-06-17 19:10:51,512] {standard_task_runner.py:80} INFO - Job 290: Subtask philstar_nation
[2022-06-17 19:10:51,565] {task_command.py:370} INFO - Running <TaskInstance: coffee_lake_scrapers-v1.philstar_nation manual__2022-06-17T19:10:47.123316+00:00 [running]> on host c0a717b7b476
[2022-06-17 19:10:51,629] {taskinstance.py:1571} INFO - Exporting the following env vars:
AIRFLOW_CTX_DAG_OWNER=***
AIRFLOW_CTX_DAG_ID=coffee_lake_scrapers-v1
AIRFLOW_CTX_TASK_ID=philstar_nation
AIRFLOW_CTX_EXECUTION_DATE=2022-06-17T19:10:47.123316+00:00
AIRFLOW_CTX_TRY_NUMBER=1
AIRFLOW_CTX_DAG_RUN_ID=manual__2022-06-17T19:10:47.123316+00:00
[2022-06-17 19:10:54,614] {python.py:173} INFO - Done. Returned value was: None
[2022-06-17 19:10:54,624] {taskinstance.py:1400} INFO - Marking task as SUCCESS. dag_id=coffee_lake_scrapers-v1, task_id=philstar_nation, execution_date=20220617T191047, start_date=20220617T191051, end_date=20220617T191054
[2022-06-17 19:10:54,657] {local_task_job.py:156} INFO - Task exited with return code 0
[2022-06-17 19:10:54,692] {local_task_job.py:273} INFO - 1 downstream tasks scheduled from follow-on schedule check
