[2022-06-18 06:24:38,995] {taskinstance.py:1159} INFO - Dependencies all met for <TaskInstance: coffee-lake-demo-v2.curl scheduled__2022-06-18T06:09:01.614060+00:00 [queued]>
[2022-06-18 06:24:39,012] {taskinstance.py:1159} INFO - Dependencies all met for <TaskInstance: coffee-lake-demo-v2.curl scheduled__2022-06-18T06:09:01.614060+00:00 [queued]>
[2022-06-18 06:24:39,013] {taskinstance.py:1356} INFO - 
--------------------------------------------------------------------------------
[2022-06-18 06:24:39,013] {taskinstance.py:1357} INFO - Starting attempt 1 of 1
[2022-06-18 06:24:39,013] {taskinstance.py:1358} INFO - 
--------------------------------------------------------------------------------
[2022-06-18 06:24:39,029] {taskinstance.py:1377} INFO - Executing <Task(BashOperator): curl> on 2022-06-18 06:09:01.614060+00:00
[2022-06-18 06:24:39,033] {standard_task_runner.py:52} INFO - Started process 662 to run task
[2022-06-18 06:24:39,036] {standard_task_runner.py:79} INFO - Running: ['***', 'tasks', 'run', 'coffee-lake-demo-v2', 'curl', 'scheduled__2022-06-18T06:09:01.614060+00:00', '--job-id', '423', '--raw', '--subdir', 'DAGS_FOLDER/test_dag.py', '--cfg-path', '/tmp/tmp2lgc33nt', '--error-file', '/tmp/tmp0p9beu6a']
[2022-06-18 06:24:39,036] {standard_task_runner.py:80} INFO - Job 423: Subtask curl
[2022-06-18 06:24:39,084] {task_command.py:370} INFO - Running <TaskInstance: coffee-lake-demo-v2.curl scheduled__2022-06-18T06:09:01.614060+00:00 [running]> on host edf12686294f
[2022-06-18 06:24:39,146] {taskinstance.py:1571} INFO - Exporting the following env vars:
AIRFLOW_CTX_DAG_OWNER=***
AIRFLOW_CTX_DAG_ID=coffee-lake-demo-v2
AIRFLOW_CTX_TASK_ID=curl
AIRFLOW_CTX_EXECUTION_DATE=2022-06-18T06:09:01.614060+00:00
AIRFLOW_CTX_TRY_NUMBER=1
AIRFLOW_CTX_DAG_RUN_ID=scheduled__2022-06-18T06:09:01.614060+00:00
[2022-06-18 06:24:39,147] {subprocess.py:62} INFO - Tmp dir root location: 
 /tmp
[2022-06-18 06:24:39,148] {subprocess.py:74} INFO - Running command: ['bash', '-c', 'curl -X POST -H \'Content-type: application/json\' --data \'{"text" : "presentation time (fem/hans) test!"}\' "https://discord.com/api/webhooks/986224448984195082/pQp4GNcVWh-J2XtmIycVnjxYuGRGVIYFeveDRS5EwvgmGozthyd_alj8wbeKhfVn9SSk/slack"']
[2022-06-18 06:24:39,160] {subprocess.py:85} INFO - Output:
[2022-06-18 06:24:39,168] {subprocess.py:92} INFO -   % Total    % Received % Xferd  Average Speed   Time    Time     Time  Current
[2022-06-18 06:24:39,169] {subprocess.py:92} INFO -                                  Dload  Upload   Total   Spent    Left  Speed
[2022-06-18 06:24:40,211] {subprocess.py:92} INFO -   0     0    0     0    0     0      0      0 --:--:-- --:--:-- --:--:--     0  0     0    0     0    0     0      0      0 --:--:-- --:--:-- --:--:--     0100    49    0     2  100    47      1     45  0:00:01  0:00:01 --:--:--    46
[2022-06-18 06:24:40,214] {subprocess.py:92} INFO - ok
[2022-06-18 06:24:40,214] {subprocess.py:96} INFO - Command exited with return code 0
[2022-06-18 06:24:40,245] {taskinstance.py:1400} INFO - Marking task as SUCCESS. dag_id=coffee-lake-demo-v2, task_id=curl, execution_date=20220618T060901, start_date=20220618T062438, end_date=20220618T062440
[2022-06-18 06:24:40,293] {local_task_job.py:156} INFO - Task exited with return code 0
[2022-06-18 06:24:40,321] {local_task_job.py:273} INFO - 0 downstream tasks scheduled from follow-on schedule check
