[2022-06-18 07:24:02,764] {taskinstance.py:1159} INFO - Dependencies all met for <TaskInstance: coffee_lake_demo-v2.inquirer_feed manual__2022-06-18T07:23:54.585592+00:00 [queued]>
[2022-06-18 07:24:02,780] {taskinstance.py:1159} INFO - Dependencies all met for <TaskInstance: coffee_lake_demo-v2.inquirer_feed manual__2022-06-18T07:23:54.585592+00:00 [queued]>
[2022-06-18 07:24:02,780] {taskinstance.py:1356} INFO - 
--------------------------------------------------------------------------------
[2022-06-18 07:24:02,780] {taskinstance.py:1357} INFO - Starting attempt 1 of 1
[2022-06-18 07:24:02,781] {taskinstance.py:1358} INFO - 
--------------------------------------------------------------------------------
[2022-06-18 07:24:02,798] {taskinstance.py:1377} INFO - Executing <Task(_PythonDecoratedOperator): inquirer_feed> on 2022-06-18 07:23:54.585592+00:00
[2022-06-18 07:24:02,806] {standard_task_runner.py:52} INFO - Started process 2179 to run task
[2022-06-18 07:24:02,811] {standard_task_runner.py:79} INFO - Running: ['***', 'tasks', 'run', 'coffee_lake_demo-v2', 'inquirer_feed', 'manual__2022-06-18T07:23:54.585592+00:00', '--job-id', '567', '--raw', '--subdir', 'DAGS_FOLDER/scraper_v2_dag.py', '--cfg-path', '/tmp/tmp9ar0zzzk', '--error-file', '/tmp/tmpmcb_65px']
[2022-06-18 07:24:02,812] {standard_task_runner.py:80} INFO - Job 567: Subtask inquirer_feed
[2022-06-18 07:24:02,904] {task_command.py:370} INFO - Running <TaskInstance: coffee_lake_demo-v2.inquirer_feed manual__2022-06-18T07:23:54.585592+00:00 [running]> on host 312614bad459
[2022-06-18 07:24:02,987] {taskinstance.py:1571} INFO - Exporting the following env vars:
AIRFLOW_CTX_DAG_OWNER=***
AIRFLOW_CTX_DAG_ID=coffee_lake_demo-v2
AIRFLOW_CTX_TASK_ID=inquirer_feed
AIRFLOW_CTX_EXECUTION_DATE=2022-06-18T07:23:54.585592+00:00
AIRFLOW_CTX_TRY_NUMBER=1
AIRFLOW_CTX_DAG_RUN_ID=manual__2022-06-18T07:23:54.585592+00:00
[2022-06-18 07:24:04,544] {python.py:173} INFO - Done. Returned value was: True
[2022-06-18 07:24:04,579] {taskinstance.py:1400} INFO - Marking task as SUCCESS. dag_id=coffee_lake_demo-v2, task_id=inquirer_feed, execution_date=20220618T072354, start_date=20220618T072402, end_date=20220618T072404
[2022-06-18 07:24:04,629] {local_task_job.py:156} INFO - Task exited with return code 0
[2022-06-18 07:24:04,675] {local_task_job.py:273} INFO - 0 downstream tasks scheduled from follow-on schedule check
