[2022-06-18 07:24:29,803] {taskinstance.py:1159} INFO - Dependencies all met for <TaskInstance: coffee_lake_demo-v2.delete_residuals manual__2022-06-18T07:23:54.585592+00:00 [queued]>
[2022-06-18 07:24:29,811] {taskinstance.py:1159} INFO - Dependencies all met for <TaskInstance: coffee_lake_demo-v2.delete_residuals manual__2022-06-18T07:23:54.585592+00:00 [queued]>
[2022-06-18 07:24:29,812] {taskinstance.py:1356} INFO - 
--------------------------------------------------------------------------------
[2022-06-18 07:24:29,812] {taskinstance.py:1357} INFO - Starting attempt 1 of 1
[2022-06-18 07:24:29,812] {taskinstance.py:1358} INFO - 
--------------------------------------------------------------------------------
[2022-06-18 07:24:29,822] {taskinstance.py:1377} INFO - Executing <Task(_PythonDecoratedOperator): delete_residuals> on 2022-06-18 07:23:54.585592+00:00
[2022-06-18 07:24:29,828] {standard_task_runner.py:52} INFO - Started process 2254 to run task
[2022-06-18 07:24:29,830] {standard_task_runner.py:79} INFO - Running: ['***', 'tasks', 'run', 'coffee_lake_demo-v2', 'delete_residuals', 'manual__2022-06-18T07:23:54.585592+00:00', '--job-id', '577', '--raw', '--subdir', 'DAGS_FOLDER/scraper_v2_dag.py', '--cfg-path', '/tmp/tmp76yawyw9', '--error-file', '/tmp/tmperyf8dir']
[2022-06-18 07:24:29,830] {standard_task_runner.py:80} INFO - Job 577: Subtask delete_residuals
[2022-06-18 07:24:29,869] {task_command.py:370} INFO - Running <TaskInstance: coffee_lake_demo-v2.delete_residuals manual__2022-06-18T07:23:54.585592+00:00 [running]> on host 312614bad459
[2022-06-18 07:24:29,921] {taskinstance.py:1571} INFO - Exporting the following env vars:
AIRFLOW_CTX_DAG_OWNER=***
AIRFLOW_CTX_DAG_ID=coffee_lake_demo-v2
AIRFLOW_CTX_TASK_ID=delete_residuals
AIRFLOW_CTX_EXECUTION_DATE=2022-06-18T07:23:54.585592+00:00
AIRFLOW_CTX_TRY_NUMBER=1
AIRFLOW_CTX_DAG_RUN_ID=manual__2022-06-18T07:23:54.585592+00:00
[2022-06-18 07:24:29,929] {python.py:173} INFO - Done. Returned value was: None
[2022-06-18 07:24:29,939] {taskinstance.py:1400} INFO - Marking task as SUCCESS. dag_id=coffee_lake_demo-v2, task_id=delete_residuals, execution_date=20220618T072354, start_date=20220618T072429, end_date=20220618T072429
[2022-06-18 07:24:29,963] {local_task_job.py:156} INFO - Task exited with return code 0
[2022-06-18 07:24:29,994] {local_task_job.py:273} INFO - 1 downstream tasks scheduled from follow-on schedule check
