[2022-06-17 18:45:51,353] {taskinstance.py:1159} INFO - Dependencies all met for <TaskInstance: coffee_lake_scrapers-v1.t1_start_msg manual__2022-06-17T18:45:48.578441+00:00 [queued]>
[2022-06-17 18:45:51,363] {taskinstance.py:1159} INFO - Dependencies all met for <TaskInstance: coffee_lake_scrapers-v1.t1_start_msg manual__2022-06-17T18:45:48.578441+00:00 [queued]>
[2022-06-17 18:45:51,364] {taskinstance.py:1356} INFO - 
--------------------------------------------------------------------------------
[2022-06-17 18:45:51,364] {taskinstance.py:1357} INFO - Starting attempt 1 of 1
[2022-06-17 18:45:51,365] {taskinstance.py:1358} INFO - 
--------------------------------------------------------------------------------
[2022-06-17 18:45:51,379] {taskinstance.py:1377} INFO - Executing <Task(BashOperator): t1_start_msg> on 2022-06-17 18:45:48.578441+00:00
[2022-06-17 18:45:51,383] {standard_task_runner.py:52} INFO - Started process 222 to run task
[2022-06-17 18:45:51,386] {standard_task_runner.py:79} INFO - Running: ['***', 'tasks', 'run', 'coffee_lake_scrapers-v1', 't1_start_msg', 'manual__2022-06-17T18:45:48.578441+00:00', '--job-id', '216', '--raw', '--subdir', 'DAGS_FOLDER/scraper_dag.py', '--cfg-path', '/tmp/tmp93fvxuos', '--error-file', '/tmp/tmpl86jcxv7']
[2022-06-17 18:45:51,387] {standard_task_runner.py:80} INFO - Job 216: Subtask t1_start_msg
[2022-06-17 18:45:51,451] {task_command.py:370} INFO - Running <TaskInstance: coffee_lake_scrapers-v1.t1_start_msg manual__2022-06-17T18:45:48.578441+00:00 [running]> on host c0a717b7b476
[2022-06-17 18:45:51,527] {taskinstance.py:1571} INFO - Exporting the following env vars:
AIRFLOW_CTX_DAG_OWNER=***
AIRFLOW_CTX_DAG_ID=coffee_lake_scrapers-v1
AIRFLOW_CTX_TASK_ID=t1_start_msg
AIRFLOW_CTX_EXECUTION_DATE=2022-06-17T18:45:48.578441+00:00
AIRFLOW_CTX_TRY_NUMBER=1
AIRFLOW_CTX_DAG_RUN_ID=manual__2022-06-17T18:45:48.578441+00:00
[2022-06-17 18:45:51,528] {subprocess.py:62} INFO - Tmp dir root location: 
 /tmp
[2022-06-17 18:45:51,529] {subprocess.py:74} INFO - Running command: ['bash', '-c', 'curl -X POST -H \'Content-type: application/json\' --data \'{"text" : "starting task 1: scraping"}\' "https://discord.com/api/webhooks/986224448984195082/pQp4GNcVWh-J2XtmIycVnjxYuGRGVIYFeveDRS5EwvgmGozthyd_alj8wbeKhfVn9SSk/slack"']
[2022-06-17 18:45:51,540] {subprocess.py:85} INFO - Output:
[2022-06-17 18:45:51,553] {subprocess.py:92} INFO -   % Total    % Received % Xferd  Average Speed   Time    Time     Time  Current
[2022-06-17 18:45:51,553] {subprocess.py:92} INFO -                                  Dload  Upload   Total   Spent    Left  Speed
[2022-06-17 18:45:52,048] {subprocess.py:92} INFO -   0     0    0     0    0     0      0      0 --:--:-- --:--:-- --:--:--     0100    40    0     2  100    38      4     76 --:--:-- --:--:-- --:--:--    80
[2022-06-17 18:45:52,053] {subprocess.py:92} INFO - ok
[2022-06-17 18:45:52,054] {subprocess.py:96} INFO - Command exited with return code 0
[2022-06-17 18:45:52,101] {taskinstance.py:1400} INFO - Marking task as SUCCESS. dag_id=coffee_lake_scrapers-v1, task_id=t1_start_msg, execution_date=20220617T184548, start_date=20220617T184551, end_date=20220617T184552
[2022-06-17 18:45:52,163] {local_task_job.py:156} INFO - Task exited with return code 0
[2022-06-17 18:45:52,208] {local_task_job.py:273} INFO - 1 downstream tasks scheduled from follow-on schedule check
