[2022-06-18 07:26:09,020] {taskinstance.py:1159} INFO - Dependencies all met for <TaskInstance: coffee_lake_demo-v2.t4_end_msg manual__2022-06-18T07:25:36.071071+00:00 [queued]>
[2022-06-18 07:26:09,027] {taskinstance.py:1159} INFO - Dependencies all met for <TaskInstance: coffee_lake_demo-v2.t4_end_msg manual__2022-06-18T07:25:36.071071+00:00 [queued]>
[2022-06-18 07:26:09,028] {taskinstance.py:1356} INFO - 
--------------------------------------------------------------------------------
[2022-06-18 07:26:09,028] {taskinstance.py:1357} INFO - Starting attempt 1 of 1
[2022-06-18 07:26:09,028] {taskinstance.py:1358} INFO - 
--------------------------------------------------------------------------------
[2022-06-18 07:26:09,039] {taskinstance.py:1377} INFO - Executing <Task(BashOperator): t4_end_msg> on 2022-06-18 07:25:36.071071+00:00
[2022-06-18 07:26:09,043] {standard_task_runner.py:52} INFO - Started process 2436 to run task
[2022-06-18 07:26:09,046] {standard_task_runner.py:79} INFO - Running: ['***', 'tasks', 'run', 'coffee_lake_demo-v2', 't4_end_msg', 'manual__2022-06-18T07:25:36.071071+00:00', '--job-id', '596', '--raw', '--subdir', 'DAGS_FOLDER/scraper_v2_dag.py', '--cfg-path', '/tmp/tmpg28y0jz1', '--error-file', '/tmp/tmps6jepnl5']
[2022-06-18 07:26:09,047] {standard_task_runner.py:80} INFO - Job 596: Subtask t4_end_msg
[2022-06-18 07:26:09,085] {task_command.py:370} INFO - Running <TaskInstance: coffee_lake_demo-v2.t4_end_msg manual__2022-06-18T07:25:36.071071+00:00 [running]> on host 312614bad459
[2022-06-18 07:26:09,139] {taskinstance.py:1571} INFO - Exporting the following env vars:
AIRFLOW_CTX_DAG_OWNER=***
AIRFLOW_CTX_DAG_ID=coffee_lake_demo-v2
AIRFLOW_CTX_TASK_ID=t4_end_msg
AIRFLOW_CTX_EXECUTION_DATE=2022-06-18T07:25:36.071071+00:00
AIRFLOW_CTX_TRY_NUMBER=1
AIRFLOW_CTX_DAG_RUN_ID=manual__2022-06-18T07:25:36.071071+00:00
[2022-06-18 07:26:09,142] {subprocess.py:62} INFO - Tmp dir root location: 
 /tmp
[2022-06-18 07:26:09,142] {subprocess.py:74} INFO - Running command: ['bash', '-c', 'curl -X POST -H \'Content-type: application/json\' --data \'{"text" : "ending task 4: loading - osm street images "}\' "https://discord.com/api/webhooks/986224448984195082/pQp4GNcVWh-J2XtmIycVnjxYuGRGVIYFeveDRS5EwvgmGozthyd_alj8wbeKhfVn9SSk/slack"']
[2022-06-18 07:26:09,152] {subprocess.py:85} INFO - Output:
[2022-06-18 07:26:09,159] {subprocess.py:92} INFO -   % Total    % Received % Xferd  Average Speed   Time    Time     Time  Current
[2022-06-18 07:26:09,159] {subprocess.py:92} INFO -                                  Dload  Upload   Total   Spent    Left  Speed
[2022-06-18 07:26:09,787] {subprocess.py:92} INFO -   0     0    0     0    0     0      0      0 --:--:-- --:--:-- --:--:--     0  0     0    0     0    0     0      0      0 --:--:-- --:--:-- --:--:--     0100    58    0     2  100    56      3     89 --:--:-- --:--:-- --:--:--    92
[2022-06-18 07:26:09,789] {subprocess.py:92} INFO - ok
[2022-06-18 07:26:09,790] {subprocess.py:96} INFO - Command exited with return code 0
[2022-06-18 07:26:09,818] {taskinstance.py:1400} INFO - Marking task as SUCCESS. dag_id=coffee_lake_demo-v2, task_id=t4_end_msg, execution_date=20220618T072536, start_date=20220618T072609, end_date=20220618T072609
[2022-06-18 07:26:09,860] {local_task_job.py:156} INFO - Task exited with return code 0
[2022-06-18 07:26:09,927] {local_task_job.py:273} INFO - 0 downstream tasks scheduled from follow-on schedule check
