[2022-06-18 06:27:14,290] {taskinstance.py:1159} INFO - Dependencies all met for <TaskInstance: coffee_lake_scrapers-v1.philstar_nation manual__2022-06-18T06:27:09.118890+00:00 [queued]>
[2022-06-18 06:27:14,307] {taskinstance.py:1159} INFO - Dependencies all met for <TaskInstance: coffee_lake_scrapers-v1.philstar_nation manual__2022-06-18T06:27:09.118890+00:00 [queued]>
[2022-06-18 06:27:14,308] {taskinstance.py:1356} INFO - 
--------------------------------------------------------------------------------
[2022-06-18 06:27:14,308] {taskinstance.py:1357} INFO - Starting attempt 1 of 1
[2022-06-18 06:27:14,308] {taskinstance.py:1358} INFO - 
--------------------------------------------------------------------------------
[2022-06-18 06:27:14,331] {taskinstance.py:1377} INFO - Executing <Task(_PythonDecoratedOperator): philstar_nation> on 2022-06-18 06:27:09.118890+00:00
[2022-06-18 06:27:14,338] {standard_task_runner.py:52} INFO - Started process 795 to run task
[2022-06-18 06:27:14,342] {standard_task_runner.py:79} INFO - Running: ['***', 'tasks', 'run', 'coffee_lake_scrapers-v1', 'philstar_nation', 'manual__2022-06-18T06:27:09.118890+00:00', '--job-id', '425', '--raw', '--subdir', 'DAGS_FOLDER/scraper_dag.py', '--cfg-path', '/tmp/tmpb_0owx4k', '--error-file', '/tmp/tmpbp3aatq5']
[2022-06-18 06:27:14,343] {standard_task_runner.py:80} INFO - Job 425: Subtask philstar_nation
[2022-06-18 06:27:14,415] {task_command.py:370} INFO - Running <TaskInstance: coffee_lake_scrapers-v1.philstar_nation manual__2022-06-18T06:27:09.118890+00:00 [running]> on host edf12686294f
[2022-06-18 06:27:14,519] {taskinstance.py:1571} INFO - Exporting the following env vars:
AIRFLOW_CTX_DAG_OWNER=***
AIRFLOW_CTX_DAG_ID=coffee_lake_scrapers-v1
AIRFLOW_CTX_TASK_ID=philstar_nation
AIRFLOW_CTX_EXECUTION_DATE=2022-06-18T06:27:09.118890+00:00
AIRFLOW_CTX_TRY_NUMBER=1
AIRFLOW_CTX_DAG_RUN_ID=manual__2022-06-18T06:27:09.118890+00:00
[2022-06-18 06:27:16,717] {python.py:173} INFO - Done. Returned value was: None
[2022-06-18 06:27:16,728] {taskinstance.py:1400} INFO - Marking task as SUCCESS. dag_id=coffee_lake_scrapers-v1, task_id=philstar_nation, execution_date=20220618T062709, start_date=20220618T062714, end_date=20220618T062716
[2022-06-18 06:27:16,762] {local_task_job.py:156} INFO - Task exited with return code 0
[2022-06-18 06:27:16,808] {local_task_job.py:273} INFO - 1 downstream tasks scheduled from follow-on schedule check
