[2022-06-18 06:54:44,838] {taskinstance.py:1159} INFO - Dependencies all met for <TaskInstance: coffee_lake_demo-v2.t1_end_msg manual__2022-06-18T06:54:29.516170+00:00 [queued]>
[2022-06-18 06:54:44,850] {taskinstance.py:1159} INFO - Dependencies all met for <TaskInstance: coffee_lake_demo-v2.t1_end_msg manual__2022-06-18T06:54:29.516170+00:00 [queued]>
[2022-06-18 06:54:44,851] {taskinstance.py:1356} INFO - 
--------------------------------------------------------------------------------
[2022-06-18 06:54:44,851] {taskinstance.py:1357} INFO - Starting attempt 1 of 1
[2022-06-18 06:54:44,851] {taskinstance.py:1358} INFO - 
--------------------------------------------------------------------------------
[2022-06-18 06:54:44,871] {taskinstance.py:1377} INFO - Executing <Task(BashOperator): t1_end_msg> on 2022-06-18 06:54:29.516170+00:00
[2022-06-18 06:54:44,878] {standard_task_runner.py:52} INFO - Started process 447 to run task
[2022-06-18 06:54:44,881] {standard_task_runner.py:79} INFO - Running: ['***', 'tasks', 'run', 'coffee_lake_demo-v2', 't1_end_msg', 'manual__2022-06-18T06:54:29.516170+00:00', '--job-id', '510', '--raw', '--subdir', 'DAGS_FOLDER/scraper_v2_dag.py', '--cfg-path', '/tmp/tmpk98usv8a', '--error-file', '/tmp/tmplubls1ll']
[2022-06-18 06:54:44,882] {standard_task_runner.py:80} INFO - Job 510: Subtask t1_end_msg
[2022-06-18 06:54:44,935] {task_command.py:370} INFO - Running <TaskInstance: coffee_lake_demo-v2.t1_end_msg manual__2022-06-18T06:54:29.516170+00:00 [running]> on host 312614bad459
[2022-06-18 06:54:45,016] {taskinstance.py:1571} INFO - Exporting the following env vars:
AIRFLOW_CTX_DAG_OWNER=***
AIRFLOW_CTX_DAG_ID=coffee_lake_demo-v2
AIRFLOW_CTX_TASK_ID=t1_end_msg
AIRFLOW_CTX_EXECUTION_DATE=2022-06-18T06:54:29.516170+00:00
AIRFLOW_CTX_TRY_NUMBER=1
AIRFLOW_CTX_DAG_RUN_ID=manual__2022-06-18T06:54:29.516170+00:00
[2022-06-18 06:54:45,018] {subprocess.py:62} INFO - Tmp dir root location: 
 /tmp
[2022-06-18 06:54:45,019] {subprocess.py:74} INFO - Running command: ['bash', '-c', 'curl -X POST -H \'Content-type: application/json\' --data \'{"text" : "ending task 1: scraping"}\' "https://discord.com/api/webhooks/986224448984195082/pQp4GNcVWh-J2XtmIycVnjxYuGRGVIYFeveDRS5EwvgmGozthyd_alj8wbeKhfVn9SSk/slack"']
[2022-06-18 06:54:45,033] {subprocess.py:85} INFO - Output:
[2022-06-18 06:54:45,041] {subprocess.py:92} INFO -   % Total    % Received % Xferd  Average Speed   Time    Time     Time  Current
[2022-06-18 06:54:45,042] {subprocess.py:92} INFO -                                  Dload  Upload   Total   Spent    Left  Speed
[2022-06-18 06:54:45,618] {subprocess.py:92} INFO -   0     0    0     0    0     0      0      0 --:--:-- --:--:-- --:--:--     0100    38    0     2  100    36      3     62 --:--:-- --:--:-- --:--:--    65100    38    0     2  100    36      3     62 --:--:-- --:--:-- --:--:--    65
[2022-06-18 06:54:45,620] {subprocess.py:92} INFO - ok
[2022-06-18 06:54:45,621] {subprocess.py:96} INFO - Command exited with return code 0
[2022-06-18 06:54:45,654] {taskinstance.py:1400} INFO - Marking task as SUCCESS. dag_id=coffee_lake_demo-v2, task_id=t1_end_msg, execution_date=20220618T065429, start_date=20220618T065444, end_date=20220618T065445
[2022-06-18 06:54:45,695] {local_task_job.py:156} INFO - Task exited with return code 0
[2022-06-18 06:54:45,747] {local_task_job.py:273} INFO - 1 downstream tasks scheduled from follow-on schedule check
