[2022-06-17 18:15:52,747] {taskinstance.py:1159} INFO - Dependencies all met for <TaskInstance: coffee_lake_scrapers-v1.t1_start_msg manual__2022-06-17T18:15:47.159479+00:00 [queued]>
[2022-06-17 18:15:52,763] {taskinstance.py:1159} INFO - Dependencies all met for <TaskInstance: coffee_lake_scrapers-v1.t1_start_msg manual__2022-06-17T18:15:47.159479+00:00 [queued]>
[2022-06-17 18:15:52,764] {taskinstance.py:1356} INFO - 
--------------------------------------------------------------------------------
[2022-06-17 18:15:52,764] {taskinstance.py:1357} INFO - Starting attempt 1 of 1
[2022-06-17 18:15:52,765] {taskinstance.py:1358} INFO - 
--------------------------------------------------------------------------------
[2022-06-17 18:15:52,793] {taskinstance.py:1377} INFO - Executing <Task(BashOperator): t1_start_msg> on 2022-06-17 18:15:47.159479+00:00
[2022-06-17 18:15:52,801] {standard_task_runner.py:52} INFO - Started process 275 to run task
[2022-06-17 18:15:52,810] {standard_task_runner.py:79} INFO - Running: ['***', 'tasks', 'run', 'coffee_lake_scrapers-v1', 't1_start_msg', 'manual__2022-06-17T18:15:47.159479+00:00', '--job-id', '180', '--raw', '--subdir', 'DAGS_FOLDER/scraper_dag.py', '--cfg-path', '/tmp/tmpmkz_op78', '--error-file', '/tmp/tmpbw4dxtz5']
[2022-06-17 18:15:52,811] {standard_task_runner.py:80} INFO - Job 180: Subtask t1_start_msg
[2022-06-17 18:15:52,915] {task_command.py:370} INFO - Running <TaskInstance: coffee_lake_scrapers-v1.t1_start_msg manual__2022-06-17T18:15:47.159479+00:00 [running]> on host 97782298a5be
[2022-06-17 18:15:53,048] {taskinstance.py:1571} INFO - Exporting the following env vars:
AIRFLOW_CTX_DAG_OWNER=***
AIRFLOW_CTX_DAG_ID=coffee_lake_scrapers-v1
AIRFLOW_CTX_TASK_ID=t1_start_msg
AIRFLOW_CTX_EXECUTION_DATE=2022-06-17T18:15:47.159479+00:00
AIRFLOW_CTX_TRY_NUMBER=1
AIRFLOW_CTX_DAG_RUN_ID=manual__2022-06-17T18:15:47.159479+00:00
[2022-06-17 18:15:53,050] {subprocess.py:62} INFO - Tmp dir root location: 
 /tmp
[2022-06-17 18:15:53,052] {subprocess.py:74} INFO - Running command: ['bash', '-c', 'curl -X POST -H \'Content-type: application/json\' --data \'{"text" : "starting task 1: scraping"}\' "https://discord.com/api/webhooks/986224448984195082/pQp4GNcVWh-J2XtmIycVnjxYuGRGVIYFeveDRS5EwvgmGozthyd_alj8wbeKhfVn9SSk/slack"']
[2022-06-17 18:15:53,070] {subprocess.py:85} INFO - Output:
[2022-06-17 18:15:53,086] {subprocess.py:92} INFO -   % Total    % Received % Xferd  Average Speed   Time    Time     Time  Current
[2022-06-17 18:15:53,087] {subprocess.py:92} INFO -                                  Dload  Upload   Total   Spent    Left  Speed
[2022-06-17 18:15:53,687] {subprocess.py:92} INFO -   0     0    0     0    0     0      0      0 --:--:-- --:--:-- --:--:--     0100    40    0     2  100    38      3     63 --:--:-- --:--:-- --:--:--    66
[2022-06-17 18:15:53,690] {subprocess.py:92} INFO - ok
[2022-06-17 18:15:53,692] {subprocess.py:96} INFO - Command exited with return code 0
[2022-06-17 18:15:53,784] {taskinstance.py:1400} INFO - Marking task as SUCCESS. dag_id=coffee_lake_scrapers-v1, task_id=t1_start_msg, execution_date=20220617T181547, start_date=20220617T181552, end_date=20220617T181553
[2022-06-17 18:15:53,825] {local_task_job.py:156} INFO - Task exited with return code 0
[2022-06-17 18:15:53,908] {local_task_job.py:273} INFO - 1 downstream tasks scheduled from follow-on schedule check
