[2022-06-18 07:29:16,593] {taskinstance.py:1159} INFO - Dependencies all met for <TaskInstance: coffee_lake_demo-v2.t1_end_msg manual__2022-06-18T07:29:03.561175+00:00 [queued]>
[2022-06-18 07:29:16,604] {taskinstance.py:1159} INFO - Dependencies all met for <TaskInstance: coffee_lake_demo-v2.t1_end_msg manual__2022-06-18T07:29:03.561175+00:00 [queued]>
[2022-06-18 07:29:16,604] {taskinstance.py:1356} INFO - 
--------------------------------------------------------------------------------
[2022-06-18 07:29:16,604] {taskinstance.py:1357} INFO - Starting attempt 1 of 1
[2022-06-18 07:29:16,605] {taskinstance.py:1358} INFO - 
--------------------------------------------------------------------------------
[2022-06-18 07:29:16,618] {taskinstance.py:1377} INFO - Executing <Task(BashOperator): t1_end_msg> on 2022-06-18 07:29:03.561175+00:00
[2022-06-18 07:29:16,625] {standard_task_runner.py:52} INFO - Started process 2665 to run task
[2022-06-18 07:29:16,628] {standard_task_runner.py:79} INFO - Running: ['***', 'tasks', 'run', 'coffee_lake_demo-v2', 't1_end_msg', 'manual__2022-06-18T07:29:03.561175+00:00', '--job-id', '610', '--raw', '--subdir', 'DAGS_FOLDER/scraper_v2_dag.py', '--cfg-path', '/tmp/tmpg0mqgknm', '--error-file', '/tmp/tmpuv10s52g']
[2022-06-18 07:29:16,629] {standard_task_runner.py:80} INFO - Job 610: Subtask t1_end_msg
[2022-06-18 07:29:16,680] {task_command.py:370} INFO - Running <TaskInstance: coffee_lake_demo-v2.t1_end_msg manual__2022-06-18T07:29:03.561175+00:00 [running]> on host 312614bad459
[2022-06-18 07:29:16,767] {taskinstance.py:1571} INFO - Exporting the following env vars:
AIRFLOW_CTX_DAG_OWNER=***
AIRFLOW_CTX_DAG_ID=coffee_lake_demo-v2
AIRFLOW_CTX_TASK_ID=t1_end_msg
AIRFLOW_CTX_EXECUTION_DATE=2022-06-18T07:29:03.561175+00:00
AIRFLOW_CTX_TRY_NUMBER=1
AIRFLOW_CTX_DAG_RUN_ID=manual__2022-06-18T07:29:03.561175+00:00
[2022-06-18 07:29:16,770] {subprocess.py:62} INFO - Tmp dir root location: 
 /tmp
[2022-06-18 07:29:16,771] {subprocess.py:74} INFO - Running command: ['bash', '-c', 'curl -X POST -H \'Content-type: application/json\' --data \'{"text" : "ending task 1: scraping"}\' "https://discord.com/api/webhooks/986224448984195082/pQp4GNcVWh-J2XtmIycVnjxYuGRGVIYFeveDRS5EwvgmGozthyd_alj8wbeKhfVn9SSk/slack"']
[2022-06-18 07:29:16,785] {subprocess.py:85} INFO - Output:
[2022-06-18 07:29:16,794] {subprocess.py:92} INFO -   % Total    % Received % Xferd  Average Speed   Time    Time     Time  Current
[2022-06-18 07:29:16,795] {subprocess.py:92} INFO -                                  Dload  Upload   Total   Spent    Left  Speed
[2022-06-18 07:29:17,345] {subprocess.py:92} INFO -   0     0    0     0    0     0      0      0 --:--:-- --:--:-- --:--:--     0100    38    0     2  100    36      3     65 --:--:-- --:--:-- --:--:--    68100    38    0     2  100    36      3     65 --:--:-- --:--:-- --:--:--    68
[2022-06-18 07:29:17,347] {subprocess.py:92} INFO - ok
[2022-06-18 07:29:17,348] {subprocess.py:96} INFO - Command exited with return code 0
[2022-06-18 07:29:17,382] {taskinstance.py:1400} INFO - Marking task as SUCCESS. dag_id=coffee_lake_demo-v2, task_id=t1_end_msg, execution_date=20220618T072903, start_date=20220618T072916, end_date=20220618T072917
[2022-06-18 07:29:17,444] {local_task_job.py:156} INFO - Task exited with return code 0
[2022-06-18 07:29:17,615] {local_task_job.py:273} INFO - 1 downstream tasks scheduled from follow-on schedule check
