[2022-06-18 07:29:30,007] {taskinstance.py:1159} INFO - Dependencies all met for <TaskInstance: coffee_lake_demo-v2.t2_end_msg manual__2022-06-18T07:29:03.561175+00:00 [queued]>
[2022-06-18 07:29:30,016] {taskinstance.py:1159} INFO - Dependencies all met for <TaskInstance: coffee_lake_demo-v2.t2_end_msg manual__2022-06-18T07:29:03.561175+00:00 [queued]>
[2022-06-18 07:29:30,017] {taskinstance.py:1356} INFO - 
--------------------------------------------------------------------------------
[2022-06-18 07:29:30,017] {taskinstance.py:1357} INFO - Starting attempt 1 of 1
[2022-06-18 07:29:30,017] {taskinstance.py:1358} INFO - 
--------------------------------------------------------------------------------
[2022-06-18 07:29:30,030] {taskinstance.py:1377} INFO - Executing <Task(BashOperator): t2_end_msg> on 2022-06-18 07:29:03.561175+00:00
[2022-06-18 07:29:30,035] {standard_task_runner.py:52} INFO - Started process 2693 to run task
[2022-06-18 07:29:30,038] {standard_task_runner.py:79} INFO - Running: ['***', 'tasks', 'run', 'coffee_lake_demo-v2', 't2_end_msg', 'manual__2022-06-18T07:29:03.561175+00:00', '--job-id', '615', '--raw', '--subdir', 'DAGS_FOLDER/scraper_v2_dag.py', '--cfg-path', '/tmp/tmpfg4kgmzz', '--error-file', '/tmp/tmpcz7udfjd']
[2022-06-18 07:29:30,039] {standard_task_runner.py:80} INFO - Job 615: Subtask t2_end_msg
[2022-06-18 07:29:30,085] {task_command.py:370} INFO - Running <TaskInstance: coffee_lake_demo-v2.t2_end_msg manual__2022-06-18T07:29:03.561175+00:00 [running]> on host 312614bad459
[2022-06-18 07:29:30,154] {taskinstance.py:1571} INFO - Exporting the following env vars:
AIRFLOW_CTX_DAG_OWNER=***
AIRFLOW_CTX_DAG_ID=coffee_lake_demo-v2
AIRFLOW_CTX_TASK_ID=t2_end_msg
AIRFLOW_CTX_EXECUTION_DATE=2022-06-18T07:29:03.561175+00:00
AIRFLOW_CTX_TRY_NUMBER=1
AIRFLOW_CTX_DAG_RUN_ID=manual__2022-06-18T07:29:03.561175+00:00
[2022-06-18 07:29:30,156] {subprocess.py:62} INFO - Tmp dir root location: 
 /tmp
[2022-06-18 07:29:30,157] {subprocess.py:74} INFO - Running command: ['bash', '-c', 'curl -X POST -H \'Content-type: application/json\' --data \'{"text" : "ending task 2: transformation - counting words "}\' "https://discord.com/api/webhooks/986224448984195082/pQp4GNcVWh-J2XtmIycVnjxYuGRGVIYFeveDRS5EwvgmGozthyd_alj8wbeKhfVn9SSk/slack"']
[2022-06-18 07:29:30,168] {subprocess.py:85} INFO - Output:
[2022-06-18 07:29:30,175] {subprocess.py:92} INFO -   % Total    % Received % Xferd  Average Speed   Time    Time     Time  Current
[2022-06-18 07:29:30,175] {subprocess.py:92} INFO -                                  Dload  Upload   Total   Spent    Left  Speed
[2022-06-18 07:29:30,847] {subprocess.py:92} INFO -   0     0    0     0    0     0      0      0 --:--:-- --:--:-- --:--:--     0  0     0    0     0    0     0      0      0 --:--:-- --:--:-- --:--:--     0100    62    0     2  100    60      2     89 --:--:-- --:--:-- --:--:--    92
[2022-06-18 07:29:30,850] {subprocess.py:92} INFO - ok
[2022-06-18 07:29:30,851] {subprocess.py:96} INFO - Command exited with return code 0
[2022-06-18 07:29:30,895] {taskinstance.py:1400} INFO - Marking task as SUCCESS. dag_id=coffee_lake_demo-v2, task_id=t2_end_msg, execution_date=20220618T072903, start_date=20220618T072930, end_date=20220618T072930
[2022-06-18 07:29:30,934] {local_task_job.py:156} INFO - Task exited with return code 0
[2022-06-18 07:29:31,024] {local_task_job.py:273} INFO - 1 downstream tasks scheduled from follow-on schedule check
