[2022-06-17 14:07:09,260] {taskinstance.py:1159} INFO - Dependencies all met for <TaskInstance: coffee_lake_scrapers-v1.t2_start_msg manual__2022-06-17T14:06:59.502074+00:00 [queued]>
[2022-06-17 14:07:09,273] {taskinstance.py:1159} INFO - Dependencies all met for <TaskInstance: coffee_lake_scrapers-v1.t2_start_msg manual__2022-06-17T14:06:59.502074+00:00 [queued]>
[2022-06-17 14:07:09,273] {taskinstance.py:1356} INFO - 
--------------------------------------------------------------------------------
[2022-06-17 14:07:09,273] {taskinstance.py:1357} INFO - Starting attempt 1 of 1
[2022-06-17 14:07:09,274] {taskinstance.py:1358} INFO - 
--------------------------------------------------------------------------------
[2022-06-17 14:07:09,291] {taskinstance.py:1377} INFO - Executing <Task(BashOperator): t2_start_msg> on 2022-06-17 14:06:59.502074+00:00
[2022-06-17 14:07:09,297] {standard_task_runner.py:52} INFO - Started process 1371 to run task
[2022-06-17 14:07:09,300] {standard_task_runner.py:79} INFO - Running: ['***', 'tasks', 'run', 'coffee_lake_scrapers-v1', 't2_start_msg', 'manual__2022-06-17T14:06:59.502074+00:00', '--job-id', '84', '--raw', '--subdir', 'DAGS_FOLDER/scraper_dag.py', '--cfg-path', '/tmp/tmpznw8g5px', '--error-file', '/tmp/tmpgdnk4p2q']
[2022-06-17 14:07:09,301] {standard_task_runner.py:80} INFO - Job 84: Subtask t2_start_msg
[2022-06-17 14:07:09,355] {task_command.py:370} INFO - Running <TaskInstance: coffee_lake_scrapers-v1.t2_start_msg manual__2022-06-17T14:06:59.502074+00:00 [running]> on host 32595384c4c5
[2022-06-17 14:07:09,436] {taskinstance.py:1571} INFO - Exporting the following env vars:
AIRFLOW_CTX_DAG_OWNER=***
AIRFLOW_CTX_DAG_ID=coffee_lake_scrapers-v1
AIRFLOW_CTX_TASK_ID=t2_start_msg
AIRFLOW_CTX_EXECUTION_DATE=2022-06-17T14:06:59.502074+00:00
AIRFLOW_CTX_TRY_NUMBER=1
AIRFLOW_CTX_DAG_RUN_ID=manual__2022-06-17T14:06:59.502074+00:00
[2022-06-17 14:07:09,438] {subprocess.py:62} INFO - Tmp dir root location: 
 /tmp
[2022-06-17 14:07:09,439] {subprocess.py:74} INFO - Running command: ['bash', '-c', 'curl -X POST -H \'Content-type: application/json\' --data \'{"text" : "starting task 2: transformation - counting words "}\' "https://discord.com/api/webhooks/986224448984195082/pQp4GNcVWh-J2XtmIycVnjxYuGRGVIYFeveDRS5EwvgmGozthyd_alj8wbeKhfVn9SSk/slack"']
[2022-06-17 14:07:09,452] {subprocess.py:85} INFO - Output:
[2022-06-17 14:07:09,459] {subprocess.py:92} INFO -   % Total    % Received % Xferd  Average Speed   Time    Time     Time  Current
[2022-06-17 14:07:09,459] {subprocess.py:92} INFO -                                  Dload  Upload   Total   Spent    Left  Speed
[2022-06-17 14:07:17,300] {subprocess.py:92} INFO -   0     0    0     0    0     0      0      0 --:--:-- --:--:-- --:--:--     0  0     0    0     0    0     0      0      0 --:--:--  0:00:01 --:--:--     0  0     0    0     0    0     0      0      0 --:--:--  0:00:02 --:--:--     0  0     0    0     0    0     0      0      0 --:--:--  0:00:03 --:--:--     0  0     0    0     0    0     0      0      0 --:--:--  0:00:04 --:--:--     0  0     0    0     0    0     0      0      0 --:--:--  0:00:05 --:--:--     0  0     0    0     0    0     0      0      0 --:--:--  0:00:06 --:--:--     0  0     0    0     0    0     0      0      0 --:--:--  0:00:07 --:--:--     0100    64    0     2  100    62      0      7  0:00:08  0:00:07  0:00:01    13100    64    0     2  100    62      0      7  0:00:08  0:00:07  0:00:01    17
[2022-06-17 14:07:17,304] {subprocess.py:92} INFO - ok
[2022-06-17 14:07:17,304] {subprocess.py:96} INFO - Command exited with return code 0
[2022-06-17 14:07:17,338] {taskinstance.py:1400} INFO - Marking task as SUCCESS. dag_id=coffee_lake_scrapers-v1, task_id=t2_start_msg, execution_date=20220617T140659, start_date=20220617T140709, end_date=20220617T140717
[2022-06-17 14:07:17,376] {local_task_job.py:156} INFO - Task exited with return code 0
[2022-06-17 14:07:17,413] {local_task_job.py:273} INFO - 1 downstream tasks scheduled from follow-on schedule check
