[2022-06-17 20:39:38,715] {taskinstance.py:1159} INFO - Dependencies all met for <TaskInstance: coffee_lake_scrapers-v1.word_count manual__2022-06-17T20:39:27.619268+00:00 [queued]>
[2022-06-17 20:39:38,723] {taskinstance.py:1159} INFO - Dependencies all met for <TaskInstance: coffee_lake_scrapers-v1.word_count manual__2022-06-17T20:39:27.619268+00:00 [queued]>
[2022-06-17 20:39:38,723] {taskinstance.py:1356} INFO - 
--------------------------------------------------------------------------------
[2022-06-17 20:39:38,723] {taskinstance.py:1357} INFO - Starting attempt 1 of 1
[2022-06-17 20:39:38,724] {taskinstance.py:1358} INFO - 
--------------------------------------------------------------------------------
[2022-06-17 20:39:38,735] {taskinstance.py:1377} INFO - Executing <Task(_PythonDecoratedOperator): word_count> on 2022-06-17 20:39:27.619268+00:00
[2022-06-17 20:39:38,740] {standard_task_runner.py:52} INFO - Started process 1517 to run task
[2022-06-17 20:39:38,742] {standard_task_runner.py:79} INFO - Running: ['***', 'tasks', 'run', 'coffee_lake_scrapers-v1', 'word_count', 'manual__2022-06-17T20:39:27.619268+00:00', '--job-id', '407', '--raw', '--subdir', 'DAGS_FOLDER/scraper_dag.py', '--cfg-path', '/tmp/tmpnrfkxbw4', '--error-file', '/tmp/tmpkp9bhe8i']
[2022-06-17 20:39:38,743] {standard_task_runner.py:80} INFO - Job 407: Subtask word_count
[2022-06-17 20:39:38,783] {task_command.py:370} INFO - Running <TaskInstance: coffee_lake_scrapers-v1.word_count manual__2022-06-17T20:39:27.619268+00:00 [running]> on host 99f2822d4305
[2022-06-17 20:39:38,838] {taskinstance.py:1571} INFO - Exporting the following env vars:
AIRFLOW_CTX_DAG_OWNER=***
AIRFLOW_CTX_DAG_ID=coffee_lake_scrapers-v1
AIRFLOW_CTX_TASK_ID=word_count
AIRFLOW_CTX_EXECUTION_DATE=2022-06-17T20:39:27.619268+00:00
AIRFLOW_CTX_TRY_NUMBER=1
AIRFLOW_CTX_DAG_RUN_ID=manual__2022-06-17T20:39:27.619268+00:00
[2022-06-17 20:39:38,840] {logging_mixin.py:115} INFO - ['images', 'philstar_2022-06-17_05-10-28.csv', 'philstar_2022-06-17_06-15-59.csv', 'philstar_2022-06-17_06-17-43.csv', 'philstar_2022-06-17_06-21-16.csv', 'philstar_2022-06-17_06-45-55.csv', 'philstar_2022-06-17_06-49-22.csv', 'philstar_2022-06-17_06-50-42.csv', 'philstar_2022-06-17_06-52-16.csv', 'philstar_2022-06-17_06-54-21.csv', 'philstar_2022-06-17_07-02-09.csv', 'philstar_2022-06-17_07-09-47.csv', 'philstar_2022-06-17_07-10-54.csv', 'philstar_2022-06-17_07-31-29.csv', 'philstar_2022-06-17_07-34-50.csv', 'philstar_2022-06-17_08-11-51.csv', 'philstar_2022-06-17_08-15-37.csv', 'philstar_2022-06-17_08-19-02.csv', 'philstar_2022-06-17_08-24-29.csv', 'philstar_2022-06-17_08-28-12.csv', 'philstar_2022-06-17_08-34-18.csv', 'philstar_2022-06-17_08-39-32.csv']
[2022-06-17 20:39:38,860] {logging_mixin.py:115} INFO -                                              summary  ...                                      dict_word_cnt
0  13-year-old student drowned while swimming wit...  ...  {'13-year-old': 1, 'student': 1, 'drowned': 1,...
1  Two boys died and three others were injured wh...  ...  {'Two': 1, 'boys': 1, 'died': 1, 'and': 1, 'th...
2  A bettor in Amadeo, Cavite won the jackpot in ...  ...  {'A': 1, 'bettor': 1, 'in': 2, 'Amadeo,': 1, '...
3  Sen. Bong Go visited Tarlac City on Wednesday ...  ...  {'Sen.': 1, 'Bong': 1, 'Go': 1, 'visited': 1, ...
4  Two members of a local terrorist group were ki...  ...  {'Two': 1, 'members': 1, 'of': 1, 'a': 1, 'loc...
5  Avian influenza or bird flu continues to sprea...  ...  {'Avian': 1, 'influenza': 1, 'or': 1, 'bird': ...
6  Illegal drugs worth nearly P40 million were co...  ...  {'Illegal': 1, 'drugs': 1, 'worth': 1, 'nearly...
7  A two-story building is under construction at ...  ...  {'A': 1, 'two-story': 1, 'building': 1, 'is': ...
8  Two days after holding a press conference at C...  ...  {'Two': 1, 'days': 1, 'after': 1, 'holding': 1...
9  A portion of the iconic Metropolitan Theater w...  ...  {'A': 1, 'portion': 1, 'of': 1, 'the': 1, 'ico...

[10 rows x 3 columns]
[2022-06-17 20:39:38,874] {logging_mixin.py:115} INFO -                                              summary  ...                                      dict_word_cnt
0  13-year-old student drowned while swimming wit...  ...  {'13-year-old': 1, 'student': 1, 'drowned': 1,...
1  Two boys died and three others were injured wh...  ...  {'Two': 1, 'boys': 1, 'died': 1, 'and': 1, 'th...
2  A bettor in Amadeo, Cavite won the jackpot in ...  ...  {'A': 1, 'bettor': 1, 'in': 2, 'Amadeo,': 1, '...
3  Sen. Bong Go visited Tarlac City on Wednesday ...  ...  {'Sen.': 1, 'Bong': 1, 'Go': 1, 'visited': 1, ...
4  Two members of a local terrorist group were ki...  ...  {'Two': 1, 'members': 1, 'of': 1, 'a': 1, 'loc...
5  Avian influenza or bird flu continues to sprea...  ...  {'Avian': 1, 'influenza': 1, 'or': 1, 'bird': ...
6  Illegal drugs worth nearly P40 million were co...  ...  {'Illegal': 1, 'drugs': 1, 'worth': 1, 'nearly...
7  A two-story building is under construction at ...  ...  {'A': 1, 'two-story': 1, 'building': 1, 'is': ...
8  Two days after holding a press conference at C...  ...  {'Two': 1, 'days': 1, 'after': 1, 'holding': 1...
9  A portion of the iconic Metropolitan Theater w...  ...  {'A': 1, 'portion': 1, 'of': 1, 'the': 1, 'ico...

[10 rows x 3 columns]
[2022-06-17 20:39:38,888] {logging_mixin.py:115} INFO -                                              summary  ...                                      dict_word_cnt
0  13-year-old student drowned while swimming wit...  ...  {'13-year-old': 1, 'student': 1, 'drowned': 1,...
1  Two boys died and three others were injured wh...  ...  {'Two': 1, 'boys': 1, 'died': 1, 'and': 1, 'th...
2  A bettor in Amadeo, Cavite won the jackpot in ...  ...  {'A': 1, 'bettor': 1, 'in': 2, 'Amadeo,': 1, '...
3  Sen. Bong Go visited Tarlac City on Wednesday ...  ...  {'Sen.': 1, 'Bong': 1, 'Go': 1, 'visited': 1, ...
4  Two members of a local terrorist group were ki...  ...  {'Two': 1, 'members': 1, 'of': 1, 'a': 1, 'loc...
5  Avian influenza or bird flu continues to sprea...  ...  {'Avian': 1, 'influenza': 1, 'or': 1, 'bird': ...
6  Illegal drugs worth nearly P40 million were co...  ...  {'Illegal': 1, 'drugs': 1, 'worth': 1, 'nearly...
7  A two-story building is under construction at ...  ...  {'A': 1, 'two-story': 1, 'building': 1, 'is': ...
8  Two days after holding a press conference at C...  ...  {'Two': 1, 'days': 1, 'after': 1, 'holding': 1...
9  A portion of the iconic Metropolitan Theater w...  ...  {'A': 1, 'portion': 1, 'of': 1, 'the': 1, 'ico...

[10 rows x 3 columns]
[2022-06-17 20:39:38,903] {logging_mixin.py:115} INFO -                                              summary  ...                                      dict_word_cnt
0  13-year-old student drowned while swimming wit...  ...  {'13-year-old': 1, 'student': 1, 'drowned': 1,...
1  Two boys died and three others were injured wh...  ...  {'Two': 1, 'boys': 1, 'died': 1, 'and': 1, 'th...
2  A bettor in Amadeo, Cavite won the jackpot in ...  ...  {'A': 1, 'bettor': 1, 'in': 2, 'Amadeo,': 1, '...
3  Sen. Bong Go visited Tarlac City on Wednesday ...  ...  {'Sen.': 1, 'Bong': 1, 'Go': 1, 'visited': 1, ...
4  Two members of a local terrorist group were ki...  ...  {'Two': 1, 'members': 1, 'of': 1, 'a': 1, 'loc...
5  Avian influenza or bird flu continues to sprea...  ...  {'Avian': 1, 'influenza': 1, 'or': 1, 'bird': ...
6  Illegal drugs worth nearly P40 million were co...  ...  {'Illegal': 1, 'drugs': 1, 'worth': 1, 'nearly...
7  A two-story building is under construction at ...  ...  {'A': 1, 'two-story': 1, 'building': 1, 'is': ...
8  Two days after holding a press conference at C...  ...  {'Two': 1, 'days': 1, 'after': 1, 'holding': 1...
9  A portion of the iconic Metropolitan Theater w...  ...  {'A': 1, 'portion': 1, 'of': 1, 'the': 1, 'ico...

[10 rows x 3 columns]
[2022-06-17 20:39:38,916] {logging_mixin.py:115} INFO -                                              summary  ...                                      dict_word_cnt
0  13-year-old student drowned while swimming wit...  ...  {'13-year-old': 1, 'student': 1, 'drowned': 1,...
1  Two boys died and three others were injured wh...  ...  {'Two': 1, 'boys': 1, 'died': 1, 'and': 1, 'th...
2  A bettor in Amadeo, Cavite won the jackpot in ...  ...  {'A': 1, 'bettor': 1, 'in': 2, 'Amadeo,': 1, '...
3  Sen. Bong Go visited Tarlac City on Wednesday ...  ...  {'Sen.': 1, 'Bong': 1, 'Go': 1, 'visited': 1, ...
4  Two members of a local terrorist group were ki...  ...  {'Two': 1, 'members': 1, 'of': 1, 'a': 1, 'loc...
5  Avian influenza or bird flu continues to sprea...  ...  {'Avian': 1, 'influenza': 1, 'or': 1, 'bird': ...
6  Illegal drugs worth nearly P40 million were co...  ...  {'Illegal': 1, 'drugs': 1, 'worth': 1, 'nearly...
7  A two-story building is under construction at ...  ...  {'A': 1, 'two-story': 1, 'building': 1, 'is': ...
8  Two days after holding a press conference at C...  ...  {'Two': 1, 'days': 1, 'after': 1, 'holding': 1...
9  A portion of the iconic Metropolitan Theater w...  ...  {'A': 1, 'portion': 1, 'of': 1, 'the': 1, 'ico...

[10 rows x 3 columns]
[2022-06-17 20:39:38,931] {logging_mixin.py:115} INFO -                                              summary  ...                                      dict_word_cnt
0  13-year-old student drowned while swimming wit...  ...  {'13-year-old': 1, 'student': 1, 'drowned': 1,...
1  Two boys died and three others were injured wh...  ...  {'Two': 1, 'boys': 1, 'died': 1, 'and': 1, 'th...
2  A bettor in Amadeo, Cavite won the jackpot in ...  ...  {'A': 1, 'bettor': 1, 'in': 2, 'Amadeo,': 1, '...
3  Sen. Bong Go visited Tarlac City on Wednesday ...  ...  {'Sen.': 1, 'Bong': 1, 'Go': 1, 'visited': 1, ...
4  Two members of a local terrorist group were ki...  ...  {'Two': 1, 'members': 1, 'of': 1, 'a': 1, 'loc...
5  Avian influenza or bird flu continues to sprea...  ...  {'Avian': 1, 'influenza': 1, 'or': 1, 'bird': ...
6  Illegal drugs worth nearly P40 million were co...  ...  {'Illegal': 1, 'drugs': 1, 'worth': 1, 'nearly...
7  A two-story building is under construction at ...  ...  {'A': 1, 'two-story': 1, 'building': 1, 'is': ...
8  Two days after holding a press conference at C...  ...  {'Two': 1, 'days': 1, 'after': 1, 'holding': 1...
9  A portion of the iconic Metropolitan Theater w...  ...  {'A': 1, 'portion': 1, 'of': 1, 'the': 1, 'ico...

[10 rows x 3 columns]
[2022-06-17 20:39:38,946] {logging_mixin.py:115} INFO -                                              summary  ...                                      dict_word_cnt
0  13-year-old student drowned while swimming wit...  ...  {'13-year-old': 1, 'student': 1, 'drowned': 1,...
1  Two boys died and three others were injured wh...  ...  {'Two': 1, 'boys': 1, 'died': 1, 'and': 1, 'th...
2  A bettor in Amadeo, Cavite won the jackpot in ...  ...  {'A': 1, 'bettor': 1, 'in': 2, 'Amadeo,': 1, '...
3  Sen. Bong Go visited Tarlac City on Wednesday ...  ...  {'Sen.': 1, 'Bong': 1, 'Go': 1, 'visited': 1, ...
4  Two members of a local terrorist group were ki...  ...  {'Two': 1, 'members': 1, 'of': 1, 'a': 1, 'loc...
5  Avian influenza or bird flu continues to sprea...  ...  {'Avian': 1, 'influenza': 1, 'or': 1, 'bird': ...
6  Illegal drugs worth nearly P40 million were co...  ...  {'Illegal': 1, 'drugs': 1, 'worth': 1, 'nearly...
7  A two-story building is under construction at ...  ...  {'A': 1, 'two-story': 1, 'building': 1, 'is': ...
8  Two days after holding a press conference at C...  ...  {'Two': 1, 'days': 1, 'after': 1, 'holding': 1...
9  A portion of the iconic Metropolitan Theater w...  ...  {'A': 1, 'portion': 1, 'of': 1, 'the': 1, 'ico...

[10 rows x 3 columns]
[2022-06-17 20:39:38,962] {logging_mixin.py:115} INFO -                                              summary  ...                                      dict_word_cnt
0  13-year-old student drowned while swimming wit...  ...  {'13-year-old': 1, 'student': 1, 'drowned': 1,...
1  Two boys died and three others were injured wh...  ...  {'Two': 1, 'boys': 1, 'died': 1, 'and': 1, 'th...
2  A bettor in Amadeo, Cavite won the jackpot in ...  ...  {'A': 1, 'bettor': 1, 'in': 2, 'Amadeo,': 1, '...
3  Sen. Bong Go visited Tarlac City on Wednesday ...  ...  {'Sen.': 1, 'Bong': 1, 'Go': 1, 'visited': 1, ...
4  Two members of a local terrorist group were ki...  ...  {'Two': 1, 'members': 1, 'of': 1, 'a': 1, 'loc...
5  Avian influenza or bird flu continues to sprea...  ...  {'Avian': 1, 'influenza': 1, 'or': 1, 'bird': ...
6  Illegal drugs worth nearly P40 million were co...  ...  {'Illegal': 1, 'drugs': 1, 'worth': 1, 'nearly...
7  A two-story building is under construction at ...  ...  {'A': 1, 'two-story': 1, 'building': 1, 'is': ...
8  Two days after holding a press conference at C...  ...  {'Two': 1, 'days': 1, 'after': 1, 'holding': 1...
9  A portion of the iconic Metropolitan Theater w...  ...  {'A': 1, 'portion': 1, 'of': 1, 'the': 1, 'ico...

[10 rows x 3 columns]
[2022-06-17 20:39:38,976] {logging_mixin.py:115} INFO -                                              summary  ...                                      dict_word_cnt
0  13-year-old student drowned while swimming wit...  ...  {'13-year-old': 1, 'student': 1, 'drowned': 1,...
1  Two boys died and three others were injured wh...  ...  {'Two': 1, 'boys': 1, 'died': 1, 'and': 1, 'th...
2  A bettor in Amadeo, Cavite won the jackpot in ...  ...  {'A': 1, 'bettor': 1, 'in': 2, 'Amadeo,': 1, '...
3  Sen. Bong Go visited Tarlac City on Wednesday ...  ...  {'Sen.': 1, 'Bong': 1, 'Go': 1, 'visited': 1, ...
4  Two members of a local terrorist group were ki...  ...  {'Two': 1, 'members': 1, 'of': 1, 'a': 1, 'loc...
5  Avian influenza or bird flu continues to sprea...  ...  {'Avian': 1, 'influenza': 1, 'or': 1, 'bird': ...
6  Illegal drugs worth nearly P40 million were co...  ...  {'Illegal': 1, 'drugs': 1, 'worth': 1, 'nearly...
7  A two-story building is under construction at ...  ...  {'A': 1, 'two-story': 1, 'building': 1, 'is': ...
8  Two days after holding a press conference at C...  ...  {'Two': 1, 'days': 1, 'after': 1, 'holding': 1...
9  A portion of the iconic Metropolitan Theater w...  ...  {'A': 1, 'portion': 1, 'of': 1, 'the': 1, 'ico...

[10 rows x 3 columns]
[2022-06-17 20:39:38,994] {logging_mixin.py:115} INFO -                                              summary  ...                                      dict_word_cnt
0  13-year-old student drowned while swimming wit...  ...  {'13-year-old': 1, 'student': 1, 'drowned': 1,...
1  Two boys died and three others were injured wh...  ...  {'Two': 1, 'boys': 1, 'died': 1, 'and': 1, 'th...
2  A bettor in Amadeo, Cavite won the jackpot in ...  ...  {'A': 1, 'bettor': 1, 'in': 2, 'Amadeo,': 1, '...
3  Sen. Bong Go visited Tarlac City on Wednesday ...  ...  {'Sen.': 1, 'Bong': 1, 'Go': 1, 'visited': 1, ...
4  Two members of a local terrorist group were ki...  ...  {'Two': 1, 'members': 1, 'of': 1, 'a': 1, 'loc...
5  Avian influenza or bird flu continues to sprea...  ...  {'Avian': 1, 'influenza': 1, 'or': 1, 'bird': ...
6  Illegal drugs worth nearly P40 million were co...  ...  {'Illegal': 1, 'drugs': 1, 'worth': 1, 'nearly...
7  A two-story building is under construction at ...  ...  {'A': 1, 'two-story': 1, 'building': 1, 'is': ...
8  Two days after holding a press conference at C...  ...  {'Two': 1, 'days': 1, 'after': 1, 'holding': 1...
9  A portion of the iconic Metropolitan Theater w...  ...  {'A': 1, 'portion': 1, 'of': 1, 'the': 1, 'ico...

[10 rows x 3 columns]
[2022-06-17 20:39:39,009] {logging_mixin.py:115} INFO -                                              summary  ...                                      dict_word_cnt
0  13-year-old student drowned while swimming wit...  ...  {'13-year-old': 1, 'student': 1, 'drowned': 1,...
1  Two boys died and three others were injured wh...  ...  {'Two': 1, 'boys': 1, 'died': 1, 'and': 1, 'th...
2  A bettor in Amadeo, Cavite won the jackpot in ...  ...  {'A': 1, 'bettor': 1, 'in': 2, 'Amadeo,': 1, '...
3  Sen. Bong Go visited Tarlac City on Wednesday ...  ...  {'Sen.': 1, 'Bong': 1, 'Go': 1, 'visited': 1, ...
4  Two members of a local terrorist group were ki...  ...  {'Two': 1, 'members': 1, 'of': 1, 'a': 1, 'loc...
5  Avian influenza or bird flu continues to sprea...  ...  {'Avian': 1, 'influenza': 1, 'or': 1, 'bird': ...
6  Illegal drugs worth nearly P40 million were co...  ...  {'Illegal': 1, 'drugs': 1, 'worth': 1, 'nearly...
7  A two-story building is under construction at ...  ...  {'A': 1, 'two-story': 1, 'building': 1, 'is': ...
8  Two days after holding a press conference at C...  ...  {'Two': 1, 'days': 1, 'after': 1, 'holding': 1...
9  A portion of the iconic Metropolitan Theater w...  ...  {'A': 1, 'portion': 1, 'of': 1, 'the': 1, 'ico...

[10 rows x 3 columns]
[2022-06-17 20:39:39,022] {logging_mixin.py:115} INFO -                                              summary  ...                                      dict_word_cnt
0  13-year-old student drowned while swimming wit...  ...  {'13-year-old': 1, 'student': 1, 'drowned': 1,...
1  Two boys died and three others were injured wh...  ...  {'Two': 1, 'boys': 1, 'died': 1, 'and': 1, 'th...
2  A bettor in Amadeo, Cavite won the jackpot in ...  ...  {'A': 1, 'bettor': 1, 'in': 2, 'Amadeo,': 1, '...
3  Sen. Bong Go visited Tarlac City on Wednesday ...  ...  {'Sen.': 1, 'Bong': 1, 'Go': 1, 'visited': 1, ...
4  Two members of a local terrorist group were ki...  ...  {'Two': 1, 'members': 1, 'of': 1, 'a': 1, 'loc...
5  Avian influenza or bird flu continues to sprea...  ...  {'Avian': 1, 'influenza': 1, 'or': 1, 'bird': ...
6  Illegal drugs worth nearly P40 million were co...  ...  {'Illegal': 1, 'drugs': 1, 'worth': 1, 'nearly...
7  A two-story building is under construction at ...  ...  {'A': 1, 'two-story': 1, 'building': 1, 'is': ...
8  Two days after holding a press conference at C...  ...  {'Two': 1, 'days': 1, 'after': 1, 'holding': 1...
9  A portion of the iconic Metropolitan Theater w...  ...  {'A': 1, 'portion': 1, 'of': 1, 'the': 1, 'ico...

[10 rows x 3 columns]
[2022-06-17 20:39:39,036] {logging_mixin.py:115} INFO -                                              summary  ...                                      dict_word_cnt
0  13-year-old student drowned while swimming wit...  ...  {'13-year-old': 1, 'student': 1, 'drowned': 1,...
1  Two boys died and three others were injured wh...  ...  {'Two': 1, 'boys': 1, 'died': 1, 'and': 1, 'th...
2  A bettor in Amadeo, Cavite won the jackpot in ...  ...  {'A': 1, 'bettor': 1, 'in': 2, 'Amadeo,': 1, '...
3  Sen. Bong Go visited Tarlac City on Wednesday ...  ...  {'Sen.': 1, 'Bong': 1, 'Go': 1, 'visited': 1, ...
4  Two members of a local terrorist group were ki...  ...  {'Two': 1, 'members': 1, 'of': 1, 'a': 1, 'loc...
5  Avian influenza or bird flu continues to sprea...  ...  {'Avian': 1, 'influenza': 1, 'or': 1, 'bird': ...
6  Illegal drugs worth nearly P40 million were co...  ...  {'Illegal': 1, 'drugs': 1, 'worth': 1, 'nearly...
7  A two-story building is under construction at ...  ...  {'A': 1, 'two-story': 1, 'building': 1, 'is': ...
8  Two days after holding a press conference at C...  ...  {'Two': 1, 'days': 1, 'after': 1, 'holding': 1...
9  A portion of the iconic Metropolitan Theater w...  ...  {'A': 1, 'portion': 1, 'of': 1, 'the': 1, 'ico...

[10 rows x 3 columns]
[2022-06-17 20:39:39,050] {logging_mixin.py:115} INFO -                                              summary  ...                                      dict_word_cnt
0  13-year-old student drowned while swimming wit...  ...  {'13-year-old': 1, 'student': 1, 'drowned': 1,...
1  Two boys died and three others were injured wh...  ...  {'Two': 1, 'boys': 1, 'died': 1, 'and': 1, 'th...
2  A bettor in Amadeo, Cavite won the jackpot in ...  ...  {'A': 1, 'bettor': 1, 'in': 2, 'Amadeo,': 1, '...
3  Sen. Bong Go visited Tarlac City on Wednesday ...  ...  {'Sen.': 1, 'Bong': 1, 'Go': 1, 'visited': 1, ...
4  Two members of a local terrorist group were ki...  ...  {'Two': 1, 'members': 1, 'of': 1, 'a': 1, 'loc...
5  Avian influenza or bird flu continues to sprea...  ...  {'Avian': 1, 'influenza': 1, 'or': 1, 'bird': ...
6  Illegal drugs worth nearly P40 million were co...  ...  {'Illegal': 1, 'drugs': 1, 'worth': 1, 'nearly...
7  A two-story building is under construction at ...  ...  {'A': 1, 'two-story': 1, 'building': 1, 'is': ...
8  Two days after holding a press conference at C...  ...  {'Two': 1, 'days': 1, 'after': 1, 'holding': 1...
9  A portion of the iconic Metropolitan Theater w...  ...  {'A': 1, 'portion': 1, 'of': 1, 'the': 1, 'ico...

[10 rows x 3 columns]
[2022-06-17 20:39:39,064] {logging_mixin.py:115} INFO -                                              summary  ...                                      dict_word_cnt
0  13-year-old student drowned while swimming wit...  ...  {'13-year-old': 1, 'student': 1, 'drowned': 1,...
1  Two boys died and three others were injured wh...  ...  {'Two': 1, 'boys': 1, 'died': 1, 'and': 1, 'th...
2  A bettor in Amadeo, Cavite won the jackpot in ...  ...  {'A': 1, 'bettor': 1, 'in': 2, 'Amadeo,': 1, '...
3  Sen. Bong Go visited Tarlac City on Wednesday ...  ...  {'Sen.': 1, 'Bong': 1, 'Go': 1, 'visited': 1, ...
4  Two members of a local terrorist group were ki...  ...  {'Two': 1, 'members': 1, 'of': 1, 'a': 1, 'loc...
5  Avian influenza or bird flu continues to sprea...  ...  {'Avian': 1, 'influenza': 1, 'or': 1, 'bird': ...
6  Illegal drugs worth nearly P40 million were co...  ...  {'Illegal': 1, 'drugs': 1, 'worth': 1, 'nearly...
7  A two-story building is under construction at ...  ...  {'A': 1, 'two-story': 1, 'building': 1, 'is': ...
8  Two days after holding a press conference at C...  ...  {'Two': 1, 'days': 1, 'after': 1, 'holding': 1...
9  A portion of the iconic Metropolitan Theater w...  ...  {'A': 1, 'portion': 1, 'of': 1, 'the': 1, 'ico...

[10 rows x 3 columns]
[2022-06-17 20:39:39,077] {logging_mixin.py:115} INFO -                                              summary  ...                                      dict_word_cnt
0  13-year-old student drowned while swimming wit...  ...  {'13-year-old': 1, 'student': 1, 'drowned': 1,...
1  Two boys died and three others were injured wh...  ...  {'Two': 1, 'boys': 1, 'died': 1, 'and': 1, 'th...
2  A bettor in Amadeo, Cavite won the jackpot in ...  ...  {'A': 1, 'bettor': 1, 'in': 2, 'Amadeo,': 1, '...
3  Sen. Bong Go visited Tarlac City on Wednesday ...  ...  {'Sen.': 1, 'Bong': 1, 'Go': 1, 'visited': 1, ...
4  Two members of a local terrorist group were ki...  ...  {'Two': 1, 'members': 1, 'of': 1, 'a': 1, 'loc...
5  Avian influenza or bird flu continues to sprea...  ...  {'Avian': 1, 'influenza': 1, 'or': 1, 'bird': ...
6  Illegal drugs worth nearly P40 million were co...  ...  {'Illegal': 1, 'drugs': 1, 'worth': 1, 'nearly...
7  A two-story building is under construction at ...  ...  {'A': 1, 'two-story': 1, 'building': 1, 'is': ...
8  Two days after holding a press conference at C...  ...  {'Two': 1, 'days': 1, 'after': 1, 'holding': 1...
9  A portion of the iconic Metropolitan Theater w...  ...  {'A': 1, 'portion': 1, 'of': 1, 'the': 1, 'ico...

[10 rows x 3 columns]
[2022-06-17 20:39:39,091] {logging_mixin.py:115} INFO -                                              summary  ...                                      dict_word_cnt
0  13-year-old student drowned while swimming wit...  ...  {'13-year-old': 1, 'student': 1, 'drowned': 1,...
1  Two boys died and three others were injured wh...  ...  {'Two': 1, 'boys': 1, 'died': 1, 'and': 1, 'th...
2  A bettor in Amadeo, Cavite won the jackpot in ...  ...  {'A': 1, 'bettor': 1, 'in': 2, 'Amadeo,': 1, '...
3  Sen. Bong Go visited Tarlac City on Wednesday ...  ...  {'Sen.': 1, 'Bong': 1, 'Go': 1, 'visited': 1, ...
4  Two members of a local terrorist group were ki...  ...  {'Two': 1, 'members': 1, 'of': 1, 'a': 1, 'loc...
5  Avian influenza or bird flu continues to sprea...  ...  {'Avian': 1, 'influenza': 1, 'or': 1, 'bird': ...
6  Illegal drugs worth nearly P40 million were co...  ...  {'Illegal': 1, 'drugs': 1, 'worth': 1, 'nearly...
7  A two-story building is under construction at ...  ...  {'A': 1, 'two-story': 1, 'building': 1, 'is': ...
8  Two days after holding a press conference at C...  ...  {'Two': 1, 'days': 1, 'after': 1, 'holding': 1...
9  A portion of the iconic Metropolitan Theater w...  ...  {'A': 1, 'portion': 1, 'of': 1, 'the': 1, 'ico...

[10 rows x 3 columns]
[2022-06-17 20:39:39,104] {logging_mixin.py:115} INFO -                                              summary  ...                                      dict_word_cnt
0  13-year-old student drowned while swimming wit...  ...  {'13-year-old': 1, 'student': 1, 'drowned': 1,...
1  Two boys died and three others were injured wh...  ...  {'Two': 1, 'boys': 1, 'died': 1, 'and': 1, 'th...
2  A bettor in Amadeo, Cavite won the jackpot in ...  ...  {'A': 1, 'bettor': 1, 'in': 2, 'Amadeo,': 1, '...
3  Sen. Bong Go visited Tarlac City on Wednesday ...  ...  {'Sen.': 1, 'Bong': 1, 'Go': 1, 'visited': 1, ...
4  Two members of a local terrorist group were ki...  ...  {'Two': 1, 'members': 1, 'of': 1, 'a': 1, 'loc...
5  Avian influenza or bird flu continues to sprea...  ...  {'Avian': 1, 'influenza': 1, 'or': 1, 'bird': ...
6  Illegal drugs worth nearly P40 million were co...  ...  {'Illegal': 1, 'drugs': 1, 'worth': 1, 'nearly...
7  A two-story building is under construction at ...  ...  {'A': 1, 'two-story': 1, 'building': 1, 'is': ...
8  Two days after holding a press conference at C...  ...  {'Two': 1, 'days': 1, 'after': 1, 'holding': 1...
9  A portion of the iconic Metropolitan Theater w...  ...  {'A': 1, 'portion': 1, 'of': 1, 'the': 1, 'ico...

[10 rows x 3 columns]
[2022-06-17 20:39:39,124] {logging_mixin.py:115} INFO -                                              summary  ...                                      dict_word_cnt
0  13-year-old student drowned while swimming wit...  ...  {'13-year-old': 1, 'student': 1, 'drowned': 1,...
1  Two boys died and three others were injured wh...  ...  {'Two': 1, 'boys': 1, 'died': 1, 'and': 1, 'th...
2  A bettor in Amadeo, Cavite won the jackpot in ...  ...  {'A': 1, 'bettor': 1, 'in': 2, 'Amadeo,': 1, '...
3  Sen. Bong Go visited Tarlac City on Wednesday ...  ...  {'Sen.': 1, 'Bong': 1, 'Go': 1, 'visited': 1, ...
4  Two members of a local terrorist group were ki...  ...  {'Two': 1, 'members': 1, 'of': 1, 'a': 1, 'loc...
5  Avian influenza or bird flu continues to sprea...  ...  {'Avian': 1, 'influenza': 1, 'or': 1, 'bird': ...
6  Illegal drugs worth nearly P40 million were co...  ...  {'Illegal': 1, 'drugs': 1, 'worth': 1, 'nearly...
7  A two-story building is under construction at ...  ...  {'A': 1, 'two-story': 1, 'building': 1, 'is': ...
8  Two days after holding a press conference at C...  ...  {'Two': 1, 'days': 1, 'after': 1, 'holding': 1...
9  A portion of the iconic Metropolitan Theater w...  ...  {'A': 1, 'portion': 1, 'of': 1, 'the': 1, 'ico...

[10 rows x 3 columns]
[2022-06-17 20:39:39,138] {logging_mixin.py:115} INFO -                                              summary  ...                                      dict_word_cnt
0  13-year-old student drowned while swimming wit...  ...  {'13-year-old': 1, 'student': 1, 'drowned': 1,...
1  Two boys died and three others were injured wh...  ...  {'Two': 1, 'boys': 1, 'died': 1, 'and': 1, 'th...
2  A bettor in Amadeo, Cavite won the jackpot in ...  ...  {'A': 1, 'bettor': 1, 'in': 2, 'Amadeo,': 1, '...
3  Sen. Bong Go visited Tarlac City on Wednesday ...  ...  {'Sen.': 1, 'Bong': 1, 'Go': 1, 'visited': 1, ...
4  Two members of a local terrorist group were ki...  ...  {'Two': 1, 'members': 1, 'of': 1, 'a': 1, 'loc...
5  Avian influenza or bird flu continues to sprea...  ...  {'Avian': 1, 'influenza': 1, 'or': 1, 'bird': ...
6  Illegal drugs worth nearly P40 million were co...  ...  {'Illegal': 1, 'drugs': 1, 'worth': 1, 'nearly...
7  A two-story building is under construction at ...  ...  {'A': 1, 'two-story': 1, 'building': 1, 'is': ...
8  Two days after holding a press conference at C...  ...  {'Two': 1, 'days': 1, 'after': 1, 'holding': 1...
9  A portion of the iconic Metropolitan Theater w...  ...  {'A': 1, 'portion': 1, 'of': 1, 'the': 1, 'ico...

[10 rows x 3 columns]
[2022-06-17 20:39:39,153] {logging_mixin.py:115} INFO -                                              summary  ...                                      dict_word_cnt
0  13-year-old student drowned while swimming wit...  ...  {'13-year-old': 1, 'student': 1, 'drowned': 1,...
1  Two boys died and three others were injured wh...  ...  {'Two': 1, 'boys': 1, 'died': 1, 'and': 1, 'th...
2  A bettor in Amadeo, Cavite won the jackpot in ...  ...  {'A': 1, 'bettor': 1, 'in': 2, 'Amadeo,': 1, '...
3  Sen. Bong Go visited Tarlac City on Wednesday ...  ...  {'Sen.': 1, 'Bong': 1, 'Go': 1, 'visited': 1, ...
4  Two members of a local terrorist group were ki...  ...  {'Two': 1, 'members': 1, 'of': 1, 'a': 1, 'loc...
5  Avian influenza or bird flu continues to sprea...  ...  {'Avian': 1, 'influenza': 1, 'or': 1, 'bird': ...
6  Illegal drugs worth nearly P40 million were co...  ...  {'Illegal': 1, 'drugs': 1, 'worth': 1, 'nearly...
7  A two-story building is under construction at ...  ...  {'A': 1, 'two-story': 1, 'building': 1, 'is': ...
8  Two days after holding a press conference at C...  ...  {'Two': 1, 'days': 1, 'after': 1, 'holding': 1...
9  A portion of the iconic Metropolitan Theater w...  ...  {'A': 1, 'portion': 1, 'of': 1, 'the': 1, 'ico...

[10 rows x 3 columns]
[2022-06-17 20:39:39,153] {python.py:173} INFO - Done. Returned value was: None
[2022-06-17 20:39:39,164] {taskinstance.py:1400} INFO - Marking task as SUCCESS. dag_id=coffee_lake_scrapers-v1, task_id=word_count, execution_date=20220617T203927, start_date=20220617T203938, end_date=20220617T203939
[2022-06-17 20:39:39,195] {local_task_job.py:156} INFO - Task exited with return code 0
[2022-06-17 20:39:39,229] {local_task_job.py:273} INFO - 1 downstream tasks scheduled from follow-on schedule check
