[2022-06-17 12:08:01,234] {taskinstance.py:1159} INFO - Dependencies all met for <TaskInstance: coffee-lake-demo-v1.sleep scheduled__2022-06-17T11:52:58.947100+00:00 [queued]>
[2022-06-17 12:08:01,243] {taskinstance.py:1159} INFO - Dependencies all met for <TaskInstance: coffee-lake-demo-v1.sleep scheduled__2022-06-17T11:52:58.947100+00:00 [queued]>
[2022-06-17 12:08:01,243] {taskinstance.py:1356} INFO - 
--------------------------------------------------------------------------------
[2022-06-17 12:08:01,244] {taskinstance.py:1357} INFO - Starting attempt 1 of 1
[2022-06-17 12:08:01,244] {taskinstance.py:1358} INFO - 
--------------------------------------------------------------------------------
[2022-06-17 12:08:01,256] {taskinstance.py:1377} INFO - Executing <Task(BashOperator): sleep> on 2022-06-17 11:52:58.947100+00:00
[2022-06-17 12:08:01,259] {standard_task_runner.py:52} INFO - Started process 3665 to run task
[2022-06-17 12:08:01,261] {standard_task_runner.py:79} INFO - Running: ['***', 'tasks', 'run', 'coffee-lake-demo-v1', 'sleep', 'scheduled__2022-06-17T11:52:58.947100+00:00', '--job-id', '16', '--raw', '--subdir', 'DAGS_FOLDER/test_dag.py', '--cfg-path', '/tmp/tmpp12ywewa', '--error-file', '/tmp/tmpx0w1nmyu']
[2022-06-17 12:08:01,261] {standard_task_runner.py:80} INFO - Job 16: Subtask sleep
[2022-06-17 12:08:01,300] {task_command.py:370} INFO - Running <TaskInstance: coffee-lake-demo-v1.sleep scheduled__2022-06-17T11:52:58.947100+00:00 [running]> on host f0a3c4865e95
[2022-06-17 12:08:01,352] {taskinstance.py:1571} INFO - Exporting the following env vars:
AIRFLOW_CTX_DAG_OWNER=***
AIRFLOW_CTX_DAG_ID=coffee-lake-demo-v1
AIRFLOW_CTX_TASK_ID=sleep
AIRFLOW_CTX_EXECUTION_DATE=2022-06-17T11:52:58.947100+00:00
AIRFLOW_CTX_TRY_NUMBER=1
AIRFLOW_CTX_DAG_RUN_ID=scheduled__2022-06-17T11:52:58.947100+00:00
[2022-06-17 12:08:01,353] {subprocess.py:62} INFO - Tmp dir root location: 
 /tmp
[2022-06-17 12:08:01,353] {subprocess.py:74} INFO - Running command: ['bash', '-c', 'sleep 5']
[2022-06-17 12:08:01,360] {subprocess.py:85} INFO - Output:
[2022-06-17 12:08:06,363] {subprocess.py:96} INFO - Command exited with return code 0
[2022-06-17 12:08:06,401] {taskinstance.py:1400} INFO - Marking task as SUCCESS. dag_id=coffee-lake-demo-v1, task_id=sleep, execution_date=20220617T115258, start_date=20220617T120801, end_date=20220617T120806
[2022-06-17 12:08:06,463] {local_task_job.py:156} INFO - Task exited with return code 0
[2022-06-17 12:08:06,518] {local_task_job.py:273} INFO - 1 downstream tasks scheduled from follow-on schedule check
