[2022-06-17 12:08:07,063] {taskinstance.py:1159} INFO - Dependencies all met for <TaskInstance: coffee-lake-demo-v1.echo scheduled__2022-06-17T11:52:58.947100+00:00 [queued]>
[2022-06-17 12:08:07,074] {taskinstance.py:1159} INFO - Dependencies all met for <TaskInstance: coffee-lake-demo-v1.echo scheduled__2022-06-17T11:52:58.947100+00:00 [queued]>
[2022-06-17 12:08:07,074] {taskinstance.py:1356} INFO - 
--------------------------------------------------------------------------------
[2022-06-17 12:08:07,075] {taskinstance.py:1357} INFO - Starting attempt 1 of 1
[2022-06-17 12:08:07,075] {taskinstance.py:1358} INFO - 
--------------------------------------------------------------------------------
[2022-06-17 12:08:07,092] {taskinstance.py:1377} INFO - Executing <Task(BashOperator): echo> on 2022-06-17 11:52:58.947100+00:00
[2022-06-17 12:08:07,098] {standard_task_runner.py:52} INFO - Started process 3677 to run task
[2022-06-17 12:08:07,100] {standard_task_runner.py:79} INFO - Running: ['***', 'tasks', 'run', 'coffee-lake-demo-v1', 'echo', 'scheduled__2022-06-17T11:52:58.947100+00:00', '--job-id', '17', '--raw', '--subdir', 'DAGS_FOLDER/test_dag.py', '--cfg-path', '/tmp/tmpdbut5pgj', '--error-file', '/tmp/tmp3smjs9n0']
[2022-06-17 12:08:07,101] {standard_task_runner.py:80} INFO - Job 17: Subtask echo
[2022-06-17 12:08:07,151] {task_command.py:370} INFO - Running <TaskInstance: coffee-lake-demo-v1.echo scheduled__2022-06-17T11:52:58.947100+00:00 [running]> on host f0a3c4865e95
[2022-06-17 12:08:07,239] {taskinstance.py:1571} INFO - Exporting the following env vars:
AIRFLOW_CTX_DAG_OWNER=***
AIRFLOW_CTX_DAG_ID=coffee-lake-demo-v1
AIRFLOW_CTX_TASK_ID=echo
AIRFLOW_CTX_EXECUTION_DATE=2022-06-17T11:52:58.947100+00:00
AIRFLOW_CTX_TRY_NUMBER=1
AIRFLOW_CTX_DAG_RUN_ID=scheduled__2022-06-17T11:52:58.947100+00:00
[2022-06-17 12:08:07,240] {subprocess.py:62} INFO - Tmp dir root location: 
 /tmp
[2022-06-17 12:08:07,241] {subprocess.py:74} INFO - Running command: ['bash', '-c', "echo 'Finished!'"]
[2022-06-17 12:08:07,253] {subprocess.py:85} INFO - Output:
[2022-06-17 12:08:07,254] {subprocess.py:92} INFO - Finished!
[2022-06-17 12:08:07,255] {subprocess.py:96} INFO - Command exited with return code 0
[2022-06-17 12:08:07,288] {taskinstance.py:1400} INFO - Marking task as SUCCESS. dag_id=coffee-lake-demo-v1, task_id=echo, execution_date=20220617T115258, start_date=20220617T120807, end_date=20220617T120807
[2022-06-17 12:08:07,313] {local_task_job.py:156} INFO - Task exited with return code 0
[2022-06-17 12:08:07,353] {local_task_job.py:273} INFO - 1 downstream tasks scheduled from follow-on schedule check
