[2022-06-18 06:52:39,847] {taskinstance.py:1159} INFO - Dependencies all met for <TaskInstance: coffee_lake_demo-v2.philstar_nation manual__2022-06-18T06:52:30.500581+00:00 [queued]>
[2022-06-18 06:52:39,862] {taskinstance.py:1159} INFO - Dependencies all met for <TaskInstance: coffee_lake_demo-v2.philstar_nation manual__2022-06-18T06:52:30.500581+00:00 [queued]>
[2022-06-18 06:52:39,863] {taskinstance.py:1356} INFO - 
--------------------------------------------------------------------------------
[2022-06-18 06:52:39,863] {taskinstance.py:1357} INFO - Starting attempt 1 of 1
[2022-06-18 06:52:39,863] {taskinstance.py:1358} INFO - 
--------------------------------------------------------------------------------
[2022-06-18 06:52:39,883] {taskinstance.py:1377} INFO - Executing <Task(_PythonDecoratedOperator): philstar_nation> on 2022-06-18 06:52:30.500581+00:00
[2022-06-18 06:52:39,891] {standard_task_runner.py:52} INFO - Started process 249 to run task
[2022-06-18 06:52:39,897] {standard_task_runner.py:79} INFO - Running: ['***', 'tasks', 'run', 'coffee_lake_demo-v2', 'philstar_nation', 'manual__2022-06-18T06:52:30.500581+00:00', '--job-id', '493', '--raw', '--subdir', 'DAGS_FOLDER/scraper_v2_dag.py', '--cfg-path', '/tmp/tmpfue39sfe', '--error-file', '/tmp/tmp_iyctpku']
[2022-06-18 06:52:39,898] {standard_task_runner.py:80} INFO - Job 493: Subtask philstar_nation
[2022-06-18 06:52:39,969] {task_command.py:370} INFO - Running <TaskInstance: coffee_lake_demo-v2.philstar_nation manual__2022-06-18T06:52:30.500581+00:00 [running]> on host 312614bad459
[2022-06-18 06:52:40,072] {taskinstance.py:1571} INFO - Exporting the following env vars:
AIRFLOW_CTX_DAG_OWNER=***
AIRFLOW_CTX_DAG_ID=coffee_lake_demo-v2
AIRFLOW_CTX_TASK_ID=philstar_nation
AIRFLOW_CTX_EXECUTION_DATE=2022-06-18T06:52:30.500581+00:00
AIRFLOW_CTX_TRY_NUMBER=1
AIRFLOW_CTX_DAG_RUN_ID=manual__2022-06-18T06:52:30.500581+00:00
[2022-06-18 06:52:43,275] {python.py:173} INFO - Done. Returned value was: None
[2022-06-18 06:52:43,289] {taskinstance.py:1400} INFO - Marking task as SUCCESS. dag_id=coffee_lake_demo-v2, task_id=philstar_nation, execution_date=20220618T065230, start_date=20220618T065239, end_date=20220618T065243
[2022-06-18 06:52:43,320] {local_task_job.py:156} INFO - Task exited with return code 0
[2022-06-18 06:52:43,368] {local_task_job.py:273} INFO - 1 downstream tasks scheduled from follow-on schedule check
