[2022-06-18 07:33:33,169] {taskinstance.py:1159} INFO - Dependencies all met for <TaskInstance: coffee_lake_demo-v2.t4_start_msg manual__2022-06-18T07:33:31.605917+00:00 [queued]>
[2022-06-18 07:33:33,178] {taskinstance.py:1159} INFO - Dependencies all met for <TaskInstance: coffee_lake_demo-v2.t4_start_msg manual__2022-06-18T07:33:31.605917+00:00 [queued]>
[2022-06-18 07:33:33,179] {taskinstance.py:1356} INFO - 
--------------------------------------------------------------------------------
[2022-06-18 07:33:33,179] {taskinstance.py:1357} INFO - Starting attempt 1 of 1
[2022-06-18 07:33:33,179] {taskinstance.py:1358} INFO - 
--------------------------------------------------------------------------------
[2022-06-18 07:33:33,192] {taskinstance.py:1377} INFO - Executing <Task(BashOperator): t4_start_msg> on 2022-06-18 07:33:31.605917+00:00
[2022-06-18 07:33:33,198] {standard_task_runner.py:52} INFO - Started process 2919 to run task
[2022-06-18 07:33:33,200] {standard_task_runner.py:79} INFO - Running: ['***', 'tasks', 'run', 'coffee_lake_demo-v2', 't4_start_msg', 'manual__2022-06-18T07:33:31.605917+00:00', '--job-id', '620', '--raw', '--subdir', 'DAGS_FOLDER/scraper_v2_dag.py', '--cfg-path', '/tmp/tmpk8iz7myw', '--error-file', '/tmp/tmpc76ucr4z']
[2022-06-18 07:33:33,201] {standard_task_runner.py:80} INFO - Job 620: Subtask t4_start_msg
[2022-06-18 07:33:33,248] {task_command.py:370} INFO - Running <TaskInstance: coffee_lake_demo-v2.t4_start_msg manual__2022-06-18T07:33:31.605917+00:00 [running]> on host 312614bad459
[2022-06-18 07:33:33,411] {taskinstance.py:1571} INFO - Exporting the following env vars:
AIRFLOW_CTX_DAG_OWNER=***
AIRFLOW_CTX_DAG_ID=coffee_lake_demo-v2
AIRFLOW_CTX_TASK_ID=t4_start_msg
AIRFLOW_CTX_EXECUTION_DATE=2022-06-18T07:33:31.605917+00:00
AIRFLOW_CTX_TRY_NUMBER=1
AIRFLOW_CTX_DAG_RUN_ID=manual__2022-06-18T07:33:31.605917+00:00
[2022-06-18 07:33:33,413] {subprocess.py:62} INFO - Tmp dir root location: 
 /tmp
[2022-06-18 07:33:33,414] {subprocess.py:74} INFO - Running command: ['bash', '-c', 'curl -X POST -H \'Content-type: application/json\' --data \'{"text" : "starting task 4: loading - osm street images "}\' "https://discord.com/api/webhooks/986224448984195082/pQp4GNcVWh-J2XtmIycVnjxYuGRGVIYFeveDRS5EwvgmGozthyd_alj8wbeKhfVn9SSk/slack"']
[2022-06-18 07:33:33,428] {subprocess.py:85} INFO - Output:
[2022-06-18 07:33:33,435] {subprocess.py:92} INFO -   % Total    % Received % Xferd  Average Speed   Time    Time     Time  Current
[2022-06-18 07:33:33,435] {subprocess.py:92} INFO -                                  Dload  Upload   Total   Spent    Left  Speed
[2022-06-18 07:33:34,056] {subprocess.py:92} INFO -   0     0    0     0    0     0      0      0 --:--:-- --:--:-- --:--:--     0100    60    0     2  100    58      3     93 --:--:-- --:--:-- --:--:--    96
[2022-06-18 07:33:34,058] {subprocess.py:92} INFO - ok
[2022-06-18 07:33:34,060] {subprocess.py:96} INFO - Command exited with return code 0
[2022-06-18 07:33:34,098] {taskinstance.py:1400} INFO - Marking task as SUCCESS. dag_id=coffee_lake_demo-v2, task_id=t4_start_msg, execution_date=20220618T073331, start_date=20220618T073333, end_date=20220618T073334
[2022-06-18 07:33:34,135] {local_task_job.py:156} INFO - Task exited with return code 0
[2022-06-18 07:33:34,251] {local_task_job.py:273} INFO - 0 downstream tasks scheduled from follow-on schedule check
