[2022-06-18 07:29:12,369] {taskinstance.py:1159} INFO - Dependencies all met for <TaskInstance: coffee_lake_demo-v2.business_world manual__2022-06-18T07:29:03.561175+00:00 [queued]>
[2022-06-18 07:29:12,381] {taskinstance.py:1159} INFO - Dependencies all met for <TaskInstance: coffee_lake_demo-v2.business_world manual__2022-06-18T07:29:03.561175+00:00 [queued]>
[2022-06-18 07:29:12,381] {taskinstance.py:1356} INFO - 
--------------------------------------------------------------------------------
[2022-06-18 07:29:12,381] {taskinstance.py:1357} INFO - Starting attempt 1 of 1
[2022-06-18 07:29:12,382] {taskinstance.py:1358} INFO - 
--------------------------------------------------------------------------------
[2022-06-18 07:29:12,403] {taskinstance.py:1377} INFO - Executing <Task(_PythonDecoratedOperator): business_world> on 2022-06-18 07:29:03.561175+00:00
[2022-06-18 07:29:12,412] {standard_task_runner.py:52} INFO - Started process 2646 to run task
[2022-06-18 07:29:12,415] {standard_task_runner.py:79} INFO - Running: ['***', 'tasks', 'run', 'coffee_lake_demo-v2', 'business_world', 'manual__2022-06-18T07:29:03.561175+00:00', '--job-id', '607', '--raw', '--subdir', 'DAGS_FOLDER/scraper_v2_dag.py', '--cfg-path', '/tmp/tmpbga1nu9s', '--error-file', '/tmp/tmpwy9ef4z5']
[2022-06-18 07:29:12,417] {standard_task_runner.py:80} INFO - Job 607: Subtask business_world
[2022-06-18 07:29:12,495] {task_command.py:370} INFO - Running <TaskInstance: coffee_lake_demo-v2.business_world manual__2022-06-18T07:29:03.561175+00:00 [running]> on host 312614bad459
[2022-06-18 07:29:12,595] {taskinstance.py:1571} INFO - Exporting the following env vars:
AIRFLOW_CTX_DAG_OWNER=***
AIRFLOW_CTX_DAG_ID=coffee_lake_demo-v2
AIRFLOW_CTX_TASK_ID=business_world
AIRFLOW_CTX_EXECUTION_DATE=2022-06-18T07:29:03.561175+00:00
AIRFLOW_CTX_TRY_NUMBER=1
AIRFLOW_CTX_DAG_RUN_ID=manual__2022-06-18T07:29:03.561175+00:00
[2022-06-18 07:29:13,747] {python.py:173} INFO - Done. Returned value was: None
[2022-06-18 07:29:13,761] {taskinstance.py:1400} INFO - Marking task as SUCCESS. dag_id=coffee_lake_demo-v2, task_id=business_world, execution_date=20220618T072903, start_date=20220618T072912, end_date=20220618T072913
[2022-06-18 07:29:13,793] {local_task_job.py:156} INFO - Task exited with return code 0
[2022-06-18 07:29:13,836] {local_task_job.py:273} INFO - 0 downstream tasks scheduled from follow-on schedule check
