[2022-06-18 06:52:40,004] {taskinstance.py:1159} INFO - Dependencies all met for <TaskInstance: coffee_lake_demo-v2.inquirer_feed manual__2022-06-18T06:52:30.500581+00:00 [queued]>
[2022-06-18 06:52:40,023] {taskinstance.py:1159} INFO - Dependencies all met for <TaskInstance: coffee_lake_demo-v2.inquirer_feed manual__2022-06-18T06:52:30.500581+00:00 [queued]>
[2022-06-18 06:52:40,024] {taskinstance.py:1356} INFO - 
--------------------------------------------------------------------------------
[2022-06-18 06:52:40,025] {taskinstance.py:1357} INFO - Starting attempt 1 of 1
[2022-06-18 06:52:40,025] {taskinstance.py:1358} INFO - 
--------------------------------------------------------------------------------
[2022-06-18 06:52:40,045] {taskinstance.py:1377} INFO - Executing <Task(_PythonDecoratedOperator): inquirer_feed> on 2022-06-18 06:52:30.500581+00:00
[2022-06-18 06:52:40,057] {standard_task_runner.py:52} INFO - Started process 252 to run task
[2022-06-18 06:52:40,063] {standard_task_runner.py:79} INFO - Running: ['***', 'tasks', 'run', 'coffee_lake_demo-v2', 'inquirer_feed', 'manual__2022-06-18T06:52:30.500581+00:00', '--job-id', '495', '--raw', '--subdir', 'DAGS_FOLDER/scraper_v2_dag.py', '--cfg-path', '/tmp/tmphym5gtjc', '--error-file', '/tmp/tmpcl8e0xfs']
[2022-06-18 06:52:40,064] {standard_task_runner.py:80} INFO - Job 495: Subtask inquirer_feed
[2022-06-18 06:52:40,133] {task_command.py:370} INFO - Running <TaskInstance: coffee_lake_demo-v2.inquirer_feed manual__2022-06-18T06:52:30.500581+00:00 [running]> on host 312614bad459
[2022-06-18 06:52:40,235] {taskinstance.py:1571} INFO - Exporting the following env vars:
AIRFLOW_CTX_DAG_OWNER=***
AIRFLOW_CTX_DAG_ID=coffee_lake_demo-v2
AIRFLOW_CTX_TASK_ID=inquirer_feed
AIRFLOW_CTX_EXECUTION_DATE=2022-06-18T06:52:30.500581+00:00
AIRFLOW_CTX_TRY_NUMBER=1
AIRFLOW_CTX_DAG_RUN_ID=manual__2022-06-18T06:52:30.500581+00:00
[2022-06-18 06:52:41,218] {python.py:173} INFO - Done. Returned value was: True
[2022-06-18 06:52:41,264] {taskinstance.py:1400} INFO - Marking task as SUCCESS. dag_id=coffee_lake_demo-v2, task_id=inquirer_feed, execution_date=20220618T065230, start_date=20220618T065240, end_date=20220618T065241
[2022-06-18 06:52:41,319] {local_task_job.py:156} INFO - Task exited with return code 0
[2022-06-18 06:52:41,370] {local_task_job.py:273} INFO - 0 downstream tasks scheduled from follow-on schedule check
