[2022-06-17 20:24:31,524] {taskinstance.py:1159} INFO - Dependencies all met for <TaskInstance: coffee_lake_scrapers-v1.t1_end_msg manual__2022-06-17T20:24:23.050847+00:00 [queued]>
[2022-06-17 20:24:31,531] {taskinstance.py:1159} INFO - Dependencies all met for <TaskInstance: coffee_lake_scrapers-v1.t1_end_msg manual__2022-06-17T20:24:23.050847+00:00 [queued]>
[2022-06-17 20:24:31,531] {taskinstance.py:1356} INFO - 
--------------------------------------------------------------------------------
[2022-06-17 20:24:31,531] {taskinstance.py:1357} INFO - Starting attempt 1 of 1
[2022-06-17 20:24:31,531] {taskinstance.py:1358} INFO - 
--------------------------------------------------------------------------------
[2022-06-17 20:24:31,545] {taskinstance.py:1377} INFO - Executing <Task(BashOperator): t1_end_msg> on 2022-06-17 20:24:23.050847+00:00
[2022-06-17 20:24:31,550] {standard_task_runner.py:52} INFO - Started process 535 to run task
[2022-06-17 20:24:31,553] {standard_task_runner.py:79} INFO - Running: ['***', 'tasks', 'run', 'coffee_lake_scrapers-v1', 't1_end_msg', 'manual__2022-06-17T20:24:23.050847+00:00', '--job-id', '367', '--raw', '--subdir', 'DAGS_FOLDER/scraper_dag.py', '--cfg-path', '/tmp/tmpp3_96q93', '--error-file', '/tmp/tmpddibu7ia']
[2022-06-17 20:24:31,554] {standard_task_runner.py:80} INFO - Job 367: Subtask t1_end_msg
[2022-06-17 20:24:31,600] {task_command.py:370} INFO - Running <TaskInstance: coffee_lake_scrapers-v1.t1_end_msg manual__2022-06-17T20:24:23.050847+00:00 [running]> on host 99f2822d4305
[2022-06-17 20:24:31,665] {taskinstance.py:1571} INFO - Exporting the following env vars:
AIRFLOW_CTX_DAG_OWNER=***
AIRFLOW_CTX_DAG_ID=coffee_lake_scrapers-v1
AIRFLOW_CTX_TASK_ID=t1_end_msg
AIRFLOW_CTX_EXECUTION_DATE=2022-06-17T20:24:23.050847+00:00
AIRFLOW_CTX_TRY_NUMBER=1
AIRFLOW_CTX_DAG_RUN_ID=manual__2022-06-17T20:24:23.050847+00:00
[2022-06-17 20:24:31,666] {subprocess.py:62} INFO - Tmp dir root location: 
 /tmp
[2022-06-17 20:24:31,667] {subprocess.py:74} INFO - Running command: ['bash', '-c', 'curl -X POST -H \'Content-type: application/json\' --data \'{"text" : "ending task 1: scraping"}\' "https://discord.com/api/webhooks/986224448984195082/pQp4GNcVWh-J2XtmIycVnjxYuGRGVIYFeveDRS5EwvgmGozthyd_alj8wbeKhfVn9SSk/slack"']
[2022-06-17 20:24:31,686] {subprocess.py:85} INFO - Output:
[2022-06-17 20:24:31,694] {subprocess.py:92} INFO -   % Total    % Received % Xferd  Average Speed   Time    Time     Time  Current
[2022-06-17 20:24:31,694] {subprocess.py:92} INFO -                                  Dload  Upload   Total   Spent    Left  Speed
[2022-06-17 20:24:32,191] {subprocess.py:92} INFO -   0     0    0     0    0     0      0      0 --:--:-- --:--:-- --:--:--     0100    38    0     2  100    36      4     72 --:--:-- --:--:-- --:--:--    76100    38    0     2  100    36      4     72 --:--:-- --:--:-- --:--:--    76
[2022-06-17 20:24:32,209] {subprocess.py:92} INFO - ok
[2022-06-17 20:24:32,210] {subprocess.py:96} INFO - Command exited with return code 0
[2022-06-17 20:24:32,239] {taskinstance.py:1400} INFO - Marking task as SUCCESS. dag_id=coffee_lake_scrapers-v1, task_id=t1_end_msg, execution_date=20220617T202423, start_date=20220617T202431, end_date=20220617T202432
[2022-06-17 20:24:32,289] {local_task_job.py:156} INFO - Task exited with return code 0
[2022-06-17 20:24:32,335] {local_task_job.py:273} INFO - 1 downstream tasks scheduled from follow-on schedule check
