[2022-06-18 07:23:58,418] {taskinstance.py:1159} INFO - Dependencies all met for <TaskInstance: coffee_lake_demo-v2.load_data manual__2022-06-18T07:23:54.585592+00:00 [queued]>
[2022-06-18 07:23:58,426] {taskinstance.py:1159} INFO - Dependencies all met for <TaskInstance: coffee_lake_demo-v2.load_data manual__2022-06-18T07:23:54.585592+00:00 [queued]>
[2022-06-18 07:23:58,426] {taskinstance.py:1356} INFO - 
--------------------------------------------------------------------------------
[2022-06-18 07:23:58,427] {taskinstance.py:1357} INFO - Starting attempt 1 of 1
[2022-06-18 07:23:58,427] {taskinstance.py:1358} INFO - 
--------------------------------------------------------------------------------
[2022-06-18 07:23:58,439] {taskinstance.py:1377} INFO - Executing <Task(_PythonDecoratedOperator): load_data> on 2022-06-18 07:23:54.585592+00:00
[2022-06-18 07:23:58,444] {standard_task_runner.py:52} INFO - Started process 2148 to run task
[2022-06-18 07:23:58,447] {standard_task_runner.py:79} INFO - Running: ['***', 'tasks', 'run', 'coffee_lake_demo-v2', 'load_data', 'manual__2022-06-18T07:23:54.585592+00:00', '--job-id', '562', '--raw', '--subdir', 'DAGS_FOLDER/scraper_v2_dag.py', '--cfg-path', '/tmp/tmpp1k8fx6y', '--error-file', '/tmp/tmp_z8f22d0']
[2022-06-18 07:23:58,448] {standard_task_runner.py:80} INFO - Job 562: Subtask load_data
[2022-06-18 07:23:58,497] {task_command.py:370} INFO - Running <TaskInstance: coffee_lake_demo-v2.load_data manual__2022-06-18T07:23:54.585592+00:00 [running]> on host 312614bad459
[2022-06-18 07:23:58,566] {taskinstance.py:1571} INFO - Exporting the following env vars:
AIRFLOW_CTX_DAG_OWNER=***
AIRFLOW_CTX_DAG_ID=coffee_lake_demo-v2
AIRFLOW_CTX_TASK_ID=load_data
AIRFLOW_CTX_EXECUTION_DATE=2022-06-18T07:23:54.585592+00:00
AIRFLOW_CTX_TRY_NUMBER=1
AIRFLOW_CTX_DAG_RUN_ID=manual__2022-06-18T07:23:54.585592+00:00
[2022-06-18 07:24:01,344] {python.py:173} INFO - Done. Returned value was: None
[2022-06-18 07:24:01,369] {taskinstance.py:1400} INFO - Marking task as SUCCESS. dag_id=coffee_lake_demo-v2, task_id=load_data, execution_date=20220618T072354, start_date=20220618T072358, end_date=20220618T072401
[2022-06-18 07:24:01,509] {local_task_job.py:156} INFO - Task exited with return code 0
[2022-06-18 07:24:01,563] {local_task_job.py:273} INFO - 0 downstream tasks scheduled from follow-on schedule check
