[2022-06-17 12:34:34,781] {taskinstance.py:1159} INFO - Dependencies all met for <TaskInstance: coffee_lake_scrapers-v1.inquirer_feed manual__2022-06-17T12:34:30.007814+00:00 [queued]>
[2022-06-17 12:34:34,789] {taskinstance.py:1159} INFO - Dependencies all met for <TaskInstance: coffee_lake_scrapers-v1.inquirer_feed manual__2022-06-17T12:34:30.007814+00:00 [queued]>
[2022-06-17 12:34:34,789] {taskinstance.py:1356} INFO - 
--------------------------------------------------------------------------------
[2022-06-17 12:34:34,789] {taskinstance.py:1357} INFO - Starting attempt 1 of 1
[2022-06-17 12:34:34,790] {taskinstance.py:1358} INFO - 
--------------------------------------------------------------------------------
[2022-06-17 12:34:34,801] {taskinstance.py:1377} INFO - Executing <Task(_PythonDecoratedOperator): inquirer_feed> on 2022-06-17 12:34:30.007814+00:00
[2022-06-17 12:34:34,805] {standard_task_runner.py:52} INFO - Started process 5056 to run task
[2022-06-17 12:34:34,807] {standard_task_runner.py:79} INFO - Running: ['***', 'tasks', 'run', 'coffee_lake_scrapers-v1', 'inquirer_feed', 'manual__2022-06-17T12:34:30.007814+00:00', '--job-id', '36', '--raw', '--subdir', 'DAGS_FOLDER/scraper_dag.py', '--cfg-path', '/tmp/tmpkw6g4_i7', '--error-file', '/tmp/tmpj16szjfj']
[2022-06-17 12:34:34,808] {standard_task_runner.py:80} INFO - Job 36: Subtask inquirer_feed
[2022-06-17 12:34:34,849] {task_command.py:370} INFO - Running <TaskInstance: coffee_lake_scrapers-v1.inquirer_feed manual__2022-06-17T12:34:30.007814+00:00 [running]> on host f0a3c4865e95
[2022-06-17 12:34:34,903] {taskinstance.py:1571} INFO - Exporting the following env vars:
AIRFLOW_CTX_DAG_OWNER=***
AIRFLOW_CTX_DAG_ID=coffee_lake_scrapers-v1
AIRFLOW_CTX_TASK_ID=inquirer_feed
AIRFLOW_CTX_EXECUTION_DATE=2022-06-17T12:34:30.007814+00:00
AIRFLOW_CTX_TRY_NUMBER=1
AIRFLOW_CTX_DAG_RUN_ID=manual__2022-06-17T12:34:30.007814+00:00
[2022-06-17 12:34:36,884] {logging_mixin.py:115} INFO - /opt/***/DATA/
[2022-06-17 12:34:38,046] {python.py:173} INFO - Done. Returned value was: True
[2022-06-17 12:34:38,071] {taskinstance.py:1400} INFO - Marking task as SUCCESS. dag_id=coffee_lake_scrapers-v1, task_id=inquirer_feed, execution_date=20220617T123430, start_date=20220617T123434, end_date=20220617T123438
[2022-06-17 12:34:38,112] {local_task_job.py:156} INFO - Task exited with return code 0
[2022-06-17 12:34:38,218] {local_task_job.py:273} INFO - 1 downstream tasks scheduled from follow-on schedule check
