[2022-06-18 06:35:26,325] {taskinstance.py:1159} INFO - Dependencies all met for <TaskInstance: coffee_lake_demo-v2.dag_start_msg manual__2022-06-18T06:35:24.748600+00:00 [queued]>
[2022-06-18 06:35:26,334] {taskinstance.py:1159} INFO - Dependencies all met for <TaskInstance: coffee_lake_demo-v2.dag_start_msg manual__2022-06-18T06:35:24.748600+00:00 [queued]>
[2022-06-18 06:35:26,334] {taskinstance.py:1356} INFO - 
--------------------------------------------------------------------------------
[2022-06-18 06:35:26,334] {taskinstance.py:1357} INFO - Starting attempt 1 of 1
[2022-06-18 06:35:26,335] {taskinstance.py:1358} INFO - 
--------------------------------------------------------------------------------
[2022-06-18 06:35:26,348] {taskinstance.py:1377} INFO - Executing <Task(BashOperator): dag_start_msg> on 2022-06-18 06:35:24.748600+00:00
[2022-06-18 06:35:26,352] {standard_task_runner.py:52} INFO - Started process 1421 to run task
[2022-06-18 06:35:26,355] {standard_task_runner.py:79} INFO - Running: ['***', 'tasks', 'run', 'coffee_lake_demo-v2', 'dag_start_msg', 'manual__2022-06-18T06:35:24.748600+00:00', '--job-id', '468', '--raw', '--subdir', 'DAGS_FOLDER/scraper_v2_dag.py', '--cfg-path', '/tmp/tmps865sxzk', '--error-file', '/tmp/tmprzjebsr2']
[2022-06-18 06:35:26,356] {standard_task_runner.py:80} INFO - Job 468: Subtask dag_start_msg
[2022-06-18 06:35:26,398] {task_command.py:370} INFO - Running <TaskInstance: coffee_lake_demo-v2.dag_start_msg manual__2022-06-18T06:35:24.748600+00:00 [running]> on host edf12686294f
[2022-06-18 06:35:26,469] {taskinstance.py:1571} INFO - Exporting the following env vars:
AIRFLOW_CTX_DAG_OWNER=***
AIRFLOW_CTX_DAG_ID=coffee_lake_demo-v2
AIRFLOW_CTX_TASK_ID=dag_start_msg
AIRFLOW_CTX_EXECUTION_DATE=2022-06-18T06:35:24.748600+00:00
AIRFLOW_CTX_TRY_NUMBER=1
AIRFLOW_CTX_DAG_RUN_ID=manual__2022-06-18T06:35:24.748600+00:00
[2022-06-18 06:35:26,474] {subprocess.py:62} INFO - Tmp dir root location: 
 /tmp
[2022-06-18 06:35:26,475] {subprocess.py:74} INFO - Running command: ['bash', '-c', 'curl -X POST -H \'Content-type: application/json\' --data \'{"text" : "DAG start running tasks. "}\' "https://discord.com/api/webhooks/986224448984195082/pQp4GNcVWh-J2XtmIycVnjxYuGRGVIYFeveDRS5EwvgmGozthyd_alj8wbeKhfVn9SSk/slack"']
[2022-06-18 06:35:26,488] {subprocess.py:85} INFO - Output:
[2022-06-18 06:35:26,496] {subprocess.py:92} INFO -   % Total    % Received % Xferd  Average Speed   Time    Time     Time  Current
[2022-06-18 06:35:26,496] {subprocess.py:92} INFO -                                  Dload  Upload   Total   Spent    Left  Speed
[2022-06-18 06:35:27,015] {subprocess.py:92} INFO -   0     0    0     0    0     0      0      0 --:--:-- --:--:-- --:--:--     0100    40    0     2  100    38      3     73 --:--:-- --:--:-- --:--:--    77
[2022-06-18 06:35:27,018] {subprocess.py:92} INFO - ok
[2022-06-18 06:35:27,018] {subprocess.py:96} INFO - Command exited with return code 0
[2022-06-18 06:35:27,062] {taskinstance.py:1400} INFO - Marking task as SUCCESS. dag_id=coffee_lake_demo-v2, task_id=dag_start_msg, execution_date=20220618T063524, start_date=20220618T063526, end_date=20220618T063527
[2022-06-18 06:35:27,089] {local_task_job.py:156} INFO - Task exited with return code 0
[2022-06-18 06:35:27,150] {local_task_job.py:273} INFO - 1 downstream tasks scheduled from follow-on schedule check
