[2022-06-18 07:33:40,657] {taskinstance.py:1159} INFO - Dependencies all met for <TaskInstance: coffee_lake_demo-v2.business_world manual__2022-06-18T07:33:31.605917+00:00 [queued]>
[2022-06-18 07:33:40,665] {taskinstance.py:1159} INFO - Dependencies all met for <TaskInstance: coffee_lake_demo-v2.business_world manual__2022-06-18T07:33:31.605917+00:00 [queued]>
[2022-06-18 07:33:40,665] {taskinstance.py:1356} INFO - 
--------------------------------------------------------------------------------
[2022-06-18 07:33:40,666] {taskinstance.py:1357} INFO - Starting attempt 1 of 1
[2022-06-18 07:33:40,666] {taskinstance.py:1358} INFO - 
--------------------------------------------------------------------------------
[2022-06-18 07:33:40,677] {taskinstance.py:1377} INFO - Executing <Task(_PythonDecoratedOperator): business_world> on 2022-06-18 07:33:31.605917+00:00
[2022-06-18 07:33:40,681] {standard_task_runner.py:52} INFO - Started process 2974 to run task
[2022-06-18 07:33:40,684] {standard_task_runner.py:79} INFO - Running: ['***', 'tasks', 'run', 'coffee_lake_demo-v2', 'business_world', 'manual__2022-06-18T07:33:31.605917+00:00', '--job-id', '626', '--raw', '--subdir', 'DAGS_FOLDER/scraper_v2_dag.py', '--cfg-path', '/tmp/tmptuzcz9m8', '--error-file', '/tmp/tmpo03_w8v3']
[2022-06-18 07:33:40,685] {standard_task_runner.py:80} INFO - Job 626: Subtask business_world
[2022-06-18 07:33:40,729] {task_command.py:370} INFO - Running <TaskInstance: coffee_lake_demo-v2.business_world manual__2022-06-18T07:33:31.605917+00:00 [running]> on host 312614bad459
[2022-06-18 07:33:40,792] {taskinstance.py:1571} INFO - Exporting the following env vars:
AIRFLOW_CTX_DAG_OWNER=***
AIRFLOW_CTX_DAG_ID=coffee_lake_demo-v2
AIRFLOW_CTX_TASK_ID=business_world
AIRFLOW_CTX_EXECUTION_DATE=2022-06-18T07:33:31.605917+00:00
AIRFLOW_CTX_TRY_NUMBER=1
AIRFLOW_CTX_DAG_RUN_ID=manual__2022-06-18T07:33:31.605917+00:00
[2022-06-18 07:33:41,954] {python.py:173} INFO - Done. Returned value was: None
[2022-06-18 07:33:41,970] {taskinstance.py:1400} INFO - Marking task as SUCCESS. dag_id=coffee_lake_demo-v2, task_id=business_world, execution_date=20220618T073331, start_date=20220618T073340, end_date=20220618T073341
[2022-06-18 07:33:42,022] {local_task_job.py:156} INFO - Task exited with return code 0
[2022-06-18 07:33:42,068] {local_task_job.py:273} INFO - 0 downstream tasks scheduled from follow-on schedule check
