[2022-06-17 17:10:40,239] {taskinstance.py:1159} INFO - Dependencies all met for <TaskInstance: coffee_lake_scrapers-v1.word_count manual__2022-06-17T17:10:17.458409+00:00 [queued]>
[2022-06-17 17:10:40,259] {taskinstance.py:1159} INFO - Dependencies all met for <TaskInstance: coffee_lake_scrapers-v1.word_count manual__2022-06-17T17:10:17.458409+00:00 [queued]>
[2022-06-17 17:10:40,260] {taskinstance.py:1356} INFO - 
--------------------------------------------------------------------------------
[2022-06-17 17:10:40,260] {taskinstance.py:1357} INFO - Starting attempt 1 of 1
[2022-06-17 17:10:40,261] {taskinstance.py:1358} INFO - 
--------------------------------------------------------------------------------
[2022-06-17 17:10:40,294] {taskinstance.py:1377} INFO - Executing <Task(_PythonDecoratedOperator): word_count> on 2022-06-17 17:10:17.458409+00:00
[2022-06-17 17:10:40,302] {standard_task_runner.py:52} INFO - Started process 3252 to run task
[2022-06-17 17:10:40,307] {standard_task_runner.py:79} INFO - Running: ['***', 'tasks', 'run', 'coffee_lake_scrapers-v1', 'word_count', 'manual__2022-06-17T17:10:17.458409+00:00', '--job-id', '173', '--raw', '--subdir', 'DAGS_FOLDER/scraper_dag.py', '--cfg-path', '/tmp/tmpkiaev67w', '--error-file', '/tmp/tmpsqdt543u']
[2022-06-17 17:10:40,309] {standard_task_runner.py:80} INFO - Job 173: Subtask word_count
[2022-06-17 17:10:40,423] {task_command.py:370} INFO - Running <TaskInstance: coffee_lake_scrapers-v1.word_count manual__2022-06-17T17:10:17.458409+00:00 [running]> on host 2f484ba01a8b
[2022-06-17 17:10:40,632] {taskinstance.py:1571} INFO - Exporting the following env vars:
AIRFLOW_CTX_DAG_OWNER=***
AIRFLOW_CTX_DAG_ID=coffee_lake_scrapers-v1
AIRFLOW_CTX_TASK_ID=word_count
AIRFLOW_CTX_EXECUTION_DATE=2022-06-17T17:10:17.458409+00:00
AIRFLOW_CTX_TRY_NUMBER=1
AIRFLOW_CTX_DAG_RUN_ID=manual__2022-06-17T17:10:17.458409+00:00
[2022-06-17 17:10:40,637] {logging_mixin.py:115} INFO - ['philstar_2022-06-17_05-10-28.csv']
[2022-06-17 17:10:40,712] {logging_mixin.py:115} INFO -                                              summary  ...                                      dict_word_cnt
0  13-year-old student drowned while swimming wit...  ...  {'13-year-old': 1, 'student': 1, 'drowned': 1,...
1  Two boys died and three others were injured wh...  ...  {'Two': 1, 'boys': 1, 'died': 1, 'and': 1, 'th...
2  A bettor in Amadeo, Cavite won the jackpot in ...  ...  {'A': 1, 'bettor': 1, 'in': 2, 'Amadeo,': 1, '...
3  Sen. Bong Go visited Tarlac City on Wednesday ...  ...  {'Sen.': 1, 'Bong': 1, 'Go': 1, 'visited': 1, ...
4  Two members of a local terrorist group were ki...  ...  {'Two': 1, 'members': 1, 'of': 1, 'a': 1, 'loc...
5  Avian influenza or bird flu continues to sprea...  ...  {'Avian': 1, 'influenza': 1, 'or': 1, 'bird': ...
6  Illegal drugs worth nearly P40 million were co...  ...  {'Illegal': 1, 'drugs': 1, 'worth': 1, 'nearly...
7  A two-story building is under construction at ...  ...  {'A': 1, 'two-story': 1, 'building': 1, 'is': ...
8  Two days after holding a press conference at C...  ...  {'Two': 1, 'days': 1, 'after': 1, 'holding': 1...
9  A portion of the iconic Metropolitan Theater w...  ...  {'A': 1, 'portion': 1, 'of': 1, 'the': 1, 'ico...

[10 rows x 3 columns]
[2022-06-17 17:10:40,713] {python.py:173} INFO - Done. Returned value was: None
[2022-06-17 17:10:40,734] {taskinstance.py:1400} INFO - Marking task as SUCCESS. dag_id=coffee_lake_scrapers-v1, task_id=word_count, execution_date=20220617T171017, start_date=20220617T171040, end_date=20220617T171040
[2022-06-17 17:10:40,803] {local_task_job.py:156} INFO - Task exited with return code 0
[2022-06-17 17:10:40,899] {local_task_job.py:273} INFO - 1 downstream tasks scheduled from follow-on schedule check
