[2022-06-18 07:35:31,897] {taskinstance.py:1159} INFO - Dependencies all met for <TaskInstance: coffee_lake_demo-v2.t4_start_msg manual__2022-06-18T07:35:29.960031+00:00 [queued]>
[2022-06-18 07:35:31,906] {taskinstance.py:1159} INFO - Dependencies all met for <TaskInstance: coffee_lake_demo-v2.t4_start_msg manual__2022-06-18T07:35:29.960031+00:00 [queued]>
[2022-06-18 07:35:31,907] {taskinstance.py:1356} INFO - 
--------------------------------------------------------------------------------
[2022-06-18 07:35:31,907] {taskinstance.py:1357} INFO - Starting attempt 1 of 1
[2022-06-18 07:35:31,907] {taskinstance.py:1358} INFO - 
--------------------------------------------------------------------------------
[2022-06-18 07:35:31,923] {taskinstance.py:1377} INFO - Executing <Task(BashOperator): t4_start_msg> on 2022-06-18 07:35:29.960031+00:00
[2022-06-18 07:35:31,929] {standard_task_runner.py:52} INFO - Started process 3127 to run task
[2022-06-18 07:35:31,933] {standard_task_runner.py:79} INFO - Running: ['***', 'tasks', 'run', 'coffee_lake_demo-v2', 't4_start_msg', 'manual__2022-06-18T07:35:29.960031+00:00', '--job-id', '641', '--raw', '--subdir', 'DAGS_FOLDER/scraper_v2_dag.py', '--cfg-path', '/tmp/tmplu1esu6o', '--error-file', '/tmp/tmp21lrnc06']
[2022-06-18 07:35:31,934] {standard_task_runner.py:80} INFO - Job 641: Subtask t4_start_msg
[2022-06-18 07:35:31,985] {task_command.py:370} INFO - Running <TaskInstance: coffee_lake_demo-v2.t4_start_msg manual__2022-06-18T07:35:29.960031+00:00 [running]> on host 312614bad459
[2022-06-18 07:35:32,062] {taskinstance.py:1571} INFO - Exporting the following env vars:
AIRFLOW_CTX_DAG_OWNER=***
AIRFLOW_CTX_DAG_ID=coffee_lake_demo-v2
AIRFLOW_CTX_TASK_ID=t4_start_msg
AIRFLOW_CTX_EXECUTION_DATE=2022-06-18T07:35:29.960031+00:00
AIRFLOW_CTX_TRY_NUMBER=1
AIRFLOW_CTX_DAG_RUN_ID=manual__2022-06-18T07:35:29.960031+00:00
[2022-06-18 07:35:32,063] {subprocess.py:62} INFO - Tmp dir root location: 
 /tmp
[2022-06-18 07:35:32,064] {subprocess.py:74} INFO - Running command: ['bash', '-c', 'curl -X POST -H \'Content-type: application/json\' --data \'{"text" : "starting task 4: loading - osm street images "}\' "https://discord.com/api/webhooks/986224448984195082/pQp4GNcVWh-J2XtmIycVnjxYuGRGVIYFeveDRS5EwvgmGozthyd_alj8wbeKhfVn9SSk/slack"']
[2022-06-18 07:35:32,079] {subprocess.py:85} INFO - Output:
[2022-06-18 07:35:32,087] {subprocess.py:92} INFO -   % Total    % Received % Xferd  Average Speed   Time    Time     Time  Current
[2022-06-18 07:35:32,087] {subprocess.py:92} INFO -                                  Dload  Upload   Total   Spent    Left  Speed
[2022-06-18 07:35:32,647] {subprocess.py:92} INFO -   0     0    0     0    0     0      0      0 --:--:-- --:--:-- --:--:--     0100    58    0     0  100    58      0    274 --:--:-- --:--:-- --:--:--   273100    60    0     2  100    58      3    103 --:--:-- --:--:-- --:--:--   107
[2022-06-18 07:35:32,648] {subprocess.py:92} INFO - ok
[2022-06-18 07:35:32,649] {subprocess.py:96} INFO - Command exited with return code 0
[2022-06-18 07:35:32,674] {taskinstance.py:1400} INFO - Marking task as SUCCESS. dag_id=coffee_lake_demo-v2, task_id=t4_start_msg, execution_date=20220618T073529, start_date=20220618T073531, end_date=20220618T073532
[2022-06-18 07:35:32,708] {local_task_job.py:156} INFO - Task exited with return code 0
[2022-06-18 07:35:32,745] {local_task_job.py:273} INFO - 1 downstream tasks scheduled from follow-on schedule check
