[2022-06-18 07:35:31,979] {taskinstance.py:1159} INFO - Dependencies all met for <TaskInstance: coffee_lake_demo-v2.t3_start_msg manual__2022-06-18T07:35:29.960031+00:00 [queued]>
[2022-06-18 07:35:31,989] {taskinstance.py:1159} INFO - Dependencies all met for <TaskInstance: coffee_lake_demo-v2.t3_start_msg manual__2022-06-18T07:35:29.960031+00:00 [queued]>
[2022-06-18 07:35:31,990] {taskinstance.py:1356} INFO - 
--------------------------------------------------------------------------------
[2022-06-18 07:35:31,990] {taskinstance.py:1357} INFO - Starting attempt 1 of 1
[2022-06-18 07:35:31,990] {taskinstance.py:1358} INFO - 
--------------------------------------------------------------------------------
[2022-06-18 07:35:32,006] {taskinstance.py:1377} INFO - Executing <Task(BashOperator): t3_start_msg> on 2022-06-18 07:35:29.960031+00:00
[2022-06-18 07:35:32,012] {standard_task_runner.py:52} INFO - Started process 3129 to run task
[2022-06-18 07:35:32,016] {standard_task_runner.py:79} INFO - Running: ['***', 'tasks', 'run', 'coffee_lake_demo-v2', 't3_start_msg', 'manual__2022-06-18T07:35:29.960031+00:00', '--job-id', '643', '--raw', '--subdir', 'DAGS_FOLDER/scraper_v2_dag.py', '--cfg-path', '/tmp/tmpaa7wl7vb', '--error-file', '/tmp/tmpqp7_1_fk']
[2022-06-18 07:35:32,017] {standard_task_runner.py:80} INFO - Job 643: Subtask t3_start_msg
[2022-06-18 07:35:32,067] {task_command.py:370} INFO - Running <TaskInstance: coffee_lake_demo-v2.t3_start_msg manual__2022-06-18T07:35:29.960031+00:00 [running]> on host 312614bad459
[2022-06-18 07:35:32,142] {taskinstance.py:1571} INFO - Exporting the following env vars:
AIRFLOW_CTX_DAG_OWNER=***
AIRFLOW_CTX_DAG_ID=coffee_lake_demo-v2
AIRFLOW_CTX_TASK_ID=t3_start_msg
AIRFLOW_CTX_EXECUTION_DATE=2022-06-18T07:35:29.960031+00:00
AIRFLOW_CTX_TRY_NUMBER=1
AIRFLOW_CTX_DAG_RUN_ID=manual__2022-06-18T07:35:29.960031+00:00
[2022-06-18 07:35:32,143] {subprocess.py:62} INFO - Tmp dir root location: 
 /tmp
[2022-06-18 07:35:32,144] {subprocess.py:74} INFO - Running command: ['bash', '-c', 'curl -X POST -H \'Content-type: application/json\' --data \'{"text" : "starting task 3: loading - counting words "}\' "https://discord.com/api/webhooks/986224448984195082/pQp4GNcVWh-J2XtmIycVnjxYuGRGVIYFeveDRS5EwvgmGozthyd_alj8wbeKhfVn9SSk/slack"']
[2022-06-18 07:35:32,153] {subprocess.py:85} INFO - Output:
[2022-06-18 07:35:32,159] {subprocess.py:92} INFO -   % Total    % Received % Xferd  Average Speed   Time    Time     Time  Current
[2022-06-18 07:35:32,160] {subprocess.py:92} INFO -                                  Dload  Upload   Total   Spent    Left  Speed
[2022-06-18 07:35:33,136] {subprocess.py:92} INFO -   0     0    0     0    0     0      0      0 --:--:-- --:--:-- --:--:--     0100    55    0     0  100    55      0    381 --:--:-- --:--:-- --:--:--   379100    57    0     2  100    55      2     56 --:--:-- --:--:-- --:--:--    58
[2022-06-18 07:35:33,138] {subprocess.py:92} INFO - ok
[2022-06-18 07:35:33,138] {subprocess.py:96} INFO - Command exited with return code 0
[2022-06-18 07:35:33,162] {taskinstance.py:1400} INFO - Marking task as SUCCESS. dag_id=coffee_lake_demo-v2, task_id=t3_start_msg, execution_date=20220618T073529, start_date=20220618T073531, end_date=20220618T073533
[2022-06-18 07:35:33,192] {local_task_job.py:156} INFO - Task exited with return code 0
[2022-06-18 07:35:33,239] {local_task_job.py:273} INFO - 1 downstream tasks scheduled from follow-on schedule check
