[2022-06-18 06:39:11,221] {taskinstance.py:1159} INFO - Dependencies all met for <TaskInstance: coffee-lake-demo-v2.curl scheduled__2022-06-18T06:24:01.614060+00:00 [queued]>
[2022-06-18 06:39:11,234] {taskinstance.py:1159} INFO - Dependencies all met for <TaskInstance: coffee-lake-demo-v2.curl scheduled__2022-06-18T06:24:01.614060+00:00 [queued]>
[2022-06-18 06:39:11,234] {taskinstance.py:1356} INFO - 
--------------------------------------------------------------------------------
[2022-06-18 06:39:11,234] {taskinstance.py:1357} INFO - Starting attempt 1 of 1
[2022-06-18 06:39:11,235] {taskinstance.py:1358} INFO - 
--------------------------------------------------------------------------------
[2022-06-18 06:39:11,254] {taskinstance.py:1377} INFO - Executing <Task(BashOperator): curl> on 2022-06-18 06:24:01.614060+00:00
[2022-06-18 06:39:11,259] {standard_task_runner.py:52} INFO - Started process 1685 to run task
[2022-06-18 06:39:11,261] {standard_task_runner.py:79} INFO - Running: ['***', 'tasks', 'run', 'coffee-lake-demo-v2', 'curl', 'scheduled__2022-06-18T06:24:01.614060+00:00', '--job-id', '484', '--raw', '--subdir', 'DAGS_FOLDER/test_dag.py', '--cfg-path', '/tmp/tmpl9pxiwp7', '--error-file', '/tmp/tmpxxxhm2pi']
[2022-06-18 06:39:11,262] {standard_task_runner.py:80} INFO - Job 484: Subtask curl
[2022-06-18 06:39:11,312] {task_command.py:370} INFO - Running <TaskInstance: coffee-lake-demo-v2.curl scheduled__2022-06-18T06:24:01.614060+00:00 [running]> on host edf12686294f
[2022-06-18 06:39:11,393] {taskinstance.py:1571} INFO - Exporting the following env vars:
AIRFLOW_CTX_DAG_OWNER=***
AIRFLOW_CTX_DAG_ID=coffee-lake-demo-v2
AIRFLOW_CTX_TASK_ID=curl
AIRFLOW_CTX_EXECUTION_DATE=2022-06-18T06:24:01.614060+00:00
AIRFLOW_CTX_TRY_NUMBER=1
AIRFLOW_CTX_DAG_RUN_ID=scheduled__2022-06-18T06:24:01.614060+00:00
[2022-06-18 06:39:11,394] {subprocess.py:62} INFO - Tmp dir root location: 
 /tmp
[2022-06-18 06:39:11,395] {subprocess.py:74} INFO - Running command: ['bash', '-c', 'curl -X POST -H \'Content-type: application/json\' --data \'{"text" : "presentation time (fem/hans) test!"}\' "https://discord.com/api/webhooks/986224448984195082/pQp4GNcVWh-J2XtmIycVnjxYuGRGVIYFeveDRS5EwvgmGozthyd_alj8wbeKhfVn9SSk/slack"']
[2022-06-18 06:39:11,405] {subprocess.py:85} INFO - Output:
[2022-06-18 06:39:11,413] {subprocess.py:92} INFO -   % Total    % Received % Xferd  Average Speed   Time    Time     Time  Current
[2022-06-18 06:39:11,414] {subprocess.py:92} INFO -                                  Dload  Upload   Total   Spent    Left  Speed
[2022-06-18 06:39:12,021] {subprocess.py:92} INFO -   0     0    0     0    0     0      0      0 --:--:-- --:--:-- --:--:--     0100    49    0     2  100    47      3     77 --:--:-- --:--:-- --:--:--    80
[2022-06-18 06:39:12,023] {subprocess.py:92} INFO - ok
[2022-06-18 06:39:12,023] {subprocess.py:96} INFO - Command exited with return code 0
[2022-06-18 06:39:12,049] {taskinstance.py:1400} INFO - Marking task as SUCCESS. dag_id=coffee-lake-demo-v2, task_id=curl, execution_date=20220618T062401, start_date=20220618T063911, end_date=20220618T063912
[2022-06-18 06:39:12,076] {local_task_job.py:156} INFO - Task exited with return code 0
[2022-06-18 06:39:12,106] {local_task_job.py:273} INFO - 0 downstream tasks scheduled from follow-on schedule check
