[2022-06-17 11:54:12,599] {taskinstance.py:1159} INFO - Dependencies all met for <TaskInstance: coffee-lake-demo-v1.echo manual__2022-06-17T11:54:04.441908+00:00 [queued]>
[2022-06-17 11:54:12,609] {taskinstance.py:1159} INFO - Dependencies all met for <TaskInstance: coffee-lake-demo-v1.echo manual__2022-06-17T11:54:04.441908+00:00 [queued]>
[2022-06-17 11:54:12,609] {taskinstance.py:1356} INFO - 
--------------------------------------------------------------------------------
[2022-06-17 11:54:12,610] {taskinstance.py:1357} INFO - Starting attempt 1 of 1
[2022-06-17 11:54:12,610] {taskinstance.py:1358} INFO - 
--------------------------------------------------------------------------------
[2022-06-17 11:54:12,622] {taskinstance.py:1377} INFO - Executing <Task(BashOperator): echo> on 2022-06-17 11:54:04.441908+00:00
[2022-06-17 11:54:12,625] {standard_task_runner.py:52} INFO - Started process 2958 to run task
[2022-06-17 11:54:12,627] {standard_task_runner.py:79} INFO - Running: ['***', 'tasks', 'run', 'coffee-lake-demo-v1', 'echo', 'manual__2022-06-17T11:54:04.441908+00:00', '--job-id', '9', '--raw', '--subdir', 'DAGS_FOLDER/test_dag.py', '--cfg-path', '/tmp/tmphmi54zdm', '--error-file', '/tmp/tmpbkz9vgw1']
[2022-06-17 11:54:12,627] {standard_task_runner.py:80} INFO - Job 9: Subtask echo
[2022-06-17 11:54:12,666] {task_command.py:370} INFO - Running <TaskInstance: coffee-lake-demo-v1.echo manual__2022-06-17T11:54:04.441908+00:00 [running]> on host f0a3c4865e95
[2022-06-17 11:54:12,721] {taskinstance.py:1571} INFO - Exporting the following env vars:
AIRFLOW_CTX_DAG_OWNER=***
AIRFLOW_CTX_DAG_ID=coffee-lake-demo-v1
AIRFLOW_CTX_TASK_ID=echo
AIRFLOW_CTX_EXECUTION_DATE=2022-06-17T11:54:04.441908+00:00
AIRFLOW_CTX_TRY_NUMBER=1
AIRFLOW_CTX_DAG_RUN_ID=manual__2022-06-17T11:54:04.441908+00:00
[2022-06-17 11:54:12,721] {subprocess.py:62} INFO - Tmp dir root location: 
 /tmp
[2022-06-17 11:54:12,722] {subprocess.py:74} INFO - Running command: ['bash', '-c', "echo 'Finished!'"]
[2022-06-17 11:54:12,733] {subprocess.py:85} INFO - Output:
[2022-06-17 11:54:12,734] {subprocess.py:92} INFO - Finished!
[2022-06-17 11:54:12,735] {subprocess.py:96} INFO - Command exited with return code 0
[2022-06-17 11:54:12,762] {taskinstance.py:1400} INFO - Marking task as SUCCESS. dag_id=coffee-lake-demo-v1, task_id=echo, execution_date=20220617T115404, start_date=20220617T115412, end_date=20220617T115412
[2022-06-17 11:54:12,799] {local_task_job.py:156} INFO - Task exited with return code 0
[2022-06-17 11:54:12,827] {local_task_job.py:273} INFO - 1 downstream tasks scheduled from follow-on schedule check
