[2022-06-17 20:28:16,178] {taskinstance.py:1159} INFO - Dependencies all met for <TaskInstance: coffee_lake_scrapers-v1.t2_start_msg manual__2022-06-17T20:28:07.165900+00:00 [queued]>
[2022-06-17 20:28:16,187] {taskinstance.py:1159} INFO - Dependencies all met for <TaskInstance: coffee_lake_scrapers-v1.t2_start_msg manual__2022-06-17T20:28:07.165900+00:00 [queued]>
[2022-06-17 20:28:16,187] {taskinstance.py:1356} INFO - 
--------------------------------------------------------------------------------
[2022-06-17 20:28:16,187] {taskinstance.py:1357} INFO - Starting attempt 1 of 1
[2022-06-17 20:28:16,188] {taskinstance.py:1358} INFO - 
--------------------------------------------------------------------------------
[2022-06-17 20:28:16,205] {taskinstance.py:1377} INFO - Executing <Task(BashOperator): t2_start_msg> on 2022-06-17 20:28:07.165900+00:00
[2022-06-17 20:28:16,210] {standard_task_runner.py:52} INFO - Started process 800 to run task
[2022-06-17 20:28:16,212] {standard_task_runner.py:79} INFO - Running: ['***', 'tasks', 'run', 'coffee_lake_scrapers-v1', 't2_start_msg', 'manual__2022-06-17T20:28:07.165900+00:00', '--job-id', '380', '--raw', '--subdir', 'DAGS_FOLDER/scraper_dag.py', '--cfg-path', '/tmp/tmp_v_ovhac', '--error-file', '/tmp/tmppgnlo2ei']
[2022-06-17 20:28:16,213] {standard_task_runner.py:80} INFO - Job 380: Subtask t2_start_msg
[2022-06-17 20:28:16,257] {task_command.py:370} INFO - Running <TaskInstance: coffee_lake_scrapers-v1.t2_start_msg manual__2022-06-17T20:28:07.165900+00:00 [running]> on host 99f2822d4305
[2022-06-17 20:28:16,315] {taskinstance.py:1571} INFO - Exporting the following env vars:
AIRFLOW_CTX_DAG_OWNER=***
AIRFLOW_CTX_DAG_ID=coffee_lake_scrapers-v1
AIRFLOW_CTX_TASK_ID=t2_start_msg
AIRFLOW_CTX_EXECUTION_DATE=2022-06-17T20:28:07.165900+00:00
AIRFLOW_CTX_TRY_NUMBER=1
AIRFLOW_CTX_DAG_RUN_ID=manual__2022-06-17T20:28:07.165900+00:00
[2022-06-17 20:28:16,316] {subprocess.py:62} INFO - Tmp dir root location: 
 /tmp
[2022-06-17 20:28:16,317] {subprocess.py:74} INFO - Running command: ['bash', '-c', 'curl -X POST -H \'Content-type: application/json\' --data \'{"text" : "starting task 2: transformation - counting words "}\' "https://discord.com/api/webhooks/986224448984195082/pQp4GNcVWh-J2XtmIycVnjxYuGRGVIYFeveDRS5EwvgmGozthyd_alj8wbeKhfVn9SSk/slack"']
[2022-06-17 20:28:16,328] {subprocess.py:85} INFO - Output:
[2022-06-17 20:28:16,334] {subprocess.py:92} INFO -   % Total    % Received % Xferd  Average Speed   Time    Time     Time  Current
[2022-06-17 20:28:16,334] {subprocess.py:92} INFO -                                  Dload  Upload   Total   Spent    Left  Speed
[2022-06-17 20:28:16,838] {subprocess.py:92} INFO -   0     0    0     0    0     0      0      0 --:--:-- --:--:-- --:--:--     0100    64    0     2  100    62      3    123 --:--:-- --:--:-- --:--:--   126
[2022-06-17 20:28:16,840] {subprocess.py:92} INFO - ok
[2022-06-17 20:28:16,840] {subprocess.py:96} INFO - Command exited with return code 0
[2022-06-17 20:28:16,865] {taskinstance.py:1400} INFO - Marking task as SUCCESS. dag_id=coffee_lake_scrapers-v1, task_id=t2_start_msg, execution_date=20220617T202807, start_date=20220617T202816, end_date=20220617T202816
[2022-06-17 20:28:16,907] {local_task_job.py:156} INFO - Task exited with return code 0
[2022-06-17 20:28:16,943] {local_task_job.py:273} INFO - 1 downstream tasks scheduled from follow-on schedule check
