[2022-06-17 19:34:48,760] {taskinstance.py:1159} INFO - Dependencies all met for <TaskInstance: coffee_lake_scrapers-v1.philstar_nation manual__2022-06-17T19:34:44.681653+00:00 [queued]>
[2022-06-17 19:34:48,768] {taskinstance.py:1159} INFO - Dependencies all met for <TaskInstance: coffee_lake_scrapers-v1.philstar_nation manual__2022-06-17T19:34:44.681653+00:00 [queued]>
[2022-06-17 19:34:48,768] {taskinstance.py:1356} INFO - 
--------------------------------------------------------------------------------
[2022-06-17 19:34:48,769] {taskinstance.py:1357} INFO - Starting attempt 1 of 1
[2022-06-17 19:34:48,769] {taskinstance.py:1358} INFO - 
--------------------------------------------------------------------------------
[2022-06-17 19:34:48,780] {taskinstance.py:1377} INFO - Executing <Task(_PythonDecoratedOperator): philstar_nation> on 2022-06-17 19:34:44.681653+00:00
[2022-06-17 19:34:48,785] {standard_task_runner.py:52} INFO - Started process 3174 to run task
[2022-06-17 19:34:48,787] {standard_task_runner.py:79} INFO - Running: ['***', 'tasks', 'run', 'coffee_lake_scrapers-v1', 'philstar_nation', 'manual__2022-06-17T19:34:44.681653+00:00', '--job-id', '314', '--raw', '--subdir', 'DAGS_FOLDER/scraper_dag.py', '--cfg-path', '/tmp/tmp59k49wfm', '--error-file', '/tmp/tmpg1m2q_f9']
[2022-06-17 19:34:48,788] {standard_task_runner.py:80} INFO - Job 314: Subtask philstar_nation
[2022-06-17 19:34:48,837] {task_command.py:370} INFO - Running <TaskInstance: coffee_lake_scrapers-v1.philstar_nation manual__2022-06-17T19:34:44.681653+00:00 [running]> on host c0a717b7b476
[2022-06-17 19:34:48,959] {taskinstance.py:1571} INFO - Exporting the following env vars:
AIRFLOW_CTX_DAG_OWNER=***
AIRFLOW_CTX_DAG_ID=coffee_lake_scrapers-v1
AIRFLOW_CTX_TASK_ID=philstar_nation
AIRFLOW_CTX_EXECUTION_DATE=2022-06-17T19:34:44.681653+00:00
AIRFLOW_CTX_TRY_NUMBER=1
AIRFLOW_CTX_DAG_RUN_ID=manual__2022-06-17T19:34:44.681653+00:00
[2022-06-17 19:34:50,426] {python.py:173} INFO - Done. Returned value was: None
[2022-06-17 19:34:50,439] {taskinstance.py:1400} INFO - Marking task as SUCCESS. dag_id=coffee_lake_scrapers-v1, task_id=philstar_nation, execution_date=20220617T193444, start_date=20220617T193448, end_date=20220617T193450
[2022-06-17 19:34:50,485] {local_task_job.py:156} INFO - Task exited with return code 0
[2022-06-17 19:34:50,529] {local_task_job.py:273} INFO - 0 downstream tasks scheduled from follow-on schedule check
