[2022-06-17 14:04:30,287] {taskinstance.py:1159} INFO - Dependencies all met for <TaskInstance: coffee_lake_scrapers-v1.t2_start_msg manual__2022-06-17T14:04:15.907307+00:00 [queued]>
[2022-06-17 14:04:30,300] {taskinstance.py:1159} INFO - Dependencies all met for <TaskInstance: coffee_lake_scrapers-v1.t2_start_msg manual__2022-06-17T14:04:15.907307+00:00 [queued]>
[2022-06-17 14:04:30,300] {taskinstance.py:1356} INFO - 
--------------------------------------------------------------------------------
[2022-06-17 14:04:30,300] {taskinstance.py:1357} INFO - Starting attempt 1 of 1
[2022-06-17 14:04:30,301] {taskinstance.py:1358} INFO - 
--------------------------------------------------------------------------------
[2022-06-17 14:04:30,320] {taskinstance.py:1377} INFO - Executing <Task(BashOperator): t2_start_msg> on 2022-06-17 14:04:15.907307+00:00
[2022-06-17 14:04:30,324] {standard_task_runner.py:52} INFO - Started process 1194 to run task
[2022-06-17 14:04:30,326] {standard_task_runner.py:79} INFO - Running: ['***', 'tasks', 'run', 'coffee_lake_scrapers-v1', 't2_start_msg', 'manual__2022-06-17T14:04:15.907307+00:00', '--job-id', '73', '--raw', '--subdir', 'DAGS_FOLDER/scraper_dag.py', '--cfg-path', '/tmp/tmpoukimhem', '--error-file', '/tmp/tmpe7r34zdb']
[2022-06-17 14:04:30,327] {standard_task_runner.py:80} INFO - Job 73: Subtask t2_start_msg
[2022-06-17 14:04:30,387] {task_command.py:370} INFO - Running <TaskInstance: coffee_lake_scrapers-v1.t2_start_msg manual__2022-06-17T14:04:15.907307+00:00 [running]> on host 32595384c4c5
[2022-06-17 14:04:30,465] {taskinstance.py:1571} INFO - Exporting the following env vars:
AIRFLOW_CTX_DAG_OWNER=***
AIRFLOW_CTX_DAG_ID=coffee_lake_scrapers-v1
AIRFLOW_CTX_TASK_ID=t2_start_msg
AIRFLOW_CTX_EXECUTION_DATE=2022-06-17T14:04:15.907307+00:00
AIRFLOW_CTX_TRY_NUMBER=1
AIRFLOW_CTX_DAG_RUN_ID=manual__2022-06-17T14:04:15.907307+00:00
[2022-06-17 14:04:30,467] {subprocess.py:62} INFO - Tmp dir root location: 
 /tmp
[2022-06-17 14:04:30,468] {subprocess.py:74} INFO - Running command: ['bash', '-c', 'curl -X POST -H \'Content-type: application/json\' --data \'{"text" : "starting task 2: transformation - counting words "}\' "https://discord.com/api/webhooks/986224448984195082/pQp4GNcVWh-J2XtmIycVnjxYuGRGVIYFeveDRS5EwvgmGozthyd_alj8wbeKhfVn9SSk/slack"']
[2022-06-17 14:04:30,482] {subprocess.py:85} INFO - Output:
[2022-06-17 14:04:30,489] {subprocess.py:92} INFO -   % Total    % Received % Xferd  Average Speed   Time    Time     Time  Current
[2022-06-17 14:04:30,490] {subprocess.py:92} INFO -                                  Dload  Upload   Total   Spent    Left  Speed
[2022-06-17 14:04:32,243] {subprocess.py:92} INFO -   0     0    0     0    0     0      0      0 --:--:-- --:--:-- --:--:--     0100    64    0     2  100    62      2     77 --:--:-- --:--:-- --:--:--    80100    64    0     2  100    62      1     35  0:00:01  0:00:01 --:--:--    36100    64    0     2  100    62      1     35  0:00:01  0:00:01 --:--:--    36
[2022-06-17 14:04:32,245] {subprocess.py:92} INFO - ok
[2022-06-17 14:04:32,245] {subprocess.py:96} INFO - Command exited with return code 0
[2022-06-17 14:04:32,280] {taskinstance.py:1400} INFO - Marking task as SUCCESS. dag_id=coffee_lake_scrapers-v1, task_id=t2_start_msg, execution_date=20220617T140415, start_date=20220617T140430, end_date=20220617T140432
[2022-06-17 14:04:32,349] {local_task_job.py:156} INFO - Task exited with return code 0
[2022-06-17 14:04:32,394] {local_task_job.py:273} INFO - 1 downstream tasks scheduled from follow-on schedule check
