[2022-06-17 12:28:10,259] {taskinstance.py:1159} INFO - Dependencies all met for <TaskInstance: coffee_lake_scrapers-v1.curl_end manual__2022-06-17T12:27:48.723363+00:00 [queued]>
[2022-06-17 12:28:10,275] {taskinstance.py:1159} INFO - Dependencies all met for <TaskInstance: coffee_lake_scrapers-v1.curl_end manual__2022-06-17T12:27:48.723363+00:00 [queued]>
[2022-06-17 12:28:10,275] {taskinstance.py:1356} INFO - 
--------------------------------------------------------------------------------
[2022-06-17 12:28:10,275] {taskinstance.py:1357} INFO - Starting attempt 1 of 1
[2022-06-17 12:28:10,275] {taskinstance.py:1358} INFO - 
--------------------------------------------------------------------------------
[2022-06-17 12:28:10,287] {taskinstance.py:1377} INFO - Executing <Task(BashOperator): curl_end> on 2022-06-17 12:27:48.723363+00:00
[2022-06-17 12:28:10,292] {standard_task_runner.py:52} INFO - Started process 4710 to run task
[2022-06-17 12:28:10,297] {standard_task_runner.py:79} INFO - Running: ['***', 'tasks', 'run', 'coffee_lake_scrapers-v1', 'curl_end', 'manual__2022-06-17T12:27:48.723363+00:00', '--job-id', '28', '--raw', '--subdir', 'DAGS_FOLDER/scraper_dag.py', '--cfg-path', '/tmp/tmp71eas5ee', '--error-file', '/tmp/tmp477wxt7y']
[2022-06-17 12:28:10,298] {standard_task_runner.py:80} INFO - Job 28: Subtask curl_end
[2022-06-17 12:28:10,350] {task_command.py:370} INFO - Running <TaskInstance: coffee_lake_scrapers-v1.curl_end manual__2022-06-17T12:27:48.723363+00:00 [running]> on host f0a3c4865e95
[2022-06-17 12:28:10,417] {taskinstance.py:1571} INFO - Exporting the following env vars:
AIRFLOW_CTX_DAG_OWNER=***
AIRFLOW_CTX_DAG_ID=coffee_lake_scrapers-v1
AIRFLOW_CTX_TASK_ID=curl_end
AIRFLOW_CTX_EXECUTION_DATE=2022-06-17T12:27:48.723363+00:00
AIRFLOW_CTX_TRY_NUMBER=1
AIRFLOW_CTX_DAG_RUN_ID=manual__2022-06-17T12:27:48.723363+00:00
[2022-06-17 12:28:10,419] {subprocess.py:62} INFO - Tmp dir root location: 
 /tmp
[2022-06-17 12:28:10,420] {subprocess.py:74} INFO - Running command: ['bash', '-c', 'curl -X POST -H \'Content-type: application/json\' --data \'{"text" : "ending task 1: scraping"}\' "https://discord.com/api/webhooks/986224448984195082/pQp4GNcVWh-J2XtmIycVnjxYuGRGVIYFeveDRS5EwvgmGozthyd_alj8wbeKhfVn9SSk/slack"']
[2022-06-17 12:28:10,431] {subprocess.py:85} INFO - Output:
[2022-06-17 12:28:10,440] {subprocess.py:92} INFO -   % Total    % Received % Xferd  Average Speed   Time    Time     Time  Current
[2022-06-17 12:28:10,440] {subprocess.py:92} INFO -                                  Dload  Upload   Total   Spent    Left  Speed
[2022-06-17 12:28:11,446] {subprocess.py:92} INFO -   0     0    0     0    0     0      0      0 --:--:-- --:--:-- --:--:--     0100    38    0     2  100    36      1     35  0:00:01  0:00:01 --:--:--    37100    38    0     2  100    36      1     35  0:00:01  0:00:01 --:--:--    37
[2022-06-17 12:28:11,448] {subprocess.py:92} INFO - ok
[2022-06-17 12:28:11,448] {subprocess.py:96} INFO - Command exited with return code 0
[2022-06-17 12:28:11,474] {taskinstance.py:1400} INFO - Marking task as SUCCESS. dag_id=coffee_lake_scrapers-v1, task_id=curl_end, execution_date=20220617T122748, start_date=20220617T122810, end_date=20220617T122811
[2022-06-17 12:28:11,513] {local_task_job.py:156} INFO - Task exited with return code 0
[2022-06-17 12:28:11,537] {local_task_job.py:273} INFO - 0 downstream tasks scheduled from follow-on schedule check
