[2022-06-17 12:55:34,534] {taskinstance.py:1159} INFO - Dependencies all met for <TaskInstance: coffee_lake_scrapers-v1.curl_end manual__2022-06-17T12:55:23.637363+00:00 [queued]>
[2022-06-17 12:55:34,546] {taskinstance.py:1159} INFO - Dependencies all met for <TaskInstance: coffee_lake_scrapers-v1.curl_end manual__2022-06-17T12:55:23.637363+00:00 [queued]>
[2022-06-17 12:55:34,547] {taskinstance.py:1356} INFO - 
--------------------------------------------------------------------------------
[2022-06-17 12:55:34,547] {taskinstance.py:1357} INFO - Starting attempt 1 of 1
[2022-06-17 12:55:34,547] {taskinstance.py:1358} INFO - 
--------------------------------------------------------------------------------
[2022-06-17 12:55:34,560] {taskinstance.py:1377} INFO - Executing <Task(BashOperator): curl_end> on 2022-06-17 12:55:23.637363+00:00
[2022-06-17 12:55:34,564] {standard_task_runner.py:52} INFO - Started process 6182 to run task
[2022-06-17 12:55:34,567] {standard_task_runner.py:79} INFO - Running: ['***', 'tasks', 'run', 'coffee_lake_scrapers-v1', 'curl_end', 'manual__2022-06-17T12:55:23.637363+00:00', '--job-id', '57', '--raw', '--subdir', 'DAGS_FOLDER/scraper_dag.py', '--cfg-path', '/tmp/tmpzu6hqgx0', '--error-file', '/tmp/tmpt1f4pgdw']
[2022-06-17 12:55:34,568] {standard_task_runner.py:80} INFO - Job 57: Subtask curl_end
[2022-06-17 12:55:34,623] {task_command.py:370} INFO - Running <TaskInstance: coffee_lake_scrapers-v1.curl_end manual__2022-06-17T12:55:23.637363+00:00 [running]> on host f0a3c4865e95
[2022-06-17 12:55:34,708] {taskinstance.py:1571} INFO - Exporting the following env vars:
AIRFLOW_CTX_DAG_OWNER=***
AIRFLOW_CTX_DAG_ID=coffee_lake_scrapers-v1
AIRFLOW_CTX_TASK_ID=curl_end
AIRFLOW_CTX_EXECUTION_DATE=2022-06-17T12:55:23.637363+00:00
AIRFLOW_CTX_TRY_NUMBER=1
AIRFLOW_CTX_DAG_RUN_ID=manual__2022-06-17T12:55:23.637363+00:00
[2022-06-17 12:55:34,710] {subprocess.py:62} INFO - Tmp dir root location: 
 /tmp
[2022-06-17 12:55:34,711] {subprocess.py:74} INFO - Running command: ['bash', '-c', 'curl -X POST -H \'Content-type: application/json\' --data \'{"text" : "ending task 1: scraping"}\' "https://discord.com/api/webhooks/986224448984195082/pQp4GNcVWh-J2XtmIycVnjxYuGRGVIYFeveDRS5EwvgmGozthyd_alj8wbeKhfVn9SSk/slack"']
[2022-06-17 12:55:34,722] {subprocess.py:85} INFO - Output:
[2022-06-17 12:55:34,730] {subprocess.py:92} INFO -   % Total    % Received % Xferd  Average Speed   Time    Time     Time  Current
[2022-06-17 12:55:34,731] {subprocess.py:92} INFO -                                  Dload  Upload   Total   Spent    Left  Speed
[2022-06-17 12:55:35,288] {subprocess.py:92} INFO -   0     0    0     0    0     0      0      0 --:--:-- --:--:-- --:--:--     0100    38    0     2  100    36      3     64 --:--:-- --:--:-- --:--:--    68100    38    0     2  100    36      3     64 --:--:-- --:--:-- --:--:--    68
[2022-06-17 12:55:35,294] {subprocess.py:92} INFO - ok
[2022-06-17 12:55:35,296] {subprocess.py:96} INFO - Command exited with return code 0
[2022-06-17 12:55:35,345] {taskinstance.py:1400} INFO - Marking task as SUCCESS. dag_id=coffee_lake_scrapers-v1, task_id=curl_end, execution_date=20220617T125523, start_date=20220617T125534, end_date=20220617T125535
[2022-06-17 12:55:35,383] {local_task_job.py:156} INFO - Task exited with return code 0
[2022-06-17 12:55:35,410] {local_task_job.py:273} INFO - 0 downstream tasks scheduled from follow-on schedule check
