[2022-06-18 06:55:08,555] {taskinstance.py:1159} INFO - Dependencies all met for <TaskInstance: coffee_lake_demo-v2.t3_end_msg manual__2022-06-18T06:54:29.516170+00:00 [queued]>
[2022-06-18 06:55:08,565] {taskinstance.py:1159} INFO - Dependencies all met for <TaskInstance: coffee_lake_demo-v2.t3_end_msg manual__2022-06-18T06:54:29.516170+00:00 [queued]>
[2022-06-18 06:55:08,565] {taskinstance.py:1356} INFO - 
--------------------------------------------------------------------------------
[2022-06-18 06:55:08,565] {taskinstance.py:1357} INFO - Starting attempt 1 of 1
[2022-06-18 06:55:08,566] {taskinstance.py:1358} INFO - 
--------------------------------------------------------------------------------
[2022-06-18 06:55:08,580] {taskinstance.py:1377} INFO - Executing <Task(BashOperator): t3_end_msg> on 2022-06-18 06:54:29.516170+00:00
[2022-06-18 06:55:08,586] {standard_task_runner.py:52} INFO - Started process 492 to run task
[2022-06-18 06:55:08,589] {standard_task_runner.py:79} INFO - Running: ['***', 'tasks', 'run', 'coffee_lake_demo-v2', 't3_end_msg', 'manual__2022-06-18T06:54:29.516170+00:00', '--job-id', '516', '--raw', '--subdir', 'DAGS_FOLDER/scraper_v2_dag.py', '--cfg-path', '/tmp/tmpx8eppa5h', '--error-file', '/tmp/tmpudwfnz11']
[2022-06-18 06:55:08,590] {standard_task_runner.py:80} INFO - Job 516: Subtask t3_end_msg
[2022-06-18 06:55:08,631] {task_command.py:370} INFO - Running <TaskInstance: coffee_lake_demo-v2.t3_end_msg manual__2022-06-18T06:54:29.516170+00:00 [running]> on host 312614bad459
[2022-06-18 06:55:08,688] {taskinstance.py:1571} INFO - Exporting the following env vars:
AIRFLOW_CTX_DAG_OWNER=***
AIRFLOW_CTX_DAG_ID=coffee_lake_demo-v2
AIRFLOW_CTX_TASK_ID=t3_end_msg
AIRFLOW_CTX_EXECUTION_DATE=2022-06-18T06:54:29.516170+00:00
AIRFLOW_CTX_TRY_NUMBER=1
AIRFLOW_CTX_DAG_RUN_ID=manual__2022-06-18T06:54:29.516170+00:00
[2022-06-18 06:55:08,689] {subprocess.py:62} INFO - Tmp dir root location: 
 /tmp
[2022-06-18 06:55:08,690] {subprocess.py:74} INFO - Running command: ['bash', '-c', 'curl -X POST -H \'Content-type: application/json\' --data \'{"text" : "ending task 3: loading - counting words "}\' "https://discord.com/api/webhooks/986224448984195082/pQp4GNcVWh-J2XtmIycVnjxYuGRGVIYFeveDRS5EwvgmGozthyd_alj8wbeKhfVn9SSk/slack"']
[2022-06-18 06:55:08,700] {subprocess.py:85} INFO - Output:
[2022-06-18 06:55:08,707] {subprocess.py:92} INFO -   % Total    % Received % Xferd  Average Speed   Time    Time     Time  Current
[2022-06-18 06:55:08,707] {subprocess.py:92} INFO -                                  Dload  Upload   Total   Spent    Left  Speed
[2022-06-18 06:55:09,466] {subprocess.py:92} INFO -   0     0    0     0    0     0      0      0 --:--:-- --:--:-- --:--:--     0100    55    0     2  100    53      2     69 --:--:-- --:--:-- --:--:--    72100    55    0     2  100    53      2     69 --:--:-- --:--:-- --:--:--    72
[2022-06-18 06:55:09,468] {subprocess.py:92} INFO - ok
[2022-06-18 06:55:09,469] {subprocess.py:96} INFO - Command exited with return code 0
[2022-06-18 06:55:09,503] {taskinstance.py:1400} INFO - Marking task as SUCCESS. dag_id=coffee_lake_demo-v2, task_id=t3_end_msg, execution_date=20220618T065429, start_date=20220618T065508, end_date=20220618T065509
[2022-06-18 06:55:09,564] {local_task_job.py:156} INFO - Task exited with return code 0
[2022-06-18 06:55:09,597] {local_task_job.py:273} INFO - 0 downstream tasks scheduled from follow-on schedule check
