[2022-06-18 06:27:21,131] {taskinstance.py:1159} INFO - Dependencies all met for <TaskInstance: coffee_lake_scrapers-v1.t2_start_msg manual__2022-06-18T06:27:09.118890+00:00 [queued]>
[2022-06-18 06:27:21,139] {taskinstance.py:1159} INFO - Dependencies all met for <TaskInstance: coffee_lake_scrapers-v1.t2_start_msg manual__2022-06-18T06:27:09.118890+00:00 [queued]>
[2022-06-18 06:27:21,139] {taskinstance.py:1356} INFO - 
--------------------------------------------------------------------------------
[2022-06-18 06:27:21,140] {taskinstance.py:1357} INFO - Starting attempt 1 of 1
[2022-06-18 06:27:21,140] {taskinstance.py:1358} INFO - 
--------------------------------------------------------------------------------
[2022-06-18 06:27:21,150] {taskinstance.py:1377} INFO - Executing <Task(BashOperator): t2_start_msg> on 2022-06-18 06:27:09.118890+00:00
[2022-06-18 06:27:21,155] {standard_task_runner.py:52} INFO - Started process 812 to run task
[2022-06-18 06:27:21,157] {standard_task_runner.py:79} INFO - Running: ['***', 'tasks', 'run', 'coffee_lake_scrapers-v1', 't2_start_msg', 'manual__2022-06-18T06:27:09.118890+00:00', '--job-id', '427', '--raw', '--subdir', 'DAGS_FOLDER/scraper_dag.py', '--cfg-path', '/tmp/tmpa32g3h_5', '--error-file', '/tmp/tmp4fe1kopv']
[2022-06-18 06:27:21,158] {standard_task_runner.py:80} INFO - Job 427: Subtask t2_start_msg
[2022-06-18 06:27:21,198] {task_command.py:370} INFO - Running <TaskInstance: coffee_lake_scrapers-v1.t2_start_msg manual__2022-06-18T06:27:09.118890+00:00 [running]> on host edf12686294f
[2022-06-18 06:27:21,258] {taskinstance.py:1571} INFO - Exporting the following env vars:
AIRFLOW_CTX_DAG_OWNER=***
AIRFLOW_CTX_DAG_ID=coffee_lake_scrapers-v1
AIRFLOW_CTX_TASK_ID=t2_start_msg
AIRFLOW_CTX_EXECUTION_DATE=2022-06-18T06:27:09.118890+00:00
AIRFLOW_CTX_TRY_NUMBER=1
AIRFLOW_CTX_DAG_RUN_ID=manual__2022-06-18T06:27:09.118890+00:00
[2022-06-18 06:27:21,259] {subprocess.py:62} INFO - Tmp dir root location: 
 /tmp
[2022-06-18 06:27:21,260] {subprocess.py:74} INFO - Running command: ['bash', '-c', 'curl -X POST -H \'Content-type: application/json\' --data \'{"text" : "starting task 2: transformation - counting words "}\' "https://discord.com/api/webhooks/986224448984195082/pQp4GNcVWh-J2XtmIycVnjxYuGRGVIYFeveDRS5EwvgmGozthyd_alj8wbeKhfVn9SSk/slack"']
[2022-06-18 06:27:21,269] {subprocess.py:85} INFO - Output:
[2022-06-18 06:27:21,274] {subprocess.py:92} INFO -   % Total    % Received % Xferd  Average Speed   Time    Time     Time  Current
[2022-06-18 06:27:21,275] {subprocess.py:92} INFO -                                  Dload  Upload   Total   Spent    Left  Speed
[2022-06-18 06:27:22,021] {subprocess.py:92} INFO -   0     0    0     0    0     0      0      0 --:--:-- --:--:-- --:--:--     0100    64    0     2  100    62      2     83 --:--:-- --:--:-- --:--:--    85
[2022-06-18 06:27:22,023] {subprocess.py:92} INFO - ok
[2022-06-18 06:27:22,024] {subprocess.py:96} INFO - Command exited with return code 0
[2022-06-18 06:27:22,076] {taskinstance.py:1400} INFO - Marking task as SUCCESS. dag_id=coffee_lake_scrapers-v1, task_id=t2_start_msg, execution_date=20220618T062709, start_date=20220618T062721, end_date=20220618T062722
[2022-06-18 06:27:22,132] {local_task_job.py:156} INFO - Task exited with return code 0
[2022-06-18 06:27:22,220] {local_task_job.py:273} INFO - 1 downstream tasks scheduled from follow-on schedule check
