[2022-06-18 07:36:15,315] {taskinstance.py:1159} INFO - Dependencies all met for <TaskInstance: coffee_lake_demo-v2.t5_end_msg manual__2022-06-18T07:35:29.960031+00:00 [queued]>
[2022-06-18 07:36:15,330] {taskinstance.py:1159} INFO - Dependencies all met for <TaskInstance: coffee_lake_demo-v2.t5_end_msg manual__2022-06-18T07:35:29.960031+00:00 [queued]>
[2022-06-18 07:36:15,331] {taskinstance.py:1356} INFO - 
--------------------------------------------------------------------------------
[2022-06-18 07:36:15,331] {taskinstance.py:1357} INFO - Starting attempt 1 of 1
[2022-06-18 07:36:15,332] {taskinstance.py:1358} INFO - 
--------------------------------------------------------------------------------
[2022-06-18 07:36:15,355] {taskinstance.py:1377} INFO - Executing <Task(BashOperator): t5_end_msg> on 2022-06-18 07:35:29.960031+00:00
[2022-06-18 07:36:15,364] {standard_task_runner.py:52} INFO - Started process 3249 to run task
[2022-06-18 07:36:15,368] {standard_task_runner.py:79} INFO - Running: ['***', 'tasks', 'run', 'coffee_lake_demo-v2', 't5_end_msg', 'manual__2022-06-18T07:35:29.960031+00:00', '--job-id', '660', '--raw', '--subdir', 'DAGS_FOLDER/scraper_v2_dag.py', '--cfg-path', '/tmp/tmpa5l0mpqg', '--error-file', '/tmp/tmpwmlowrll']
[2022-06-18 07:36:15,369] {standard_task_runner.py:80} INFO - Job 660: Subtask t5_end_msg
[2022-06-18 07:36:15,441] {task_command.py:370} INFO - Running <TaskInstance: coffee_lake_demo-v2.t5_end_msg manual__2022-06-18T07:35:29.960031+00:00 [running]> on host 312614bad459
[2022-06-18 07:36:15,587] {taskinstance.py:1571} INFO - Exporting the following env vars:
AIRFLOW_CTX_DAG_OWNER=***
AIRFLOW_CTX_DAG_ID=coffee_lake_demo-v2
AIRFLOW_CTX_TASK_ID=t5_end_msg
AIRFLOW_CTX_EXECUTION_DATE=2022-06-18T07:35:29.960031+00:00
AIRFLOW_CTX_TRY_NUMBER=1
AIRFLOW_CTX_DAG_RUN_ID=manual__2022-06-18T07:35:29.960031+00:00
[2022-06-18 07:36:15,589] {subprocess.py:62} INFO - Tmp dir root location: 
 /tmp
[2022-06-18 07:36:15,590] {subprocess.py:74} INFO - Running command: ['bash', '-c', 'curl -X POST -H \'Content-type: application/json\' --data \'{"text" : "ending task 5: cleanup - deleting residuals "}\' "https://discord.com/api/webhooks/986224448984195082/pQp4GNcVWh-J2XtmIycVnjxYuGRGVIYFeveDRS5EwvgmGozthyd_alj8wbeKhfVn9SSk/slack"']
[2022-06-18 07:36:15,606] {subprocess.py:85} INFO - Output:
[2022-06-18 07:36:15,614] {subprocess.py:92} INFO -   % Total    % Received % Xferd  Average Speed   Time    Time     Time  Current
[2022-06-18 07:36:15,615] {subprocess.py:92} INFO -                                  Dload  Upload   Total   Spent    Left  Speed
[2022-06-18 07:36:16,349] {subprocess.py:92} INFO -   0     0    0     0    0     0      0      0 --:--:-- --:--:-- --:--:--     0100    59    0     2  100    57      2     77 --:--:-- --:--:-- --:--:--    80100    59    0     2  100    57      2     77 --:--:-- --:--:-- --:--:--    80
[2022-06-18 07:36:16,351] {subprocess.py:92} INFO - ok
[2022-06-18 07:36:16,351] {subprocess.py:96} INFO - Command exited with return code 0
[2022-06-18 07:36:16,376] {taskinstance.py:1400} INFO - Marking task as SUCCESS. dag_id=coffee_lake_demo-v2, task_id=t5_end_msg, execution_date=20220618T073529, start_date=20220618T073615, end_date=20220618T073616
[2022-06-18 07:36:16,424] {local_task_job.py:156} INFO - Task exited with return code 0
[2022-06-18 07:36:16,457] {local_task_job.py:273} INFO - 1 downstream tasks scheduled from follow-on schedule check
