[2022-06-17 12:30:08,954] {taskinstance.py:1159} INFO - Dependencies all met for <TaskInstance: coffee_lake_scrapers-v1.inquirer_feed manual__2022-06-17T12:30:05.276747+00:00 [queued]>
[2022-06-17 12:30:08,961] {taskinstance.py:1159} INFO - Dependencies all met for <TaskInstance: coffee_lake_scrapers-v1.inquirer_feed manual__2022-06-17T12:30:05.276747+00:00 [queued]>
[2022-06-17 12:30:08,962] {taskinstance.py:1356} INFO - 
--------------------------------------------------------------------------------
[2022-06-17 12:30:08,962] {taskinstance.py:1357} INFO - Starting attempt 1 of 1
[2022-06-17 12:30:08,962] {taskinstance.py:1358} INFO - 
--------------------------------------------------------------------------------
[2022-06-17 12:30:08,974] {taskinstance.py:1377} INFO - Executing <Task(_PythonDecoratedOperator): inquirer_feed> on 2022-06-17 12:30:05.276747+00:00
[2022-06-17 12:30:08,978] {standard_task_runner.py:52} INFO - Started process 4814 to run task
[2022-06-17 12:30:08,980] {standard_task_runner.py:79} INFO - Running: ['***', 'tasks', 'run', 'coffee_lake_scrapers-v1', 'inquirer_feed', 'manual__2022-06-17T12:30:05.276747+00:00', '--job-id', '30', '--raw', '--subdir', 'DAGS_FOLDER/scraper_dag.py', '--cfg-path', '/tmp/tmpjf2r4qeh', '--error-file', '/tmp/tmpbaf6qt6h']
[2022-06-17 12:30:08,981] {standard_task_runner.py:80} INFO - Job 30: Subtask inquirer_feed
[2022-06-17 12:30:09,019] {task_command.py:370} INFO - Running <TaskInstance: coffee_lake_scrapers-v1.inquirer_feed manual__2022-06-17T12:30:05.276747+00:00 [running]> on host f0a3c4865e95
[2022-06-17 12:30:09,078] {taskinstance.py:1571} INFO - Exporting the following env vars:
AIRFLOW_CTX_DAG_OWNER=***
AIRFLOW_CTX_DAG_ID=coffee_lake_scrapers-v1
AIRFLOW_CTX_TASK_ID=inquirer_feed
AIRFLOW_CTX_EXECUTION_DATE=2022-06-17T12:30:05.276747+00:00
AIRFLOW_CTX_TRY_NUMBER=1
AIRFLOW_CTX_DAG_RUN_ID=manual__2022-06-17T12:30:05.276747+00:00
[2022-06-17 12:30:12,260] {logging_mixin.py:115} INFO - /opt/***/DATA/
[2022-06-17 12:30:13,534] {python.py:173} INFO - Done. Returned value was: True
[2022-06-17 12:30:13,554] {taskinstance.py:1400} INFO - Marking task as SUCCESS. dag_id=coffee_lake_scrapers-v1, task_id=inquirer_feed, execution_date=20220617T123005, start_date=20220617T123008, end_date=20220617T123013
[2022-06-17 12:30:13,570] {local_task_job.py:156} INFO - Task exited with return code 0
[2022-06-17 12:30:13,600] {local_task_job.py:273} INFO - 1 downstream tasks scheduled from follow-on schedule check
