[2022-06-18 07:26:13,498] {taskinstance.py:1159} INFO - Dependencies all met for <TaskInstance: coffee_lake_demo-v2.delete_residuals manual__2022-06-18T07:25:36.071071+00:00 [queued]>
[2022-06-18 07:26:13,506] {taskinstance.py:1159} INFO - Dependencies all met for <TaskInstance: coffee_lake_demo-v2.delete_residuals manual__2022-06-18T07:25:36.071071+00:00 [queued]>
[2022-06-18 07:26:13,507] {taskinstance.py:1356} INFO - 
--------------------------------------------------------------------------------
[2022-06-18 07:26:13,507] {taskinstance.py:1357} INFO - Starting attempt 1 of 1
[2022-06-18 07:26:13,507] {taskinstance.py:1358} INFO - 
--------------------------------------------------------------------------------
[2022-06-18 07:26:13,517] {taskinstance.py:1377} INFO - Executing <Task(_PythonDecoratedOperator): delete_residuals> on 2022-06-18 07:25:36.071071+00:00
[2022-06-18 07:26:13,521] {standard_task_runner.py:52} INFO - Started process 2446 to run task
[2022-06-18 07:26:13,523] {standard_task_runner.py:79} INFO - Running: ['***', 'tasks', 'run', 'coffee_lake_demo-v2', 'delete_residuals', 'manual__2022-06-18T07:25:36.071071+00:00', '--job-id', '598', '--raw', '--subdir', 'DAGS_FOLDER/scraper_v2_dag.py', '--cfg-path', '/tmp/tmpzvct_f_h', '--error-file', '/tmp/tmpllbtav_p']
[2022-06-18 07:26:13,524] {standard_task_runner.py:80} INFO - Job 598: Subtask delete_residuals
[2022-06-18 07:26:13,562] {task_command.py:370} INFO - Running <TaskInstance: coffee_lake_demo-v2.delete_residuals manual__2022-06-18T07:25:36.071071+00:00 [running]> on host 312614bad459
[2022-06-18 07:26:13,745] {taskinstance.py:1571} INFO - Exporting the following env vars:
AIRFLOW_CTX_DAG_OWNER=***
AIRFLOW_CTX_DAG_ID=coffee_lake_demo-v2
AIRFLOW_CTX_TASK_ID=delete_residuals
AIRFLOW_CTX_EXECUTION_DATE=2022-06-18T07:25:36.071071+00:00
AIRFLOW_CTX_TRY_NUMBER=1
AIRFLOW_CTX_DAG_RUN_ID=manual__2022-06-18T07:25:36.071071+00:00
[2022-06-18 07:26:13,750] {logging_mixin.py:115} INFO - business_world_2022-06-18_07-25-44.csv
[2022-06-18 07:26:13,751] {logging_mixin.py:115} INFO - images
[2022-06-18 07:26:13,752] {logging_mixin.py:115} INFO - inquirer_2022-06-18_07-25-44.csv
[2022-06-18 07:26:13,753] {logging_mixin.py:115} INFO - philstar_2022-06-18_07-25-44.csv
[2022-06-18 07:26:13,756] {python.py:173} INFO - Done. Returned value was: None
[2022-06-18 07:26:13,768] {taskinstance.py:1400} INFO - Marking task as SUCCESS. dag_id=coffee_lake_demo-v2, task_id=delete_residuals, execution_date=20220618T072536, start_date=20220618T072613, end_date=20220618T072613
[2022-06-18 07:26:13,817] {local_task_job.py:156} INFO - Task exited with return code 0
[2022-06-18 07:26:13,852] {local_task_job.py:273} INFO - 1 downstream tasks scheduled from follow-on schedule check
