[2022-06-18 07:20:16,826] {taskinstance.py:1159} INFO - Dependencies all met for <TaskInstance: coffee_lake_demo-v2.t1_start_msg manual__2022-06-18T07:20:10.312750+00:00 [queued]>
[2022-06-18 07:20:16,838] {taskinstance.py:1159} INFO - Dependencies all met for <TaskInstance: coffee_lake_demo-v2.t1_start_msg manual__2022-06-18T07:20:10.312750+00:00 [queued]>
[2022-06-18 07:20:16,838] {taskinstance.py:1356} INFO - 
--------------------------------------------------------------------------------
[2022-06-18 07:20:16,838] {taskinstance.py:1357} INFO - Starting attempt 1 of 1
[2022-06-18 07:20:16,839] {taskinstance.py:1358} INFO - 
--------------------------------------------------------------------------------
[2022-06-18 07:20:16,853] {taskinstance.py:1377} INFO - Executing <Task(BashOperator): t1_start_msg> on 2022-06-18 07:20:10.312750+00:00
[2022-06-18 07:20:16,861] {standard_task_runner.py:52} INFO - Started process 1875 to run task
[2022-06-18 07:20:16,864] {standard_task_runner.py:79} INFO - Running: ['***', 'tasks', 'run', 'coffee_lake_demo-v2', 't1_start_msg', 'manual__2022-06-18T07:20:10.312750+00:00', '--job-id', '545', '--raw', '--subdir', 'DAGS_FOLDER/scraper_v2_dag.py', '--cfg-path', '/tmp/tmp7sljligw', '--error-file', '/tmp/tmp_nxn3v7n']
[2022-06-18 07:20:16,865] {standard_task_runner.py:80} INFO - Job 545: Subtask t1_start_msg
[2022-06-18 07:20:16,925] {task_command.py:370} INFO - Running <TaskInstance: coffee_lake_demo-v2.t1_start_msg manual__2022-06-18T07:20:10.312750+00:00 [running]> on host 312614bad459
[2022-06-18 07:20:17,017] {taskinstance.py:1571} INFO - Exporting the following env vars:
AIRFLOW_CTX_DAG_OWNER=***
AIRFLOW_CTX_DAG_ID=coffee_lake_demo-v2
AIRFLOW_CTX_TASK_ID=t1_start_msg
AIRFLOW_CTX_EXECUTION_DATE=2022-06-18T07:20:10.312750+00:00
AIRFLOW_CTX_TRY_NUMBER=1
AIRFLOW_CTX_DAG_RUN_ID=manual__2022-06-18T07:20:10.312750+00:00
[2022-06-18 07:20:17,020] {subprocess.py:62} INFO - Tmp dir root location: 
 /tmp
[2022-06-18 07:20:17,022] {subprocess.py:74} INFO - Running command: ['bash', '-c', 'curl -X POST -H \'Content-type: application/json\' --data \'{"text" : "starting task 1: scraping"}\' "https://discord.com/api/webhooks/986224448984195082/pQp4GNcVWh-J2XtmIycVnjxYuGRGVIYFeveDRS5EwvgmGozthyd_alj8wbeKhfVn9SSk/slack"']
[2022-06-18 07:20:17,038] {subprocess.py:85} INFO - Output:
[2022-06-18 07:20:17,045] {subprocess.py:92} INFO -   % Total    % Received % Xferd  Average Speed   Time    Time     Time  Current
[2022-06-18 07:20:17,046] {subprocess.py:92} INFO -                                  Dload  Upload   Total   Spent    Left  Speed
[2022-06-18 07:20:17,790] {subprocess.py:92} INFO -   0     0    0     0    0     0      0      0 --:--:-- --:--:-- --:--:--     0100    40    0     2  100    38      2     51 --:--:-- --:--:-- --:--:--    53100    40    0     2  100    38      2     51 --:--:-- --:--:-- --:--:--    53
[2022-06-18 07:20:17,793] {subprocess.py:92} INFO - ok
[2022-06-18 07:20:17,794] {subprocess.py:96} INFO - Command exited with return code 0
[2022-06-18 07:20:17,830] {taskinstance.py:1400} INFO - Marking task as SUCCESS. dag_id=coffee_lake_demo-v2, task_id=t1_start_msg, execution_date=20220618T072010, start_date=20220618T072016, end_date=20220618T072017
[2022-06-18 07:20:17,880] {local_task_job.py:156} INFO - Task exited with return code 0
[2022-06-18 07:20:17,931] {local_task_job.py:273} INFO - 3 downstream tasks scheduled from follow-on schedule check
