[2022-06-17 16:28:04,808] {taskinstance.py:1159} INFO - Dependencies all met for <TaskInstance: coffee_lake_scrapers-v1.philstar_nation manual__2022-06-17T16:28:00.040992+00:00 [queued]>
[2022-06-17 16:28:04,819] {taskinstance.py:1159} INFO - Dependencies all met for <TaskInstance: coffee_lake_scrapers-v1.philstar_nation manual__2022-06-17T16:28:00.040992+00:00 [queued]>
[2022-06-17 16:28:04,820] {taskinstance.py:1356} INFO - 
--------------------------------------------------------------------------------
[2022-06-17 16:28:04,820] {taskinstance.py:1357} INFO - Starting attempt 1 of 1
[2022-06-17 16:28:04,820] {taskinstance.py:1358} INFO - 
--------------------------------------------------------------------------------
[2022-06-17 16:28:04,837] {taskinstance.py:1377} INFO - Executing <Task(_PythonDecoratedOperator): philstar_nation> on 2022-06-17 16:28:00.040992+00:00
[2022-06-17 16:28:04,841] {standard_task_runner.py:52} INFO - Started process 1225 to run task
[2022-06-17 16:28:04,844] {standard_task_runner.py:79} INFO - Running: ['***', 'tasks', 'run', 'coffee_lake_scrapers-v1', 'philstar_nation', 'manual__2022-06-17T16:28:00.040992+00:00', '--job-id', '158', '--raw', '--subdir', 'DAGS_FOLDER/scraper_dag.py', '--cfg-path', '/tmp/tmpcfdfnlw8', '--error-file', '/tmp/tmp45hizbh7']
[2022-06-17 16:28:04,844] {standard_task_runner.py:80} INFO - Job 158: Subtask philstar_nation
[2022-06-17 16:28:04,884] {task_command.py:370} INFO - Running <TaskInstance: coffee_lake_scrapers-v1.philstar_nation manual__2022-06-17T16:28:00.040992+00:00 [running]> on host 2f484ba01a8b
[2022-06-17 16:28:04,958] {taskinstance.py:1571} INFO - Exporting the following env vars:
AIRFLOW_CTX_DAG_OWNER=***
AIRFLOW_CTX_DAG_ID=coffee_lake_scrapers-v1
AIRFLOW_CTX_TASK_ID=philstar_nation
AIRFLOW_CTX_EXECUTION_DATE=2022-06-17T16:28:00.040992+00:00
AIRFLOW_CTX_TRY_NUMBER=1
AIRFLOW_CTX_DAG_RUN_ID=manual__2022-06-17T16:28:00.040992+00:00
[2022-06-17 16:28:07,544] {python.py:173} INFO - Done. Returned value was: None
[2022-06-17 16:28:07,558] {taskinstance.py:1400} INFO - Marking task as SUCCESS. dag_id=coffee_lake_scrapers-v1, task_id=philstar_nation, execution_date=20220617T162800, start_date=20220617T162804, end_date=20220617T162807
[2022-06-17 16:28:07,626] {local_task_job.py:156} INFO - Task exited with return code 0
[2022-06-17 16:28:07,665] {local_task_job.py:273} INFO - 0 downstream tasks scheduled from follow-on schedule check
