[2022-06-17 19:09:54,199] {taskinstance.py:1159} INFO - Dependencies all met for <TaskInstance: coffee_lake_scrapers-v1.word_count manual__2022-06-17T19:09:42.225577+00:00 [queued]>
[2022-06-17 19:09:54,209] {taskinstance.py:1159} INFO - Dependencies all met for <TaskInstance: coffee_lake_scrapers-v1.word_count manual__2022-06-17T19:09:42.225577+00:00 [queued]>
[2022-06-17 19:09:54,209] {taskinstance.py:1356} INFO - 
--------------------------------------------------------------------------------
[2022-06-17 19:09:54,210] {taskinstance.py:1357} INFO - Starting attempt 1 of 1
[2022-06-17 19:09:54,210] {taskinstance.py:1358} INFO - 
--------------------------------------------------------------------------------
[2022-06-17 19:09:54,227] {taskinstance.py:1377} INFO - Executing <Task(_PythonDecoratedOperator): word_count> on 2022-06-17 19:09:42.225577+00:00
[2022-06-17 19:09:54,233] {standard_task_runner.py:52} INFO - Started process 1756 to run task
[2022-06-17 19:09:54,236] {standard_task_runner.py:79} INFO - Running: ['***', 'tasks', 'run', 'coffee_lake_scrapers-v1', 'word_count', 'manual__2022-06-17T19:09:42.225577+00:00', '--job-id', '281', '--raw', '--subdir', 'DAGS_FOLDER/scraper_dag.py', '--cfg-path', '/tmp/tmpq3e01znr', '--error-file', '/tmp/tmpa0ieoell']
[2022-06-17 19:09:54,237] {standard_task_runner.py:80} INFO - Job 281: Subtask word_count
[2022-06-17 19:09:54,298] {task_command.py:370} INFO - Running <TaskInstance: coffee_lake_scrapers-v1.word_count manual__2022-06-17T19:09:42.225577+00:00 [running]> on host c0a717b7b476
[2022-06-17 19:09:54,371] {taskinstance.py:1571} INFO - Exporting the following env vars:
AIRFLOW_CTX_DAG_OWNER=***
AIRFLOW_CTX_DAG_ID=coffee_lake_scrapers-v1
AIRFLOW_CTX_TASK_ID=word_count
AIRFLOW_CTX_EXECUTION_DATE=2022-06-17T19:09:42.225577+00:00
AIRFLOW_CTX_TRY_NUMBER=1
AIRFLOW_CTX_DAG_RUN_ID=manual__2022-06-17T19:09:42.225577+00:00
[2022-06-17 19:09:54,374] {logging_mixin.py:115} INFO - ['images', 'philstar_2022-06-17_05-10-28.csv', 'philstar_2022-06-17_06-15-59.csv', 'philstar_2022-06-17_06-17-43.csv', 'philstar_2022-06-17_06-21-16.csv', 'philstar_2022-06-17_06-45-55.csv', 'philstar_2022-06-17_06-49-22.csv', 'philstar_2022-06-17_06-50-42.csv', 'philstar_2022-06-17_06-52-16.csv', 'philstar_2022-06-17_06-54-21.csv', 'philstar_2022-06-17_07-02-09.csv', 'philstar_2022-06-17_07-09-47.csv']
[2022-06-17 19:09:54,397] {logging_mixin.py:115} INFO -                                              summary  ...                                      dict_word_cnt
0  13-year-old student drowned while swimming wit...  ...  {'13-year-old': 1, 'student': 1, 'drowned': 1,...
1  Two boys died and three others were injured wh...  ...  {'Two': 1, 'boys': 1, 'died': 1, 'and': 1, 'th...
2  A bettor in Amadeo, Cavite won the jackpot in ...  ...  {'A': 1, 'bettor': 1, 'in': 2, 'Amadeo,': 1, '...
3  Sen. Bong Go visited Tarlac City on Wednesday ...  ...  {'Sen.': 1, 'Bong': 1, 'Go': 1, 'visited': 1, ...
4  Two members of a local terrorist group were ki...  ...  {'Two': 1, 'members': 1, 'of': 1, 'a': 1, 'loc...
5  Avian influenza or bird flu continues to sprea...  ...  {'Avian': 1, 'influenza': 1, 'or': 1, 'bird': ...
6  Illegal drugs worth nearly P40 million were co...  ...  {'Illegal': 1, 'drugs': 1, 'worth': 1, 'nearly...
7  A two-story building is under construction at ...  ...  {'A': 1, 'two-story': 1, 'building': 1, 'is': ...
8  Two days after holding a press conference at C...  ...  {'Two': 1, 'days': 1, 'after': 1, 'holding': 1...
9  A portion of the iconic Metropolitan Theater w...  ...  {'A': 1, 'portion': 1, 'of': 1, 'the': 1, 'ico...

[10 rows x 3 columns]
[2022-06-17 19:09:54,416] {logging_mixin.py:115} INFO -                                              summary  ...                                      dict_word_cnt
0  13-year-old student drowned while swimming wit...  ...  {'13-year-old': 1, 'student': 1, 'drowned': 1,...
1  Two boys died and three others were injured wh...  ...  {'Two': 1, 'boys': 1, 'died': 1, 'and': 1, 'th...
2  A bettor in Amadeo, Cavite won the jackpot in ...  ...  {'A': 1, 'bettor': 1, 'in': 2, 'Amadeo,': 1, '...
3  Sen. Bong Go visited Tarlac City on Wednesday ...  ...  {'Sen.': 1, 'Bong': 1, 'Go': 1, 'visited': 1, ...
4  Two members of a local terrorist group were ki...  ...  {'Two': 1, 'members': 1, 'of': 1, 'a': 1, 'loc...
5  Avian influenza or bird flu continues to sprea...  ...  {'Avian': 1, 'influenza': 1, 'or': 1, 'bird': ...
6  Illegal drugs worth nearly P40 million were co...  ...  {'Illegal': 1, 'drugs': 1, 'worth': 1, 'nearly...
7  A two-story building is under construction at ...  ...  {'A': 1, 'two-story': 1, 'building': 1, 'is': ...
8  Two days after holding a press conference at C...  ...  {'Two': 1, 'days': 1, 'after': 1, 'holding': 1...
9  A portion of the iconic Metropolitan Theater w...  ...  {'A': 1, 'portion': 1, 'of': 1, 'the': 1, 'ico...

[10 rows x 3 columns]
[2022-06-17 19:09:54,433] {logging_mixin.py:115} INFO -                                              summary  ...                                      dict_word_cnt
0  13-year-old student drowned while swimming wit...  ...  {'13-year-old': 1, 'student': 1, 'drowned': 1,...
1  Two boys died and three others were injured wh...  ...  {'Two': 1, 'boys': 1, 'died': 1, 'and': 1, 'th...
2  A bettor in Amadeo, Cavite won the jackpot in ...  ...  {'A': 1, 'bettor': 1, 'in': 2, 'Amadeo,': 1, '...
3  Sen. Bong Go visited Tarlac City on Wednesday ...  ...  {'Sen.': 1, 'Bong': 1, 'Go': 1, 'visited': 1, ...
4  Two members of a local terrorist group were ki...  ...  {'Two': 1, 'members': 1, 'of': 1, 'a': 1, 'loc...
5  Avian influenza or bird flu continues to sprea...  ...  {'Avian': 1, 'influenza': 1, 'or': 1, 'bird': ...
6  Illegal drugs worth nearly P40 million were co...  ...  {'Illegal': 1, 'drugs': 1, 'worth': 1, 'nearly...
7  A two-story building is under construction at ...  ...  {'A': 1, 'two-story': 1, 'building': 1, 'is': ...
8  Two days after holding a press conference at C...  ...  {'Two': 1, 'days': 1, 'after': 1, 'holding': 1...
9  A portion of the iconic Metropolitan Theater w...  ...  {'A': 1, 'portion': 1, 'of': 1, 'the': 1, 'ico...

[10 rows x 3 columns]
[2022-06-17 19:09:54,452] {logging_mixin.py:115} INFO -                                              summary  ...                                      dict_word_cnt
0  13-year-old student drowned while swimming wit...  ...  {'13-year-old': 1, 'student': 1, 'drowned': 1,...
1  Two boys died and three others were injured wh...  ...  {'Two': 1, 'boys': 1, 'died': 1, 'and': 1, 'th...
2  A bettor in Amadeo, Cavite won the jackpot in ...  ...  {'A': 1, 'bettor': 1, 'in': 2, 'Amadeo,': 1, '...
3  Sen. Bong Go visited Tarlac City on Wednesday ...  ...  {'Sen.': 1, 'Bong': 1, 'Go': 1, 'visited': 1, ...
4  Two members of a local terrorist group were ki...  ...  {'Two': 1, 'members': 1, 'of': 1, 'a': 1, 'loc...
5  Avian influenza or bird flu continues to sprea...  ...  {'Avian': 1, 'influenza': 1, 'or': 1, 'bird': ...
6  Illegal drugs worth nearly P40 million were co...  ...  {'Illegal': 1, 'drugs': 1, 'worth': 1, 'nearly...
7  A two-story building is under construction at ...  ...  {'A': 1, 'two-story': 1, 'building': 1, 'is': ...
8  Two days after holding a press conference at C...  ...  {'Two': 1, 'days': 1, 'after': 1, 'holding': 1...
9  A portion of the iconic Metropolitan Theater w...  ...  {'A': 1, 'portion': 1, 'of': 1, 'the': 1, 'ico...

[10 rows x 3 columns]
[2022-06-17 19:09:54,472] {logging_mixin.py:115} INFO -                                              summary  ...                                      dict_word_cnt
0  13-year-old student drowned while swimming wit...  ...  {'13-year-old': 1, 'student': 1, 'drowned': 1,...
1  Two boys died and three others were injured wh...  ...  {'Two': 1, 'boys': 1, 'died': 1, 'and': 1, 'th...
2  A bettor in Amadeo, Cavite won the jackpot in ...  ...  {'A': 1, 'bettor': 1, 'in': 2, 'Amadeo,': 1, '...
3  Sen. Bong Go visited Tarlac City on Wednesday ...  ...  {'Sen.': 1, 'Bong': 1, 'Go': 1, 'visited': 1, ...
4  Two members of a local terrorist group were ki...  ...  {'Two': 1, 'members': 1, 'of': 1, 'a': 1, 'loc...
5  Avian influenza or bird flu continues to sprea...  ...  {'Avian': 1, 'influenza': 1, 'or': 1, 'bird': ...
6  Illegal drugs worth nearly P40 million were co...  ...  {'Illegal': 1, 'drugs': 1, 'worth': 1, 'nearly...
7  A two-story building is under construction at ...  ...  {'A': 1, 'two-story': 1, 'building': 1, 'is': ...
8  Two days after holding a press conference at C...  ...  {'Two': 1, 'days': 1, 'after': 1, 'holding': 1...
9  A portion of the iconic Metropolitan Theater w...  ...  {'A': 1, 'portion': 1, 'of': 1, 'the': 1, 'ico...

[10 rows x 3 columns]
[2022-06-17 19:09:54,491] {logging_mixin.py:115} INFO -                                              summary  ...                                      dict_word_cnt
0  13-year-old student drowned while swimming wit...  ...  {'13-year-old': 1, 'student': 1, 'drowned': 1,...
1  Two boys died and three others were injured wh...  ...  {'Two': 1, 'boys': 1, 'died': 1, 'and': 1, 'th...
2  A bettor in Amadeo, Cavite won the jackpot in ...  ...  {'A': 1, 'bettor': 1, 'in': 2, 'Amadeo,': 1, '...
3  Sen. Bong Go visited Tarlac City on Wednesday ...  ...  {'Sen.': 1, 'Bong': 1, 'Go': 1, 'visited': 1, ...
4  Two members of a local terrorist group were ki...  ...  {'Two': 1, 'members': 1, 'of': 1, 'a': 1, 'loc...
5  Avian influenza or bird flu continues to sprea...  ...  {'Avian': 1, 'influenza': 1, 'or': 1, 'bird': ...
6  Illegal drugs worth nearly P40 million were co...  ...  {'Illegal': 1, 'drugs': 1, 'worth': 1, 'nearly...
7  A two-story building is under construction at ...  ...  {'A': 1, 'two-story': 1, 'building': 1, 'is': ...
8  Two days after holding a press conference at C...  ...  {'Two': 1, 'days': 1, 'after': 1, 'holding': 1...
9  A portion of the iconic Metropolitan Theater w...  ...  {'A': 1, 'portion': 1, 'of': 1, 'the': 1, 'ico...

[10 rows x 3 columns]
[2022-06-17 19:09:54,511] {logging_mixin.py:115} INFO -                                              summary  ...                                      dict_word_cnt
0  13-year-old student drowned while swimming wit...  ...  {'13-year-old': 1, 'student': 1, 'drowned': 1,...
1  Two boys died and three others were injured wh...  ...  {'Two': 1, 'boys': 1, 'died': 1, 'and': 1, 'th...
2  A bettor in Amadeo, Cavite won the jackpot in ...  ...  {'A': 1, 'bettor': 1, 'in': 2, 'Amadeo,': 1, '...
3  Sen. Bong Go visited Tarlac City on Wednesday ...  ...  {'Sen.': 1, 'Bong': 1, 'Go': 1, 'visited': 1, ...
4  Two members of a local terrorist group were ki...  ...  {'Two': 1, 'members': 1, 'of': 1, 'a': 1, 'loc...
5  Avian influenza or bird flu continues to sprea...  ...  {'Avian': 1, 'influenza': 1, 'or': 1, 'bird': ...
6  Illegal drugs worth nearly P40 million were co...  ...  {'Illegal': 1, 'drugs': 1, 'worth': 1, 'nearly...
7  A two-story building is under construction at ...  ...  {'A': 1, 'two-story': 1, 'building': 1, 'is': ...
8  Two days after holding a press conference at C...  ...  {'Two': 1, 'days': 1, 'after': 1, 'holding': 1...
9  A portion of the iconic Metropolitan Theater w...  ...  {'A': 1, 'portion': 1, 'of': 1, 'the': 1, 'ico...

[10 rows x 3 columns]
[2022-06-17 19:09:54,540] {logging_mixin.py:115} INFO -                                              summary  ...                                      dict_word_cnt
0  13-year-old student drowned while swimming wit...  ...  {'13-year-old': 1, 'student': 1, 'drowned': 1,...
1  Two boys died and three others were injured wh...  ...  {'Two': 1, 'boys': 1, 'died': 1, 'and': 1, 'th...
2  A bettor in Amadeo, Cavite won the jackpot in ...  ...  {'A': 1, 'bettor': 1, 'in': 2, 'Amadeo,': 1, '...
3  Sen. Bong Go visited Tarlac City on Wednesday ...  ...  {'Sen.': 1, 'Bong': 1, 'Go': 1, 'visited': 1, ...
4  Two members of a local terrorist group were ki...  ...  {'Two': 1, 'members': 1, 'of': 1, 'a': 1, 'loc...
5  Avian influenza or bird flu continues to sprea...  ...  {'Avian': 1, 'influenza': 1, 'or': 1, 'bird': ...
6  Illegal drugs worth nearly P40 million were co...  ...  {'Illegal': 1, 'drugs': 1, 'worth': 1, 'nearly...
7  A two-story building is under construction at ...  ...  {'A': 1, 'two-story': 1, 'building': 1, 'is': ...
8  Two days after holding a press conference at C...  ...  {'Two': 1, 'days': 1, 'after': 1, 'holding': 1...
9  A portion of the iconic Metropolitan Theater w...  ...  {'A': 1, 'portion': 1, 'of': 1, 'the': 1, 'ico...

[10 rows x 3 columns]
[2022-06-17 19:09:54,557] {logging_mixin.py:115} INFO -                                              summary  ...                                      dict_word_cnt
0  13-year-old student drowned while swimming wit...  ...  {'13-year-old': 1, 'student': 1, 'drowned': 1,...
1  Two boys died and three others were injured wh...  ...  {'Two': 1, 'boys': 1, 'died': 1, 'and': 1, 'th...
2  A bettor in Amadeo, Cavite won the jackpot in ...  ...  {'A': 1, 'bettor': 1, 'in': 2, 'Amadeo,': 1, '...
3  Sen. Bong Go visited Tarlac City on Wednesday ...  ...  {'Sen.': 1, 'Bong': 1, 'Go': 1, 'visited': 1, ...
4  Two members of a local terrorist group were ki...  ...  {'Two': 1, 'members': 1, 'of': 1, 'a': 1, 'loc...
5  Avian influenza or bird flu continues to sprea...  ...  {'Avian': 1, 'influenza': 1, 'or': 1, 'bird': ...
6  Illegal drugs worth nearly P40 million were co...  ...  {'Illegal': 1, 'drugs': 1, 'worth': 1, 'nearly...
7  A two-story building is under construction at ...  ...  {'A': 1, 'two-story': 1, 'building': 1, 'is': ...
8  Two days after holding a press conference at C...  ...  {'Two': 1, 'days': 1, 'after': 1, 'holding': 1...
9  A portion of the iconic Metropolitan Theater w...  ...  {'A': 1, 'portion': 1, 'of': 1, 'the': 1, 'ico...

[10 rows x 3 columns]
[2022-06-17 19:09:54,578] {logging_mixin.py:115} INFO -                                              summary  ...                                      dict_word_cnt
0  13-year-old student drowned while swimming wit...  ...  {'13-year-old': 1, 'student': 1, 'drowned': 1,...
1  Two boys died and three others were injured wh...  ...  {'Two': 1, 'boys': 1, 'died': 1, 'and': 1, 'th...
2  A bettor in Amadeo, Cavite won the jackpot in ...  ...  {'A': 1, 'bettor': 1, 'in': 2, 'Amadeo,': 1, '...
3  Sen. Bong Go visited Tarlac City on Wednesday ...  ...  {'Sen.': 1, 'Bong': 1, 'Go': 1, 'visited': 1, ...
4  Two members of a local terrorist group were ki...  ...  {'Two': 1, 'members': 1, 'of': 1, 'a': 1, 'loc...
5  Avian influenza or bird flu continues to sprea...  ...  {'Avian': 1, 'influenza': 1, 'or': 1, 'bird': ...
6  Illegal drugs worth nearly P40 million were co...  ...  {'Illegal': 1, 'drugs': 1, 'worth': 1, 'nearly...
7  A two-story building is under construction at ...  ...  {'A': 1, 'two-story': 1, 'building': 1, 'is': ...
8  Two days after holding a press conference at C...  ...  {'Two': 1, 'days': 1, 'after': 1, 'holding': 1...
9  A portion of the iconic Metropolitan Theater w...  ...  {'A': 1, 'portion': 1, 'of': 1, 'the': 1, 'ico...

[10 rows x 3 columns]
[2022-06-17 19:09:54,598] {logging_mixin.py:115} INFO -                                              summary  ...                                      dict_word_cnt
0  13-year-old student drowned while swimming wit...  ...  {'13-year-old': 1, 'student': 1, 'drowned': 1,...
1  Two boys died and three others were injured wh...  ...  {'Two': 1, 'boys': 1, 'died': 1, 'and': 1, 'th...
2  A bettor in Amadeo, Cavite won the jackpot in ...  ...  {'A': 1, 'bettor': 1, 'in': 2, 'Amadeo,': 1, '...
3  Sen. Bong Go visited Tarlac City on Wednesday ...  ...  {'Sen.': 1, 'Bong': 1, 'Go': 1, 'visited': 1, ...
4  Two members of a local terrorist group were ki...  ...  {'Two': 1, 'members': 1, 'of': 1, 'a': 1, 'loc...
5  Avian influenza or bird flu continues to sprea...  ...  {'Avian': 1, 'influenza': 1, 'or': 1, 'bird': ...
6  Illegal drugs worth nearly P40 million were co...  ...  {'Illegal': 1, 'drugs': 1, 'worth': 1, 'nearly...
7  A two-story building is under construction at ...  ...  {'A': 1, 'two-story': 1, 'building': 1, 'is': ...
8  Two days after holding a press conference at C...  ...  {'Two': 1, 'days': 1, 'after': 1, 'holding': 1...
9  A portion of the iconic Metropolitan Theater w...  ...  {'A': 1, 'portion': 1, 'of': 1, 'the': 1, 'ico...

[10 rows x 3 columns]
[2022-06-17 19:09:54,599] {python.py:173} INFO - Done. Returned value was: None
[2022-06-17 19:09:54,613] {taskinstance.py:1400} INFO - Marking task as SUCCESS. dag_id=coffee_lake_scrapers-v1, task_id=word_count, execution_date=20220617T190942, start_date=20220617T190954, end_date=20220617T190954
[2022-06-17 19:09:54,649] {local_task_job.py:156} INFO - Task exited with return code 0
[2022-06-17 19:09:54,702] {local_task_job.py:273} INFO - 1 downstream tasks scheduled from follow-on schedule check
