[2022-06-17 18:15:57,149] {taskinstance.py:1159} INFO - Dependencies all met for <TaskInstance: coffee_lake_scrapers-v1.philstar_nation manual__2022-06-17T18:15:47.159479+00:00 [queued]>
[2022-06-17 18:15:57,165] {taskinstance.py:1159} INFO - Dependencies all met for <TaskInstance: coffee_lake_scrapers-v1.philstar_nation manual__2022-06-17T18:15:47.159479+00:00 [queued]>
[2022-06-17 18:15:57,166] {taskinstance.py:1356} INFO - 
--------------------------------------------------------------------------------
[2022-06-17 18:15:57,167] {taskinstance.py:1357} INFO - Starting attempt 1 of 1
[2022-06-17 18:15:57,168] {taskinstance.py:1358} INFO - 
--------------------------------------------------------------------------------
[2022-06-17 18:15:57,192] {taskinstance.py:1377} INFO - Executing <Task(_PythonDecoratedOperator): philstar_nation> on 2022-06-17 18:15:47.159479+00:00
[2022-06-17 18:15:57,200] {standard_task_runner.py:52} INFO - Started process 280 to run task
[2022-06-17 18:15:57,205] {standard_task_runner.py:79} INFO - Running: ['***', 'tasks', 'run', 'coffee_lake_scrapers-v1', 'philstar_nation', 'manual__2022-06-17T18:15:47.159479+00:00', '--job-id', '181', '--raw', '--subdir', 'DAGS_FOLDER/scraper_dag.py', '--cfg-path', '/tmp/tmpep5twmnc', '--error-file', '/tmp/tmp6_layxzf']
[2022-06-17 18:15:57,207] {standard_task_runner.py:80} INFO - Job 181: Subtask philstar_nation
[2022-06-17 18:15:57,310] {task_command.py:370} INFO - Running <TaskInstance: coffee_lake_scrapers-v1.philstar_nation manual__2022-06-17T18:15:47.159479+00:00 [running]> on host 97782298a5be
[2022-06-17 18:15:57,464] {taskinstance.py:1571} INFO - Exporting the following env vars:
AIRFLOW_CTX_DAG_OWNER=***
AIRFLOW_CTX_DAG_ID=coffee_lake_scrapers-v1
AIRFLOW_CTX_TASK_ID=philstar_nation
AIRFLOW_CTX_EXECUTION_DATE=2022-06-17T18:15:47.159479+00:00
AIRFLOW_CTX_TRY_NUMBER=1
AIRFLOW_CTX_DAG_RUN_ID=manual__2022-06-17T18:15:47.159479+00:00
[2022-06-17 18:15:59,523] {python.py:173} INFO - Done. Returned value was: None
[2022-06-17 18:15:59,557] {taskinstance.py:1400} INFO - Marking task as SUCCESS. dag_id=coffee_lake_scrapers-v1, task_id=philstar_nation, execution_date=20220617T181547, start_date=20220617T181557, end_date=20220617T181559
[2022-06-17 18:15:59,631] {local_task_job.py:156} INFO - Task exited with return code 0
[2022-06-17 18:15:59,745] {local_task_job.py:273} INFO - 1 downstream tasks scheduled from follow-on schedule check
