[2022-06-17 12:39:10,875] {taskinstance.py:1159} INFO - Dependencies all met for <TaskInstance: coffee_lake_scrapers-v1.inquirer_feed manual__2022-06-17T12:39:07.849189+00:00 [queued]>
[2022-06-17 12:39:10,887] {taskinstance.py:1159} INFO - Dependencies all met for <TaskInstance: coffee_lake_scrapers-v1.inquirer_feed manual__2022-06-17T12:39:07.849189+00:00 [queued]>
[2022-06-17 12:39:10,887] {taskinstance.py:1356} INFO - 
--------------------------------------------------------------------------------
[2022-06-17 12:39:10,888] {taskinstance.py:1357} INFO - Starting attempt 1 of 1
[2022-06-17 12:39:10,888] {taskinstance.py:1358} INFO - 
--------------------------------------------------------------------------------
[2022-06-17 12:39:10,909] {taskinstance.py:1377} INFO - Executing <Task(_PythonDecoratedOperator): inquirer_feed> on 2022-06-17 12:39:07.849189+00:00
[2022-06-17 12:39:10,916] {standard_task_runner.py:52} INFO - Started process 5300 to run task
[2022-06-17 12:39:10,918] {standard_task_runner.py:79} INFO - Running: ['***', 'tasks', 'run', 'coffee_lake_scrapers-v1', 'inquirer_feed', 'manual__2022-06-17T12:39:07.849189+00:00', '--job-id', '39', '--raw', '--subdir', 'DAGS_FOLDER/scraper_dag.py', '--cfg-path', '/tmp/tmp6ik7oxex', '--error-file', '/tmp/tmp0fk0gbnk']
[2022-06-17 12:39:10,919] {standard_task_runner.py:80} INFO - Job 39: Subtask inquirer_feed
[2022-06-17 12:39:10,986] {task_command.py:370} INFO - Running <TaskInstance: coffee_lake_scrapers-v1.inquirer_feed manual__2022-06-17T12:39:07.849189+00:00 [running]> on host f0a3c4865e95
[2022-06-17 12:39:11,186] {taskinstance.py:1571} INFO - Exporting the following env vars:
AIRFLOW_CTX_DAG_OWNER=***
AIRFLOW_CTX_DAG_ID=coffee_lake_scrapers-v1
AIRFLOW_CTX_TASK_ID=inquirer_feed
AIRFLOW_CTX_EXECUTION_DATE=2022-06-17T12:39:07.849189+00:00
AIRFLOW_CTX_TRY_NUMBER=1
AIRFLOW_CTX_DAG_RUN_ID=manual__2022-06-17T12:39:07.849189+00:00
[2022-06-17 12:39:14,124] {logging_mixin.py:115} INFO - /opt/***/DATA
[2022-06-17 12:39:15,004] {python.py:173} INFO - Done. Returned value was: True
[2022-06-17 12:39:15,025] {taskinstance.py:1400} INFO - Marking task as SUCCESS. dag_id=coffee_lake_scrapers-v1, task_id=inquirer_feed, execution_date=20220617T123907, start_date=20220617T123910, end_date=20220617T123915
[2022-06-17 12:39:15,067] {local_task_job.py:156} INFO - Task exited with return code 0
[2022-06-17 12:39:15,093] {local_task_job.py:273} INFO - 1 downstream tasks scheduled from follow-on schedule check
