[2022-06-18 06:54:38,903] {taskinstance.py:1159} INFO - Dependencies all met for <TaskInstance: coffee_lake_demo-v2.philstar_nation manual__2022-06-18T06:54:29.516170+00:00 [queued]>
[2022-06-18 06:54:38,920] {taskinstance.py:1159} INFO - Dependencies all met for <TaskInstance: coffee_lake_demo-v2.philstar_nation manual__2022-06-18T06:54:29.516170+00:00 [queued]>
[2022-06-18 06:54:38,920] {taskinstance.py:1356} INFO - 
--------------------------------------------------------------------------------
[2022-06-18 06:54:38,920] {taskinstance.py:1357} INFO - Starting attempt 1 of 1
[2022-06-18 06:54:38,921] {taskinstance.py:1358} INFO - 
--------------------------------------------------------------------------------
[2022-06-18 06:54:38,936] {taskinstance.py:1377} INFO - Executing <Task(_PythonDecoratedOperator): philstar_nation> on 2022-06-18 06:54:29.516170+00:00
[2022-06-18 06:54:38,977] {standard_task_runner.py:52} INFO - Started process 421 to run task
[2022-06-18 06:54:39,013] {standard_task_runner.py:79} INFO - Running: ['***', 'tasks', 'run', 'coffee_lake_demo-v2', 'philstar_nation', 'manual__2022-06-18T06:54:29.516170+00:00', '--job-id', '507', '--raw', '--subdir', 'DAGS_FOLDER/scraper_v2_dag.py', '--cfg-path', '/tmp/tmpqk3btyae', '--error-file', '/tmp/tmpracohgd1']
[2022-06-18 06:54:39,014] {standard_task_runner.py:80} INFO - Job 507: Subtask philstar_nation
[2022-06-18 06:54:39,104] {task_command.py:370} INFO - Running <TaskInstance: coffee_lake_demo-v2.philstar_nation manual__2022-06-18T06:54:29.516170+00:00 [running]> on host 312614bad459
[2022-06-18 06:54:39,229] {taskinstance.py:1571} INFO - Exporting the following env vars:
AIRFLOW_CTX_DAG_OWNER=***
AIRFLOW_CTX_DAG_ID=coffee_lake_demo-v2
AIRFLOW_CTX_TASK_ID=philstar_nation
AIRFLOW_CTX_EXECUTION_DATE=2022-06-18T06:54:29.516170+00:00
AIRFLOW_CTX_TRY_NUMBER=1
AIRFLOW_CTX_DAG_RUN_ID=manual__2022-06-18T06:54:29.516170+00:00
[2022-06-18 06:54:42,453] {python.py:173} INFO - Done. Returned value was: None
[2022-06-18 06:54:42,467] {taskinstance.py:1400} INFO - Marking task as SUCCESS. dag_id=coffee_lake_demo-v2, task_id=philstar_nation, execution_date=20220618T065429, start_date=20220618T065438, end_date=20220618T065442
[2022-06-18 06:54:42,517] {local_task_job.py:156} INFO - Task exited with return code 0
[2022-06-18 06:54:42,566] {local_task_job.py:273} INFO - 1 downstream tasks scheduled from follow-on schedule check
