[2022-06-17 18:21:50,009] {taskinstance.py:1159} INFO - Dependencies all met for <TaskInstance: coffee_lake_scrapers-v1.t4_start_msg manual__2022-06-17T18:21:06.258423+00:00 [queued]>
[2022-06-17 18:21:50,027] {taskinstance.py:1159} INFO - Dependencies all met for <TaskInstance: coffee_lake_scrapers-v1.t4_start_msg manual__2022-06-17T18:21:06.258423+00:00 [queued]>
[2022-06-17 18:21:50,028] {taskinstance.py:1356} INFO - 
--------------------------------------------------------------------------------
[2022-06-17 18:21:50,028] {taskinstance.py:1357} INFO - Starting attempt 1 of 1
[2022-06-17 18:21:50,029] {taskinstance.py:1358} INFO - 
--------------------------------------------------------------------------------
[2022-06-17 18:21:50,056] {taskinstance.py:1377} INFO - Executing <Task(BashOperator): t4_start_msg> on 2022-06-17 18:21:06.258423+00:00
[2022-06-17 18:21:50,065] {standard_task_runner.py:52} INFO - Started process 675 to run task
[2022-06-17 18:21:50,068] {standard_task_runner.py:79} INFO - Running: ['***', 'tasks', 'run', 'coffee_lake_scrapers-v1', 't4_start_msg', 'manual__2022-06-17T18:21:06.258423+00:00', '--job-id', '211', '--raw', '--subdir', 'DAGS_FOLDER/scraper_dag.py', '--cfg-path', '/tmp/tmp875oczmf', '--error-file', '/tmp/tmpfww39hct']
[2022-06-17 18:21:50,070] {standard_task_runner.py:80} INFO - Job 211: Subtask t4_start_msg
[2022-06-17 18:21:50,153] {task_command.py:370} INFO - Running <TaskInstance: coffee_lake_scrapers-v1.t4_start_msg manual__2022-06-17T18:21:06.258423+00:00 [running]> on host 97782298a5be
[2022-06-17 18:21:50,278] {taskinstance.py:1571} INFO - Exporting the following env vars:
AIRFLOW_CTX_DAG_OWNER=***
AIRFLOW_CTX_DAG_ID=coffee_lake_scrapers-v1
AIRFLOW_CTX_TASK_ID=t4_start_msg
AIRFLOW_CTX_EXECUTION_DATE=2022-06-17T18:21:06.258423+00:00
AIRFLOW_CTX_TRY_NUMBER=1
AIRFLOW_CTX_DAG_RUN_ID=manual__2022-06-17T18:21:06.258423+00:00
[2022-06-17 18:21:50,281] {subprocess.py:62} INFO - Tmp dir root location: 
 /tmp
[2022-06-17 18:21:50,283] {subprocess.py:74} INFO - Running command: ['bash', '-c', 'curl -X POST -H \'Content-type: application/json\' --data \'{"text" : "starting task 4: loading - osm street images "}\' "https://discord.com/api/webhooks/986224448984195082/pQp4GNcVWh-J2XtmIycVnjxYuGRGVIYFeveDRS5EwvgmGozthyd_alj8wbeKhfVn9SSk/slack"']
[2022-06-17 18:21:50,309] {subprocess.py:85} INFO - Output:
[2022-06-17 18:21:50,327] {subprocess.py:92} INFO -   % Total    % Received % Xferd  Average Speed   Time    Time     Time  Current
[2022-06-17 18:21:50,328] {subprocess.py:92} INFO -                                  Dload  Upload   Total   Spent    Left  Speed
[2022-06-17 18:21:50,862] {subprocess.py:92} INFO -   0     0    0     0    0     0      0      0 --:--:-- --:--:-- --:--:--     0100    60    0     2  100    58      3    108 --:--:-- --:--:-- --:--:--   112
[2022-06-17 18:21:50,868] {subprocess.py:92} INFO - ok
[2022-06-17 18:21:50,870] {subprocess.py:96} INFO - Command exited with return code 0
[2022-06-17 18:21:50,929] {taskinstance.py:1400} INFO - Marking task as SUCCESS. dag_id=coffee_lake_scrapers-v1, task_id=t4_start_msg, execution_date=20220617T182106, start_date=20220617T182150, end_date=20220617T182150
[2022-06-17 18:21:51,007] {local_task_job.py:156} INFO - Task exited with return code 0
[2022-06-17 18:21:51,120] {local_task_job.py:273} INFO - 1 downstream tasks scheduled from follow-on schedule check
