[2022-06-18 06:27:31,448] {taskinstance.py:1159} INFO - Dependencies all met for <TaskInstance: coffee_lake_scrapers-v1.load_data manual__2022-06-18T06:27:09.118890+00:00 [queued]>
[2022-06-18 06:27:31,463] {taskinstance.py:1159} INFO - Dependencies all met for <TaskInstance: coffee_lake_scrapers-v1.load_data manual__2022-06-18T06:27:09.118890+00:00 [queued]>
[2022-06-18 06:27:31,464] {taskinstance.py:1356} INFO - 
--------------------------------------------------------------------------------
[2022-06-18 06:27:31,464] {taskinstance.py:1357} INFO - Starting attempt 1 of 1
[2022-06-18 06:27:31,465] {taskinstance.py:1358} INFO - 
--------------------------------------------------------------------------------
[2022-06-18 06:27:31,480] {taskinstance.py:1377} INFO - Executing <Task(_PythonDecoratedOperator): load_data> on 2022-06-18 06:27:09.118890+00:00
[2022-06-18 06:27:31,485] {standard_task_runner.py:52} INFO - Started process 859 to run task
[2022-06-18 06:27:31,488] {standard_task_runner.py:79} INFO - Running: ['***', 'tasks', 'run', 'coffee_lake_scrapers-v1', 'load_data', 'manual__2022-06-18T06:27:09.118890+00:00', '--job-id', '437', '--raw', '--subdir', 'DAGS_FOLDER/scraper_v2_dag.py', '--cfg-path', '/tmp/tmpnt1d5ag2', '--error-file', '/tmp/tmpyc49ybek']
[2022-06-18 06:27:31,489] {standard_task_runner.py:80} INFO - Job 437: Subtask load_data
[2022-06-18 06:27:31,539] {task_command.py:370} INFO - Running <TaskInstance: coffee_lake_scrapers-v1.load_data manual__2022-06-18T06:27:09.118890+00:00 [running]> on host edf12686294f
[2022-06-18 06:27:31,610] {taskinstance.py:1571} INFO - Exporting the following env vars:
AIRFLOW_CTX_DAG_OWNER=***
AIRFLOW_CTX_DAG_ID=coffee_lake_scrapers-v1
AIRFLOW_CTX_TASK_ID=load_data
AIRFLOW_CTX_EXECUTION_DATE=2022-06-18T06:27:09.118890+00:00
AIRFLOW_CTX_TRY_NUMBER=1
AIRFLOW_CTX_DAG_RUN_ID=manual__2022-06-18T06:27:09.118890+00:00
[2022-06-18 06:27:50,181] {python.py:173} INFO - Done. Returned value was: None
[2022-06-18 06:27:50,222] {taskinstance.py:1400} INFO - Marking task as SUCCESS. dag_id=coffee_lake_scrapers-v1, task_id=load_data, execution_date=20220618T062709, start_date=20220618T062731, end_date=20220618T062750
[2022-06-18 06:27:50,302] {local_task_job.py:156} INFO - Task exited with return code 0
[2022-06-18 06:27:50,335] {local_task_job.py:273} INFO - 0 downstream tasks scheduled from follow-on schedule check
