[2022-06-17 20:15:39,673] {taskinstance.py:1159} INFO - Dependencies all met for <TaskInstance: coffee_lake_scrapers-v1.t1_end_msg manual__2022-06-17T20:15:31.863976+00:00 [queued]>
[2022-06-17 20:15:39,685] {taskinstance.py:1159} INFO - Dependencies all met for <TaskInstance: coffee_lake_scrapers-v1.t1_end_msg manual__2022-06-17T20:15:31.863976+00:00 [queued]>
[2022-06-17 20:15:39,686] {taskinstance.py:1356} INFO - 
--------------------------------------------------------------------------------
[2022-06-17 20:15:39,686] {taskinstance.py:1357} INFO - Starting attempt 1 of 1
[2022-06-17 20:15:39,687] {taskinstance.py:1358} INFO - 
--------------------------------------------------------------------------------
[2022-06-17 20:15:39,700] {taskinstance.py:1377} INFO - Executing <Task(BashOperator): t1_end_msg> on 2022-06-17 20:15:31.863976+00:00
[2022-06-17 20:15:39,705] {standard_task_runner.py:52} INFO - Started process 1215 to run task
[2022-06-17 20:15:39,707] {standard_task_runner.py:79} INFO - Running: ['***', 'tasks', 'run', 'coffee_lake_scrapers-v1', 't1_end_msg', 'manual__2022-06-17T20:15:31.863976+00:00', '--job-id', '341', '--raw', '--subdir', 'DAGS_FOLDER/scraper_dag.py', '--cfg-path', '/tmp/tmpr6riv425', '--error-file', '/tmp/tmp6mpznrs9']
[2022-06-17 20:15:39,708] {standard_task_runner.py:80} INFO - Job 341: Subtask t1_end_msg
[2022-06-17 20:15:39,757] {task_command.py:370} INFO - Running <TaskInstance: coffee_lake_scrapers-v1.t1_end_msg manual__2022-06-17T20:15:31.863976+00:00 [running]> on host 5a879d076420
[2022-06-17 20:15:39,839] {taskinstance.py:1571} INFO - Exporting the following env vars:
AIRFLOW_CTX_DAG_OWNER=***
AIRFLOW_CTX_DAG_ID=coffee_lake_scrapers-v1
AIRFLOW_CTX_TASK_ID=t1_end_msg
AIRFLOW_CTX_EXECUTION_DATE=2022-06-17T20:15:31.863976+00:00
AIRFLOW_CTX_TRY_NUMBER=1
AIRFLOW_CTX_DAG_RUN_ID=manual__2022-06-17T20:15:31.863976+00:00
[2022-06-17 20:15:39,841] {subprocess.py:62} INFO - Tmp dir root location: 
 /tmp
[2022-06-17 20:15:39,843] {subprocess.py:74} INFO - Running command: ['bash', '-c', 'curl -X POST -H \'Content-type: application/json\' --data \'{"text" : "ending task 1: scraping"}\' "https://discord.com/api/webhooks/986224448984195082/pQp4GNcVWh-J2XtmIycVnjxYuGRGVIYFeveDRS5EwvgmGozthyd_alj8wbeKhfVn9SSk/slack"']
[2022-06-17 20:15:39,854] {subprocess.py:85} INFO - Output:
[2022-06-17 20:15:39,861] {subprocess.py:92} INFO -   % Total    % Received % Xferd  Average Speed   Time    Time     Time  Current
[2022-06-17 20:15:39,861] {subprocess.py:92} INFO -                                  Dload  Upload   Total   Spent    Left  Speed
[2022-06-17 20:15:40,344] {subprocess.py:92} INFO -   0     0    0     0    0     0      0      0 --:--:-- --:--:-- --:--:--     0100    36    0     0  100    36      0    173 --:--:-- --:--:-- --:--:--   173100    38    0     2  100    36      4     74 --:--:-- --:--:-- --:--:--    78
[2022-06-17 20:15:40,346] {subprocess.py:92} INFO - ok
[2022-06-17 20:15:40,346] {subprocess.py:96} INFO - Command exited with return code 0
[2022-06-17 20:15:40,373] {taskinstance.py:1400} INFO - Marking task as SUCCESS. dag_id=coffee_lake_scrapers-v1, task_id=t1_end_msg, execution_date=20220617T201531, start_date=20220617T201539, end_date=20220617T201540
[2022-06-17 20:15:40,402] {local_task_job.py:156} INFO - Task exited with return code 0
[2022-06-17 20:15:40,442] {local_task_job.py:273} INFO - 1 downstream tasks scheduled from follow-on schedule check
