[2022-06-18 06:52:36,792] {taskinstance.py:1159} INFO - Dependencies all met for <TaskInstance: coffee_lake_demo-v2.t1_start_msg manual__2022-06-18T06:52:30.500581+00:00 [queued]>
[2022-06-18 06:52:36,811] {taskinstance.py:1159} INFO - Dependencies all met for <TaskInstance: coffee_lake_demo-v2.t1_start_msg manual__2022-06-18T06:52:30.500581+00:00 [queued]>
[2022-06-18 06:52:36,812] {taskinstance.py:1356} INFO - 
--------------------------------------------------------------------------------
[2022-06-18 06:52:36,812] {taskinstance.py:1357} INFO - Starting attempt 1 of 1
[2022-06-18 06:52:36,813] {taskinstance.py:1358} INFO - 
--------------------------------------------------------------------------------
[2022-06-18 06:52:36,845] {taskinstance.py:1377} INFO - Executing <Task(BashOperator): t1_start_msg> on 2022-06-18 06:52:30.500581+00:00
[2022-06-18 06:52:36,858] {standard_task_runner.py:52} INFO - Started process 237 to run task
[2022-06-18 06:52:36,869] {standard_task_runner.py:79} INFO - Running: ['***', 'tasks', 'run', 'coffee_lake_demo-v2', 't1_start_msg', 'manual__2022-06-18T06:52:30.500581+00:00', '--job-id', '491', '--raw', '--subdir', 'DAGS_FOLDER/scraper_v2_dag.py', '--cfg-path', '/tmp/tmpyw3x_9au', '--error-file', '/tmp/tmp44pdbww5']
[2022-06-18 06:52:36,871] {standard_task_runner.py:80} INFO - Job 491: Subtask t1_start_msg
[2022-06-18 06:52:36,948] {task_command.py:370} INFO - Running <TaskInstance: coffee_lake_demo-v2.t1_start_msg manual__2022-06-18T06:52:30.500581+00:00 [running]> on host 312614bad459
[2022-06-18 06:52:37,040] {taskinstance.py:1571} INFO - Exporting the following env vars:
AIRFLOW_CTX_DAG_OWNER=***
AIRFLOW_CTX_DAG_ID=coffee_lake_demo-v2
AIRFLOW_CTX_TASK_ID=t1_start_msg
AIRFLOW_CTX_EXECUTION_DATE=2022-06-18T06:52:30.500581+00:00
AIRFLOW_CTX_TRY_NUMBER=1
AIRFLOW_CTX_DAG_RUN_ID=manual__2022-06-18T06:52:30.500581+00:00
[2022-06-18 06:52:37,042] {subprocess.py:62} INFO - Tmp dir root location: 
 /tmp
[2022-06-18 06:52:37,043] {subprocess.py:74} INFO - Running command: ['bash', '-c', 'curl -X POST -H \'Content-type: application/json\' --data \'{"text" : "starting task 1: scraping"}\' "https://discord.com/api/webhooks/986224448984195082/pQp4GNcVWh-J2XtmIycVnjxYuGRGVIYFeveDRS5EwvgmGozthyd_alj8wbeKhfVn9SSk/slack"']
[2022-06-18 06:52:37,063] {subprocess.py:85} INFO - Output:
[2022-06-18 06:52:37,075] {subprocess.py:92} INFO -   % Total    % Received % Xferd  Average Speed   Time    Time     Time  Current
[2022-06-18 06:52:37,076] {subprocess.py:92} INFO -                                  Dload  Upload   Total   Spent    Left  Speed
[2022-06-18 06:52:37,785] {subprocess.py:92} INFO -   0     0    0     0    0     0      0      0 --:--:-- --:--:-- --:--:--     0100    38    0     0  100    38      0    186 --:--:-- --:--:-- --:--:--   185100    40    0     2  100    38      2     53 --:--:-- --:--:-- --:--:--    56
[2022-06-18 06:52:37,787] {subprocess.py:92} INFO - ok
[2022-06-18 06:52:37,787] {subprocess.py:96} INFO - Command exited with return code 0
[2022-06-18 06:52:37,816] {taskinstance.py:1400} INFO - Marking task as SUCCESS. dag_id=coffee_lake_demo-v2, task_id=t1_start_msg, execution_date=20220618T065230, start_date=20220618T065236, end_date=20220618T065237
[2022-06-18 06:52:37,844] {local_task_job.py:156} INFO - Task exited with return code 0
[2022-06-18 06:52:37,883] {local_task_job.py:273} INFO - 3 downstream tasks scheduled from follow-on schedule check
