[2022-06-17 12:47:19,027] {taskinstance.py:1159} INFO - Dependencies all met for <TaskInstance: coffee_lake_scrapers-v1.inquirer_feed manual__2022-06-17T12:47:14.449749+00:00 [queued]>
[2022-06-17 12:47:19,036] {taskinstance.py:1159} INFO - Dependencies all met for <TaskInstance: coffee_lake_scrapers-v1.inquirer_feed manual__2022-06-17T12:47:14.449749+00:00 [queued]>
[2022-06-17 12:47:19,037] {taskinstance.py:1356} INFO - 
--------------------------------------------------------------------------------
[2022-06-17 12:47:19,037] {taskinstance.py:1357} INFO - Starting attempt 1 of 1
[2022-06-17 12:47:19,037] {taskinstance.py:1358} INFO - 
--------------------------------------------------------------------------------
[2022-06-17 12:47:19,051] {taskinstance.py:1377} INFO - Executing <Task(_PythonDecoratedOperator): inquirer_feed> on 2022-06-17 12:47:14.449749+00:00
[2022-06-17 12:47:19,060] {standard_task_runner.py:52} INFO - Started process 5725 to run task
[2022-06-17 12:47:19,065] {standard_task_runner.py:79} INFO - Running: ['***', 'tasks', 'run', 'coffee_lake_scrapers-v1', 'inquirer_feed', 'manual__2022-06-17T12:47:14.449749+00:00', '--job-id', '45', '--raw', '--subdir', 'DAGS_FOLDER/scraper_dag.py', '--cfg-path', '/tmp/tmp1tnwdxbk', '--error-file', '/tmp/tmppazbwl3s']
[2022-06-17 12:47:19,066] {standard_task_runner.py:80} INFO - Job 45: Subtask inquirer_feed
[2022-06-17 12:47:19,121] {task_command.py:370} INFO - Running <TaskInstance: coffee_lake_scrapers-v1.inquirer_feed manual__2022-06-17T12:47:14.449749+00:00 [running]> on host f0a3c4865e95
[2022-06-17 12:47:19,181] {taskinstance.py:1571} INFO - Exporting the following env vars:
AIRFLOW_CTX_DAG_OWNER=***
AIRFLOW_CTX_DAG_ID=coffee_lake_scrapers-v1
AIRFLOW_CTX_TASK_ID=inquirer_feed
AIRFLOW_CTX_EXECUTION_DATE=2022-06-17T12:47:14.449749+00:00
AIRFLOW_CTX_TRY_NUMBER=1
AIRFLOW_CTX_DAG_RUN_ID=manual__2022-06-17T12:47:14.449749+00:00
[2022-06-17 12:47:20,780] {logging_mixin.py:115} INFO -                                                 title  ...                                      media_content
0   ‘Queer coincidence’: Two Dutertes will ‘sit’ a...  ...  [{'url': 'https://newsinfo.inquirer.net/wp-con...
1   No regrets for Dani as she concludes Ravena er...  ...  [{'url': 'https://sports.inquirer.net/wp-conte...
2   Six months after Typhoon Odette’s onslaught, d...  ...  [{'url': 'https://newsinfo.inquirer.net/wp-con...
3   F1: Fernando Alonso warns rules to beat the bo...  ...  [{'url': 'https://sports.inquirer.net/wp-conte...
4   Treat Dad to a ‘progressive’ meal at Uptown Bo...  ...  [{'url': 'https://lifestyle.inquirer.net/wp-co...
5   26 Quezon towns remain under Alert Level 2 due...  ...  [{'url': 'https://newsinfo.inquirer.net/wp-con...
6   VNL: China picks up fifth win after thumping C...  ...  [{'url': 'https://sports.inquirer.net/wp-conte...
7   Cries of police abuse prompt CHR probe into en...  ...  [{'url': 'https://newsinfo.inquirer.net/wp-con...
8   Super dads share how fatherhood has transforme...  ...  [{'url': 'https://lifestyle.inquirer.net/wp-co...
9   Mandaluyong hit-and-run suspect no show in fir...  ...  [{'url': 'https://newsinfo.inquirer.net/wp-con...
10  Caloy Yulo bags men’s all around silver in Asi...  ...  [{'url': 'https://sports.inquirer.net/wp-conte...
11      PBA: Phoenix bags first win, routs Terrafirma  ...  [{'url': 'https://sports.inquirer.net/wp-conte...
12  LOOK: Jodi Sta. Maria explores Prague for 40th...  ...  [{'url': 'https://entertainment.inquirer.net/w...
13  Missed chance to bridge transport gap: Goodbye...  ...  [{'url': 'https://newsinfo.inquirer.net/wp-con...
14               More complaints filed vs ‘Tinang 83’  ...  [{'url': 'https://newsinfo.inquirer.net/wp-con...
15  Motion filed to suspend proclamation of Malaba...  ...  [{'url': 'https://newsinfo.inquirer.net/wp-con...
16          WNBA legend Sue Bird announces retirement  ...  [{'url': 'https://sports.inquirer.net/wp-conte...
17  2 kids die, 3 others hurt as car falls into ra...  ...  [{'url': 'https://newsinfo.inquirer.net/wp-con...
18                    Suspect dies in Cebu drug sting  ...  [{'url': 'https://newsinfo.inquirer.net/wp-con...
19  Nigeria ‘ready’ to assist PH on oil, natural g...  ...  [{'url': 'https://globalnation.inquirer.net/wp...

[20 rows x 11 columns]
[2022-06-17 12:47:20,783] {logging_mixin.py:115} INFO - this is td: /opt/***/DATA
[2022-06-17 12:47:20,783] {logging_mixin.py:115} INFO - this is wd: /opt/***
[2022-06-17 12:47:22,250] {python.py:173} INFO - Done. Returned value was: True
[2022-06-17 12:47:22,289] {taskinstance.py:1400} INFO - Marking task as SUCCESS. dag_id=coffee_lake_scrapers-v1, task_id=inquirer_feed, execution_date=20220617T124714, start_date=20220617T124719, end_date=20220617T124722
[2022-06-17 12:47:22,331] {local_task_job.py:156} INFO - Task exited with return code 0
[2022-06-17 12:47:22,363] {local_task_job.py:273} INFO - 1 downstream tasks scheduled from follow-on schedule check
