[2022-06-18 06:30:09,058] {taskinstance.py:1159} INFO - Dependencies all met for <TaskInstance: coffee_lake_demo-v2.map_images scheduled__2022-06-17T06:29:57.597656+00:00 [queued]>
[2022-06-18 06:30:09,068] {taskinstance.py:1159} INFO - Dependencies all met for <TaskInstance: coffee_lake_demo-v2.map_images scheduled__2022-06-17T06:29:57.597656+00:00 [queued]>
[2022-06-18 06:30:09,068] {taskinstance.py:1356} INFO - 
--------------------------------------------------------------------------------
[2022-06-18 06:30:09,069] {taskinstance.py:1357} INFO - Starting attempt 1 of 1
[2022-06-18 06:30:09,069] {taskinstance.py:1358} INFO - 
--------------------------------------------------------------------------------
[2022-06-18 06:30:09,082] {taskinstance.py:1377} INFO - Executing <Task(_PythonDecoratedOperator): map_images> on 2022-06-17 06:29:57.597656+00:00
[2022-06-18 06:30:09,088] {standard_task_runner.py:52} INFO - Started process 1033 to run task
[2022-06-18 06:30:09,091] {standard_task_runner.py:79} INFO - Running: ['***', 'tasks', 'run', 'coffee_lake_demo-v2', 'map_images', 'scheduled__2022-06-17T06:29:57.597656+00:00', '--job-id', '444', '--raw', '--subdir', 'DAGS_FOLDER/scraper_v2_dag.py', '--cfg-path', '/tmp/tmphw6nmqn3', '--error-file', '/tmp/tmprqo5mjja']
[2022-06-18 06:30:09,092] {standard_task_runner.py:80} INFO - Job 444: Subtask map_images
[2022-06-18 06:30:09,138] {task_command.py:370} INFO - Running <TaskInstance: coffee_lake_demo-v2.map_images scheduled__2022-06-17T06:29:57.597656+00:00 [running]> on host edf12686294f
[2022-06-18 06:30:09,205] {taskinstance.py:1571} INFO - Exporting the following env vars:
AIRFLOW_CTX_DAG_OWNER=***
AIRFLOW_CTX_DAG_ID=coffee_lake_demo-v2
AIRFLOW_CTX_TASK_ID=map_images
AIRFLOW_CTX_EXECUTION_DATE=2022-06-17T06:29:57.597656+00:00
AIRFLOW_CTX_TRY_NUMBER=1
AIRFLOW_CTX_DAG_RUN_ID=scheduled__2022-06-17T06:29:57.597656+00:00
[2022-06-18 06:30:10,457] {logging_mixin.py:115} INFO - ['history_changesets', 'history_layers', 'history_nodes', 'history_relations', 'history_ways', 'planet_changesets', 'planet_features', 'planet_features_lines', 'planet_features_multilinestrings', 'planet_features_multipolygons', 'planet_features_other_relations', 'planet_features_points', 'planet_layers', 'planet_nodes', 'planet_relations', 'planet_ways']
[2022-06-18 06:30:21,894] {python.py:173} INFO - Done. Returned value was: None
[2022-06-18 06:30:21,907] {taskinstance.py:1400} INFO - Marking task as SUCCESS. dag_id=coffee_lake_demo-v2, task_id=map_images, execution_date=20220617T062957, start_date=20220618T063009, end_date=20220618T063021
[2022-06-18 06:30:21,935] {local_task_job.py:156} INFO - Task exited with return code 0
[2022-06-18 06:30:21,972] {local_task_job.py:273} INFO - 1 downstream tasks scheduled from follow-on schedule check
