[2022-06-18 07:34:07,912] {taskinstance.py:1159} INFO - Dependencies all met for <TaskInstance: coffee_lake_demo-v2.delete_residuals manual__2022-06-18T07:33:31.605917+00:00 [queued]>
[2022-06-18 07:34:07,920] {taskinstance.py:1159} INFO - Dependencies all met for <TaskInstance: coffee_lake_demo-v2.delete_residuals manual__2022-06-18T07:33:31.605917+00:00 [queued]>
[2022-06-18 07:34:07,920] {taskinstance.py:1356} INFO - 
--------------------------------------------------------------------------------
[2022-06-18 07:34:07,920] {taskinstance.py:1357} INFO - Starting attempt 1 of 1
[2022-06-18 07:34:07,920] {taskinstance.py:1358} INFO - 
--------------------------------------------------------------------------------
[2022-06-18 07:34:07,930] {taskinstance.py:1377} INFO - Executing <Task(_PythonDecoratedOperator): delete_residuals> on 2022-06-18 07:33:31.605917+00:00
[2022-06-18 07:34:07,935] {standard_task_runner.py:52} INFO - Started process 3037 to run task
[2022-06-18 07:34:07,937] {standard_task_runner.py:79} INFO - Running: ['***', 'tasks', 'run', 'coffee_lake_demo-v2', 'delete_residuals', 'manual__2022-06-18T07:33:31.605917+00:00', '--job-id', '638', '--raw', '--subdir', 'DAGS_FOLDER/scraper_v2_dag.py', '--cfg-path', '/tmp/tmpcvcawj3n', '--error-file', '/tmp/tmp_hbd9ugb']
[2022-06-18 07:34:07,938] {standard_task_runner.py:80} INFO - Job 638: Subtask delete_residuals
[2022-06-18 07:34:07,977] {task_command.py:370} INFO - Running <TaskInstance: coffee_lake_demo-v2.delete_residuals manual__2022-06-18T07:33:31.605917+00:00 [running]> on host 312614bad459
[2022-06-18 07:34:08,027] {taskinstance.py:1571} INFO - Exporting the following env vars:
AIRFLOW_CTX_DAG_OWNER=***
AIRFLOW_CTX_DAG_ID=coffee_lake_demo-v2
AIRFLOW_CTX_TASK_ID=delete_residuals
AIRFLOW_CTX_EXECUTION_DATE=2022-06-18T07:33:31.605917+00:00
AIRFLOW_CTX_TRY_NUMBER=1
AIRFLOW_CTX_DAG_RUN_ID=manual__2022-06-18T07:33:31.605917+00:00
[2022-06-18 07:34:08,031] {logging_mixin.py:115} INFO - business_world_2022-06-18_07-33-41.csv
[2022-06-18 07:34:08,032] {logging_mixin.py:115} INFO - images
[2022-06-18 07:34:08,040] {logging_mixin.py:115} INFO - inquirer_2022-06-18_07-29-14.csv
[2022-06-18 07:34:08,042] {logging_mixin.py:115} INFO - inquirer_2022-06-18_07-33-41.csv
[2022-06-18 07:34:08,043] {logging_mixin.py:115} INFO - philstar_2022-06-18_07-29-14.csv
[2022-06-18 07:34:08,044] {logging_mixin.py:115} INFO - philstar_2022-06-18_07-33-43.csv
[2022-06-18 07:34:08,045] {python.py:173} INFO - Done. Returned value was: None
[2022-06-18 07:34:08,055] {taskinstance.py:1400} INFO - Marking task as SUCCESS. dag_id=coffee_lake_demo-v2, task_id=delete_residuals, execution_date=20220618T073331, start_date=20220618T073407, end_date=20220618T073408
[2022-06-18 07:34:08,109] {local_task_job.py:156} INFO - Task exited with return code 0
[2022-06-18 07:34:08,148] {local_task_job.py:273} INFO - 0 downstream tasks scheduled from follow-on schedule check
