[2022-06-17 15:56:11,238] {taskinstance.py:1159} INFO - Dependencies all met for <TaskInstance: coffee_lake_scrapers-v1.t1_end_msg manual__2022-06-17T15:56:03.601838+00:00 [queued]>
[2022-06-17 15:56:11,250] {taskinstance.py:1159} INFO - Dependencies all met for <TaskInstance: coffee_lake_scrapers-v1.t1_end_msg manual__2022-06-17T15:56:03.601838+00:00 [queued]>
[2022-06-17 15:56:11,250] {taskinstance.py:1356} INFO - 
--------------------------------------------------------------------------------
[2022-06-17 15:56:11,251] {taskinstance.py:1357} INFO - Starting attempt 1 of 1
[2022-06-17 15:56:11,251] {taskinstance.py:1358} INFO - 
--------------------------------------------------------------------------------
[2022-06-17 15:56:11,263] {taskinstance.py:1377} INFO - Executing <Task(BashOperator): t1_end_msg> on 2022-06-17 15:56:03.601838+00:00
[2022-06-17 15:56:11,267] {standard_task_runner.py:52} INFO - Started process 1123 to run task
[2022-06-17 15:56:11,269] {standard_task_runner.py:79} INFO - Running: ['***', 'tasks', 'run', 'coffee_lake_scrapers-v1', 't1_end_msg', 'manual__2022-06-17T15:56:03.601838+00:00', '--job-id', '150', '--raw', '--subdir', 'DAGS_FOLDER/scraper_dag.py', '--cfg-path', '/tmp/tmp6wlkzm_v', '--error-file', '/tmp/tmp08wbq8oe']
[2022-06-17 15:56:11,270] {standard_task_runner.py:80} INFO - Job 150: Subtask t1_end_msg
[2022-06-17 15:56:11,327] {task_command.py:370} INFO - Running <TaskInstance: coffee_lake_scrapers-v1.t1_end_msg manual__2022-06-17T15:56:03.601838+00:00 [running]> on host 4e64a6770dfb
[2022-06-17 15:56:11,465] {taskinstance.py:1571} INFO - Exporting the following env vars:
AIRFLOW_CTX_DAG_OWNER=***
AIRFLOW_CTX_DAG_ID=coffee_lake_scrapers-v1
AIRFLOW_CTX_TASK_ID=t1_end_msg
AIRFLOW_CTX_EXECUTION_DATE=2022-06-17T15:56:03.601838+00:00
AIRFLOW_CTX_TRY_NUMBER=1
AIRFLOW_CTX_DAG_RUN_ID=manual__2022-06-17T15:56:03.601838+00:00
[2022-06-17 15:56:11,466] {subprocess.py:62} INFO - Tmp dir root location: 
 /tmp
[2022-06-17 15:56:11,466] {subprocess.py:74} INFO - Running command: ['bash', '-c', 'curl -X POST -H \'Content-type: application/json\' --data \'{"text" : "ending task 1: scraping"}\' "https://discord.com/api/webhooks/986224448984195082/pQp4GNcVWh-J2XtmIycVnjxYuGRGVIYFeveDRS5EwvgmGozthyd_alj8wbeKhfVn9SSk/slack"']
[2022-06-17 15:56:11,480] {subprocess.py:85} INFO - Output:
[2022-06-17 15:56:11,486] {subprocess.py:92} INFO -   % Total    % Received % Xferd  Average Speed   Time    Time     Time  Current
[2022-06-17 15:56:11,486] {subprocess.py:92} INFO -                                  Dload  Upload   Total   Spent    Left  Speed
[2022-06-17 15:56:12,316] {subprocess.py:92} INFO -   0     0    0     0    0     0      0      0 --:--:-- --:--:-- --:--:--     0100    38    0     2  100    36      2     43 --:--:-- --:--:-- --:--:--    45100    38    0     2  100    36      2     43 --:--:-- --:--:-- --:--:--    45
[2022-06-17 15:56:12,318] {subprocess.py:92} INFO - ok
[2022-06-17 15:56:12,318] {subprocess.py:96} INFO - Command exited with return code 0
[2022-06-17 15:56:12,347] {taskinstance.py:1400} INFO - Marking task as SUCCESS. dag_id=coffee_lake_scrapers-v1, task_id=t1_end_msg, execution_date=20220617T155603, start_date=20220617T155611, end_date=20220617T155612
[2022-06-17 15:56:12,406] {local_task_job.py:156} INFO - Task exited with return code 0
[2022-06-17 15:56:12,442] {local_task_job.py:273} INFO - 1 downstream tasks scheduled from follow-on schedule check
