[2022-06-17 20:12:06,408] {taskinstance.py:1159} INFO - Dependencies all met for <TaskInstance: coffee_lake_scrapers-v1.load_data manual__2022-06-17T20:11:45.635374+00:00 [queued]>
[2022-06-17 20:12:06,430] {taskinstance.py:1159} INFO - Dependencies all met for <TaskInstance: coffee_lake_scrapers-v1.load_data manual__2022-06-17T20:11:45.635374+00:00 [queued]>
[2022-06-17 20:12:06,430] {taskinstance.py:1356} INFO - 
--------------------------------------------------------------------------------
[2022-06-17 20:12:06,431] {taskinstance.py:1357} INFO - Starting attempt 1 of 1
[2022-06-17 20:12:06,431] {taskinstance.py:1358} INFO - 
--------------------------------------------------------------------------------
[2022-06-17 20:12:06,459] {taskinstance.py:1377} INFO - Executing <Task(_PythonDecoratedOperator): load_data> on 2022-06-17 20:11:45.635374+00:00
[2022-06-17 20:12:06,538] {standard_task_runner.py:52} INFO - Started process 1017 to run task
[2022-06-17 20:12:06,543] {standard_task_runner.py:79} INFO - Running: ['***', 'tasks', 'run', 'coffee_lake_scrapers-v1', 'load_data', 'manual__2022-06-17T20:11:45.635374+00:00', '--job-id', '334', '--raw', '--subdir', 'DAGS_FOLDER/scraper_dag.py', '--cfg-path', '/tmp/tmp6bj17zyl', '--error-file', '/tmp/tmpsc8lrnyu']
[2022-06-17 20:12:06,545] {standard_task_runner.py:80} INFO - Job 334: Subtask load_data
[2022-06-17 20:12:06,618] {task_command.py:370} INFO - Running <TaskInstance: coffee_lake_scrapers-v1.load_data manual__2022-06-17T20:11:45.635374+00:00 [running]> on host 5a879d076420
[2022-06-17 20:12:06,709] {taskinstance.py:1571} INFO - Exporting the following env vars:
AIRFLOW_CTX_DAG_OWNER=***
AIRFLOW_CTX_DAG_ID=coffee_lake_scrapers-v1
AIRFLOW_CTX_TASK_ID=load_data
AIRFLOW_CTX_EXECUTION_DATE=2022-06-17T20:11:45.635374+00:00
AIRFLOW_CTX_TRY_NUMBER=1
AIRFLOW_CTX_DAG_RUN_ID=manual__2022-06-17T20:11:45.635374+00:00
[2022-06-17 20:12:16,671] {python.py:173} INFO - Done. Returned value was: None
[2022-06-17 20:12:16,683] {taskinstance.py:1400} INFO - Marking task as SUCCESS. dag_id=coffee_lake_scrapers-v1, task_id=load_data, execution_date=20220617T201145, start_date=20220617T201206, end_date=20220617T201216
[2022-06-17 20:12:16,747] {local_task_job.py:156} INFO - Task exited with return code 0
[2022-06-17 20:12:16,851] {local_task_job.py:273} INFO - 1 downstream tasks scheduled from follow-on schedule check
