[2022-06-17 11:53:35,235] {taskinstance.py:1159} INFO - Dependencies all met for <TaskInstance: coffee-lake-demo-v1.echo scheduled__2022-06-17T11:37:58.947100+00:00 [queued]>
[2022-06-17 11:53:35,248] {taskinstance.py:1159} INFO - Dependencies all met for <TaskInstance: coffee-lake-demo-v1.echo scheduled__2022-06-17T11:37:58.947100+00:00 [queued]>
[2022-06-17 11:53:35,248] {taskinstance.py:1356} INFO - 
--------------------------------------------------------------------------------
[2022-06-17 11:53:35,248] {taskinstance.py:1357} INFO - Starting attempt 1 of 1
[2022-06-17 11:53:35,249] {taskinstance.py:1358} INFO - 
--------------------------------------------------------------------------------
[2022-06-17 11:53:35,265] {taskinstance.py:1377} INFO - Executing <Task(BashOperator): echo> on 2022-06-17 11:37:58.947100+00:00
[2022-06-17 11:53:35,273] {standard_task_runner.py:52} INFO - Started process 2917 to run task
[2022-06-17 11:53:35,277] {standard_task_runner.py:79} INFO - Running: ['***', 'tasks', 'run', 'coffee-lake-demo-v1', 'echo', 'scheduled__2022-06-17T11:37:58.947100+00:00', '--job-id', '5', '--raw', '--subdir', 'DAGS_FOLDER/test_dag.py', '--cfg-path', '/tmp/tmpkve4s7lm', '--error-file', '/tmp/tmp_a41ag3r']
[2022-06-17 11:53:35,277] {standard_task_runner.py:80} INFO - Job 5: Subtask echo
[2022-06-17 11:53:35,337] {task_command.py:370} INFO - Running <TaskInstance: coffee-lake-demo-v1.echo scheduled__2022-06-17T11:37:58.947100+00:00 [running]> on host f0a3c4865e95
[2022-06-17 11:53:35,403] {taskinstance.py:1571} INFO - Exporting the following env vars:
AIRFLOW_CTX_DAG_OWNER=***
AIRFLOW_CTX_DAG_ID=coffee-lake-demo-v1
AIRFLOW_CTX_TASK_ID=echo
AIRFLOW_CTX_EXECUTION_DATE=2022-06-17T11:37:58.947100+00:00
AIRFLOW_CTX_TRY_NUMBER=1
AIRFLOW_CTX_DAG_RUN_ID=scheduled__2022-06-17T11:37:58.947100+00:00
[2022-06-17 11:53:35,404] {subprocess.py:62} INFO - Tmp dir root location: 
 /tmp
[2022-06-17 11:53:35,405] {subprocess.py:74} INFO - Running command: ['bash', '-c', "echo 'Finished!'"]
[2022-06-17 11:53:35,412] {subprocess.py:85} INFO - Output:
[2022-06-17 11:53:35,413] {subprocess.py:92} INFO - Finished!
[2022-06-17 11:53:35,414] {subprocess.py:96} INFO - Command exited with return code 0
[2022-06-17 11:53:35,436] {taskinstance.py:1400} INFO - Marking task as SUCCESS. dag_id=coffee-lake-demo-v1, task_id=echo, execution_date=20220617T113758, start_date=20220617T115335, end_date=20220617T115335
[2022-06-17 11:53:35,488] {local_task_job.py:156} INFO - Task exited with return code 0
[2022-06-17 11:53:35,529] {local_task_job.py:273} INFO - 1 downstream tasks scheduled from follow-on schedule check
