[2022-06-17 18:17:41,435] {taskinstance.py:1159} INFO - Dependencies all met for <TaskInstance: coffee_lake_scrapers-v1.philstar_nation manual__2022-06-17T18:17:32.837310+00:00 [queued]>
[2022-06-17 18:17:41,453] {taskinstance.py:1159} INFO - Dependencies all met for <TaskInstance: coffee_lake_scrapers-v1.philstar_nation manual__2022-06-17T18:17:32.837310+00:00 [queued]>
[2022-06-17 18:17:41,454] {taskinstance.py:1356} INFO - 
--------------------------------------------------------------------------------
[2022-06-17 18:17:41,455] {taskinstance.py:1357} INFO - Starting attempt 1 of 1
[2022-06-17 18:17:41,455] {taskinstance.py:1358} INFO - 
--------------------------------------------------------------------------------
[2022-06-17 18:17:41,480] {taskinstance.py:1377} INFO - Executing <Task(_PythonDecoratedOperator): philstar_nation> on 2022-06-17 18:17:32.837310+00:00
[2022-06-17 18:17:41,486] {standard_task_runner.py:52} INFO - Started process 403 to run task
[2022-06-17 18:17:41,490] {standard_task_runner.py:79} INFO - Running: ['***', 'tasks', 'run', 'coffee_lake_scrapers-v1', 'philstar_nation', 'manual__2022-06-17T18:17:32.837310+00:00', '--job-id', '192', '--raw', '--subdir', 'DAGS_FOLDER/scraper_dag.py', '--cfg-path', '/tmp/tmph2gesn5m', '--error-file', '/tmp/tmpfj5otpk6']
[2022-06-17 18:17:41,491] {standard_task_runner.py:80} INFO - Job 192: Subtask philstar_nation
[2022-06-17 18:17:41,580] {task_command.py:370} INFO - Running <TaskInstance: coffee_lake_scrapers-v1.philstar_nation manual__2022-06-17T18:17:32.837310+00:00 [running]> on host 97782298a5be
[2022-06-17 18:17:41,706] {taskinstance.py:1571} INFO - Exporting the following env vars:
AIRFLOW_CTX_DAG_OWNER=***
AIRFLOW_CTX_DAG_ID=coffee_lake_scrapers-v1
AIRFLOW_CTX_TASK_ID=philstar_nation
AIRFLOW_CTX_EXECUTION_DATE=2022-06-17T18:17:32.837310+00:00
AIRFLOW_CTX_TRY_NUMBER=1
AIRFLOW_CTX_DAG_RUN_ID=manual__2022-06-17T18:17:32.837310+00:00
[2022-06-17 18:17:43,759] {python.py:173} INFO - Done. Returned value was: None
[2022-06-17 18:17:43,811] {taskinstance.py:1400} INFO - Marking task as SUCCESS. dag_id=coffee_lake_scrapers-v1, task_id=philstar_nation, execution_date=20220617T181732, start_date=20220617T181741, end_date=20220617T181743
[2022-06-17 18:17:43,874] {local_task_job.py:156} INFO - Task exited with return code 0
[2022-06-17 18:17:43,962] {local_task_job.py:273} INFO - 1 downstream tasks scheduled from follow-on schedule check
