[2022-06-17 15:40:05,363] {taskinstance.py:1159} INFO - Dependencies all met for <TaskInstance: coffee_lake_scrapers-v1.philstar_nation manual__2022-06-17T15:40:00.985222+00:00 [queued]>
[2022-06-17 15:40:05,370] {taskinstance.py:1159} INFO - Dependencies all met for <TaskInstance: coffee_lake_scrapers-v1.philstar_nation manual__2022-06-17T15:40:00.985222+00:00 [queued]>
[2022-06-17 15:40:05,370] {taskinstance.py:1356} INFO - 
--------------------------------------------------------------------------------
[2022-06-17 15:40:05,371] {taskinstance.py:1357} INFO - Starting attempt 1 of 1
[2022-06-17 15:40:05,371] {taskinstance.py:1358} INFO - 
--------------------------------------------------------------------------------
[2022-06-17 15:40:05,381] {taskinstance.py:1377} INFO - Executing <Task(_PythonDecoratedOperator): philstar_nation> on 2022-06-17 15:40:00.985222+00:00
[2022-06-17 15:40:05,385] {standard_task_runner.py:52} INFO - Started process 255 to run task
[2022-06-17 15:40:05,387] {standard_task_runner.py:79} INFO - Running: ['***', 'tasks', 'run', 'coffee_lake_scrapers-v1', 'philstar_nation', 'manual__2022-06-17T15:40:00.985222+00:00', '--job-id', '131', '--raw', '--subdir', 'DAGS_FOLDER/scraper_dag.py', '--cfg-path', '/tmp/tmpila45_wb', '--error-file', '/tmp/tmp27vwvs4d']
[2022-06-17 15:40:05,388] {standard_task_runner.py:80} INFO - Job 131: Subtask philstar_nation
[2022-06-17 15:40:05,429] {task_command.py:370} INFO - Running <TaskInstance: coffee_lake_scrapers-v1.philstar_nation manual__2022-06-17T15:40:00.985222+00:00 [running]> on host 4e64a6770dfb
[2022-06-17 15:40:05,498] {taskinstance.py:1571} INFO - Exporting the following env vars:
AIRFLOW_CTX_DAG_OWNER=***
AIRFLOW_CTX_DAG_ID=coffee_lake_scrapers-v1
AIRFLOW_CTX_TASK_ID=philstar_nation
AIRFLOW_CTX_EXECUTION_DATE=2022-06-17T15:40:00.985222+00:00
AIRFLOW_CTX_TRY_NUMBER=1
AIRFLOW_CTX_DAG_RUN_ID=manual__2022-06-17T15:40:00.985222+00:00
[2022-06-17 15:40:07,021] {python.py:173} INFO - Done. Returned value was: None
[2022-06-17 15:40:07,084] {taskinstance.py:1400} INFO - Marking task as SUCCESS. dag_id=coffee_lake_scrapers-v1, task_id=philstar_nation, execution_date=20220617T154000, start_date=20220617T154005, end_date=20220617T154007
[2022-06-17 15:40:07,126] {local_task_job.py:156} INFO - Task exited with return code 0
[2022-06-17 15:40:07,171] {local_task_job.py:273} INFO - 1 downstream tasks scheduled from follow-on schedule check
