[2022-06-17 13:46:31,807] {taskinstance.py:1159} INFO - Dependencies all met for <TaskInstance: coffee_lake_scrapers-v1.curl_end manual__2022-06-17T13:45:34.478466+00:00 [queued]>
[2022-06-17 13:46:31,814] {taskinstance.py:1159} INFO - Dependencies all met for <TaskInstance: coffee_lake_scrapers-v1.curl_end manual__2022-06-17T13:45:34.478466+00:00 [queued]>
[2022-06-17 13:46:31,815] {taskinstance.py:1356} INFO - 
--------------------------------------------------------------------------------
[2022-06-17 13:46:31,815] {taskinstance.py:1357} INFO - Starting attempt 1 of 1
[2022-06-17 13:46:31,815] {taskinstance.py:1358} INFO - 
--------------------------------------------------------------------------------
[2022-06-17 13:46:31,827] {taskinstance.py:1377} INFO - Executing <Task(BashOperator): curl_end> on 2022-06-17 13:45:34.478466+00:00
[2022-06-17 13:46:31,831] {standard_task_runner.py:52} INFO - Started process 286 to run task
[2022-06-17 13:46:31,833] {standard_task_runner.py:79} INFO - Running: ['***', 'tasks', 'run', 'coffee_lake_scrapers-v1', 'curl_end', 'manual__2022-06-17T13:45:34.478466+00:00', '--job-id', '66', '--raw', '--subdir', 'DAGS_FOLDER/scraper_dag.py', '--cfg-path', '/tmp/tmp0b2o2ar1', '--error-file', '/tmp/tmphy3teix7']
[2022-06-17 13:46:31,834] {standard_task_runner.py:80} INFO - Job 66: Subtask curl_end
[2022-06-17 13:46:31,873] {task_command.py:370} INFO - Running <TaskInstance: coffee_lake_scrapers-v1.curl_end manual__2022-06-17T13:45:34.478466+00:00 [running]> on host 32595384c4c5
[2022-06-17 13:46:31,930] {taskinstance.py:1571} INFO - Exporting the following env vars:
AIRFLOW_CTX_DAG_OWNER=***
AIRFLOW_CTX_DAG_ID=coffee_lake_scrapers-v1
AIRFLOW_CTX_TASK_ID=curl_end
AIRFLOW_CTX_EXECUTION_DATE=2022-06-17T13:45:34.478466+00:00
AIRFLOW_CTX_TRY_NUMBER=1
AIRFLOW_CTX_DAG_RUN_ID=manual__2022-06-17T13:45:34.478466+00:00
[2022-06-17 13:46:31,931] {subprocess.py:62} INFO - Tmp dir root location: 
 /tmp
[2022-06-17 13:46:31,932] {subprocess.py:74} INFO - Running command: ['bash', '-c', 'curl -X POST -H \'Content-type: application/json\' --data \'{"text" : "ending task 1: scraping"}\' "https://discord.com/api/webhooks/986224448984195082/pQp4GNcVWh-J2XtmIycVnjxYuGRGVIYFeveDRS5EwvgmGozthyd_alj8wbeKhfVn9SSk/slack"']
[2022-06-17 13:46:31,940] {subprocess.py:85} INFO - Output:
[2022-06-17 13:46:31,946] {subprocess.py:92} INFO -   % Total    % Received % Xferd  Average Speed   Time    Time     Time  Current
[2022-06-17 13:46:31,946] {subprocess.py:92} INFO -                                  Dload  Upload   Total   Spent    Left  Speed
[2022-06-17 13:46:33,182] {subprocess.py:92} INFO -   0     0    0     0    0     0      0      0 --:--:-- --:--:-- --:--:--     0100    36    0     0  100    36      0    230 --:--:-- --:--:-- --:--:--   229100    38    0     2  100    36      1     29  0:00:01  0:00:01 --:--:--    30100    38    0     2  100    36      1     29  0:00:01  0:00:01 --:--:--    30
[2022-06-17 13:46:33,183] {subprocess.py:92} INFO - ok
[2022-06-17 13:46:33,184] {subprocess.py:96} INFO - Command exited with return code 0
[2022-06-17 13:46:33,214] {taskinstance.py:1400} INFO - Marking task as SUCCESS. dag_id=coffee_lake_scrapers-v1, task_id=curl_end, execution_date=20220617T134534, start_date=20220617T134631, end_date=20220617T134633
[2022-06-17 13:46:33,249] {local_task_job.py:156} INFO - Task exited with return code 0
[2022-06-17 13:46:33,273] {local_task_job.py:273} INFO - 0 downstream tasks scheduled from follow-on schedule check
