[2022-06-17 11:55:22,498] {taskinstance.py:1159} INFO - Dependencies all met for <TaskInstance: coffee-lake-demo-v1.sleep manual__2022-06-17T11:55:20.052190+00:00 [queued]>
[2022-06-17 11:55:22,508] {taskinstance.py:1159} INFO - Dependencies all met for <TaskInstance: coffee-lake-demo-v1.sleep manual__2022-06-17T11:55:20.052190+00:00 [queued]>
[2022-06-17 11:55:22,508] {taskinstance.py:1356} INFO - 
--------------------------------------------------------------------------------
[2022-06-17 11:55:22,508] {taskinstance.py:1357} INFO - Starting attempt 1 of 1
[2022-06-17 11:55:22,509] {taskinstance.py:1358} INFO - 
--------------------------------------------------------------------------------
[2022-06-17 11:55:22,521] {taskinstance.py:1377} INFO - Executing <Task(BashOperator): sleep> on 2022-06-17 11:55:20.052190+00:00
[2022-06-17 11:55:22,525] {standard_task_runner.py:52} INFO - Started process 3025 to run task
[2022-06-17 11:55:22,527] {standard_task_runner.py:79} INFO - Running: ['***', 'tasks', 'run', 'coffee-lake-demo-v1', 'sleep', 'manual__2022-06-17T11:55:20.052190+00:00', '--job-id', '12', '--raw', '--subdir', 'DAGS_FOLDER/test_dag.py', '--cfg-path', '/tmp/tmpvahybcck', '--error-file', '/tmp/tmprrkl_5yw']
[2022-06-17 11:55:22,527] {standard_task_runner.py:80} INFO - Job 12: Subtask sleep
[2022-06-17 11:55:22,598] {task_command.py:370} INFO - Running <TaskInstance: coffee-lake-demo-v1.sleep manual__2022-06-17T11:55:20.052190+00:00 [running]> on host f0a3c4865e95
[2022-06-17 11:55:22,685] {taskinstance.py:1571} INFO - Exporting the following env vars:
AIRFLOW_CTX_DAG_OWNER=***
AIRFLOW_CTX_DAG_ID=coffee-lake-demo-v1
AIRFLOW_CTX_TASK_ID=sleep
AIRFLOW_CTX_EXECUTION_DATE=2022-06-17T11:55:20.052190+00:00
AIRFLOW_CTX_TRY_NUMBER=1
AIRFLOW_CTX_DAG_RUN_ID=manual__2022-06-17T11:55:20.052190+00:00
[2022-06-17 11:55:22,686] {subprocess.py:62} INFO - Tmp dir root location: 
 /tmp
[2022-06-17 11:55:22,687] {subprocess.py:74} INFO - Running command: ['bash', '-c', 'sleep 5']
[2022-06-17 11:55:22,697] {subprocess.py:85} INFO - Output:
[2022-06-17 11:55:27,701] {subprocess.py:96} INFO - Command exited with return code 0
[2022-06-17 11:55:27,725] {taskinstance.py:1400} INFO - Marking task as SUCCESS. dag_id=coffee-lake-demo-v1, task_id=sleep, execution_date=20220617T115520, start_date=20220617T115522, end_date=20220617T115527
[2022-06-17 11:55:27,755] {local_task_job.py:156} INFO - Task exited with return code 0
[2022-06-17 11:55:27,782] {local_task_job.py:273} INFO - 1 downstream tasks scheduled from follow-on schedule check
