[2022-06-18 06:39:03,688] {taskinstance.py:1159} INFO - Dependencies all met for <TaskInstance: coffee-lake-demo-v2.sleep scheduled__2022-06-18T06:24:01.614060+00:00 [queued]>
[2022-06-18 06:39:03,703] {taskinstance.py:1159} INFO - Dependencies all met for <TaskInstance: coffee-lake-demo-v2.sleep scheduled__2022-06-18T06:24:01.614060+00:00 [queued]>
[2022-06-18 06:39:03,704] {taskinstance.py:1356} INFO - 
--------------------------------------------------------------------------------
[2022-06-18 06:39:03,704] {taskinstance.py:1357} INFO - Starting attempt 1 of 1
[2022-06-18 06:39:03,705] {taskinstance.py:1358} INFO - 
--------------------------------------------------------------------------------
[2022-06-18 06:39:03,732] {taskinstance.py:1377} INFO - Executing <Task(BashOperator): sleep> on 2022-06-18 06:24:01.614060+00:00
[2022-06-18 06:39:03,737] {standard_task_runner.py:52} INFO - Started process 1669 to run task
[2022-06-18 06:39:03,741] {standard_task_runner.py:79} INFO - Running: ['***', 'tasks', 'run', 'coffee-lake-demo-v2', 'sleep', 'scheduled__2022-06-18T06:24:01.614060+00:00', '--job-id', '482', '--raw', '--subdir', 'DAGS_FOLDER/test_dag.py', '--cfg-path', '/tmp/tmpuzq8_dlw', '--error-file', '/tmp/tmpy3arj27m']
[2022-06-18 06:39:03,742] {standard_task_runner.py:80} INFO - Job 482: Subtask sleep
[2022-06-18 06:39:03,853] {task_command.py:370} INFO - Running <TaskInstance: coffee-lake-demo-v2.sleep scheduled__2022-06-18T06:24:01.614060+00:00 [running]> on host edf12686294f
[2022-06-18 06:39:03,942] {taskinstance.py:1571} INFO - Exporting the following env vars:
AIRFLOW_CTX_DAG_OWNER=***
AIRFLOW_CTX_DAG_ID=coffee-lake-demo-v2
AIRFLOW_CTX_TASK_ID=sleep
AIRFLOW_CTX_EXECUTION_DATE=2022-06-18T06:24:01.614060+00:00
AIRFLOW_CTX_TRY_NUMBER=1
AIRFLOW_CTX_DAG_RUN_ID=scheduled__2022-06-18T06:24:01.614060+00:00
[2022-06-18 06:39:03,943] {subprocess.py:62} INFO - Tmp dir root location: 
 /tmp
[2022-06-18 06:39:03,944] {subprocess.py:74} INFO - Running command: ['bash', '-c', 'sleep 5']
[2022-06-18 06:39:03,954] {subprocess.py:85} INFO - Output:
[2022-06-18 06:39:08,957] {subprocess.py:96} INFO - Command exited with return code 0
[2022-06-18 06:39:08,993] {taskinstance.py:1400} INFO - Marking task as SUCCESS. dag_id=coffee-lake-demo-v2, task_id=sleep, execution_date=20220618T062401, start_date=20220618T063903, end_date=20220618T063908
[2022-06-18 06:39:09,045] {local_task_job.py:156} INFO - Task exited with return code 0
[2022-06-18 06:39:09,097] {local_task_job.py:273} INFO - 1 downstream tasks scheduled from follow-on schedule check
